[ 2018-03-23T09:01:38+08:00 ] 127.0.0.1 /
INFO: [ app_init ] --START--
INFO: Run Behavior\BuildLiteBehavior [ RunTime:0.000011s ]
INFO: [ app_init ] --END-- [ RunTime:0.003609s ]
INFO: [ app_begin ] --START--
INFO: Run Behavior\ReadHtmlCacheBehavior [ RunTime:0.000820s ]
INFO: Run Behavior\CheckLangBehavior [ RunTime:0.002095s ]
INFO: [ app_begin ] --END-- [ RunTime:0.003069s ]
SQL: SHOW COLUMNS FROM `movesay_config` [ RunTime:0.0697s ]
SQL: SELECT * FROM `movesay_config` WHERE `id` = 1 LIMIT 1   [ RunTime:0.0009s ]
NOTIC: [8] Undefined index: movesay E:\data\a52jiaoyi\Application\Home\Controller\HomeController.class.php 第 72 行.
SQL: SHOW COLUMNS FROM `movesay_coin` [ RunTime:0.0200s ]
SQL: SELECT * FROM `movesay_coin` WHERE `status` = 1  [ RunTime:0.0003s ]
SQL: SHOW COLUMNS FROM `movesay_market` [ RunTime:0.0165s ]
SQL: SELECT * FROM `movesay_market` WHERE `status` = 1  [ RunTime:0.0004s ]
SQL: SHOW COLUMNS FROM `movesay_article_type` [ RunTime:0.0167s ]
SQL: SELECT * FROM `movesay_article_type` WHERE `status` = 1 AND `footer` = 1 AND `shang` = '' ORDER BY sort asc ,id desc LIMIT 3   [ RunTime:0.0005s ]
SQL: SELECT * FROM `movesay_article_type` WHERE `shang` = 'aboutus' AND `footer` = 1 AND `status` = 1 ORDER BY id asc LIMIT 4   [ RunTime:0.0005s ]
SQL: SELECT * FROM `movesay_article_type` WHERE `shang` = 'help' AND `footer` = 1 AND `status` = 1 ORDER BY id asc LIMIT 4   [ RunTime:0.0005s ]
SQL: SELECT * FROM `movesay_article_type` WHERE `shang` = 'xiazai' AND `footer` = 1 AND `status` = 1 ORDER BY id asc LIMIT 4   [ RunTime:0.0004s ]
SQL: SHOW COLUMNS FROM `movesay_adver` [ RunTime:0.0268s ]
SQL: SELECT * FROM `movesay_adver` WHERE `status` = 1 ORDER BY id asc  [ RunTime:0.0004s ]
SQL: SELECT * FROM `movesay_article_type` WHERE `status` = 1 AND `index` = 1 ORDER BY sort asc ,id desc LIMIT 3   [ RunTime:0.0006s ]
SQL: SHOW COLUMNS FROM `movesay_article` [ RunTime:0.0195s ]
SQL: SELECT * FROM `movesay_article` WHERE `type` = 'aaa' AND `status` = 1 AND `index` = 1 ORDER BY id desc LIMIT 6   [ RunTime:0.0004s ]
SQL: SELECT * FROM `movesay_article` WHERE `type` = 'bbb' AND `status` = 1 AND `index` = 1 ORDER BY id desc LIMIT 6   [ RunTime:0.0008s ]
SQL: SELECT * FROM `movesay_article` WHERE `type` = 'ccc' AND `status` = 1 AND `index` = 1 ORDER BY id desc LIMIT 6   [ RunTime:0.0002s ]
SQL: SHOW COLUMNS FROM `movesay_link` [ RunTime:0.0416s ]
SQL: SELECT * FROM `movesay_link` WHERE `status` = 1 ORDER BY sort asc ,id desc  [ RunTime:0.0004s ]
INFO: [ view_parse ] --START--
INFO: [ template_filter ] --START--
INFO: Run Behavior\ContentReplaceBehavior [ RunTime:0.000185s ]
INFO: [ template_filter ] --END-- [ RunTime:0.000287s ]
INFO: Run Behavior\ParseTemplateBehavior [ RunTime:0.022040s ]
INFO: [ view_parse ] --END-- [ RunTime:0.022136s ]
INFO: [ view_filter ] --START--
INFO: Run Behavior\WriteHtmlCacheBehavior [ RunTime:0.000639s ]
INFO: [ view_filter ] --END-- [ RunTime:0.000711s ]
INFO: [ app_end ] --START--
INFO: Run Behavior\ShowPageTraceBehavior [ RunTime:0.001075s ]
INFO: [ app_end ] --END-- [ RunTime:0.001182s ]

[ 2018-03-23T09:01:38+08:00 ] 127.0.0.1 /Public/fonts.googleapis.com/css-family=Montserrat-100i,200,200i,300,300i,400,400i,500,500i,600,600i,700,700i,800,800i,900,900i-Roboto-100i,300,300i,400,400i,500,500i,700,700i,900,900i.css
INFO: [ app_init ] --START--
INFO: Run Behavior\BuildLiteBehavior [ RunTime:0.000030s ]
INFO: [ app_init ] --END-- [ RunTime:0.003485s ]
INFO: [ app_begin ] --START--
INFO: Run Behavior\ReadHtmlCacheBehavior [ RunTime:0.001147s ]
INFO: Run Behavior\CheckLangBehavior [ RunTime:0.001745s ]
INFO: [ app_begin ] --END-- [ RunTime:0.003126s ]
ERR: 无法加载控制器:Public

[ 2018-03-23T09:01:39+08:00 ] 127.0.0.1 /Public/fonts.googleapis.com/css-family=Work+Sans-100,200,300,400,500,600,700,800,900.css
INFO: [ app_init ] --START--
INFO: Run Behavior\BuildLiteBehavior [ RunTime:0.000012s ]
INFO: [ app_init ] --END-- [ RunTime:0.003162s ]
INFO: [ app_begin ] --START--
INFO: Run Behavior\ReadHtmlCacheBehavior [ RunTime:0.000827s ]
INFO: Run Behavior\CheckLangBehavior [ RunTime:0.001899s ]
INFO: [ app_begin ] --END-- [ RunTime:0.002911s ]
ERR: 无法加载控制器:Public

[ 2018-03-23T09:43:51+08:00 ] 127.0.0.1 /Upload/ad/5922c0d9d25b9.jpg
INFO: [ app_init ] --START--
INFO: Run Behavior\BuildLiteBehavior [ RunTime:0.000017s ]
INFO: [ app_init ] --END-- [ RunTime:0.003447s ]

[ 2018-03-23T09:43:52+08:00 ] 127.0.0.1 /Upload/ad/5922c0b9bf48c.jpg
INFO: [ app_init ] --START--
INFO: Run Behavior\BuildLiteBehavior [ RunTime:0.000024s ]
INFO: [ app_init ] --END-- [ RunTime:0.006729s ]

[ 2018-03-23T10:01:51+08:00 ] 127.0.0.1 /Upload/public/59aec85e35aa9.png
INFO: [ app_init ] --START--
INFO: Run Behavior\BuildLiteBehavior [ RunTime:0.000016s ]
INFO: [ app_init ] --END-- [ RunTime:0.005577s ]

[ 2018-03-23T10:01:52+08:00 ] 127.0.0.1 /Upload/public/59aec86213526.png
INFO: [ app_init ] --START--
INFO: Run Behavior\BuildLiteBehavior [ RunTime:0.000014s ]
INFO: [ app_init ] --END-- [ RunTime:0.004579s ]

[ 2018-03-23T10:42:31+08:00 ] 127.0.0.1 /Upload/ad/5922c0d9d25b9.jpg
INFO: [ app_init ] --START--
INFO: Run Behavior\BuildLiteBehavior [ RunTime:0.000015s ]
INFO: [ app_init ] --END-- [ RunTime:0.004252s ]

[ 2018-03-23T10:42:32+08:00 ] 127.0.0.1 /Upload/ad/5922c0b9bf48c.jpg
INFO: [ app_init ] --START--
INFO: Run Behavior\BuildLiteBehavior [ RunTime:0.000012s ]
INFO: [ app_init ] --END-- [ RunTime:0.004094s ]

[ 2018-03-23T11:35:25+08:00 ] 127.0.0.1 /Upload/ad/5922c0d9d25b9.jpg
INFO: [ app_init ] --START--
INFO: Run Behavior\BuildLiteBehavior [ RunTime:0.000015s ]
INFO: [ app_init ] --END-- [ RunTime:0.004207s ]

[ 2018-03-23T11:35:25+08:00 ] 127.0.0.1 /Upload/ad/5922c0b9bf48c.jpg
INFO: [ app_init ] --START--
INFO: Run Behavior\BuildLiteBehavior [ RunTime:0.000020s ]
INFO: [ app_init ] --END-- [ RunTime:0.008594s ]

[ 2018-03-23T18:41:26+08:00 ] 127.0.0.1 /Upload/ad/5922c0d9d25b9.jpg
INFO: [ app_init ] --START--
INFO: Run Behavior\BuildLiteBehavior [ RunTime:0.000016s ]
INFO: [ app_init ] --END-- [ RunTime:0.003207s ]

[ 2018-03-23T18:41:27+08:00 ] 127.0.0.1 /Upload/ad/5922c0b9bf48c.jpg
INFO: [ app_init ] --START--
INFO: Run Behavior\BuildLiteBehavior [ RunTime:0.000014s ]
INFO: [ app_init ] --END-- [ RunTime:0.003480s ]

