[ 2018-03-28T08:59:56+08:00 ] 127.0.0.1 /
INFO: [ app_init ] --START--
INFO: Run Behavior\BuildLiteBehavior [ RunTime:0.000049s ]
INFO: [ app_init ] --END-- [ RunTime:0.086093s ]
INFO: [ app_begin ] --START--
INFO: Run Behavior\ReadHtmlCacheBehavior [ RunTime:0.004001s ]
INFO: Run Behavior\CheckLangBehavior [ RunTime:0.038781s ]
INFO: [ app_begin ] --END-- [ RunTime:0.044016s ]
SQL: SHOW COLUMNS FROM `movesay_config` [ RunTime:0.0712s ]
SQL: SELECT * FROM `movesay_config` WHERE `id` = 1 LIMIT 1   [ RunTime:0.0009s ]
NOTIC: [8] Undefined index: movesay E:\data\a52jiaoyi\Application\Home\Controller\HomeController.class.php 第 72 行.
SQL: SHOW COLUMNS FROM `movesay_coin` [ RunTime:0.0298s ]
SQL: SELECT * FROM `movesay_coin` WHERE `status` = 1  [ RunTime:0.0003s ]
SQL: SHOW COLUMNS FROM `movesay_market` [ RunTime:0.0123s ]
SQL: SELECT * FROM `movesay_market` WHERE `status` = 1  [ RunTime:0.0005s ]
SQL: SHOW COLUMNS FROM `movesay_article_type` [ RunTime:0.0388s ]
SQL: SELECT * FROM `movesay_article_type` WHERE `status` = 1 AND `footer` = 1 AND `shang` = '' ORDER BY sort asc ,id desc LIMIT 3   [ RunTime:0.0005s ]
SQL: SELECT * FROM `movesay_article_type` WHERE `shang` = 'aboutus' AND `footer` = 1 AND `status` = 1 ORDER BY id asc LIMIT 4   [ RunTime:0.0004s ]
SQL: SELECT * FROM `movesay_article_type` WHERE `shang` = 'help' AND `footer` = 1 AND `status` = 1 ORDER BY id asc LIMIT 4   [ RunTime:0.0003s ]
SQL: SELECT * FROM `movesay_article_type` WHERE `shang` = 'xiazai' AND `footer` = 1 AND `status` = 1 ORDER BY id asc LIMIT 4   [ RunTime:0.0003s ]
SQL: SHOW COLUMNS FROM `movesay_adver` [ RunTime:0.0280s ]
SQL: SELECT * FROM `movesay_adver` WHERE `status` = 1 ORDER BY id asc  [ RunTime:0.0004s ]
SQL: SELECT * FROM `movesay_article_type` WHERE `status` = 1 AND `index` = 1 ORDER BY sort asc ,id desc LIMIT 3   [ RunTime:0.0003s ]
SQL: SHOW COLUMNS FROM `movesay_article` [ RunTime:0.0980s ]
SQL: SELECT * FROM `movesay_article` WHERE `type` = 'aaa' AND `status` = 1 AND `index` = 1 ORDER BY id desc LIMIT 6   [ RunTime:0.0064s ]
SQL: SELECT * FROM `movesay_article` WHERE `type` = 'bbb' AND `status` = 1 AND `index` = 1 ORDER BY id desc LIMIT 6   [ RunTime:0.0021s ]
SQL: SELECT * FROM `movesay_article` WHERE `type` = 'ccc' AND `status` = 1 AND `index` = 1 ORDER BY id desc LIMIT 6   [ RunTime:0.0005s ]
SQL: SHOW COLUMNS FROM `movesay_link` [ RunTime:0.0244s ]
SQL: SELECT * FROM `movesay_link` WHERE `status` = 1 ORDER BY sort asc ,id desc  [ RunTime:0.0009s ]
INFO: [ view_parse ] --START--
INFO: [ template_filter ] --START--
INFO: Run Behavior\ContentReplaceBehavior [ RunTime:0.033561s ]
INFO: [ template_filter ] --END-- [ RunTime:0.033840s ]
NOTIC: [8] Undefined variable: market E:\data\a52jiaoyi\Runtime\Cache\Home\de5cbf627ab6e43830fd1b850225ec9e.php 第 214 行.
INFO: Run Behavior\ParseTemplateBehavior [ RunTime:0.182186s ]
INFO: [ view_parse ] --END-- [ RunTime:0.182402s ]
INFO: [ view_filter ] --START--
INFO: Run Behavior\WriteHtmlCacheBehavior [ RunTime:0.002236s ]
INFO: [ view_filter ] --END-- [ RunTime:0.002425s ]
INFO: [ app_end ] --START--
INFO: Run Behavior\ShowPageTraceBehavior [ RunTime:0.002803s ]
INFO: [ app_end ] --END-- [ RunTime:0.003049s ]

[ 2018-03-28T08:59:57+08:00 ] 127.0.0.1 /Public/Home1/index/fonts/css/font.css
INFO: [ app_init ] --START--
INFO: Run Behavior\BuildLiteBehavior [ RunTime:0.000013s ]
INFO: [ app_init ] --END-- [ RunTime:0.003563s ]
INFO: [ app_begin ] --START--
INFO: Run Behavior\ReadHtmlCacheBehavior [ RunTime:0.000890s ]
INFO: Run Behavior\CheckLangBehavior [ RunTime:0.002111s ]
INFO: [ app_begin ] --END-- [ RunTime:0.003198s ]
ERR: 无法加载控制器:Public

[ 2018-03-28T08:59:57+08:00 ] 127.0.0.1 /Public/Home1/index/css/71a94fb1317a4ed9ab70b52f771d36cf.css)
INFO: [ app_init ] --START--
INFO: Run Behavior\BuildLiteBehavior [ RunTime:0.000014s ]
INFO: [ app_init ] --END-- [ RunTime:0.004212s ]
NOTIC: [2] preg_replace(): Compilation failed: unmatched parentheses at offset 5 E:\data\a52jiaoyi\ThinkPHP\Library\Think\Dispatcher.class.php 第 127 行.
INFO: [ app_begin ] --START--
INFO: Run Behavior\ReadHtmlCacheBehavior [ RunTime:0.001320s ]
INFO: Run Behavior\CheckLangBehavior [ RunTime:0.002091s ]
INFO: [ app_begin ] --END-- [ RunTime:0.003589s ]
ERR: 无法加载控制器:Public

[ 2018-03-28T08:59:57+08:00 ] 127.0.0.1 /Public/Home1/index/css/8f9d0d2997bd496d8a3ac6e93d704e45.css)
INFO: [ app_init ] --START--
INFO: Run Behavior\BuildLiteBehavior [ RunTime:0.000014s ]
INFO: [ app_init ] --END-- [ RunTime:0.005042s ]
NOTIC: [2] preg_replace(): Compilation failed: unmatched parentheses at offset 5 E:\data\a52jiaoyi\ThinkPHP\Library\Think\Dispatcher.class.php 第 127 行.
INFO: [ app_begin ] --START--
INFO: Run Behavior\ReadHtmlCacheBehavior [ RunTime:0.001157s ]
INFO: Run Behavior\CheckLangBehavior [ RunTime:0.002101s ]
INFO: [ app_begin ] --END-- [ RunTime:0.003426s ]
ERR: 无法加载控制器:Public

[ 2018-03-28T08:59:57+08:00 ] 127.0.0.1 /Public/Home1/index/css/18569789989844928e9cc00805ac3eed.css)
INFO: [ app_init ] --START--
INFO: Run Behavior\BuildLiteBehavior [ RunTime:0.000014s ]
INFO: [ app_init ] --END-- [ RunTime:0.004650s ]
NOTIC: [2] preg_replace(): Compilation failed: unmatched parentheses at offset 5 E:\data\a52jiaoyi\ThinkPHP\Library\Think\Dispatcher.class.php 第 127 行.
INFO: [ app_begin ] --START--
INFO: Run Behavior\ReadHtmlCacheBehavior [ RunTime:0.001164s ]
INFO: Run Behavior\CheckLangBehavior [ RunTime:0.002141s ]
INFO: [ app_begin ] --END-- [ RunTime:0.003690s ]
ERR: 无法加载控制器:Public

[ 2018-03-28T08:59:59+08:00 ] 127.0.0.1 /Trade/ordinary?market=
INFO: [ app_init ] --START--
INFO: Run Behavior\BuildLiteBehavior [ RunTime:0.000014s ]
INFO: [ app_init ] --END-- [ RunTime:0.004113s ]
INFO: [ app_begin ] --START--
INFO: Run Behavior\ReadHtmlCacheBehavior [ RunTime:0.000986s ]
INFO: Run Behavior\CheckLangBehavior [ RunTime:0.016670s ]
INFO: [ app_begin ] --END-- [ RunTime:0.017914s ]
NOTIC: [2048] Declaration of Home\Controller\TradeController::show() should be compatible with Think\Controller::show($content, $charset = '', $contentType = '', $prefix = '') E:\data\a52jiaoyi\Application\Home\Controller\TradeController.class.php 第 5 行.
SQL: SHOW COLUMNS FROM `movesay_config` [ RunTime:0.0170s ]
SQL: SELECT * FROM `movesay_config` WHERE `id` = 1 LIMIT 1   [ RunTime:0.0007s ]
NOTIC: [8] Undefined index: movesay E:\data\a52jiaoyi\Application\Home\Controller\HomeController.class.php 第 72 行.
SQL: SHOW COLUMNS FROM `movesay_coin` [ RunTime:0.0104s ]
SQL: SELECT * FROM `movesay_coin` WHERE `status` = 1  [ RunTime:0.0005s ]
SQL: SHOW COLUMNS FROM `movesay_market` [ RunTime:0.0074s ]
SQL: SELECT * FROM `movesay_market` WHERE `status` = 1  [ RunTime:0.0006s ]
SQL: SHOW COLUMNS FROM `movesay_article_type` [ RunTime:0.0055s ]
SQL: SELECT * FROM `movesay_article_type` WHERE `status` = 1 AND `footer` = 1 AND `shang` = '' ORDER BY sort asc ,id desc LIMIT 3   [ RunTime:0.0007s ]
SQL: SELECT * FROM `movesay_article_type` WHERE `shang` = 'aboutus' AND `footer` = 1 AND `status` = 1 ORDER BY id asc LIMIT 4   [ RunTime:0.0008s ]
SQL: SELECT * FROM `movesay_article_type` WHERE `shang` = 'help' AND `footer` = 1 AND `status` = 1 ORDER BY id asc LIMIT 4   [ RunTime:0.0005s ]
SQL: SELECT * FROM `movesay_article_type` WHERE `shang` = 'xiazai' AND `footer` = 1 AND `status` = 1 ORDER BY id asc LIMIT 4   [ RunTime:0.0006s ]
INFO: [ view_parse ] --START--
INFO: [ template_filter ] --START--
INFO: Run Behavior\ContentReplaceBehavior [ RunTime:0.000113s ]
INFO: [ template_filter ] --END-- [ RunTime:0.000254s ]
INFO: Run Behavior\ParseTemplateBehavior [ RunTime:0.017228s ]
INFO: [ view_parse ] --END-- [ RunTime:0.017536s ]
INFO: [ view_filter ] --START--
INFO: Run Behavior\WriteHtmlCacheBehavior [ RunTime:0.000999s ]
INFO: [ view_filter ] --END-- [ RunTime:0.001074s ]
INFO: [ app_end ] --START--
INFO: Run Behavior\ShowPageTraceBehavior [ RunTime:0.001216s ]
INFO: [ app_end ] --END-- [ RunTime:0.001309s ]

[ 2018-03-28T09:00:00+08:00 ] 127.0.0.1 /Chart/getMarketOrdinaryJson?market=sgc_cny&time=5&t=1522198799322
INFO: [ app_init ] --START--
INFO: Run Behavior\BuildLiteBehavior [ RunTime:0.000015s ]
INFO: [ app_init ] --END-- [ RunTime:0.003962s ]
INFO: [ app_begin ] --START--
INFO: Run Behavior\ReadHtmlCacheBehavior [ RunTime:0.000917s ]
INFO: Run Behavior\CheckLangBehavior [ RunTime:0.001847s ]
INFO: [ app_begin ] --END-- [ RunTime:0.002953s ]
SQL: SHOW COLUMNS FROM `movesay_config` [ RunTime:0.0151s ]
SQL: SELECT * FROM `movesay_config` WHERE `id` = 1 LIMIT 1   [ RunTime:0.0013s ]
NOTIC: [8] Undefined index: movesay E:\data\a52jiaoyi\Application\Home\Controller\HomeController.class.php 第 72 行.
SQL: SHOW COLUMNS FROM `movesay_coin` [ RunTime:0.0121s ]
SQL: SELECT * FROM `movesay_coin` WHERE `status` = 1  [ RunTime:0.0015s ]
SQL: SHOW COLUMNS FROM `movesay_market` [ RunTime:0.0089s ]
SQL: SELECT * FROM `movesay_market` WHERE `status` = 1  [ RunTime:0.0003s ]
SQL: SHOW COLUMNS FROM `movesay_article_type` [ RunTime:0.0087s ]
SQL: SELECT * FROM `movesay_article_type` WHERE `status` = 1 AND `footer` = 1 AND `shang` = '' ORDER BY sort asc ,id desc LIMIT 3   [ RunTime:0.0005s ]
SQL: SELECT * FROM `movesay_article_type` WHERE `shang` = 'aboutus' AND `footer` = 1 AND `status` = 1 ORDER BY id asc LIMIT 4   [ RunTime:0.0004s ]
SQL: SELECT * FROM `movesay_article_type` WHERE `shang` = 'help' AND `footer` = 1 AND `status` = 1 ORDER BY id asc LIMIT 4   [ RunTime:0.0004s ]
SQL: SELECT * FROM `movesay_article_type` WHERE `shang` = 'xiazai' AND `footer` = 1 AND `status` = 1 ORDER BY id asc LIMIT 4   [ RunTime:0.0003s ]
SQL: SHOW COLUMNS FROM `movesay_trade_json` [ RunTime:0.0246s ]
SQL: SELECT * FROM `movesay_trade_json` WHERE `market` = 'sgc_cny' AND `type` = '5' AND `data` <> '' ORDER BY id desc LIMIT 100   [ RunTime:0.0005s ]

[ 2018-03-28T09:00:06+08:00 ] 127.0.0.1 /Chart/getMarketOrdinaryJson?market=sgc_cny&time=5&t=1522198805324
INFO: [ app_init ] --START--
INFO: Run Behavior\BuildLiteBehavior [ RunTime:0.000015s ]
INFO: [ app_init ] --END-- [ RunTime:0.007094s ]
INFO: [ app_begin ] --START--
INFO: Run Behavior\ReadHtmlCacheBehavior [ RunTime:0.001286s ]
INFO: Run Behavior\CheckLangBehavior [ RunTime:0.002172s ]
INFO: [ app_begin ] --END-- [ RunTime:0.003626s ]
SQL: SHOW COLUMNS FROM `movesay_config` [ RunTime:0.0149s ]
SQL: SELECT * FROM `movesay_config` WHERE `id` = 1 LIMIT 1   [ RunTime:0.0009s ]
NOTIC: [8] Undefined index: movesay E:\data\a52jiaoyi\Application\Home\Controller\HomeController.class.php 第 72 行.
SQL: SHOW COLUMNS FROM `movesay_coin` [ RunTime:0.0122s ]
SQL: SELECT * FROM `movesay_coin` WHERE `status` = 1  [ RunTime:0.0006s ]
SQL: SHOW COLUMNS FROM `movesay_market` [ RunTime:0.0136s ]
SQL: SELECT * FROM `movesay_market` WHERE `status` = 1  [ RunTime:0.0005s ]
SQL: SHOW COLUMNS FROM `movesay_article_type` [ RunTime:0.0104s ]
SQL: SELECT * FROM `movesay_article_type` WHERE `status` = 1 AND `footer` = 1 AND `shang` = '' ORDER BY sort asc ,id desc LIMIT 3   [ RunTime:0.0008s ]
SQL: SELECT * FROM `movesay_article_type` WHERE `shang` = 'aboutus' AND `footer` = 1 AND `status` = 1 ORDER BY id asc LIMIT 4   [ RunTime:0.0008s ]
SQL: SELECT * FROM `movesay_article_type` WHERE `shang` = 'help' AND `footer` = 1 AND `status` = 1 ORDER BY id asc LIMIT 4   [ RunTime:0.0005s ]
SQL: SELECT * FROM `movesay_article_type` WHERE `shang` = 'xiazai' AND `footer` = 1 AND `status` = 1 ORDER BY id asc LIMIT 4   [ RunTime:0.0004s ]
SQL: SHOW COLUMNS FROM `movesay_trade_json` [ RunTime:0.0106s ]
SQL: SELECT * FROM `movesay_trade_json` WHERE `market` = 'sgc_cny' AND `type` = '5' AND `data` <> '' ORDER BY id desc LIMIT 100   [ RunTime:0.0005s ]

[ 2018-03-28T09:00:12+08:00 ] 127.0.0.1 /Chart/getMarketOrdinaryJson?market=sgc_cny&time=5&t=1522198811328
INFO: [ app_init ] --START--
INFO: Run Behavior\BuildLiteBehavior [ RunTime:0.000018s ]
INFO: [ app_init ] --END-- [ RunTime:0.005405s ]
INFO: [ app_begin ] --START--
INFO: Run Behavior\ReadHtmlCacheBehavior [ RunTime:0.001218s ]
INFO: Run Behavior\CheckLangBehavior [ RunTime:0.002137s ]
INFO: [ app_begin ] --END-- [ RunTime:0.003540s ]
SQL: SHOW COLUMNS FROM `movesay_config` [ RunTime:0.0080s ]
SQL: SELECT * FROM `movesay_config` WHERE `id` = 1 LIMIT 1   [ RunTime:0.0012s ]
NOTIC: [8] Undefined index: movesay E:\data\a52jiaoyi\Application\Home\Controller\HomeController.class.php 第 72 行.
SQL: SHOW COLUMNS FROM `movesay_coin` [ RunTime:0.0062s ]
SQL: SELECT * FROM `movesay_coin` WHERE `status` = 1  [ RunTime:0.0003s ]
SQL: SHOW COLUMNS FROM `movesay_market` [ RunTime:0.0086s ]
SQL: SELECT * FROM `movesay_market` WHERE `status` = 1  [ RunTime:0.0003s ]
SQL: SHOW COLUMNS FROM `movesay_article_type` [ RunTime:0.0057s ]
SQL: SELECT * FROM `movesay_article_type` WHERE `status` = 1 AND `footer` = 1 AND `shang` = '' ORDER BY sort asc ,id desc LIMIT 3   [ RunTime:0.0004s ]
SQL: SELECT * FROM `movesay_article_type` WHERE `shang` = 'aboutus' AND `footer` = 1 AND `status` = 1 ORDER BY id asc LIMIT 4   [ RunTime:0.0011s ]
SQL: SELECT * FROM `movesay_article_type` WHERE `shang` = 'help' AND `footer` = 1 AND `status` = 1 ORDER BY id asc LIMIT 4   [ RunTime:0.0007s ]
SQL: SELECT * FROM `movesay_article_type` WHERE `shang` = 'xiazai' AND `footer` = 1 AND `status` = 1 ORDER BY id asc LIMIT 4   [ RunTime:0.0008s ]
SQL: SHOW COLUMNS FROM `movesay_trade_json` [ RunTime:0.0058s ]
SQL: SELECT * FROM `movesay_trade_json` WHERE `market` = 'sgc_cny' AND `type` = '5' AND `data` <> '' ORDER BY id desc LIMIT 100   [ RunTime:0.0003s ]

[ 2018-03-28T09:00:18+08:00 ] 127.0.0.1 /Chart/getMarketOrdinaryJson?market=sgc_cny&time=5&t=1522198817330
INFO: [ app_init ] --START--
INFO: Run Behavior\BuildLiteBehavior [ RunTime:0.000012s ]
INFO: [ app_init ] --END-- [ RunTime:0.004201s ]
INFO: [ app_begin ] --START--
INFO: Run Behavior\ReadHtmlCacheBehavior [ RunTime:0.001449s ]
INFO: Run Behavior\CheckLangBehavior [ RunTime:0.004306s ]
INFO: [ app_begin ] --END-- [ RunTime:0.006051s ]
SQL: SHOW COLUMNS FROM `movesay_config` [ RunTime:0.0126s ]
SQL: SELECT * FROM `movesay_config` WHERE `id` = 1 LIMIT 1   [ RunTime:0.0010s ]
NOTIC: [8] Undefined index: movesay E:\data\a52jiaoyi\Application\Home\Controller\HomeController.class.php 第 72 行.
SQL: SHOW COLUMNS FROM `movesay_coin` [ RunTime:0.0101s ]
SQL: SELECT * FROM `movesay_coin` WHERE `status` = 1  [ RunTime:0.0005s ]
SQL: SHOW COLUMNS FROM `movesay_market` [ RunTime:0.0090s ]
SQL: SELECT * FROM `movesay_market` WHERE `status` = 1  [ RunTime:0.0006s ]
SQL: SHOW COLUMNS FROM `movesay_article_type` [ RunTime:0.0076s ]
SQL: SELECT * FROM `movesay_article_type` WHERE `status` = 1 AND `footer` = 1 AND `shang` = '' ORDER BY sort asc ,id desc LIMIT 3   [ RunTime:0.0005s ]
SQL: SELECT * FROM `movesay_article_type` WHERE `shang` = 'aboutus' AND `footer` = 1 AND `status` = 1 ORDER BY id asc LIMIT 4   [ RunTime:0.0013s ]
SQL: SELECT * FROM `movesay_article_type` WHERE `shang` = 'help' AND `footer` = 1 AND `status` = 1 ORDER BY id asc LIMIT 4   [ RunTime:0.0007s ]
SQL: SELECT * FROM `movesay_article_type` WHERE `shang` = 'xiazai' AND `footer` = 1 AND `status` = 1 ORDER BY id asc LIMIT 4   [ RunTime:0.0006s ]
SQL: SHOW COLUMNS FROM `movesay_trade_json` [ RunTime:0.0064s ]
SQL: SELECT * FROM `movesay_trade_json` WHERE `market` = 'sgc_cny' AND `type` = '5' AND `data` <> '' ORDER BY id desc LIMIT 100   [ RunTime:0.0004s ]

[ 2018-03-28T09:00:24+08:00 ] 127.0.0.1 /Chart/getMarketOrdinaryJson?market=sgc_cny&time=5&t=1522198823333
INFO: [ app_init ] --START--
INFO: Run Behavior\BuildLiteBehavior [ RunTime:0.000016s ]
INFO: [ app_init ] --END-- [ RunTime:0.004953s ]
INFO: [ app_begin ] --START--
INFO: Run Behavior\ReadHtmlCacheBehavior [ RunTime:0.001139s ]
INFO: Run Behavior\CheckLangBehavior [ RunTime:0.002118s ]
INFO: [ app_begin ] --END-- [ RunTime:0.003416s ]
SQL: SHOW COLUMNS FROM `movesay_config` [ RunTime:0.0079s ]
SQL: SELECT * FROM `movesay_config` WHERE `id` = 1 LIMIT 1   [ RunTime:0.0020s ]
NOTIC: [8] Undefined index: movesay E:\data\a52jiaoyi\Application\Home\Controller\HomeController.class.php 第 72 行.
SQL: SHOW COLUMNS FROM `movesay_coin` [ RunTime:0.0176s ]
SQL: SELECT * FROM `movesay_coin` WHERE `status` = 1  [ RunTime:0.0005s ]
SQL: SHOW COLUMNS FROM `movesay_market` [ RunTime:0.0076s ]
SQL: SELECT * FROM `movesay_market` WHERE `status` = 1  [ RunTime:0.0004s ]
SQL: SHOW COLUMNS FROM `movesay_article_type` [ RunTime:0.0207s ]
SQL: SELECT * FROM `movesay_article_type` WHERE `status` = 1 AND `footer` = 1 AND `shang` = '' ORDER BY sort asc ,id desc LIMIT 3   [ RunTime:0.0004s ]
SQL: SELECT * FROM `movesay_article_type` WHERE `shang` = 'aboutus' AND `footer` = 1 AND `status` = 1 ORDER BY id asc LIMIT 4   [ RunTime:0.0004s ]
SQL: SELECT * FROM `movesay_article_type` WHERE `shang` = 'help' AND `footer` = 1 AND `status` = 1 ORDER BY id asc LIMIT 4   [ RunTime:0.0003s ]
SQL: SELECT * FROM `movesay_article_type` WHERE `shang` = 'xiazai' AND `footer` = 1 AND `status` = 1 ORDER BY id asc LIMIT 4   [ RunTime:0.0003s ]
SQL: SHOW COLUMNS FROM `movesay_trade_json` [ RunTime:0.0128s ]
SQL: SELECT * FROM `movesay_trade_json` WHERE `market` = 'sgc_cny' AND `type` = '5' AND `data` <> '' ORDER BY id desc LIMIT 100   [ RunTime:0.0004s ]

[ 2018-03-28T09:00:30+08:00 ] 127.0.0.1 /Chart/getMarketOrdinaryJson?market=sgc_cny&time=5&t=1522198829333
INFO: [ app_init ] --START--
INFO: Run Behavior\BuildLiteBehavior [ RunTime:0.000019s ]
INFO: [ app_init ] --END-- [ RunTime:0.005150s ]
INFO: [ app_begin ] --START--
INFO: Run Behavior\ReadHtmlCacheBehavior [ RunTime:0.001995s ]
INFO: Run Behavior\CheckLangBehavior [ RunTime:0.002887s ]
INFO: [ app_begin ] --END-- [ RunTime:0.005399s ]
SQL: SHOW COLUMNS FROM `movesay_config` [ RunTime:0.0121s ]
SQL: SELECT * FROM `movesay_config` WHERE `id` = 1 LIMIT 1   [ RunTime:0.0069s ]
NOTIC: [8] Undefined index: movesay E:\data\a52jiaoyi\Application\Home\Controller\HomeController.class.php 第 72 行.
SQL: SHOW COLUMNS FROM `movesay_coin` [ RunTime:0.0140s ]
SQL: SELECT * FROM `movesay_coin` WHERE `status` = 1  [ RunTime:0.0007s ]
SQL: SHOW COLUMNS FROM `movesay_market` [ RunTime:0.0127s ]
SQL: SELECT * FROM `movesay_market` WHERE `status` = 1  [ RunTime:0.0005s ]
SQL: SHOW COLUMNS FROM `movesay_article_type` [ RunTime:0.0122s ]
SQL: SELECT * FROM `movesay_article_type` WHERE `status` = 1 AND `footer` = 1 AND `shang` = '' ORDER BY sort asc ,id desc LIMIT 3   [ RunTime:0.0007s ]
SQL: SELECT * FROM `movesay_article_type` WHERE `shang` = 'aboutus' AND `footer` = 1 AND `status` = 1 ORDER BY id asc LIMIT 4   [ RunTime:0.0009s ]
SQL: SELECT * FROM `movesay_article_type` WHERE `shang` = 'help' AND `footer` = 1 AND `status` = 1 ORDER BY id asc LIMIT 4   [ RunTime:0.0007s ]
SQL: SELECT * FROM `movesay_article_type` WHERE `shang` = 'xiazai' AND `footer` = 1 AND `status` = 1 ORDER BY id asc LIMIT 4   [ RunTime:0.0005s ]
SQL: SHOW COLUMNS FROM `movesay_trade_json` [ RunTime:0.0146s ]
SQL: SELECT * FROM `movesay_trade_json` WHERE `market` = 'sgc_cny' AND `type` = '5' AND `data` <> '' ORDER BY id desc LIMIT 100   [ RunTime:0.0010s ]

[ 2018-03-28T09:00:36+08:00 ] 127.0.0.1 /Chart/getMarketOrdinaryJson?market=sgc_cny&time=5&t=1522198835335
INFO: [ app_init ] --START--
INFO: Run Behavior\BuildLiteBehavior [ RunTime:0.000013s ]
INFO: [ app_init ] --END-- [ RunTime:0.004075s ]
INFO: [ app_begin ] --START--
INFO: Run Behavior\ReadHtmlCacheBehavior [ RunTime:0.002571s ]
INFO: Run Behavior\CheckLangBehavior [ RunTime:0.002878s ]
INFO: [ app_begin ] --END-- [ RunTime:0.005693s ]
SQL: SHOW COLUMNS FROM `movesay_config` [ RunTime:0.0139s ]
SQL: SELECT * FROM `movesay_config` WHERE `id` = 1 LIMIT 1   [ RunTime:0.0018s ]
NOTIC: [8] Undefined index: movesay E:\data\a52jiaoyi\Application\Home\Controller\HomeController.class.php 第 72 行.
SQL: SHOW COLUMNS FROM `movesay_coin` [ RunTime:0.0248s ]
SQL: SELECT * FROM `movesay_coin` WHERE `status` = 1  [ RunTime:0.0009s ]
SQL: SHOW COLUMNS FROM `movesay_market` [ RunTime:0.0180s ]
SQL: SELECT * FROM `movesay_market` WHERE `status` = 1  [ RunTime:0.0003s ]
SQL: SHOW COLUMNS FROM `movesay_article_type` [ RunTime:0.0087s ]
SQL: SELECT * FROM `movesay_article_type` WHERE `status` = 1 AND `footer` = 1 AND `shang` = '' ORDER BY sort asc ,id desc LIMIT 3   [ RunTime:0.0006s ]
SQL: SELECT * FROM `movesay_article_type` WHERE `shang` = 'aboutus' AND `footer` = 1 AND `status` = 1 ORDER BY id asc LIMIT 4   [ RunTime:0.0008s ]
SQL: SELECT * FROM `movesay_article_type` WHERE `shang` = 'help' AND `footer` = 1 AND `status` = 1 ORDER BY id asc LIMIT 4   [ RunTime:0.0006s ]
SQL: SELECT * FROM `movesay_article_type` WHERE `shang` = 'xiazai' AND `footer` = 1 AND `status` = 1 ORDER BY id asc LIMIT 4   [ RunTime:0.0004s ]
SQL: SHOW COLUMNS FROM `movesay_trade_json` [ RunTime:0.0113s ]
SQL: SELECT * FROM `movesay_trade_json` WHERE `market` = 'sgc_cny' AND `type` = '5' AND `data` <> '' ORDER BY id desc LIMIT 100   [ RunTime:0.0004s ]

[ 2018-03-28T09:00:42+08:00 ] 127.0.0.1 /Chart/getMarketOrdinaryJson?market=sgc_cny&time=5&t=1522198841337
INFO: [ app_init ] --START--
INFO: Run Behavior\BuildLiteBehavior [ RunTime:0.000016s ]
INFO: [ app_init ] --END-- [ RunTime:0.005018s ]
INFO: [ app_begin ] --START--
INFO: Run Behavior\ReadHtmlCacheBehavior [ RunTime:0.002603s ]
INFO: Run Behavior\CheckLangBehavior [ RunTime:0.003371s ]
INFO: [ app_begin ] --END-- [ RunTime:0.006527s ]
SQL: SHOW COLUMNS FROM `movesay_config` [ RunTime:0.0180s ]
SQL: SELECT * FROM `movesay_config` WHERE `id` = 1 LIMIT 1   [ RunTime:0.0025s ]
NOTIC: [8] Undefined index: movesay E:\data\a52jiaoyi\Application\Home\Controller\HomeController.class.php 第 72 行.
SQL: SHOW COLUMNS FROM `movesay_coin` [ RunTime:0.0249s ]
SQL: SELECT * FROM `movesay_coin` WHERE `status` = 1  [ RunTime:0.0021s ]
SQL: SHOW COLUMNS FROM `movesay_market` [ RunTime:0.0159s ]
SQL: SELECT * FROM `movesay_market` WHERE `status` = 1  [ RunTime:0.0005s ]
SQL: SHOW COLUMNS FROM `movesay_article_type` [ RunTime:0.0157s ]
SQL: SELECT * FROM `movesay_article_type` WHERE `status` = 1 AND `footer` = 1 AND `shang` = '' ORDER BY sort asc ,id desc LIMIT 3   [ RunTime:0.0012s ]
SQL: SELECT * FROM `movesay_article_type` WHERE `shang` = 'aboutus' AND `footer` = 1 AND `status` = 1 ORDER BY id asc LIMIT 4   [ RunTime:0.0036s ]
SQL: SELECT * FROM `movesay_article_type` WHERE `shang` = 'help' AND `footer` = 1 AND `status` = 1 ORDER BY id asc LIMIT 4   [ RunTime:0.0020s ]
SQL: SELECT * FROM `movesay_article_type` WHERE `shang` = 'xiazai' AND `footer` = 1 AND `status` = 1 ORDER BY id asc LIMIT 4   [ RunTime:0.0015s ]
SQL: SHOW COLUMNS FROM `movesay_trade_json` [ RunTime:0.0230s ]
SQL: SELECT * FROM `movesay_trade_json` WHERE `market` = 'sgc_cny' AND `type` = '5' AND `data` <> '' ORDER BY id desc LIMIT 100   [ RunTime:0.0024s ]

[ 2018-03-28T09:00:48+08:00 ] 127.0.0.1 /Chart/getMarketOrdinaryJson?market=sgc_cny&time=5&t=1522198847340
INFO: [ app_init ] --START--
INFO: Run Behavior\BuildLiteBehavior [ RunTime:0.000032s ]
INFO: [ app_init ] --END-- [ RunTime:0.009179s ]
INFO: [ app_begin ] --START--
INFO: Run Behavior\ReadHtmlCacheBehavior [ RunTime:0.001188s ]
INFO: Run Behavior\CheckLangBehavior [ RunTime:0.013477s ]
INFO: [ app_begin ] --END-- [ RunTime:0.014949s ]
SQL: SHOW COLUMNS FROM `movesay_config` [ RunTime:0.0109s ]
SQL: SELECT * FROM `movesay_config` WHERE `id` = 1 LIMIT 1   [ RunTime:0.0007s ]
NOTIC: [8] Undefined index: movesay E:\data\a52jiaoyi\Application\Home\Controller\HomeController.class.php 第 72 行.
SQL: SHOW COLUMNS FROM `movesay_coin` [ RunTime:0.0166s ]
SQL: SELECT * FROM `movesay_coin` WHERE `status` = 1  [ RunTime:0.0003s ]
SQL: SHOW COLUMNS FROM `movesay_market` [ RunTime:0.0080s ]
SQL: SELECT * FROM `movesay_market` WHERE `status` = 1  [ RunTime:0.0004s ]
SQL: SHOW COLUMNS FROM `movesay_article_type` [ RunTime:0.0062s ]
SQL: SELECT * FROM `movesay_article_type` WHERE `status` = 1 AND `footer` = 1 AND `shang` = '' ORDER BY sort asc ,id desc LIMIT 3   [ RunTime:0.0005s ]
SQL: SELECT * FROM `movesay_article_type` WHERE `shang` = 'aboutus' AND `footer` = 1 AND `status` = 1 ORDER BY id asc LIMIT 4   [ RunTime:0.0012s ]
SQL: SELECT * FROM `movesay_article_type` WHERE `shang` = 'help' AND `footer` = 1 AND `status` = 1 ORDER BY id asc LIMIT 4   [ RunTime:0.0011s ]
SQL: SELECT * FROM `movesay_article_type` WHERE `shang` = 'xiazai' AND `footer` = 1 AND `status` = 1 ORDER BY id asc LIMIT 4   [ RunTime:0.0012s ]
SQL: SHOW COLUMNS FROM `movesay_trade_json` [ RunTime:0.0059s ]
SQL: SELECT * FROM `movesay_trade_json` WHERE `market` = 'sgc_cny' AND `type` = '5' AND `data` <> '' ORDER BY id desc LIMIT 100   [ RunTime:0.0004s ]

[ 2018-03-28T09:00:54+08:00 ] 127.0.0.1 /Chart/getMarketOrdinaryJson?market=sgc_cny&time=5&t=1522198853340
INFO: [ app_init ] --START--
INFO: Run Behavior\BuildLiteBehavior [ RunTime:0.000013s ]
INFO: [ app_init ] --END-- [ RunTime:0.004363s ]
INFO: [ app_begin ] --START--
INFO: Run Behavior\ReadHtmlCacheBehavior [ RunTime:0.001841s ]
INFO: Run Behavior\CheckLangBehavior [ RunTime:0.002307s ]
INFO: [ app_begin ] --END-- [ RunTime:0.004424s ]
SQL: SHOW COLUMNS FROM `movesay_config` [ RunTime:0.0069s ]
SQL: SELECT * FROM `movesay_config` WHERE `id` = 1 LIMIT 1   [ RunTime:0.0022s ]
NOTIC: [8] Undefined index: movesay E:\data\a52jiaoyi\Application\Home\Controller\HomeController.class.php 第 72 行.
SQL: SHOW COLUMNS FROM `movesay_coin` [ RunTime:0.0065s ]
SQL: SELECT * FROM `movesay_coin` WHERE `status` = 1  [ RunTime:0.0003s ]
SQL: SHOW COLUMNS FROM `movesay_market` [ RunTime:0.0084s ]
SQL: SELECT * FROM `movesay_market` WHERE `status` = 1  [ RunTime:0.0003s ]
SQL: SHOW COLUMNS FROM `movesay_article_type` [ RunTime:0.0056s ]
SQL: SELECT * FROM `movesay_article_type` WHERE `status` = 1 AND `footer` = 1 AND `shang` = '' ORDER BY sort asc ,id desc LIMIT 3   [ RunTime:0.0004s ]
SQL: SELECT * FROM `movesay_article_type` WHERE `shang` = 'aboutus' AND `footer` = 1 AND `status` = 1 ORDER BY id asc LIMIT 4   [ RunTime:0.0013s ]
SQL: SELECT * FROM `movesay_article_type` WHERE `shang` = 'help' AND `footer` = 1 AND `status` = 1 ORDER BY id asc LIMIT 4   [ RunTime:0.0007s ]
SQL: SELECT * FROM `movesay_article_type` WHERE `shang` = 'xiazai' AND `footer` = 1 AND `status` = 1 ORDER BY id asc LIMIT 4   [ RunTime:0.0006s ]
SQL: SHOW COLUMNS FROM `movesay_trade_json` [ RunTime:0.0061s ]
SQL: SELECT * FROM `movesay_trade_json` WHERE `market` = 'sgc_cny' AND `type` = '5' AND `data` <> '' ORDER BY id desc LIMIT 100   [ RunTime:0.0004s ]

[ 2018-03-28T09:01:00+08:00 ] 127.0.0.1 /Chart/getMarketOrdinaryJson?market=sgc_cny&time=5&t=1522198859342
INFO: [ app_init ] --START--
INFO: Run Behavior\BuildLiteBehavior [ RunTime:0.000032s ]
INFO: [ app_init ] --END-- [ RunTime:0.006001s ]
INFO: [ app_begin ] --START--
INFO: Run Behavior\ReadHtmlCacheBehavior [ RunTime:0.001173s ]
INFO: Run Behavior\CheckLangBehavior [ RunTime:0.002044s ]
INFO: [ app_begin ] --END-- [ RunTime:0.003386s ]
SQL: SHOW COLUMNS FROM `movesay_config` [ RunTime:0.0140s ]
SQL: SELECT * FROM `movesay_config` WHERE `id` = 1 LIMIT 1   [ RunTime:0.0015s ]
NOTIC: [8] Undefined index: movesay E:\data\a52jiaoyi\Application\Home\Controller\HomeController.class.php 第 72 行.
SQL: SHOW COLUMNS FROM `movesay_coin` [ RunTime:0.0188s ]
SQL: SELECT * FROM `movesay_coin` WHERE `status` = 1  [ RunTime:0.0010s ]
SQL: SHOW COLUMNS FROM `movesay_market` [ RunTime:0.0082s ]
SQL: SELECT * FROM `movesay_market` WHERE `status` = 1  [ RunTime:0.0004s ]
SQL: SHOW COLUMNS FROM `movesay_article_type` [ RunTime:0.0088s ]
SQL: SELECT * FROM `movesay_article_type` WHERE `status` = 1 AND `footer` = 1 AND `shang` = '' ORDER BY sort asc ,id desc LIMIT 3   [ RunTime:0.0005s ]
SQL: SELECT * FROM `movesay_article_type` WHERE `shang` = 'aboutus' AND `footer` = 1 AND `status` = 1 ORDER BY id asc LIMIT 4   [ RunTime:0.0006s ]
SQL: SELECT * FROM `movesay_article_type` WHERE `shang` = 'help' AND `footer` = 1 AND `status` = 1 ORDER BY id asc LIMIT 4   [ RunTime:0.0005s ]
SQL: SELECT * FROM `movesay_article_type` WHERE `shang` = 'xiazai' AND `footer` = 1 AND `status` = 1 ORDER BY id asc LIMIT 4   [ RunTime:0.0004s ]
SQL: SHOW COLUMNS FROM `movesay_trade_json` [ RunTime:0.0084s ]
SQL: SELECT * FROM `movesay_trade_json` WHERE `market` = 'sgc_cny' AND `type` = '5' AND `data` <> '' ORDER BY id desc LIMIT 100   [ RunTime:0.0007s ]

[ 2018-03-28T09:01:06+08:00 ] 127.0.0.1 /Chart/getMarketOrdinaryJson?market=sgc_cny&time=5&t=1522198865346
INFO: [ app_init ] --START--
INFO: Run Behavior\BuildLiteBehavior [ RunTime:0.000024s ]
INFO: [ app_init ] --END-- [ RunTime:0.007851s ]
INFO: [ app_begin ] --START--
INFO: Run Behavior\ReadHtmlCacheBehavior [ RunTime:0.001922s ]
INFO: Run Behavior\CheckLangBehavior [ RunTime:0.003733s ]
INFO: [ app_begin ] --END-- [ RunTime:0.005918s ]
SQL: SHOW COLUMNS FROM `movesay_config` [ RunTime:0.0240s ]
SQL: SELECT * FROM `movesay_config` WHERE `id` = 1 LIMIT 1   [ RunTime:0.0025s ]
NOTIC: [8] Undefined index: movesay E:\data\a52jiaoyi\Application\Home\Controller\HomeController.class.php 第 72 行.
SQL: SHOW COLUMNS FROM `movesay_coin` [ RunTime:0.0129s ]
SQL: SELECT * FROM `movesay_coin` WHERE `status` = 1  [ RunTime:0.0006s ]
SQL: SHOW COLUMNS FROM `movesay_market` [ RunTime:0.0120s ]
SQL: SELECT * FROM `movesay_market` WHERE `status` = 1  [ RunTime:0.0004s ]
SQL: SHOW COLUMNS FROM `movesay_article_type` [ RunTime:0.0073s ]
SQL: SELECT * FROM `movesay_article_type` WHERE `status` = 1 AND `footer` = 1 AND `shang` = '' ORDER BY sort asc ,id desc LIMIT 3   [ RunTime:0.0005s ]
SQL: SELECT * FROM `movesay_article_type` WHERE `shang` = 'aboutus' AND `footer` = 1 AND `status` = 1 ORDER BY id asc LIMIT 4   [ RunTime:0.0006s ]
SQL: SELECT * FROM `movesay_article_type` WHERE `shang` = 'help' AND `footer` = 1 AND `status` = 1 ORDER BY id asc LIMIT 4   [ RunTime:0.0005s ]
SQL: SELECT * FROM `movesay_article_type` WHERE `shang` = 'xiazai' AND `footer` = 1 AND `status` = 1 ORDER BY id asc LIMIT 4   [ RunTime:0.0004s ]
SQL: SHOW COLUMNS FROM `movesay_trade_json` [ RunTime:0.0079s ]
SQL: SELECT * FROM `movesay_trade_json` WHERE `market` = 'sgc_cny' AND `type` = '5' AND `data` <> '' ORDER BY id desc LIMIT 100   [ RunTime:0.0004s ]

[ 2018-03-28T09:01:12+08:00 ] 127.0.0.1 /Chart/getMarketOrdinaryJson?market=sgc_cny&time=5&t=1522198871348
INFO: [ app_init ] --START--
INFO: Run Behavior\BuildLiteBehavior [ RunTime:0.000017s ]
INFO: [ app_init ] --END-- [ RunTime:0.005548s ]
INFO: [ app_begin ] --START--
INFO: Run Behavior\ReadHtmlCacheBehavior [ RunTime:0.002203s ]
INFO: Run Behavior\CheckLangBehavior [ RunTime:0.003050s ]
INFO: [ app_begin ] --END-- [ RunTime:0.005584s ]
SQL: SHOW COLUMNS FROM `movesay_config` [ RunTime:0.0088s ]
SQL: SELECT * FROM `movesay_config` WHERE `id` = 1 LIMIT 1   [ RunTime:0.0023s ]
NOTIC: [8] Undefined index: movesay E:\data\a52jiaoyi\Application\Home\Controller\HomeController.class.php 第 72 行.
SQL: SHOW COLUMNS FROM `movesay_coin` [ RunTime:0.0110s ]
SQL: SELECT * FROM `movesay_coin` WHERE `status` = 1  [ RunTime:0.0006s ]
SQL: SHOW COLUMNS FROM `movesay_market` [ RunTime:0.0083s ]
SQL: SELECT * FROM `movesay_market` WHERE `status` = 1  [ RunTime:0.0013s ]
SQL: SHOW COLUMNS FROM `movesay_article_type` [ RunTime:0.0064s ]
SQL: SELECT * FROM `movesay_article_type` WHERE `status` = 1 AND `footer` = 1 AND `shang` = '' ORDER BY sort asc ,id desc LIMIT 3   [ RunTime:0.0004s ]
SQL: SELECT * FROM `movesay_article_type` WHERE `shang` = 'aboutus' AND `footer` = 1 AND `status` = 1 ORDER BY id asc LIMIT 4   [ RunTime:0.0017s ]
SQL: SELECT * FROM `movesay_article_type` WHERE `shang` = 'help' AND `footer` = 1 AND `status` = 1 ORDER BY id asc LIMIT 4   [ RunTime:0.0018s ]
SQL: SELECT * FROM `movesay_article_type` WHERE `shang` = 'xiazai' AND `footer` = 1 AND `status` = 1 ORDER BY id asc LIMIT 4   [ RunTime:0.0006s ]
SQL: SHOW COLUMNS FROM `movesay_trade_json` [ RunTime:0.0062s ]
SQL: SELECT * FROM `movesay_trade_json` WHERE `market` = 'sgc_cny' AND `type` = '5' AND `data` <> '' ORDER BY id desc LIMIT 100   [ RunTime:0.0013s ]

[ 2018-03-28T09:01:18+08:00 ] 127.0.0.1 /Login/index.html
INFO: [ app_init ] --START--
INFO: Run Behavior\BuildLiteBehavior [ RunTime:0.000040s ]
INFO: [ app_init ] --END-- [ RunTime:0.006824s ]
INFO: [ app_begin ] --START--
INFO: Run Behavior\ReadHtmlCacheBehavior [ RunTime:0.002367s ]
INFO: Run Behavior\CheckLangBehavior [ RunTime:0.003351s ]
INFO: [ app_begin ] --END-- [ RunTime:0.006126s ]
SQL: SHOW COLUMNS FROM `movesay_config` [ RunTime:0.0118s ]
SQL: SELECT * FROM `movesay_config` WHERE `id` = 1 LIMIT 1   [ RunTime:0.0010s ]
NOTIC: [8] Undefined index: movesay E:\data\a52jiaoyi\Application\Home\Controller\HomeController.class.php 第 72 行.
SQL: SHOW COLUMNS FROM `movesay_coin` [ RunTime:0.0081s ]
SQL: SELECT * FROM `movesay_coin` WHERE `status` = 1  [ RunTime:0.0006s ]
SQL: SHOW COLUMNS FROM `movesay_market` [ RunTime:0.0112s ]
SQL: SELECT * FROM `movesay_market` WHERE `status` = 1  [ RunTime:0.0004s ]
SQL: SHOW COLUMNS FROM `movesay_article_type` [ RunTime:0.0118s ]
SQL: SELECT * FROM `movesay_article_type` WHERE `status` = 1 AND `footer` = 1 AND `shang` = '' ORDER BY sort asc ,id desc LIMIT 3   [ RunTime:0.0008s ]
SQL: SELECT * FROM `movesay_article_type` WHERE `shang` = 'aboutus' AND `footer` = 1 AND `status` = 1 ORDER BY id asc LIMIT 4   [ RunTime:0.0006s ]
SQL: SELECT * FROM `movesay_article_type` WHERE `shang` = 'help' AND `footer` = 1 AND `status` = 1 ORDER BY id asc LIMIT 4   [ RunTime:0.0005s ]
SQL: SELECT * FROM `movesay_article_type` WHERE `shang` = 'xiazai' AND `footer` = 1 AND `status` = 1 ORDER BY id asc LIMIT 4   [ RunTime:0.0007s ]
INFO: [ view_parse ] --START--
INFO: [ template_filter ] --START--
INFO: Run Behavior\ContentReplaceBehavior [ RunTime:0.000172s ]
INFO: [ template_filter ] --END-- [ RunTime:0.000404s ]
INFO: Run Behavior\ParseTemplateBehavior [ RunTime:0.090966s ]
INFO: [ view_parse ] --END-- [ RunTime:0.091269s ]
INFO: [ view_filter ] --START--
INFO: Run Behavior\WriteHtmlCacheBehavior [ RunTime:0.001377s ]
INFO: [ view_filter ] --END-- [ RunTime:0.001494s ]
INFO: [ app_end ] --START--
INFO: Run Behavior\ShowPageTraceBehavior [ RunTime:0.001963s ]
INFO: [ app_end ] --END-- [ RunTime:0.002126s ]

[ 2018-03-28T09:01:19+08:00 ] 127.0.0.1 /Chart/getMarketOrdinaryJson?market=sgc_cny&time=5&t=1522198877351
INFO: [ app_init ] --START--
INFO: Run Behavior\BuildLiteBehavior [ RunTime:0.000023s ]
INFO: [ app_init ] --END-- [ RunTime:0.006534s ]
INFO: [ app_begin ] --START--
INFO: Run Behavior\ReadHtmlCacheBehavior [ RunTime:0.002554s ]
INFO: Run Behavior\CheckLangBehavior [ RunTime:0.002561s ]
INFO: [ app_begin ] --END-- [ RunTime:0.005462s ]
SQL: SHOW COLUMNS FROM `movesay_config` [ RunTime:0.0215s ]
SQL: SELECT * FROM `movesay_config` WHERE `id` = 1 LIMIT 1   [ RunTime:0.0015s ]
NOTIC: [8] Undefined index: movesay E:\data\a52jiaoyi\Application\Home\Controller\HomeController.class.php 第 72 行.
SQL: SHOW COLUMNS FROM `movesay_coin` [ RunTime:0.0131s ]
SQL: SELECT * FROM `movesay_coin` WHERE `status` = 1  [ RunTime:0.0007s ]
SQL: SHOW COLUMNS FROM `movesay_market` [ RunTime:0.0123s ]
SQL: SELECT * FROM `movesay_market` WHERE `status` = 1  [ RunTime:0.0006s ]
SQL: SHOW COLUMNS FROM `movesay_article_type` [ RunTime:0.0127s ]
SQL: SELECT * FROM `movesay_article_type` WHERE `status` = 1 AND `footer` = 1 AND `shang` = '' ORDER BY sort asc ,id desc LIMIT 3   [ RunTime:0.0008s ]
SQL: SELECT * FROM `movesay_article_type` WHERE `shang` = 'aboutus' AND `footer` = 1 AND `status` = 1 ORDER BY id asc LIMIT 4   [ RunTime:0.0004s ]
SQL: SELECT * FROM `movesay_article_type` WHERE `shang` = 'help' AND `footer` = 1 AND `status` = 1 ORDER BY id asc LIMIT 4   [ RunTime:0.0004s ]
SQL: SELECT * FROM `movesay_article_type` WHERE `shang` = 'xiazai' AND `footer` = 1 AND `status` = 1 ORDER BY id asc LIMIT 4   [ RunTime:0.0004s ]
SQL: SHOW COLUMNS FROM `movesay_trade_json` [ RunTime:0.0072s ]
SQL: SELECT * FROM `movesay_trade_json` WHERE `market` = 'sgc_cny' AND `type` = '5' AND `data` <> '' ORDER BY id desc LIMIT 100   [ RunTime:0.0004s ]

[ 2018-03-28T09:01:19+08:00 ] 127.0.0.1 /Public/fonts.googleapis.com/css-family=Montserrat-100i,200,200i,300,300i,400,400i,500,500i,600,600i,700,700i,800,800i,900,900i-Roboto-100i,300,300i,400,400i,500,500i,700,700i,900,900i.css
INFO: [ app_init ] --START--
INFO: Run Behavior\BuildLiteBehavior [ RunTime:0.000014s ]
INFO: [ app_init ] --END-- [ RunTime:0.003473s ]
INFO: [ app_begin ] --START--
INFO: Run Behavior\ReadHtmlCacheBehavior [ RunTime:0.001013s ]
INFO: Run Behavior\CheckLangBehavior [ RunTime:0.001724s ]
INFO: [ app_begin ] --END-- [ RunTime:0.002910s ]
ERR: 无法加载控制器:Public

[ 2018-03-28T09:01:19+08:00 ] 127.0.0.1 /Public/fonts.googleapis.com/css-family=Work+Sans-100,200,300,400,500,600,700,800,900.css
INFO: [ app_init ] --START--
INFO: Run Behavior\BuildLiteBehavior [ RunTime:0.000013s ]
INFO: [ app_init ] --END-- [ RunTime:0.003593s ]
INFO: [ app_begin ] --START--
INFO: Run Behavior\ReadHtmlCacheBehavior [ RunTime:0.001029s ]
INFO: Run Behavior\CheckLangBehavior [ RunTime:0.001715s ]
INFO: [ app_begin ] --END-- [ RunTime:0.002917s ]
ERR: 无法加载控制器:Public

[ 2018-03-28T09:01:19+08:00 ] 127.0.0.1 /Public/Home3/images/fav.png
INFO: [ app_init ] --START--
INFO: Run Behavior\BuildLiteBehavior [ RunTime:0.000015s ]
INFO: [ app_init ] --END-- [ RunTime:0.005957s ]

[ 2018-03-28T09:01:33+08:00 ] 127.0.0.1 /Login/submit
INFO: [ app_init ] --START--
INFO: Run Behavior\BuildLiteBehavior [ RunTime:0.000010s ]
INFO: [ app_init ] --END-- [ RunTime:0.003162s ]
INFO: [ app_begin ] --START--
INFO: Run Behavior\ReadHtmlCacheBehavior [ RunTime:0.001979s ]
INFO: Run Behavior\CheckLangBehavior [ RunTime:0.003022s ]
INFO: [ app_begin ] --END-- [ RunTime:0.005269s ]
SQL: SHOW COLUMNS FROM `movesay_config` [ RunTime:0.0068s ]
SQL: SELECT * FROM `movesay_config` WHERE `id` = 1 LIMIT 1   [ RunTime:0.0011s ]
NOTIC: [8] Undefined index: movesay E:\data\a52jiaoyi\Application\Home\Controller\HomeController.class.php 第 72 行.
SQL: SHOW COLUMNS FROM `movesay_coin` [ RunTime:0.0066s ]
SQL: SELECT * FROM `movesay_coin` WHERE `status` = 1  [ RunTime:0.0004s ]
SQL: SHOW COLUMNS FROM `movesay_market` [ RunTime:0.0073s ]
SQL: SELECT * FROM `movesay_market` WHERE `status` = 1  [ RunTime:0.0003s ]
SQL: SHOW COLUMNS FROM `movesay_article_type` [ RunTime:0.0060s ]
SQL: SELECT * FROM `movesay_article_type` WHERE `status` = 1 AND `footer` = 1 AND `shang` = '' ORDER BY sort asc ,id desc LIMIT 3   [ RunTime:0.0004s ]
SQL: SELECT * FROM `movesay_article_type` WHERE `shang` = 'aboutus' AND `footer` = 1 AND `status` = 1 ORDER BY id asc LIMIT 4   [ RunTime:0.0004s ]
SQL: SELECT * FROM `movesay_article_type` WHERE `shang` = 'help' AND `footer` = 1 AND `status` = 1 ORDER BY id asc LIMIT 4   [ RunTime:0.0003s ]
SQL: SELECT * FROM `movesay_article_type` WHERE `shang` = 'xiazai' AND `footer` = 1 AND `status` = 1 ORDER BY id asc LIMIT 4   [ RunTime:0.0003s ]
NOTIC: [8] Undefined variable: user E:\data\a52jiaoyi\Application\Home\Controller\LoginController.class.php 第 312 行.
NOTIC: [8] Undefined variable: user E:\data\a52jiaoyi\Application\Home\Controller\LoginController.class.php 第 318 行.
SQL: SHOW COLUMNS FROM `movesay_user` [ RunTime:0.0299s ]
SQL: SELECT * FROM `movesay_user` WHERE `username` = 'myworld' LIMIT 1   [ RunTime:0.0004s ]
NOTIC: [2] fopen(E:\data\a52jiaoyi\ThinkPHP\Library\Org\Net/UTFWry.dat): failed to open stream: No such file or directory E:\data\a52jiaoyi\ThinkPHP\Library\Org\Net\IpLocation.class.php 第 54 行.
SQL: set autocommit=0 [ RunTime:0.0002s ]
SQL: lock tables movesay_user write , movesay_user_log write  [ RunTime:0.0150s ]
SQL: SHOW COLUMNS FROM `movesay_user` [ RunTime:0.0080s ]
SQL: UPDATE `movesay_user` SET `logins`=logins+1 WHERE `id` = '5058' [ RunTime:0.0003s ]
SQL: SHOW COLUMNS FROM `movesay_user_log` [ RunTime:0.0082s ]
SQL: INSERT INTO `movesay_user_log` (`userid`,`type`,`remark`,`addtime`,`addip`,`addr`,`status`,`en_type`,`en_remark`,`en_addr`) VALUES ('5058','登录','通过用户名登录','1522198893','127.0.0.1','未分配或者内网IP','1','Login','Login by account','Not assigned or within the network IP') [ RunTime:0.0004s ]
SQL: commit [ RunTime:0.0001s ]
SQL: unlock tables [ RunTime:0.0001s ]

[ 2018-03-28T09:01:36+08:00 ] 127.0.0.1 /Finance
INFO: [ app_init ] --START--
INFO: Run Behavior\BuildLiteBehavior [ RunTime:0.000016s ]
INFO: [ app_init ] --END-- [ RunTime:0.004091s ]
INFO: [ app_begin ] --START--
INFO: Run Behavior\ReadHtmlCacheBehavior [ RunTime:0.000953s ]
INFO: Run Behavior\CheckLangBehavior [ RunTime:0.019732s ]
INFO: [ app_begin ] --END-- [ RunTime:0.020897s ]
SQL: SHOW COLUMNS FROM `movesay_user` [ RunTime:0.0188s ]
SQL: SELECT * FROM `movesay_user` WHERE ( id = 5058 ) LIMIT 1   [ RunTime:0.0008s ]
SQL: SHOW COLUMNS FROM `movesay_user_coin` [ RunTime:0.0469s ]
SQL: SELECT * FROM `movesay_user_coin` WHERE `userid` = 5058 LIMIT 1   [ RunTime:0.0003s ]
SQL: SHOW COLUMNS FROM `movesay_config` [ RunTime:0.0071s ]
SQL: SELECT * FROM `movesay_config` WHERE `id` = 1 LIMIT 1   [ RunTime:0.0016s ]
NOTIC: [8] Undefined index: movesay E:\data\a52jiaoyi\Application\Home\Controller\HomeController.class.php 第 72 行.
SQL: SHOW COLUMNS FROM `movesay_coin` [ RunTime:0.0073s ]
SQL: SELECT * FROM `movesay_coin` WHERE `status` = 1  [ RunTime:0.0004s ]
SQL: SHOW COLUMNS FROM `movesay_market` [ RunTime:0.0077s ]
SQL: SELECT * FROM `movesay_market` WHERE `status` = 1  [ RunTime:0.0003s ]
SQL: SHOW COLUMNS FROM `movesay_article_type` [ RunTime:0.0066s ]
SQL: SELECT * FROM `movesay_article_type` WHERE `status` = 1 AND `footer` = 1 AND `shang` = '' ORDER BY sort asc ,id desc LIMIT 3   [ RunTime:0.0005s ]
SQL: SELECT * FROM `movesay_article_type` WHERE `shang` = 'aboutus' AND `footer` = 1 AND `status` = 1 ORDER BY id asc LIMIT 4   [ RunTime:0.0008s ]
SQL: SELECT * FROM `movesay_article_type` WHERE `shang` = 'help' AND `footer` = 1 AND `status` = 1 ORDER BY id asc LIMIT 4   [ RunTime:0.0005s ]
SQL: SELECT * FROM `movesay_article_type` WHERE `shang` = 'xiazai' AND `footer` = 1 AND `status` = 1 ORDER BY id asc LIMIT 4   [ RunTime:0.0004s ]
SQL: SELECT * FROM `movesay_coin` WHERE `status` = 1  [ RunTime:0.0004s ]
SQL: SELECT * FROM `movesay_user_coin` WHERE `userid` = 5058 LIMIT 1   [ RunTime:0.0002s ]
SQL: SELECT * FROM `movesay_market` WHERE `status` = 1  [ RunTime:0.0002s ]
SQL: SHOW COLUMNS FROM `movesay_text` [ RunTime:0.0237s ]
SQL: SHOW COLUMNS FROM `movesay_text` [ RunTime:0.0068s ]
SQL: SELECT * FROM `movesay_text` WHERE `name` = 'finance_index' LIMIT 1   [ RunTime:0.0005s ]
SQL: SELECT `content` FROM `movesay_text` WHERE `name` = 'finance_index' AND `status` = 1 LIMIT 1   [ RunTime:0.0002s ]
NOTIC: [2] unlink(./Runtime/Temp/0d094b549cb0f0815514516d9cee7a0a.php): No such file or directory E:\data\a52jiaoyi\ThinkPHP\Library\Think\Cache\Driver\File.class.php 第 157 行.
INFO: [ view_parse ] --START--
INFO: [ template_filter ] --START--
INFO: Run Behavior\ContentReplaceBehavior [ RunTime:0.000282s ]
INFO: [ template_filter ] --END-- [ RunTime:0.000397s ]
INFO: Run Behavior\ParseTemplateBehavior [ RunTime:0.066305s ]
INFO: [ view_parse ] --END-- [ RunTime:0.066431s ]
INFO: [ view_filter ] --START--
INFO: Run Behavior\WriteHtmlCacheBehavior [ RunTime:0.001161s ]
INFO: [ view_filter ] --END-- [ RunTime:0.001241s ]
INFO: [ app_end ] --START--
INFO: Run Behavior\ShowPageTraceBehavior [ RunTime:0.001487s ]
INFO: [ app_end ] --END-- [ RunTime:0.001592s ]

[ 2018-03-28T09:01:36+08:00 ] 127.0.0.1 /js/jquery.cookie.js
INFO: [ app_init ] --START--
INFO: Run Behavior\BuildLiteBehavior [ RunTime:0.000019s ]
INFO: [ app_init ] --END-- [ RunTime:0.003654s ]
INFO: [ app_begin ] --START--
INFO: Run Behavior\ReadHtmlCacheBehavior [ RunTime:0.001512s ]
INFO: Run Behavior\CheckLangBehavior [ RunTime:0.002243s ]
INFO: [ app_begin ] --END-- [ RunTime:0.004163s ]
ERR: 无法加载控制器:Js

[ 2018-03-28T09:01:36+08:00 ] 127.0.0.1 /Public/fonts.googleapis.com/css-family=Montserrat-100i,200,200i,300,300i,400,400i,500,500i,600,600i,700,700i,800,800i,900,900i-Roboto-100i,300,300i,400,400i,500,500i,700,700i,900,900i.css
INFO: [ app_init ] --START--
INFO: Run Behavior\BuildLiteBehavior [ RunTime:0.000012s ]
INFO: [ app_init ] --END-- [ RunTime:0.003368s ]
INFO: [ app_begin ] --START--
INFO: Run Behavior\ReadHtmlCacheBehavior [ RunTime:0.000839s ]
INFO: Run Behavior\CheckLangBehavior [ RunTime:0.001689s ]
INFO: [ app_begin ] --END-- [ RunTime:0.002683s ]
ERR: 无法加载控制器:Public

[ 2018-03-28T09:01:36+08:00 ] 127.0.0.1 /Public/fonts.googleapis.com/css-family=Work+Sans-100,200,300,400,500,600,700,800,900.css
INFO: [ app_init ] --START--
INFO: Run Behavior\BuildLiteBehavior [ RunTime:0.000012s ]
INFO: [ app_init ] --END-- [ RunTime:0.003391s ]
INFO: [ app_begin ] --START--
INFO: Run Behavior\ReadHtmlCacheBehavior [ RunTime:0.000831s ]
INFO: Run Behavior\CheckLangBehavior [ RunTime:0.001822s ]
INFO: [ app_begin ] --END-- [ RunTime:0.002827s ]
ERR: 无法加载控制器:Public

[ 2018-03-28T09:01:36+08:00 ] 127.0.0.1 /js/jquery.cookie.js
INFO: [ app_init ] --START--
INFO: Run Behavior\BuildLiteBehavior [ RunTime:0.000016s ]
INFO: [ app_init ] --END-- [ RunTime:0.003909s ]
INFO: [ app_begin ] --START--
INFO: Run Behavior\ReadHtmlCacheBehavior [ RunTime:0.001265s ]
INFO: Run Behavior\CheckLangBehavior [ RunTime:0.002701s ]
INFO: [ app_begin ] --END-- [ RunTime:0.004283s ]
ERR: 无法加载控制器:Js

[ 2018-03-28T09:02:09+08:00 ] 127.0.0.1 /Finance
INFO: [ app_init ] --START--
INFO: Run Behavior\BuildLiteBehavior [ RunTime:0.000011s ]
INFO: [ app_init ] --END-- [ RunTime:0.003892s ]
INFO: [ app_begin ] --START--
INFO: Run Behavior\ReadHtmlCacheBehavior [ RunTime:0.001157s ]
INFO: Run Behavior\CheckLangBehavior [ RunTime:0.003464s ]
INFO: [ app_begin ] --END-- [ RunTime:0.004802s ]
SQL: SHOW COLUMNS FROM `movesay_user` [ RunTime:0.0174s ]
SQL: SELECT * FROM `movesay_user` WHERE ( id = 5058 ) LIMIT 1   [ RunTime:0.0014s ]
SQL: SHOW COLUMNS FROM `movesay_user_coin` [ RunTime:0.0093s ]
SQL: SELECT * FROM `movesay_user_coin` WHERE `userid` = 5058 LIMIT 1   [ RunTime:0.0004s ]
SQL: SHOW COLUMNS FROM `movesay_config` [ RunTime:0.0148s ]
SQL: SELECT * FROM `movesay_config` WHERE `id` = 1 LIMIT 1   [ RunTime:0.0012s ]
NOTIC: [8] Undefined index: movesay E:\data\a52jiaoyi\Application\Home\Controller\HomeController.class.php 第 72 行.
SQL: SHOW COLUMNS FROM `movesay_coin` [ RunTime:0.0069s ]
SQL: SELECT * FROM `movesay_coin` WHERE `status` = 1  [ RunTime:0.0003s ]
SQL: SHOW COLUMNS FROM `movesay_market` [ RunTime:0.0059s ]
SQL: SELECT * FROM `movesay_market` WHERE `status` = 1  [ RunTime:0.0004s ]
SQL: SHOW COLUMNS FROM `movesay_article_type` [ RunTime:0.0076s ]
SQL: SELECT * FROM `movesay_article_type` WHERE `status` = 1 AND `footer` = 1 AND `shang` = '' ORDER BY sort asc ,id desc LIMIT 3   [ RunTime:0.0004s ]
SQL: SELECT * FROM `movesay_article_type` WHERE `shang` = 'aboutus' AND `footer` = 1 AND `status` = 1 ORDER BY id asc LIMIT 4   [ RunTime:0.0004s ]
SQL: SELECT * FROM `movesay_article_type` WHERE `shang` = 'help' AND `footer` = 1 AND `status` = 1 ORDER BY id asc LIMIT 4   [ RunTime:0.0003s ]
SQL: SELECT * FROM `movesay_article_type` WHERE `shang` = 'xiazai' AND `footer` = 1 AND `status` = 1 ORDER BY id asc LIMIT 4   [ RunTime:0.0003s ]
SQL: SELECT * FROM `movesay_coin` WHERE `status` = 1  [ RunTime:0.0007s ]
SQL: SELECT * FROM `movesay_user_coin` WHERE `userid` = 5058 LIMIT 1   [ RunTime:0.0005s ]
SQL: SELECT * FROM `movesay_market` WHERE `status` = 1  [ RunTime:0.0004s ]
SQL: SHOW COLUMNS FROM `movesay_text` [ RunTime:0.0068s ]
SQL: SHOW COLUMNS FROM `movesay_text` [ RunTime:0.0061s ]
SQL: SELECT * FROM `movesay_text` WHERE `name` = 'finance_index' LIMIT 1   [ RunTime:0.0004s ]
SQL: SELECT `content` FROM `movesay_text` WHERE `name` = 'finance_index' AND `status` = 1 LIMIT 1   [ RunTime:0.0003s ]
NOTIC: [2] unlink(./Runtime/Temp/0d094b549cb0f0815514516d9cee7a0a.php): No such file or directory E:\data\a52jiaoyi\ThinkPHP\Library\Think\Cache\Driver\File.class.php 第 157 行.
INFO: [ view_parse ] --START--
INFO: [ template_filter ] --START--
INFO: Run Behavior\ContentReplaceBehavior [ RunTime:0.000296s ]
INFO: [ template_filter ] --END-- [ RunTime:0.000468s ]
INFO: Run Behavior\ParseTemplateBehavior [ RunTime:0.027597s ]
INFO: [ view_parse ] --END-- [ RunTime:0.027719s ]
INFO: [ view_filter ] --START--
INFO: Run Behavior\WriteHtmlCacheBehavior [ RunTime:0.002425s ]
INFO: [ view_filter ] --END-- [ RunTime:0.002564s ]
INFO: [ app_end ] --START--
INFO: Run Behavior\ShowPageTraceBehavior [ RunTime:0.001404s ]
INFO: [ app_end ] --END-- [ RunTime:0.001537s ]

[ 2018-03-28T09:02:09+08:00 ] 127.0.0.1 /js/jquery.cookie.js
INFO: [ app_init ] --START--
INFO: Run Behavior\BuildLiteBehavior [ RunTime:0.000016s ]
INFO: [ app_init ] --END-- [ RunTime:0.003859s ]
INFO: [ app_begin ] --START--
INFO: Run Behavior\ReadHtmlCacheBehavior [ RunTime:0.000979s ]
INFO: Run Behavior\CheckLangBehavior [ RunTime:0.003346s ]
INFO: [ app_begin ] --END-- [ RunTime:0.004652s ]
ERR: 无法加载控制器:Js

[ 2018-03-28T09:02:09+08:00 ] 127.0.0.1 /Public/fonts.googleapis.com/css-family=Montserrat-100i,200,200i,300,300i,400,400i,500,500i,600,600i,700,700i,800,800i,900,900i-Roboto-100i,300,300i,400,400i,500,500i,700,700i,900,900i.css
INFO: [ app_init ] --START--
INFO: Run Behavior\BuildLiteBehavior [ RunTime:0.000016s ]
INFO: [ app_init ] --END-- [ RunTime:0.003688s ]
INFO: [ app_begin ] --START--
INFO: Run Behavior\ReadHtmlCacheBehavior [ RunTime:0.000853s ]
INFO: Run Behavior\CheckLangBehavior [ RunTime:0.001737s ]
INFO: [ app_begin ] --END-- [ RunTime:0.002752s ]
ERR: 无法加载控制器:Public

[ 2018-03-28T09:02:09+08:00 ] 127.0.0.1 /Public/fonts.googleapis.com/css-family=Work+Sans-100,200,300,400,500,600,700,800,900.css
INFO: [ app_init ] --START--
INFO: Run Behavior\BuildLiteBehavior [ RunTime:0.000047s ]
INFO: [ app_init ] --END-- [ RunTime:0.004921s ]
INFO: [ app_begin ] --START--
INFO: Run Behavior\ReadHtmlCacheBehavior [ RunTime:0.004420s ]
INFO: Run Behavior\CheckLangBehavior [ RunTime:0.004909s ]
INFO: [ app_begin ] --END-- [ RunTime:0.009775s ]
ERR: 无法加载控制器:Public

[ 2018-03-28T09:02:09+08:00 ] 127.0.0.1 /js/jquery.cookie.js
INFO: [ app_init ] --START--
INFO: Run Behavior\BuildLiteBehavior [ RunTime:0.000019s ]
INFO: [ app_init ] --END-- [ RunTime:0.005528s ]
INFO: [ app_begin ] --START--
INFO: Run Behavior\ReadHtmlCacheBehavior [ RunTime:0.001164s ]
INFO: Run Behavior\CheckLangBehavior [ RunTime:0.002303s ]
INFO: [ app_begin ] --END-- [ RunTime:0.003735s ]
ERR: 无法加载控制器:Js

[ 2018-03-28T09:02:14+08:00 ] 127.0.0.1 /Finance/mywt.html
INFO: [ app_init ] --START--
INFO: Run Behavior\BuildLiteBehavior [ RunTime:0.000014s ]
INFO: [ app_init ] --END-- [ RunTime:0.003800s ]
INFO: [ app_begin ] --START--
INFO: Run Behavior\ReadHtmlCacheBehavior [ RunTime:0.002055s ]
INFO: Run Behavior\CheckLangBehavior [ RunTime:0.002818s ]
INFO: [ app_begin ] --END-- [ RunTime:0.005224s ]
SQL: SHOW COLUMNS FROM `movesay_user` [ RunTime:0.0172s ]
SQL: SELECT * FROM `movesay_user` WHERE ( id = 5058 ) LIMIT 1   [ RunTime:0.0008s ]
SQL: SHOW COLUMNS FROM `movesay_user_coin` [ RunTime:0.0126s ]
SQL: SELECT * FROM `movesay_user_coin` WHERE `userid` = 5058 LIMIT 1   [ RunTime:0.0005s ]
SQL: SHOW COLUMNS FROM `movesay_config` [ RunTime:0.0118s ]
SQL: SELECT * FROM `movesay_config` WHERE `id` = 1 LIMIT 1   [ RunTime:0.0011s ]
NOTIC: [8] Undefined index: movesay E:\data\a52jiaoyi\Application\Home\Controller\HomeController.class.php 第 72 行.
SQL: SHOW COLUMNS FROM `movesay_coin` [ RunTime:0.0083s ]
SQL: SELECT * FROM `movesay_coin` WHERE `status` = 1  [ RunTime:0.0008s ]
SQL: SHOW COLUMNS FROM `movesay_market` [ RunTime:0.0073s ]
SQL: SELECT * FROM `movesay_market` WHERE `status` = 1  [ RunTime:0.0003s ]
SQL: SHOW COLUMNS FROM `movesay_article_type` [ RunTime:0.0075s ]
SQL: SELECT * FROM `movesay_article_type` WHERE `status` = 1 AND `footer` = 1 AND `shang` = '' ORDER BY sort asc ,id desc LIMIT 3   [ RunTime:0.0004s ]
SQL: SELECT * FROM `movesay_article_type` WHERE `shang` = 'aboutus' AND `footer` = 1 AND `status` = 1 ORDER BY id asc LIMIT 4   [ RunTime:0.0004s ]
SQL: SELECT * FROM `movesay_article_type` WHERE `shang` = 'help' AND `footer` = 1 AND `status` = 1 ORDER BY id asc LIMIT 4   [ RunTime:0.0003s ]
SQL: SELECT * FROM `movesay_article_type` WHERE `shang` = 'xiazai' AND `footer` = 1 AND `status` = 1 ORDER BY id asc LIMIT 4   [ RunTime:0.0003s ]
SQL: SHOW COLUMNS FROM `movesay_text` [ RunTime:0.0082s ]
SQL: SHOW COLUMNS FROM `movesay_text` [ RunTime:0.0058s ]
SQL: SELECT * FROM `movesay_text` WHERE `name` = 'finance_mywt' LIMIT 1   [ RunTime:0.0003s ]
SQL: SELECT `content` FROM `movesay_text` WHERE `name` = 'finance_mywt' AND `status` = 1 LIMIT 1   [ RunTime:0.0002s ]
NOTIC: [2] unlink(./Runtime/Temp/a2b5bc60b9e1080ed6caf482d3f83865.php): No such file or directory E:\data\a52jiaoyi\ThinkPHP\Library\Think\Cache\Driver\File.class.php 第 157 行.
SQL: SELECT * FROM `movesay_coin` WHERE `status` = 1  [ RunTime:0.0003s ]
SQL: SELECT * FROM `movesay_market` WHERE `status` = 1  [ RunTime:0.0004s ]
NOTIC: [8] Undefined index:  E:\data\a52jiaoyi\Application\Home\Controller\FinanceController.class.php 第 1075 行.
SQL: SHOW COLUMNS FROM `movesay_trade` [ RunTime:0.0228s ]
SQL: SELECT COUNT(*) AS tp_count FROM `movesay_trade` WHERE `market` = 'sgc_cny' AND `userid` = 5058 LIMIT 1   [ RunTime:0.0050s ]
SQL: SELECT * FROM `movesay_trade` WHERE `market` = 'sgc_cny' AND `userid` = 5058 ORDER BY id desc LIMIT 0,15   [ RunTime:0.0017s ]
INFO: [ view_parse ] --START--
INFO: [ template_filter ] --START--
INFO: Run Behavior\ContentReplaceBehavior [ RunTime:0.000265s ]
INFO: [ template_filter ] --END-- [ RunTime:0.000391s ]
NOTIC: [8] Undefined variable: data E:\data\a52jiaoyi\Runtime\Cache\Home\7a2c5a49d5958242fbc69c79acbd4dbb.php 第 250 行.
NOTIC: [8] Undefined variable: data E:\data\a52jiaoyi\Runtime\Cache\Home\7a2c5a49d5958242fbc69c79acbd4dbb.php 第 250 行.
INFO: Run Behavior\ParseTemplateBehavior [ RunTime:0.046514s ]
INFO: [ view_parse ] --END-- [ RunTime:0.046691s ]
INFO: [ view_filter ] --START--
INFO: Run Behavior\WriteHtmlCacheBehavior [ RunTime:0.001246s ]
INFO: [ view_filter ] --END-- [ RunTime:0.001335s ]
INFO: [ app_end ] --START--
INFO: Run Behavior\ShowPageTraceBehavior [ RunTime:0.001460s ]
INFO: [ app_end ] --END-- [ RunTime:0.001574s ]

[ 2018-03-28T09:02:14+08:00 ] 127.0.0.1 /Public/fonts.googleapis.com/css-family=Montserrat-100i,200,200i,300,300i,400,400i,500,500i,600,600i,700,700i,800,800i,900,900i-Roboto-100i,300,300i,400,400i,500,500i,700,700i,900,900i.css
INFO: [ app_init ] --START--
INFO: Run Behavior\BuildLiteBehavior [ RunTime:0.000012s ]
INFO: [ app_init ] --END-- [ RunTime:0.003350s ]
INFO: [ app_begin ] --START--
INFO: Run Behavior\ReadHtmlCacheBehavior [ RunTime:0.000878s ]
INFO: Run Behavior\CheckLangBehavior [ RunTime:0.001890s ]
INFO: [ app_begin ] --END-- [ RunTime:0.002942s ]
ERR: 无法加载控制器:Public

[ 2018-03-28T09:02:14+08:00 ] 127.0.0.1 /Public/fonts.googleapis.com/css-family=Work+Sans-100,200,300,400,500,600,700,800,900.css
INFO: [ app_init ] --START--
INFO: Run Behavior\BuildLiteBehavior [ RunTime:0.000012s ]
INFO: [ app_init ] --END-- [ RunTime:0.003304s ]
INFO: [ app_begin ] --START--
INFO: Run Behavior\ReadHtmlCacheBehavior [ RunTime:0.001114s ]
INFO: Run Behavior\CheckLangBehavior [ RunTime:0.001882s ]
INFO: [ app_begin ] --END-- [ RunTime:0.003232s ]
ERR: 无法加载控制器:Public

[ 2018-03-28T09:02:24+08:00 ] 127.0.0.1 /Finance/mywt.html
INFO: [ app_init ] --START--
INFO: Run Behavior\BuildLiteBehavior [ RunTime:0.000024s ]
INFO: [ app_init ] --END-- [ RunTime:0.007947s ]
INFO: [ app_begin ] --START--
INFO: Run Behavior\ReadHtmlCacheBehavior [ RunTime:0.001868s ]
INFO: Run Behavior\CheckLangBehavior [ RunTime:0.004952s ]
INFO: [ app_begin ] --END-- [ RunTime:0.007108s ]
SQL: SHOW COLUMNS FROM `movesay_user` [ RunTime:0.0210s ]
SQL: SELECT * FROM `movesay_user` WHERE ( id = 5058 ) LIMIT 1   [ RunTime:0.0011s ]
SQL: SHOW COLUMNS FROM `movesay_user_coin` [ RunTime:0.0199s ]
SQL: SELECT * FROM `movesay_user_coin` WHERE `userid` = 5058 LIMIT 1   [ RunTime:0.0008s ]
SQL: SHOW COLUMNS FROM `movesay_config` [ RunTime:0.0224s ]
SQL: SELECT * FROM `movesay_config` WHERE `id` = 1 LIMIT 1   [ RunTime:0.0024s ]
NOTIC: [8] Undefined index: movesay E:\data\a52jiaoyi\Application\Home\Controller\HomeController.class.php 第 72 行.
SQL: SHOW COLUMNS FROM `movesay_coin` [ RunTime:0.0226s ]
SQL: SELECT * FROM `movesay_coin` WHERE `status` = 1  [ RunTime:0.0007s ]
SQL: SHOW COLUMNS FROM `movesay_market` [ RunTime:0.0121s ]
SQL: SELECT * FROM `movesay_market` WHERE `status` = 1  [ RunTime:0.0005s ]
SQL: SHOW COLUMNS FROM `movesay_article_type` [ RunTime:0.0111s ]
SQL: SELECT * FROM `movesay_article_type` WHERE `status` = 1 AND `footer` = 1 AND `shang` = '' ORDER BY sort asc ,id desc LIMIT 3   [ RunTime:0.0010s ]
SQL: SELECT * FROM `movesay_article_type` WHERE `shang` = 'aboutus' AND `footer` = 1 AND `status` = 1 ORDER BY id asc LIMIT 4   [ RunTime:0.0008s ]
SQL: SELECT * FROM `movesay_article_type` WHERE `shang` = 'help' AND `footer` = 1 AND `status` = 1 ORDER BY id asc LIMIT 4   [ RunTime:0.0006s ]
SQL: SELECT * FROM `movesay_article_type` WHERE `shang` = 'xiazai' AND `footer` = 1 AND `status` = 1 ORDER BY id asc LIMIT 4   [ RunTime:0.0006s ]
SQL: SHOW COLUMNS FROM `movesay_text` [ RunTime:0.0107s ]
SQL: SHOW COLUMNS FROM `movesay_text` [ RunTime:0.0106s ]
SQL: SELECT * FROM `movesay_text` WHERE `name` = 'finance_mywt' LIMIT 1   [ RunTime:0.0005s ]
SQL: SELECT `content` FROM `movesay_text` WHERE `name` = 'finance_mywt' AND `status` = 1 LIMIT 1   [ RunTime:0.0003s ]
NOTIC: [2] unlink(./Runtime/Temp/a2b5bc60b9e1080ed6caf482d3f83865.php): No such file or directory E:\data\a52jiaoyi\ThinkPHP\Library\Think\Cache\Driver\File.class.php 第 157 行.
SQL: SELECT * FROM `movesay_coin` WHERE `status` = 1  [ RunTime:0.0004s ]
SQL: SELECT * FROM `movesay_market` WHERE `status` = 1  [ RunTime:0.0003s ]
NOTIC: [8] Undefined index:  E:\data\a52jiaoyi\Application\Home\Controller\FinanceController.class.php 第 1075 行.
SQL: SHOW COLUMNS FROM `movesay_trade` [ RunTime:0.0064s ]
SQL: SELECT COUNT(*) AS tp_count FROM `movesay_trade` WHERE `market` = 'sgc_cny' AND `userid` = 5058 LIMIT 1   [ RunTime:0.0003s ]
SQL: SELECT * FROM `movesay_trade` WHERE `market` = 'sgc_cny' AND `userid` = 5058 ORDER BY id desc LIMIT 0,15   [ RunTime:0.0004s ]
INFO: [ view_parse ] --START--
INFO: [ template_filter ] --START--
INFO: Run Behavior\ContentReplaceBehavior [ RunTime:0.000218s ]
INFO: [ template_filter ] --END-- [ RunTime:0.000322s ]
NOTIC: [8] Undefined variable: data E:\data\a52jiaoyi\Runtime\Cache\Home\7a2c5a49d5958242fbc69c79acbd4dbb.php 第 250 行.
NOTIC: [8] Undefined variable: data E:\data\a52jiaoyi\Runtime\Cache\Home\7a2c5a49d5958242fbc69c79acbd4dbb.php 第 250 行.
INFO: Run Behavior\ParseTemplateBehavior [ RunTime:0.024567s ]
INFO: [ view_parse ] --END-- [ RunTime:0.024677s ]
INFO: [ view_filter ] --START--
INFO: Run Behavior\WriteHtmlCacheBehavior [ RunTime:0.001051s ]
INFO: [ view_filter ] --END-- [ RunTime:0.001124s ]
INFO: [ app_end ] --START--
INFO: Run Behavior\ShowPageTraceBehavior [ RunTime:0.001632s ]
INFO: [ app_end ] --END-- [ RunTime:0.001775s ]

[ 2018-03-28T09:02:24+08:00 ] 127.0.0.1 /Public/fonts.googleapis.com/css-family=Montserrat-100i,200,200i,300,300i,400,400i,500,500i,600,600i,700,700i,800,800i,900,900i-Roboto-100i,300,300i,400,400i,500,500i,700,700i,900,900i.css
INFO: [ app_init ] --START--
INFO: Run Behavior\BuildLiteBehavior [ RunTime:0.000012s ]
INFO: [ app_init ] --END-- [ RunTime:0.003625s ]
INFO: [ app_begin ] --START--
INFO: Run Behavior\ReadHtmlCacheBehavior [ RunTime:0.000936s ]
INFO: Run Behavior\CheckLangBehavior [ RunTime:0.001854s ]
INFO: [ app_begin ] --END-- [ RunTime:0.002948s ]
ERR: 无法加载控制器:Public

[ 2018-03-28T09:02:24+08:00 ] 127.0.0.1 /Public/fonts.googleapis.com/css-family=Work+Sans-100,200,300,400,500,600,700,800,900.css
INFO: [ app_init ] --START--
INFO: Run Behavior\BuildLiteBehavior [ RunTime:0.000012s ]
INFO: [ app_init ] --END-- [ RunTime:0.003842s ]
INFO: [ app_begin ] --START--
INFO: Run Behavior\ReadHtmlCacheBehavior [ RunTime:0.000830s ]
INFO: Run Behavior\CheckLangBehavior [ RunTime:0.001899s ]
INFO: [ app_begin ] --END-- [ RunTime:0.002914s ]
ERR: 无法加载控制器:Public

[ 2018-03-28T09:36:06+08:00 ] 127.0.0.1 /
INFO: [ app_init ] --START--
INFO: Run Behavior\BuildLiteBehavior [ RunTime:0.000014s ]
INFO: [ app_init ] --END-- [ RunTime:0.004154s ]
INFO: [ app_begin ] --START--
INFO: Run Behavior\ReadHtmlCacheBehavior [ RunTime:0.001153s ]
INFO: Run Behavior\CheckLangBehavior [ RunTime:0.002095s ]
INFO: [ app_begin ] --END-- [ RunTime:0.003421s ]
SQL: SHOW COLUMNS FROM `movesay_user` [ RunTime:0.0305s ]
SQL: SELECT * FROM `movesay_user` WHERE ( id = 5058 ) LIMIT 1   [ RunTime:0.0013s ]
SQL: SHOW COLUMNS FROM `movesay_user_coin` [ RunTime:0.0138s ]
SQL: SELECT * FROM `movesay_user_coin` WHERE `userid` = 5058 LIMIT 1   [ RunTime:0.0005s ]
SQL: SHOW COLUMNS FROM `movesay_config` [ RunTime:0.0151s ]
SQL: SELECT * FROM `movesay_config` WHERE `id` = 1 LIMIT 1   [ RunTime:0.0009s ]
NOTIC: [8] Undefined index: movesay E:\data\a52jiaoyi\Application\Home\Controller\HomeController.class.php 第 72 行.
SQL: SHOW COLUMNS FROM `movesay_coin` [ RunTime:0.0097s ]
SQL: SELECT * FROM `movesay_coin` WHERE `status` = 1  [ RunTime:0.0003s ]
SQL: SHOW COLUMNS FROM `movesay_market` [ RunTime:0.0088s ]
SQL: SELECT * FROM `movesay_market` WHERE `status` = 1  [ RunTime:0.0003s ]
SQL: SHOW COLUMNS FROM `movesay_article_type` [ RunTime:0.0091s ]
SQL: SELECT * FROM `movesay_article_type` WHERE `status` = 1 AND `footer` = 1 AND `shang` = '' ORDER BY sort asc ,id desc LIMIT 3   [ RunTime:0.0004s ]
SQL: SELECT * FROM `movesay_article_type` WHERE `shang` = 'aboutus' AND `footer` = 1 AND `status` = 1 ORDER BY id asc LIMIT 4   [ RunTime:0.0004s ]
SQL: SELECT * FROM `movesay_article_type` WHERE `shang` = 'help' AND `footer` = 1 AND `status` = 1 ORDER BY id asc LIMIT 4   [ RunTime:0.0003s ]
SQL: SELECT * FROM `movesay_article_type` WHERE `shang` = 'xiazai' AND `footer` = 1 AND `status` = 1 ORDER BY id asc LIMIT 4   [ RunTime:0.0004s ]
SQL: SHOW COLUMNS FROM `movesay_adver` [ RunTime:0.0088s ]
SQL: SELECT * FROM `movesay_adver` WHERE `status` = 1 ORDER BY id asc  [ RunTime:0.0003s ]
SQL: SELECT * FROM `movesay_article_type` WHERE `status` = 1 AND `index` = 1 ORDER BY sort asc ,id desc LIMIT 3   [ RunTime:0.0003s ]
SQL: SHOW COLUMNS FROM `movesay_article` [ RunTime:0.0088s ]
SQL: SELECT * FROM `movesay_article` WHERE `type` = 'aaa' AND `status` = 1 AND `index` = 1 ORDER BY id desc LIMIT 6   [ RunTime:0.0004s ]
SQL: SELECT * FROM `movesay_article` WHERE `type` = 'bbb' AND `status` = 1 AND `index` = 1 ORDER BY id desc LIMIT 6   [ RunTime:0.0008s ]
SQL: SELECT * FROM `movesay_article` WHERE `type` = 'ccc' AND `status` = 1 AND `index` = 1 ORDER BY id desc LIMIT 6   [ RunTime:0.0002s ]
SQL: SHOW COLUMNS FROM `movesay_link` [ RunTime:0.0097s ]
SQL: SELECT * FROM `movesay_link` WHERE `status` = 1 ORDER BY sort asc ,id desc  [ RunTime:0.0003s ]
INFO: [ view_parse ] --START--
INFO: [ template_filter ] --START--
INFO: Run Behavior\ContentReplaceBehavior [ RunTime:0.000287s ]
INFO: [ template_filter ] --END-- [ RunTime:0.000385s ]
NOTIC: [8] Undefined variable: market E:\data\a52jiaoyi\Runtime\Cache\Home\de5cbf627ab6e43830fd1b850225ec9e.php 第 214 行.
INFO: Run Behavior\ParseTemplateBehavior [ RunTime:0.022255s ]
INFO: [ view_parse ] --END-- [ RunTime:0.022393s ]
INFO: [ view_filter ] --START--
INFO: Run Behavior\WriteHtmlCacheBehavior [ RunTime:0.001009s ]
INFO: [ view_filter ] --END-- [ RunTime:0.001089s ]
INFO: [ app_end ] --START--
INFO: Run Behavior\ShowPageTraceBehavior [ RunTime:0.001409s ]
INFO: [ app_end ] --END-- [ RunTime:0.001511s ]

[ 2018-03-28T09:36:06+08:00 ] 127.0.0.1 /Public/Home1/index/fonts/css/font.css
INFO: [ app_init ] --START--
INFO: Run Behavior\BuildLiteBehavior [ RunTime:0.000013s ]
INFO: [ app_init ] --END-- [ RunTime:0.003334s ]
INFO: [ app_begin ] --START--
INFO: Run Behavior\ReadHtmlCacheBehavior [ RunTime:0.000859s ]
INFO: Run Behavior\CheckLangBehavior [ RunTime:0.001698s ]
INFO: [ app_begin ] --END-- [ RunTime:0.002714s ]
ERR: 无法加载控制器:Public

[ 2018-03-28T11:18:34+08:00 ] 127.0.0.1 /Finance/myzr.html
INFO: [ app_init ] --START--
INFO: Run Behavior\BuildLiteBehavior [ RunTime:0.000012s ]
INFO: [ app_init ] --END-- [ RunTime:0.003998s ]
INFO: [ app_begin ] --START--
INFO: Run Behavior\ReadHtmlCacheBehavior [ RunTime:0.001275s ]
INFO: Run Behavior\CheckLangBehavior [ RunTime:0.003021s ]
INFO: [ app_begin ] --END-- [ RunTime:0.004450s ]
SQL: SHOW COLUMNS FROM `movesay_user` [ RunTime:0.0116s ]
SQL: SELECT * FROM `movesay_user` WHERE ( id = 10347 ) LIMIT 1   [ RunTime:0.0004s ]
INFO: [ view_parse ] --START--
INFO: [ template_filter ] --START--
INFO: Run Behavior\ContentReplaceBehavior [ RunTime:0.000066s ]
INFO: [ template_filter ] --END-- [ RunTime:0.000209s ]
INFO: Run Behavior\ParseTemplateBehavior [ RunTime:0.036396s ]
INFO: [ view_parse ] --END-- [ RunTime:0.036530s ]
INFO: [ view_filter ] --START--
INFO: Run Behavior\WriteHtmlCacheBehavior [ RunTime:0.001335s ]
INFO: [ view_filter ] --END-- [ RunTime:0.001443s ]

[ 2018-03-28T11:18:37+08:00 ] 127.0.0.1 /Public/fonts.googleapis.com/css-family=Montserrat-100i,200,200i,300,300i,400,400i,500,500i,600,600i,700,700i,800,800i,900,900i-Roboto-100i,300,300i,400,400i,500,500i,700,700i,900,900i.css
INFO: [ app_init ] --START--
INFO: Run Behavior\BuildLiteBehavior [ RunTime:0.000012s ]
INFO: [ app_init ] --END-- [ RunTime:0.003393s ]
INFO: [ app_begin ] --START--
INFO: Run Behavior\ReadHtmlCacheBehavior [ RunTime:0.000846s ]
INFO: Run Behavior\CheckLangBehavior [ RunTime:0.001728s ]
INFO: [ app_begin ] --END-- [ RunTime:0.002738s ]
ERR: 无法加载控制器:Public

[ 2018-03-28T11:18:37+08:00 ] 127.0.0.1 /Public/fonts.googleapis.com/css-family=Work+Sans-100,200,300,400,500,600,700,800,900.css
INFO: [ app_init ] --START--
INFO: Run Behavior\BuildLiteBehavior [ RunTime:0.000013s ]
INFO: [ app_init ] --END-- [ RunTime:0.004597s ]
INFO: [ app_begin ] --START--
INFO: Run Behavior\ReadHtmlCacheBehavior [ RunTime:0.001250s ]
INFO: Run Behavior\CheckLangBehavior [ RunTime:0.002668s ]
INFO: [ app_begin ] --END-- [ RunTime:0.004085s ]
ERR: 无法加载控制器:Public

[ 2018-03-28T11:18:37+08:00 ] 127.0.0.1 /Public/Home3/images/fav.png
INFO: [ app_init ] --START--
INFO: Run Behavior\BuildLiteBehavior [ RunTime:0.000014s ]
INFO: [ app_init ] --END-- [ RunTime:0.004778s ]

[ 2018-03-28T11:18:42+08:00 ] 127.0.0.1 /Login/loginout.html
INFO: [ app_init ] --START--
INFO: Run Behavior\BuildLiteBehavior [ RunTime:0.000026s ]
INFO: [ app_init ] --END-- [ RunTime:0.005218s ]
INFO: [ app_begin ] --START--
INFO: Run Behavior\ReadHtmlCacheBehavior [ RunTime:0.001323s ]
INFO: Run Behavior\CheckLangBehavior [ RunTime:0.002647s ]
INFO: [ app_begin ] --END-- [ RunTime:0.004214s ]
SQL: SHOW COLUMNS FROM `movesay_user_coin` [ RunTime:0.0299s ]
SQL: SELECT * FROM `movesay_user_coin` WHERE `userid` = 10347 LIMIT 1   [ RunTime:0.0009s ]
NOTIC: [8] Undefined index: cnyd E:\data\a52jiaoyi\Application\Home\Controller\HomeController.class.php 第 57 行.
SQL: SHOW COLUMNS FROM `movesay_config` [ RunTime:0.0327s ]
SQL: SELECT * FROM `movesay_config` WHERE `id` = 1 LIMIT 1   [ RunTime:0.0025s ]
NOTIC: [8] Undefined index: movesay E:\data\a52jiaoyi\Application\Home\Controller\HomeController.class.php 第 72 行.
SQL: SHOW COLUMNS FROM `movesay_coin` [ RunTime:0.0168s ]
SQL: SELECT * FROM `movesay_coin` WHERE `status` = 1  [ RunTime:0.0006s ]
SQL: SHOW COLUMNS FROM `movesay_market` [ RunTime:0.0120s ]
SQL: SELECT * FROM `movesay_market` WHERE `status` = 1  [ RunTime:0.0004s ]
SQL: SHOW COLUMNS FROM `movesay_article_type` [ RunTime:0.0104s ]
SQL: SELECT * FROM `movesay_article_type` WHERE `status` = 1 AND `footer` = 1 AND `shang` = '' ORDER BY sort asc ,id desc LIMIT 3   [ RunTime:0.0005s ]
SQL: SELECT * FROM `movesay_article_type` WHERE `shang` = 'aboutus' AND `footer` = 1 AND `status` = 1 ORDER BY id asc LIMIT 4   [ RunTime:0.0005s ]
SQL: SELECT * FROM `movesay_article_type` WHERE `shang` = 'help' AND `footer` = 1 AND `status` = 1 ORDER BY id asc LIMIT 4   [ RunTime:0.0006s ]
SQL: SELECT * FROM `movesay_article_type` WHERE `shang` = 'xiazai' AND `footer` = 1 AND `status` = 1 ORDER BY id asc LIMIT 4   [ RunTime:0.0005s ]

[ 2018-03-28T11:18:44+08:00 ] 127.0.0.1 /
INFO: [ app_init ] --START--
INFO: Run Behavior\BuildLiteBehavior [ RunTime:0.000012s ]
INFO: [ app_init ] --END-- [ RunTime:0.004782s ]
INFO: [ app_begin ] --START--
INFO: Run Behavior\ReadHtmlCacheBehavior [ RunTime:0.001436s ]
INFO: Run Behavior\CheckLangBehavior [ RunTime:0.002596s ]
INFO: [ app_begin ] --END-- [ RunTime:0.004198s ]
SQL: SHOW COLUMNS FROM `movesay_config` [ RunTime:0.0263s ]
SQL: SELECT * FROM `movesay_config` WHERE `id` = 1 LIMIT 1   [ RunTime:0.0030s ]
NOTIC: [8] Undefined index: movesay E:\data\a52jiaoyi\Application\Home\Controller\HomeController.class.php 第 72 行.
SQL: SHOW COLUMNS FROM `movesay_coin` [ RunTime:0.0127s ]
SQL: SELECT * FROM `movesay_coin` WHERE `status` = 1  [ RunTime:0.0005s ]
SQL: SHOW COLUMNS FROM `movesay_market` [ RunTime:0.0115s ]
SQL: SELECT * FROM `movesay_market` WHERE `status` = 1  [ RunTime:0.0005s ]
SQL: SHOW COLUMNS FROM `movesay_article_type` [ RunTime:0.0071s ]
SQL: SELECT * FROM `movesay_article_type` WHERE `status` = 1 AND `footer` = 1 AND `shang` = '' ORDER BY sort asc ,id desc LIMIT 3   [ RunTime:0.0005s ]
SQL: SELECT * FROM `movesay_article_type` WHERE `shang` = 'aboutus' AND `footer` = 1 AND `status` = 1 ORDER BY id asc LIMIT 4   [ RunTime:0.0007s ]
SQL: SELECT * FROM `movesay_article_type` WHERE `shang` = 'help' AND `footer` = 1 AND `status` = 1 ORDER BY id asc LIMIT 4   [ RunTime:0.0005s ]
SQL: SELECT * FROM `movesay_article_type` WHERE `shang` = 'xiazai' AND `footer` = 1 AND `status` = 1 ORDER BY id asc LIMIT 4   [ RunTime:0.0004s ]
SQL: SHOW COLUMNS FROM `movesay_adver` [ RunTime:0.0089s ]
SQL: SELECT * FROM `movesay_adver` WHERE `status` = 1 ORDER BY id asc  [ RunTime:0.0004s ]
SQL: SELECT * FROM `movesay_article_type` WHERE `status` = 1 AND `index` = 1 ORDER BY sort asc ,id desc LIMIT 3   [ RunTime:0.0010s ]
SQL: SHOW COLUMNS FROM `movesay_article` [ RunTime:0.0092s ]
SQL: SELECT * FROM `movesay_article` WHERE `type` = 'aaa' AND `status` = 1 AND `index` = 1 ORDER BY id desc LIMIT 6   [ RunTime:0.0004s ]
SQL: SELECT * FROM `movesay_article` WHERE `type` = 'bbb' AND `status` = 1 AND `index` = 1 ORDER BY id desc LIMIT 6   [ RunTime:0.0010s ]
SQL: SELECT * FROM `movesay_article` WHERE `type` = 'ccc' AND `status` = 1 AND `index` = 1 ORDER BY id desc LIMIT 6   [ RunTime:0.0003s ]
SQL: SHOW COLUMNS FROM `movesay_link` [ RunTime:0.0101s ]
SQL: SELECT * FROM `movesay_link` WHERE `status` = 1 ORDER BY sort asc ,id desc  [ RunTime:0.0004s ]
INFO: [ view_parse ] --START--
INFO: [ template_filter ] --START--
INFO: Run Behavior\ContentReplaceBehavior [ RunTime:0.000276s ]
INFO: [ template_filter ] --END-- [ RunTime:0.000399s ]
NOTIC: [8] Undefined variable: market E:\data\a52jiaoyi\Runtime\Cache\Home\de5cbf627ab6e43830fd1b850225ec9e.php 第 214 行.
INFO: Run Behavior\ParseTemplateBehavior [ RunTime:0.022861s ]
INFO: [ view_parse ] --END-- [ RunTime:0.022958s ]
INFO: [ view_filter ] --START--
INFO: Run Behavior\WriteHtmlCacheBehavior [ RunTime:0.001449s ]
INFO: [ view_filter ] --END-- [ RunTime:0.001647s ]
INFO: [ app_end ] --START--
INFO: Run Behavior\ShowPageTraceBehavior [ RunTime:0.002320s ]
INFO: [ app_end ] --END-- [ RunTime:0.002536s ]

[ 2018-03-28T11:18:44+08:00 ] 127.0.0.1 /Public/Home1/index/fonts/css/font.css
INFO: [ app_init ] --START--
INFO: Run Behavior\BuildLiteBehavior [ RunTime:0.000023s ]
INFO: [ app_init ] --END-- [ RunTime:0.005012s ]
INFO: [ app_begin ] --START--
INFO: Run Behavior\ReadHtmlCacheBehavior [ RunTime:0.001392s ]
INFO: Run Behavior\CheckLangBehavior [ RunTime:0.003657s ]
INFO: [ app_begin ] --END-- [ RunTime:0.005285s ]
ERR: 无法加载控制器:Public

[ 2018-03-28T11:18:44+08:00 ] 127.0.0.1 /Public/Home1/index/css/8f9d0d2997bd496d8a3ac6e93d704e45.css)
INFO: [ app_init ] --START--
INFO: Run Behavior\BuildLiteBehavior [ RunTime:0.000014s ]
INFO: [ app_init ] --END-- [ RunTime:0.005317s ]
NOTIC: [2] preg_replace(): Compilation failed: unmatched parentheses at offset 5 E:\data\a52jiaoyi\ThinkPHP\Library\Think\Dispatcher.class.php 第 127 行.
INFO: [ app_begin ] --START--
INFO: Run Behavior\ReadHtmlCacheBehavior [ RunTime:0.000886s ]
INFO: Run Behavior\CheckLangBehavior [ RunTime:0.002213s ]
INFO: [ app_begin ] --END-- [ RunTime:0.003303s ]
ERR: 无法加载控制器:Public

[ 2018-03-28T11:18:44+08:00 ] 127.0.0.1 /Public/Home1/index/css/18569789989844928e9cc00805ac3eed.css)
INFO: [ app_init ] --START--
INFO: Run Behavior\BuildLiteBehavior [ RunTime:0.000014s ]
INFO: [ app_init ] --END-- [ RunTime:0.004811s ]
NOTIC: [2] preg_replace(): Compilation failed: unmatched parentheses at offset 5 E:\data\a52jiaoyi\ThinkPHP\Library\Think\Dispatcher.class.php 第 127 行.
INFO: [ app_begin ] --START--
INFO: Run Behavior\ReadHtmlCacheBehavior [ RunTime:0.001556s ]
INFO: Run Behavior\CheckLangBehavior [ RunTime:0.003776s ]
INFO: [ app_begin ] --END-- [ RunTime:0.005568s ]
ERR: 无法加载控制器:Public

[ 2018-03-28T11:18:44+08:00 ] 127.0.0.1 /Public/Home1/index/css/71a94fb1317a4ed9ab70b52f771d36cf.css)
INFO: [ app_init ] --START--
INFO: Run Behavior\BuildLiteBehavior [ RunTime:0.000014s ]
INFO: [ app_init ] --END-- [ RunTime:0.005438s ]
NOTIC: [2] preg_replace(): Compilation failed: unmatched parentheses at offset 5 E:\data\a52jiaoyi\ThinkPHP\Library\Think\Dispatcher.class.php 第 127 行.
INFO: [ app_begin ] --START--
INFO: Run Behavior\ReadHtmlCacheBehavior [ RunTime:0.001558s ]
INFO: Run Behavior\CheckLangBehavior [ RunTime:0.002831s ]
INFO: [ app_begin ] --END-- [ RunTime:0.004588s ]
ERR: 无法加载控制器:Public

[ 2018-03-28T11:18:45+08:00 ] 127.0.0.1 /Trade/ordinary?market=
INFO: [ app_init ] --START--
INFO: Run Behavior\BuildLiteBehavior [ RunTime:0.000013s ]
INFO: [ app_init ] --END-- [ RunTime:0.004535s ]
INFO: [ app_begin ] --START--
INFO: Run Behavior\ReadHtmlCacheBehavior [ RunTime:0.001343s ]
INFO: Run Behavior\CheckLangBehavior [ RunTime:0.004779s ]
INFO: [ app_begin ] --END-- [ RunTime:0.006345s ]
NOTIC: [2048] Declaration of Home\Controller\TradeController::show() should be compatible with Think\Controller::show($content, $charset = '', $contentType = '', $prefix = '') E:\data\a52jiaoyi\Application\Home\Controller\TradeController.class.php 第 5 行.
SQL: SHOW COLUMNS FROM `movesay_config` [ RunTime:0.0157s ]
SQL: SELECT * FROM `movesay_config` WHERE `id` = 1 LIMIT 1   [ RunTime:0.0008s ]
NOTIC: [8] Undefined index: movesay E:\data\a52jiaoyi\Application\Home\Controller\HomeController.class.php 第 72 行.
SQL: SHOW COLUMNS FROM `movesay_coin` [ RunTime:0.0146s ]
SQL: SELECT * FROM `movesay_coin` WHERE `status` = 1  [ RunTime:0.0005s ]
SQL: SHOW COLUMNS FROM `movesay_market` [ RunTime:0.0118s ]
SQL: SELECT * FROM `movesay_market` WHERE `status` = 1  [ RunTime:0.0003s ]
SQL: SHOW COLUMNS FROM `movesay_article_type` [ RunTime:0.0113s ]
SQL: SELECT * FROM `movesay_article_type` WHERE `status` = 1 AND `footer` = 1 AND `shang` = '' ORDER BY sort asc ,id desc LIMIT 3   [ RunTime:0.0015s ]
SQL: SELECT * FROM `movesay_article_type` WHERE `shang` = 'aboutus' AND `footer` = 1 AND `status` = 1 ORDER BY id asc LIMIT 4   [ RunTime:0.0005s ]
SQL: SELECT * FROM `movesay_article_type` WHERE `shang` = 'help' AND `footer` = 1 AND `status` = 1 ORDER BY id asc LIMIT 4   [ RunTime:0.0004s ]
SQL: SELECT * FROM `movesay_article_type` WHERE `shang` = 'xiazai' AND `footer` = 1 AND `status` = 1 ORDER BY id asc LIMIT 4   [ RunTime:0.0003s ]
INFO: [ view_parse ] --START--
INFO: [ template_filter ] --START--
INFO: Run Behavior\ContentReplaceBehavior [ RunTime:0.000109s ]
INFO: [ template_filter ] --END-- [ RunTime:0.000217s ]
INFO: Run Behavior\ParseTemplateBehavior [ RunTime:0.013644s ]
INFO: [ view_parse ] --END-- [ RunTime:0.013788s ]
INFO: [ view_filter ] --START--
INFO: Run Behavior\WriteHtmlCacheBehavior [ RunTime:0.001407s ]
INFO: [ view_filter ] --END-- [ RunTime:0.001506s ]
INFO: [ app_end ] --START--
INFO: Run Behavior\ShowPageTraceBehavior [ RunTime:0.001429s ]
INFO: [ app_end ] --END-- [ RunTime:0.001537s ]

[ 2018-03-28T11:18:46+08:00 ] 127.0.0.1 /Chart/getMarketOrdinaryJson?market=sgc_cny&time=5&t=1522207125587
INFO: [ app_init ] --START--
INFO: Run Behavior\BuildLiteBehavior [ RunTime:0.000065s ]
INFO: [ app_init ] --END-- [ RunTime:0.005716s ]
INFO: [ app_begin ] --START--
INFO: Run Behavior\ReadHtmlCacheBehavior [ RunTime:0.001978s ]
INFO: Run Behavior\CheckLangBehavior [ RunTime:0.003177s ]
INFO: [ app_begin ] --END-- [ RunTime:0.005501s ]
SQL: SHOW COLUMNS FROM `movesay_config` [ RunTime:0.0156s ]
SQL: SELECT * FROM `movesay_config` WHERE `id` = 1 LIMIT 1   [ RunTime:0.0009s ]
NOTIC: [8] Undefined index: movesay E:\data\a52jiaoyi\Application\Home\Controller\HomeController.class.php 第 72 行.
SQL: SHOW COLUMNS FROM `movesay_coin` [ RunTime:0.0144s ]
SQL: SELECT * FROM `movesay_coin` WHERE `status` = 1  [ RunTime:0.0010s ]
SQL: SHOW COLUMNS FROM `movesay_market` [ RunTime:0.0135s ]
SQL: SELECT * FROM `movesay_market` WHERE `status` = 1  [ RunTime:0.0018s ]
SQL: SHOW COLUMNS FROM `movesay_article_type` [ RunTime:0.0136s ]
SQL: SELECT * FROM `movesay_article_type` WHERE `status` = 1 AND `footer` = 1 AND `shang` = '' ORDER BY sort asc ,id desc LIMIT 3   [ RunTime:0.0007s ]
SQL: SELECT * FROM `movesay_article_type` WHERE `shang` = 'aboutus' AND `footer` = 1 AND `status` = 1 ORDER BY id asc LIMIT 4   [ RunTime:0.0011s ]
SQL: SELECT * FROM `movesay_article_type` WHERE `shang` = 'help' AND `footer` = 1 AND `status` = 1 ORDER BY id asc LIMIT 4   [ RunTime:0.0003s ]
SQL: SELECT * FROM `movesay_article_type` WHERE `shang` = 'xiazai' AND `footer` = 1 AND `status` = 1 ORDER BY id asc LIMIT 4   [ RunTime:0.0003s ]
SQL: SHOW COLUMNS FROM `movesay_trade_json` [ RunTime:0.0180s ]
SQL: SELECT * FROM `movesay_trade_json` WHERE `market` = 'sgc_cny' AND `type` = '5' AND `data` <> '' ORDER BY id desc LIMIT 100   [ RunTime:0.0016s ]

[ 2018-03-28T11:18:50+08:00 ] 127.0.0.1 /Login/index.html
INFO: [ app_init ] --START--
INFO: Run Behavior\BuildLiteBehavior [ RunTime:0.000015s ]
INFO: [ app_init ] --END-- [ RunTime:0.004793s ]
INFO: [ app_begin ] --START--
INFO: Run Behavior\ReadHtmlCacheBehavior [ RunTime:0.001110s ]
INFO: Run Behavior\CheckLangBehavior [ RunTime:0.004109s ]
INFO: [ app_begin ] --END-- [ RunTime:0.005578s ]
SQL: SHOW COLUMNS FROM `movesay_config` [ RunTime:0.0151s ]
SQL: SELECT * FROM `movesay_config` WHERE `id` = 1 LIMIT 1   [ RunTime:0.0022s ]
NOTIC: [8] Undefined index: movesay E:\data\a52jiaoyi\Application\Home\Controller\HomeController.class.php 第 72 行.
SQL: SHOW COLUMNS FROM `movesay_coin` [ RunTime:0.0135s ]
SQL: SELECT * FROM `movesay_coin` WHERE `status` = 1  [ RunTime:0.0012s ]
SQL: SHOW COLUMNS FROM `movesay_market` [ RunTime:0.0177s ]
SQL: SELECT * FROM `movesay_market` WHERE `status` = 1  [ RunTime:0.0007s ]
SQL: SHOW COLUMNS FROM `movesay_article_type` [ RunTime:0.0095s ]
SQL: SELECT * FROM `movesay_article_type` WHERE `status` = 1 AND `footer` = 1 AND `shang` = '' ORDER BY sort asc ,id desc LIMIT 3   [ RunTime:0.0016s ]
SQL: SELECT * FROM `movesay_article_type` WHERE `shang` = 'aboutus' AND `footer` = 1 AND `status` = 1 ORDER BY id asc LIMIT 4   [ RunTime:0.0018s ]
SQL: SELECT * FROM `movesay_article_type` WHERE `shang` = 'help' AND `footer` = 1 AND `status` = 1 ORDER BY id asc LIMIT 4   [ RunTime:0.0010s ]
SQL: SELECT * FROM `movesay_article_type` WHERE `shang` = 'xiazai' AND `footer` = 1 AND `status` = 1 ORDER BY id asc LIMIT 4   [ RunTime:0.0007s ]
INFO: [ view_parse ] --START--
INFO: [ template_filter ] --START--
INFO: Run Behavior\ContentReplaceBehavior [ RunTime:0.000104s ]
INFO: [ template_filter ] --END-- [ RunTime:0.000216s ]
INFO: Run Behavior\ParseTemplateBehavior [ RunTime:0.017828s ]
INFO: [ view_parse ] --END-- [ RunTime:0.018038s ]
INFO: [ view_filter ] --START--
INFO: Run Behavior\WriteHtmlCacheBehavior [ RunTime:0.001993s ]
INFO: [ view_filter ] --END-- [ RunTime:0.002128s ]
INFO: [ app_end ] --START--
INFO: Run Behavior\ShowPageTraceBehavior [ RunTime:0.003373s ]
INFO: [ app_end ] --END-- [ RunTime:0.003667s ]

[ 2018-03-28T11:18:50+08:00 ] 127.0.0.1 /Public/fonts.googleapis.com/css-family=Montserrat-100i,200,200i,300,300i,400,400i,500,500i,600,600i,700,700i,800,800i,900,900i-Roboto-100i,300,300i,400,400i,500,500i,700,700i,900,900i.css
INFO: [ app_init ] --START--
INFO: Run Behavior\BuildLiteBehavior [ RunTime:0.000014s ]
INFO: [ app_init ] --END-- [ RunTime:0.003403s ]
INFO: [ app_begin ] --START--
INFO: Run Behavior\ReadHtmlCacheBehavior [ RunTime:0.000910s ]
INFO: Run Behavior\CheckLangBehavior [ RunTime:0.001718s ]
INFO: [ app_begin ] --END-- [ RunTime:0.002804s ]
ERR: 无法加载控制器:Public

[ 2018-03-28T11:18:50+08:00 ] 127.0.0.1 /Public/fonts.googleapis.com/css-family=Work+Sans-100,200,300,400,500,600,700,800,900.css
INFO: [ app_init ] --START--
INFO: Run Behavior\BuildLiteBehavior [ RunTime:0.000014s ]
INFO: [ app_init ] --END-- [ RunTime:0.004726s ]
INFO: [ app_begin ] --START--
INFO: Run Behavior\ReadHtmlCacheBehavior [ RunTime:0.001827s ]
INFO: Run Behavior\CheckLangBehavior [ RunTime:0.002680s ]
INFO: [ app_begin ] --END-- [ RunTime:0.004685s ]
ERR: 无法加载控制器:Public

[ 2018-03-28T11:18:52+08:00 ] 127.0.0.1 /Login/index.html?lang=en
INFO: [ app_init ] --START--
INFO: Run Behavior\BuildLiteBehavior [ RunTime:0.000014s ]
INFO: [ app_init ] --END-- [ RunTime:0.006010s ]
INFO: [ app_begin ] --START--
INFO: Run Behavior\ReadHtmlCacheBehavior [ RunTime:0.005785s ]
INFO: Run Behavior\CheckLangBehavior [ RunTime:0.026445s ]
INFO: [ app_begin ] --END-- [ RunTime:0.033025s ]
SQL: SHOW COLUMNS FROM `movesay_config` [ RunTime:0.0083s ]
SQL: SELECT * FROM `movesay_config` WHERE `id` = 1 LIMIT 1   [ RunTime:0.0012s ]
NOTIC: [8] Undefined index: movesay E:\data\a52jiaoyi\Application\Home\Controller\HomeController.class.php 第 72 行.
SQL: SHOW COLUMNS FROM `movesay_coin` [ RunTime:0.0085s ]
SQL: SELECT * FROM `movesay_coin` WHERE `status` = 1  [ RunTime:0.0003s ]
SQL: SHOW COLUMNS FROM `movesay_market` [ RunTime:0.0083s ]
SQL: SELECT * FROM `movesay_market` WHERE `status` = 1  [ RunTime:0.0003s ]
SQL: SHOW COLUMNS FROM `movesay_article_type` [ RunTime:0.0062s ]
SQL: SELECT * FROM `movesay_article_type` WHERE `status` = 1 AND `footer` = 1 AND `shang` = '' ORDER BY sort asc ,id desc LIMIT 3   [ RunTime:0.0006s ]
SQL: SELECT * FROM `movesay_article_type` WHERE `shang` = 'aboutus' AND `footer` = 1 AND `status` = 1 ORDER BY id asc LIMIT 4   [ RunTime:0.0004s ]
SQL: SELECT * FROM `movesay_article_type` WHERE `shang` = 'help' AND `footer` = 1 AND `status` = 1 ORDER BY id asc LIMIT 4   [ RunTime:0.0003s ]
SQL: SELECT * FROM `movesay_article_type` WHERE `shang` = 'xiazai' AND `footer` = 1 AND `status` = 1 ORDER BY id asc LIMIT 4   [ RunTime:0.0005s ]
INFO: [ view_parse ] --START--
INFO: [ template_filter ] --START--
INFO: Run Behavior\ContentReplaceBehavior [ RunTime:0.000100s ]
INFO: [ template_filter ] --END-- [ RunTime:0.000200s ]
INFO: Run Behavior\ParseTemplateBehavior [ RunTime:0.014064s ]
INFO: [ view_parse ] --END-- [ RunTime:0.014265s ]
INFO: [ view_filter ] --START--
INFO: Run Behavior\WriteHtmlCacheBehavior [ RunTime:0.002342s ]
INFO: [ view_filter ] --END-- [ RunTime:0.002508s ]
INFO: [ app_end ] --START--
INFO: Run Behavior\ShowPageTraceBehavior [ RunTime:0.002433s ]
INFO: [ app_end ] --END-- [ RunTime:0.002577s ]

[ 2018-03-28T11:18:52+08:00 ] 127.0.0.1 /Public/fonts.googleapis.com/css-family=Work+Sans-100,200,300,400,500,600,700,800,900.css
INFO: [ app_init ] --START--
INFO: Run Behavior\BuildLiteBehavior [ RunTime:0.000012s ]
INFO: [ app_init ] --END-- [ RunTime:0.003483s ]
INFO: [ app_begin ] --START--
INFO: Run Behavior\ReadHtmlCacheBehavior [ RunTime:0.000854s ]
INFO: Run Behavior\CheckLangBehavior [ RunTime:0.002099s ]
INFO: [ app_begin ] --END-- [ RunTime:0.003124s ]
ERR: 无法加载控制器:Public

[ 2018-03-28T11:18:52+08:00 ] 127.0.0.1 /Public/fonts.googleapis.com/css-family=Montserrat-100i,200,200i,300,300i,400,400i,500,500i,600,600i,700,700i,800,800i,900,900i-Roboto-100i,300,300i,400,400i,500,500i,700,700i,900,900i.css
INFO: [ app_init ] --START--
INFO: Run Behavior\BuildLiteBehavior [ RunTime:0.000063s ]
INFO: [ app_init ] --END-- [ RunTime:0.005234s ]
INFO: [ app_begin ] --START--
INFO: Run Behavior\ReadHtmlCacheBehavior [ RunTime:0.001526s ]
INFO: Run Behavior\CheckLangBehavior [ RunTime:0.002729s ]
INFO: [ app_begin ] --END-- [ RunTime:0.004408s ]
ERR: 无法加载控制器:Public

[ 2018-03-28T11:18:55+08:00 ] 127.0.0.1 /Login/register.html
INFO: [ app_init ] --START--
INFO: Run Behavior\BuildLiteBehavior [ RunTime:0.000054s ]
INFO: [ app_init ] --END-- [ RunTime:0.005689s ]
INFO: [ app_begin ] --START--
INFO: Run Behavior\ReadHtmlCacheBehavior [ RunTime:0.001650s ]
INFO: Run Behavior\CheckLangBehavior [ RunTime:0.002930s ]
INFO: [ app_begin ] --END-- [ RunTime:0.004778s ]
SQL: SHOW COLUMNS FROM `movesay_config` [ RunTime:0.0208s ]
SQL: SELECT * FROM `movesay_config` WHERE `id` = 1 LIMIT 1   [ RunTime:0.0021s ]
NOTIC: [8] Undefined index: movesay E:\data\a52jiaoyi\Application\Home\Controller\HomeController.class.php 第 72 行.
SQL: SHOW COLUMNS FROM `movesay_coin` [ RunTime:0.0129s ]
SQL: SELECT * FROM `movesay_coin` WHERE `status` = 1  [ RunTime:0.0004s ]
SQL: SHOW COLUMNS FROM `movesay_market` [ RunTime:0.0080s ]
SQL: SELECT * FROM `movesay_market` WHERE `status` = 1  [ RunTime:0.0006s ]
SQL: SHOW COLUMNS FROM `movesay_article_type` [ RunTime:0.0073s ]
SQL: SELECT * FROM `movesay_article_type` WHERE `status` = 1 AND `footer` = 1 AND `shang` = '' ORDER BY sort asc ,id desc LIMIT 3   [ RunTime:0.0005s ]
SQL: SELECT * FROM `movesay_article_type` WHERE `shang` = 'aboutus' AND `footer` = 1 AND `status` = 1 ORDER BY id asc LIMIT 4   [ RunTime:0.0005s ]
SQL: SELECT * FROM `movesay_article_type` WHERE `shang` = 'help' AND `footer` = 1 AND `status` = 1 ORDER BY id asc LIMIT 4   [ RunTime:0.0004s ]
SQL: SELECT * FROM `movesay_article_type` WHERE `shang` = 'xiazai' AND `footer` = 1 AND `status` = 1 ORDER BY id asc LIMIT 4   [ RunTime:0.0004s ]
INFO: [ view_parse ] --START--
INFO: [ template_filter ] --START--
INFO: Run Behavior\ContentReplaceBehavior [ RunTime:0.000188s ]
INFO: [ template_filter ] --END-- [ RunTime:0.000421s ]
INFO: Run Behavior\ParseTemplateBehavior [ RunTime:0.027665s ]
INFO: [ view_parse ] --END-- [ RunTime:0.027813s ]
INFO: [ view_filter ] --START--
INFO: Run Behavior\WriteHtmlCacheBehavior [ RunTime:0.001835s ]
INFO: [ view_filter ] --END-- [ RunTime:0.001986s ]
INFO: [ app_end ] --START--
INFO: Run Behavior\ShowPageTraceBehavior [ RunTime:0.002132s ]
INFO: [ app_end ] --END-- [ RunTime:0.002247s ]

[ 2018-03-28T11:18:55+08:00 ] 127.0.0.1 /Public/fonts.googleapis.com/css-family=Work+Sans-100,200,300,400,500,600,700,800,900.css
INFO: [ app_init ] --START--
INFO: Run Behavior\BuildLiteBehavior [ RunTime:0.000013s ]
INFO: [ app_init ] --END-- [ RunTime:0.003512s ]
INFO: [ app_begin ] --START--
INFO: Run Behavior\ReadHtmlCacheBehavior [ RunTime:0.000868s ]
INFO: Run Behavior\CheckLangBehavior [ RunTime:0.002156s ]
INFO: [ app_begin ] --END-- [ RunTime:0.003266s ]
ERR: 无法加载控制器:Public

[ 2018-03-28T11:18:55+08:00 ] 127.0.0.1 /Public/fonts.googleapis.com/css-family=Montserrat-100i,200,200i,300,300i,400,400i,500,500i,600,600i,700,700i,800,800i,900,900i-Roboto-100i,300,300i,400,400i,500,500i,700,700i,900,900i.css
INFO: [ app_init ] --START--
INFO: Run Behavior\BuildLiteBehavior [ RunTime:0.000014s ]
INFO: [ app_init ] --END-- [ RunTime:0.004605s ]
INFO: [ app_begin ] --START--
INFO: Run Behavior\ReadHtmlCacheBehavior [ RunTime:0.001508s ]
INFO: Run Behavior\CheckLangBehavior [ RunTime:0.002746s ]
INFO: [ app_begin ] --END-- [ RunTime:0.004411s ]
ERR: 无法加载控制器:Public

