[ 2018-02-27T12:18:40+08:00 ] 14.153.187.230 /admin/login?movesay=lanbing
INFO: [ app_init ] --START--
INFO: Run Behavior\BuildLiteBehavior [ RunTime:0.000022s ]
INFO: [ app_init ] --END-- [ RunTime:0.002943s ]
INFO: [ app_begin ] --START--
INFO: Run Behavior\ReadHtmlCacheBehavior [ RunTime:0.000446s ]
INFO: [ app_begin ] --END-- [ RunTime:0.000594s ]
INFO: [ view_parse ] --START--
INFO: [ template_filter ] --START--
INFO: Run Behavior\ContentReplaceBehavior [ RunTime:0.000136s ]
INFO: [ template_filter ] --END-- [ RunTime:0.000302s ]
INFO: Run Behavior\ParseTemplateBehavior [ RunTime:0.035694s ]
INFO: [ view_parse ] --END-- [ RunTime:0.035873s ]
INFO: [ view_filter ] --START--
INFO: Run Behavior\WriteHtmlCacheBehavior [ RunTime:0.000289s ]
INFO: [ view_filter ] --END-- [ RunTime:0.000417s ]
INFO: [ app_end ] --START--
INFO: Run Behavior\ShowPageTraceBehavior [ RunTime:0.000547s ]
INFO: [ app_end ] --END-- [ RunTime:0.000691s ]

[ 2018-02-27T12:18:41+08:00 ] 14.153.187.230 /Admin/Verify/code.html
INFO: [ app_init ] --START--
INFO: Run Behavior\BuildLiteBehavior [ RunTime:0.000022s ]
INFO: [ app_init ] --END-- [ RunTime:0.003078s ]
INFO: [ app_begin ] --START--
INFO: Run Behavior\ReadHtmlCacheBehavior [ RunTime:0.000457s ]
INFO: [ app_begin ] --END-- [ RunTime:0.000617s ]
INFO: [ app_end ] --START--
INFO: Run Behavior\ShowPageTraceBehavior [ RunTime:0.000796s ]
INFO: [ app_end ] --END-- [ RunTime:0.001015s ]

[ 2018-02-27T17:47:02+08:00 ] 14.153.184.73 /admin/login?movesay=lanbing
INFO: [ app_init ] --START--
INFO: Run Behavior\BuildLiteBehavior [ RunTime:0.000022s ]
INFO: [ app_init ] --END-- [ RunTime:0.002922s ]
INFO: [ app_begin ] --START--
INFO: Run Behavior\ReadHtmlCacheBehavior [ RunTime:0.000418s ]
INFO: [ app_begin ] --END-- [ RunTime:0.000566s ]
INFO: [ view_parse ] --START--
INFO: [ template_filter ] --START--
INFO: Run Behavior\ContentReplaceBehavior [ RunTime:0.000134s ]
INFO: [ template_filter ] --END-- [ RunTime:0.000336s ]
INFO: Run Behavior\ParseTemplateBehavior [ RunTime:0.031600s ]
INFO: [ view_parse ] --END-- [ RunTime:0.031751s ]
INFO: [ view_filter ] --START--
INFO: Run Behavior\WriteHtmlCacheBehavior [ RunTime:0.000271s ]
INFO: [ view_filter ] --END-- [ RunTime:0.000399s ]
INFO: [ app_end ] --START--
INFO: Run Behavior\ShowPageTraceBehavior [ RunTime:0.000502s ]
INFO: [ app_end ] --END-- [ RunTime:0.000643s ]

[ 2018-02-27T17:47:03+08:00 ] 14.153.184.73 /Admin/Verify/code.html
INFO: [ app_init ] --START--
INFO: Run Behavior\BuildLiteBehavior [ RunTime:0.000022s ]
INFO: [ app_init ] --END-- [ RunTime:0.002904s ]
INFO: [ app_begin ] --START--
INFO: Run Behavior\ReadHtmlCacheBehavior [ RunTime:0.000429s ]
INFO: [ app_begin ] --END-- [ RunTime:0.000578s ]
INFO: [ app_end ] --START--
INFO: Run Behavior\ShowPageTraceBehavior [ RunTime:0.000754s ]
INFO: [ app_end ] --END-- [ RunTime:0.000911s ]

[ 2018-02-27T17:47:18+08:00 ] 14.153.184.73 /Admin/Login/index.html
INFO: [ app_init ] --START--
INFO: Run Behavior\BuildLiteBehavior [ RunTime:0.000021s ]
INFO: [ app_init ] --END-- [ RunTime:0.002984s ]
INFO: [ app_begin ] --START--
INFO: Run Behavior\ReadHtmlCacheBehavior [ RunTime:0.000468s ]
INFO: [ app_begin ] --END-- [ RunTime:0.000614s ]
SQL: SHOW COLUMNS FROM `movesay_admin` [ RunTime:0.0224s ]
SQL: SELECT * FROM `movesay_admin` WHERE `username` = 'admin' LIMIT 1   [ RunTime:0.0005s ]

[ 2018-02-27T17:47:23+08:00 ] 14.153.184.73 /Admin/Index/index.html
INFO: [ app_init ] --START--
INFO: Run Behavior\BuildLiteBehavior [ RunTime:0.000023s ]
INFO: [ app_init ] --END-- [ RunTime:0.002940s ]
INFO: [ app_begin ] --START--
INFO: Run Behavior\ReadHtmlCacheBehavior [ RunTime:0.000445s ]
INFO: [ app_begin ] --END-- [ RunTime:0.000602s ]
SQL: SHOW COLUMNS FROM `movesay_config` [ RunTime:0.0039s ]
SQL: SELECT * FROM `movesay_config` WHERE `id` = 1 LIMIT 1   [ RunTime:0.0010s ]
SQL: SHOW COLUMNS FROM `movesay_coin` [ RunTime:0.0024s ]
SQL: SELECT * FROM `movesay_coin` WHERE `status` = 1  [ RunTime:0.0002s ]
SQL: SHOW COLUMNS FROM `movesay_market` [ RunTime:0.0021s ]
SQL: SELECT * FROM `movesay_market` WHERE `status` = 1  [ RunTime:0.0002s ]
SQL: SHOW COLUMNS FROM `movesay_version` [ RunTime:0.0259s ]
SQL: SELECT `name` FROM `movesay_version` WHERE `status` = 0 ORDER BY name desc LIMIT 1   [ RunTime:0.0008s ]
SQL: SHOW COLUMNS FROM `movesay_menu` [ RunTime:0.0055s ]
SQL: SELECT * FROM `movesay_menu` WHERE `pid` = 0 AND `hide` = 0 AND `is_dev` = 0 ORDER BY sort asc  [ RunTime:0.0079s ]
SQL: SELECT `id` FROM `movesay_menu` WHERE ( url like 'Index/index%' ) LIMIT 1   [ RunTime:0.0070s ]
SQL: SHOW COLUMNS FROM `movesay_menu` [ RunTime:0.0017s ]
SQL: SELECT `id`,`pid`,`title` FROM `movesay_menu` WHERE ( id=1 ) LIMIT 1   [ RunTime:0.0003s ]
SQL: SELECT DISTINCT  `group` FROM `movesay_menu` WHERE ( pid = 1 )  [ RunTime:0.0004s ]
SQL: SELECT `id`,`url` FROM `movesay_menu` WHERE `pid` = 1 AND `hide` = 0 AND `is_dev` = 0  [ RunTime:0.0003s ]
SQL: SELECT `id`,`pid`,`title`,`url`,`tip`,`ico_name` FROM `movesay_menu` WHERE `group` = '系统' AND `pid` = 1 AND `hide` = 0 AND `is_dev` = 0 ORDER BY sort asc  [ RunTime:0.0004s ]
SQL: SHOW COLUMNS FROM `movesay_user` [ RunTime:0.0019s ]
SQL: SELECT COUNT(*) AS tp_count FROM `movesay_user` LIMIT 1   [ RunTime:0.0003s ]
SQL: SHOW COLUMNS FROM `movesay_user_coin` [ RunTime:0.0017s ]
SQL: SELECT SUM(cny) AS tp_sum FROM `movesay_user_coin` LIMIT 1   [ RunTime:0.0130s ]
SQL: SELECT SUM(cnyd) AS tp_sum FROM `movesay_user_coin` LIMIT 1   [ RunTime:0.0004s ]
SQL: SHOW COLUMNS FROM `movesay_trade_log` [ RunTime:0.0019s ]
SQL: SELECT SUM(mum) AS tp_sum FROM `movesay_trade_log` LIMIT 1   [ RunTime:0.0251s ]
SQL: SHOW COLUMNS FROM `movesay_article` [ RunTime:0.0018s ]
SQL: SELECT COUNT(*) AS tp_count FROM `movesay_article` LIMIT 1   [ RunTime:0.0003s ]
SQL: SHOW COLUMNS FROM `movesay_mycz` [ RunTime:0.0133s ]
SQL: SELECT SUM(num) AS tp_sum FROM `movesay_mycz` WHERE `status` <> 0 AND ( `addtime` > 1517155200 AND `addtime` < 1517241600  ) LIMIT 1   [ RunTime:0.0003s ]
SQL: SHOW COLUMNS FROM `movesay_mytx` [ RunTime:0.0053s ]
SQL: SELECT SUM(num) AS tp_sum FROM `movesay_mytx` WHERE `status` = 1 AND ( `addtime` > 1517155200 AND `addtime` < 1517241600  ) LIMIT 1   [ RunTime:0.0004s ]
SQL: SELECT SUM(num) AS tp_sum FROM `movesay_mycz` WHERE `status` <> 0 AND ( `addtime` > 1517241600 AND `addtime` < 1517328000  ) LIMIT 1   [ RunTime:0.0003s ]
SQL: SELECT SUM(num) AS tp_sum FROM `movesay_mytx` WHERE `status` = 1 AND ( `addtime` > 1517241600 AND `addtime` < 1517328000  ) LIMIT 1   [ RunTime:0.0003s ]
SQL: SELECT SUM(num) AS tp_sum FROM `movesay_mycz` WHERE `status` <> 0 AND ( `addtime` > 1517328000 AND `addtime` < 1517414400  ) LIMIT 1   [ RunTime:0.0003s ]
SQL: SELECT SUM(num) AS tp_sum FROM `movesay_mytx` WHERE `status` = 1 AND ( `addtime` > 1517328000 AND `addtime` < 1517414400  ) LIMIT 1   [ RunTime:0.0003s ]
SQL: SELECT SUM(num) AS tp_sum FROM `movesay_mycz` WHERE `status` <> 0 AND ( `addtime` > 1517414400 AND `addtime` < 1517500800  ) LIMIT 1   [ RunTime:0.0003s ]
SQL: SELECT SUM(num) AS tp_sum FROM `movesay_mytx` WHERE `status` = 1 AND ( `addtime` > 1517414400 AND `addtime` < 1517500800  ) LIMIT 1   [ RunTime:0.0003s ]
SQL: SELECT SUM(num) AS tp_sum FROM `movesay_mycz` WHERE `status` <> 0 AND ( `addtime` > 1517500800 AND `addtime` < 1517587200  ) LIMIT 1   [ RunTime:0.0003s ]
SQL: SELECT SUM(num) AS tp_sum FROM `movesay_mytx` WHERE `status` = 1 AND ( `addtime` > 1517500800 AND `addtime` < 1517587200  ) LIMIT 1   [ RunTime:0.0003s ]
SQL: SELECT SUM(num) AS tp_sum FROM `movesay_mycz` WHERE `status` <> 0 AND ( `addtime` > 1517587200 AND `addtime` < 1517673600  ) LIMIT 1   [ RunTime:0.0003s ]
SQL: SELECT SUM(num) AS tp_sum FROM `movesay_mytx` WHERE `status` = 1 AND ( `addtime` > 1517587200 AND `addtime` < 1517673600  ) LIMIT 1   [ RunTime:0.0003s ]
SQL: SELECT SUM(num) AS tp_sum FROM `movesay_mycz` WHERE `status` <> 0 AND ( `addtime` > 1517673600 AND `addtime` < 1517760000  ) LIMIT 1   [ RunTime:0.0003s ]
SQL: SELECT SUM(num) AS tp_sum FROM `movesay_mytx` WHERE `status` = 1 AND ( `addtime` > 1517673600 AND `addtime` < 1517760000  ) LIMIT 1   [ RunTime:0.0003s ]
SQL: SELECT SUM(num) AS tp_sum FROM `movesay_mycz` WHERE `status` <> 0 AND ( `addtime` > 1517760000 AND `addtime` < 1517846400  ) LIMIT 1   [ RunTime:0.0003s ]
SQL: SELECT SUM(num) AS tp_sum FROM `movesay_mytx` WHERE `status` = 1 AND ( `addtime` > 1517760000 AND `addtime` < 1517846400  ) LIMIT 1   [ RunTime:0.0003s ]
SQL: SELECT SUM(num) AS tp_sum FROM `movesay_mycz` WHERE `status` <> 0 AND ( `addtime` > 1517846400 AND `addtime` < 1517932800  ) LIMIT 1   [ RunTime:0.0007s ]
SQL: SELECT SUM(num) AS tp_sum FROM `movesay_mytx` WHERE `status` = 1 AND ( `addtime` > 1517846400 AND `addtime` < 1517932800  ) LIMIT 1   [ RunTime:0.0003s ]
SQL: SELECT SUM(num) AS tp_sum FROM `movesay_mycz` WHERE `status` <> 0 AND ( `addtime` > 1517932800 AND `addtime` < 1518019200  ) LIMIT 1   [ RunTime:0.0003s ]
SQL: SELECT SUM(num) AS tp_sum FROM `movesay_mytx` WHERE `status` = 1 AND ( `addtime` > 1517932800 AND `addtime` < 1518019200  ) LIMIT 1   [ RunTime:0.0003s ]
SQL: SELECT SUM(num) AS tp_sum FROM `movesay_mycz` WHERE `status` <> 0 AND ( `addtime` > 1518019200 AND `addtime` < 1518105600  ) LIMIT 1   [ RunTime:0.0003s ]
SQL: SELECT SUM(num) AS tp_sum FROM `movesay_mytx` WHERE `status` = 1 AND ( `addtime` > 1518019200 AND `addtime` < 1518105600  ) LIMIT 1   [ RunTime:0.0003s ]
SQL: SELECT SUM(num) AS tp_sum FROM `movesay_mycz` WHERE `status` <> 0 AND ( `addtime` > 1518105600 AND `addtime` < 1518192000  ) LIMIT 1   [ RunTime:0.0003s ]
SQL: SELECT SUM(num) AS tp_sum FROM `movesay_mytx` WHERE `status` = 1 AND ( `addtime` > 1518105600 AND `addtime` < 1518192000  ) LIMIT 1   [ RunTime:0.0003s ]
SQL: SELECT SUM(num) AS tp_sum FROM `movesay_mycz` WHERE `status` <> 0 AND ( `addtime` > 1518192000 AND `addtime` < 1518278400  ) LIMIT 1   [ RunTime:0.0003s ]
SQL: SELECT SUM(num) AS tp_sum FROM `movesay_mytx` WHERE `status` = 1 AND ( `addtime` > 1518192000 AND `addtime` < 1518278400  ) LIMIT 1   [ RunTime:0.0003s ]
SQL: SELECT SUM(num) AS tp_sum FROM `movesay_mycz` WHERE `status` <> 0 AND ( `addtime` > 1518278400 AND `addtime` < 1518364800  ) LIMIT 1   [ RunTime:0.0003s ]
SQL: SELECT SUM(num) AS tp_sum FROM `movesay_mytx` WHERE `status` = 1 AND ( `addtime` > 1518278400 AND `addtime` < 1518364800  ) LIMIT 1   [ RunTime:0.0003s ]
SQL: SELECT SUM(num) AS tp_sum FROM `movesay_mycz` WHERE `status` <> 0 AND ( `addtime` > 1518364800 AND `addtime` < 1518451200  ) LIMIT 1   [ RunTime:0.0004s ]
SQL: SELECT SUM(num) AS tp_sum FROM `movesay_mytx` WHERE `status` = 1 AND ( `addtime` > 1518364800 AND `addtime` < 1518451200  ) LIMIT 1   [ RunTime:0.0003s ]
SQL: SELECT SUM(num) AS tp_sum FROM `movesay_mycz` WHERE `status` <> 0 AND ( `addtime` > 1518451200 AND `addtime` < 1518537600  ) LIMIT 1   [ RunTime:0.0003s ]
SQL: SELECT SUM(num) AS tp_sum FROM `movesay_mytx` WHERE `status` = 1 AND ( `addtime` > 1518451200 AND `addtime` < 1518537600  ) LIMIT 1   [ RunTime:0.0003s ]
SQL: SELECT SUM(num) AS tp_sum FROM `movesay_mycz` WHERE `status` <> 0 AND ( `addtime` > 1518537600 AND `addtime` < 1518624000  ) LIMIT 1   [ RunTime:0.0003s ]
SQL: SELECT SUM(num) AS tp_sum FROM `movesay_mytx` WHERE `status` = 1 AND ( `addtime` > 1518537600 AND `addtime` < 1518624000  ) LIMIT 1   [ RunTime:0.0003s ]
SQL: SELECT SUM(num) AS tp_sum FROM `movesay_mycz` WHERE `status` <> 0 AND ( `addtime` > 1518624000 AND `addtime` < 1518710400  ) LIMIT 1   [ RunTime:0.0003s ]
SQL: SELECT SUM(num) AS tp_sum FROM `movesay_mytx` WHERE `status` = 1 AND ( `addtime` > 1518624000 AND `addtime` < 1518710400  ) LIMIT 1   [ RunTime:0.0003s ]
SQL: SELECT SUM(num) AS tp_sum FROM `movesay_mycz` WHERE `status` <> 0 AND ( `addtime` > 1518710400 AND `addtime` < 1518796800  ) LIMIT 1   [ RunTime:0.0003s ]
SQL: SELECT SUM(num) AS tp_sum FROM `movesay_mytx` WHERE `status` = 1 AND ( `addtime` > 1518710400 AND `addtime` < 1518796800  ) LIMIT 1   [ RunTime:0.0003s ]
SQL: SELECT SUM(num) AS tp_sum FROM `movesay_mycz` WHERE `status` <> 0 AND ( `addtime` > 1518796800 AND `addtime` < 1518883200  ) LIMIT 1   [ RunTime:0.0003s ]
SQL: SELECT SUM(num) AS tp_sum FROM `movesay_mytx` WHERE `status` = 1 AND ( `addtime` > 1518796800 AND `addtime` < 1518883200  ) LIMIT 1   [ RunTime:0.0003s ]
SQL: SELECT SUM(num) AS tp_sum FROM `movesay_mycz` WHERE `status` <> 0 AND ( `addtime` > 1518883200 AND `addtime` < 1518969600  ) LIMIT 1   [ RunTime:0.0003s ]
SQL: SELECT SUM(num) AS tp_sum FROM `movesay_mytx` WHERE `status` = 1 AND ( `addtime` > 1518883200 AND `addtime` < 1518969600  ) LIMIT 1   [ RunTime:0.0003s ]
SQL: SELECT SUM(num) AS tp_sum FROM `movesay_mycz` WHERE `status` <> 0 AND ( `addtime` > 1518969600 AND `addtime` < 1519056000  ) LIMIT 1   [ RunTime:0.0003s ]
SQL: SELECT SUM(num) AS tp_sum FROM `movesay_mytx` WHERE `status` = 1 AND ( `addtime` > 1518969600 AND `addtime` < 1519056000  ) LIMIT 1   [ RunTime:0.0003s ]
SQL: SELECT SUM(num) AS tp_sum FROM `movesay_mycz` WHERE `status` <> 0 AND ( `addtime` > 1519056000 AND `addtime` < 1519142400  ) LIMIT 1   [ RunTime:0.0003s ]
SQL: SELECT SUM(num) AS tp_sum FROM `movesay_mytx` WHERE `status` = 1 AND ( `addtime` > 1519056000 AND `addtime` < 1519142400  ) LIMIT 1   [ RunTime:0.0003s ]
SQL: SELECT SUM(num) AS tp_sum FROM `movesay_mycz` WHERE `status` <> 0 AND ( `addtime` > 1519142400 AND `addtime` < 1519228800  ) LIMIT 1   [ RunTime:0.0003s ]
SQL: SELECT SUM(num) AS tp_sum FROM `movesay_mytx` WHERE `status` = 1 AND ( `addtime` > 1519142400 AND `addtime` < 1519228800  ) LIMIT 1   [ RunTime:0.0003s ]
SQL: SELECT SUM(num) AS tp_sum FROM `movesay_mycz` WHERE `status` <> 0 AND ( `addtime` > 1519228800 AND `addtime` < 1519315200  ) LIMIT 1   [ RunTime:0.0003s ]
SQL: SELECT SUM(num) AS tp_sum FROM `movesay_mytx` WHERE `status` = 1 AND ( `addtime` > 1519228800 AND `addtime` < 1519315200  ) LIMIT 1   [ RunTime:0.0003s ]
SQL: SELECT SUM(num) AS tp_sum FROM `movesay_mycz` WHERE `status` <> 0 AND ( `addtime` > 1519315200 AND `addtime` < 1519401600  ) LIMIT 1   [ RunTime:0.0003s ]
SQL: SELECT SUM(num) AS tp_sum FROM `movesay_mytx` WHERE `status` = 1 AND ( `addtime` > 1519315200 AND `addtime` < 1519401600  ) LIMIT 1   [ RunTime:0.0003s ]
SQL: SELECT SUM(num) AS tp_sum FROM `movesay_mycz` WHERE `status` <> 0 AND ( `addtime` > 1519401600 AND `addtime` < 1519488000  ) LIMIT 1   [ RunTime:0.0003s ]
SQL: SELECT SUM(num) AS tp_sum FROM `movesay_mytx` WHERE `status` = 1 AND ( `addtime` > 1519401600 AND `addtime` < 1519488000  ) LIMIT 1   [ RunTime:0.0003s ]
SQL: SELECT SUM(num) AS tp_sum FROM `movesay_mycz` WHERE `status` <> 0 AND ( `addtime` > 1519488000 AND `addtime` < 1519574400  ) LIMIT 1   [ RunTime:0.0003s ]
SQL: SELECT SUM(num) AS tp_sum FROM `movesay_mytx` WHERE `status` = 1 AND ( `addtime` > 1519488000 AND `addtime` < 1519574400  ) LIMIT 1   [ RunTime:0.0003s ]
SQL: SELECT SUM(num) AS tp_sum FROM `movesay_mycz` WHERE `status` <> 0 AND ( `addtime` > 1519574400 AND `addtime` < 1519660800  ) LIMIT 1   [ RunTime:0.0003s ]
SQL: SELECT SUM(num) AS tp_sum FROM `movesay_mytx` WHERE `status` = 1 AND ( `addtime` > 1519574400 AND `addtime` < 1519660800  ) LIMIT 1   [ RunTime:0.0003s ]
SQL: SELECT SUM(num) AS tp_sum FROM `movesay_mycz` WHERE `status` <> 0 AND ( `addtime` > 1519660800 AND `addtime` < 1519747200  ) LIMIT 1   [ RunTime:0.0004s ]
SQL: SELECT SUM(num) AS tp_sum FROM `movesay_mytx` WHERE `status` = 1 AND ( `addtime` > 1519660800 AND `addtime` < 1519747200  ) LIMIT 1   [ RunTime:0.0003s ]
SQL: SELECT COUNT(*) AS tp_count FROM `movesay_user` WHERE ( `addtime` > 1517132839 AND `addtime` < 1517219239  ) LIMIT 1   [ RunTime:0.0011s ]
SQL: SELECT COUNT(*) AS tp_count FROM `movesay_user` WHERE ( `addtime` > 1517219239 AND `addtime` < 1517305639  ) LIMIT 1   [ RunTime:0.0005s ]
SQL: SELECT COUNT(*) AS tp_count FROM `movesay_user` WHERE ( `addtime` > 1517305639 AND `addtime` < 1517392039  ) LIMIT 1   [ RunTime:0.0005s ]
SQL: SELECT COUNT(*) AS tp_count FROM `movesay_user` WHERE ( `addtime` > 1517392039 AND `addtime` < 1517478439  ) LIMIT 1   [ RunTime:0.0005s ]
SQL: SELECT COUNT(*) AS tp_count FROM `movesay_user` WHERE ( `addtime` > 1517478439 AND `addtime` < 1517564839  ) LIMIT 1   [ RunTime:0.0005s ]
SQL: SELECT COUNT(*) AS tp_count FROM `movesay_user` WHERE ( `addtime` > 1517564839 AND `addtime` < 1517651239  ) LIMIT 1   [ RunTime:0.0005s ]
SQL: SELECT COUNT(*) AS tp_count FROM `movesay_user` WHERE ( `addtime` > 1517651239 AND `addtime` < 1517737639  ) LIMIT 1   [ RunTime:0.0005s ]
SQL: SELECT COUNT(*) AS tp_count FROM `movesay_user` WHERE ( `addtime` > 1517737639 AND `addtime` < 1517824039  ) LIMIT 1   [ RunTime:0.0005s ]
SQL: SELECT COUNT(*) AS tp_count FROM `movesay_user` WHERE ( `addtime` > 1517824039 AND `addtime` < 1517910439  ) LIMIT 1   [ RunTime:0.0005s ]
SQL: SELECT COUNT(*) AS tp_count FROM `movesay_user` WHERE ( `addtime` > 1517910439 AND `addtime` < 1517996839  ) LIMIT 1   [ RunTime:0.0005s ]
SQL: SELECT COUNT(*) AS tp_count FROM `movesay_user` WHERE ( `addtime` > 1517996839 AND `addtime` < 1518083239  ) LIMIT 1   [ RunTime:0.0005s ]
SQL: SELECT COUNT(*) AS tp_count FROM `movesay_user` WHERE ( `addtime` > 1518083239 AND `addtime` < 1518169639  ) LIMIT 1   [ RunTime:0.0005s ]
SQL: SELECT COUNT(*) AS tp_count FROM `movesay_user` WHERE ( `addtime` > 1518169639 AND `addtime` < 1518256039  ) LIMIT 1   [ RunTime:0.0005s ]
SQL: SELECT COUNT(*) AS tp_count FROM `movesay_user` WHERE ( `addtime` > 1518256039 AND `addtime` < 1518342439  ) LIMIT 1   [ RunTime:0.0005s ]
SQL: SELECT COUNT(*) AS tp_count FROM `movesay_user` WHERE ( `addtime` > 1518342439 AND `addtime` < 1518428839  ) LIMIT 1   [ RunTime:0.0005s ]
SQL: SELECT COUNT(*) AS tp_count FROM `movesay_user` WHERE ( `addtime` > 1518428839 AND `addtime` < 1518515239  ) LIMIT 1   [ RunTime:0.0005s ]
SQL: SELECT COUNT(*) AS tp_count FROM `movesay_user` WHERE ( `addtime` > 1518515239 AND `addtime` < 1518601639  ) LIMIT 1   [ RunTime:0.0005s ]
SQL: SELECT COUNT(*) AS tp_count FROM `movesay_user` WHERE ( `addtime` > 1518601639 AND `addtime` < 1518688039  ) LIMIT 1   [ RunTime:0.0005s ]
SQL: SELECT COUNT(*) AS tp_count FROM `movesay_user` WHERE ( `addtime` > 1518688039 AND `addtime` < 1518774439  ) LIMIT 1   [ RunTime:0.0005s ]
SQL: SELECT COUNT(*) AS tp_count FROM `movesay_user` WHERE ( `addtime` > 1518774439 AND `addtime` < 1518860839  ) LIMIT 1   [ RunTime:0.0005s ]
SQL: SELECT COUNT(*) AS tp_count FROM `movesay_user` WHERE ( `addtime` > 1518860839 AND `addtime` < 1518947239  ) LIMIT 1   [ RunTime:0.0005s ]
SQL: SELECT COUNT(*) AS tp_count FROM `movesay_user` WHERE ( `addtime` > 1518947239 AND `addtime` < 1519033639  ) LIMIT 1   [ RunTime:0.0005s ]
SQL: SELECT COUNT(*) AS tp_count FROM `movesay_user` WHERE ( `addtime` > 1519033639 AND `addtime` < 1519120039  ) LIMIT 1   [ RunTime:0.0005s ]
SQL: SELECT COUNT(*) AS tp_count FROM `movesay_user` WHERE ( `addtime` > 1519120039 AND `addtime` < 1519206439  ) LIMIT 1   [ RunTime:0.0005s ]
SQL: SELECT COUNT(*) AS tp_count FROM `movesay_user` WHERE ( `addtime` > 1519206439 AND `addtime` < 1519292839  ) LIMIT 1   [ RunTime:0.0005s ]
SQL: SELECT COUNT(*) AS tp_count FROM `movesay_user` WHERE ( `addtime` > 1519292839 AND `addtime` < 1519379239  ) LIMIT 1   [ RunTime:0.0005s ]
SQL: SELECT COUNT(*) AS tp_count FROM `movesay_user` WHERE ( `addtime` > 1519379239 AND `addtime` < 1519465639  ) LIMIT 1   [ RunTime:0.0005s ]
SQL: SELECT COUNT(*) AS tp_count FROM `movesay_user` WHERE ( `addtime` > 1519465639 AND `addtime` < 1519552039  ) LIMIT 1   [ RunTime:0.0005s ]
SQL: SELECT COUNT(*) AS tp_count FROM `movesay_user` WHERE ( `addtime` > 1519552039 AND `addtime` < 1519638439  ) LIMIT 1   [ RunTime:0.0005s ]
SQL: SELECT COUNT(*) AS tp_count FROM `movesay_user` WHERE ( `addtime` > 1519638439 AND `addtime` < 1519724839  ) LIMIT 1   [ RunTime:0.0005s ]
SQL: SELECT COUNT(*) AS tp_count FROM `movesay_user` WHERE ( `addtime` > 1519724839 AND `addtime` < 1519811239  ) LIMIT 1   [ RunTime:0.0005s ]
SQL: SELECT COUNT(*) AS tp_count FROM `movesay_user` WHERE ( `addtime` > 1519811239 AND `addtime` < 1519897639  ) LIMIT 1   [ RunTime:0.0005s ]
SQL: SELECT COUNT(*) AS tp_count FROM `movesay_user` WHERE ( `addtime` > 1519897639 AND `addtime` < 1519984039  ) LIMIT 1   [ RunTime:0.0005s ]
SQL: SELECT COUNT(*) AS tp_count FROM `movesay_user` WHERE ( `addtime` > 1519984039 AND `addtime` < 1520070439  ) LIMIT 1   [ RunTime:0.0005s ]
SQL: SELECT COUNT(*) AS tp_count FROM `movesay_user` WHERE ( `addtime` > 1520070439 AND `addtime` < 1520156839  ) LIMIT 1   [ RunTime:0.0005s ]
SQL: SELECT COUNT(*) AS tp_count FROM `movesay_user` WHERE ( `addtime` > 1520156839 AND `addtime` < 1520243239  ) LIMIT 1   [ RunTime:0.0005s ]
SQL: SELECT COUNT(*) AS tp_count FROM `movesay_user` WHERE ( `addtime` > 1520243239 AND `addtime` < 1520329639  ) LIMIT 1   [ RunTime:0.0005s ]
SQL: SELECT COUNT(*) AS tp_count FROM `movesay_user` WHERE ( `addtime` > 1520329639 AND `addtime` < 1520416039  ) LIMIT 1   [ RunTime:0.0005s ]
SQL: SELECT COUNT(*) AS tp_count FROM `movesay_user` WHERE ( `addtime` > 1520416039 AND `addtime` < 1520502439  ) LIMIT 1   [ RunTime:0.0005s ]
SQL: SELECT COUNT(*) AS tp_count FROM `movesay_user` WHERE ( `addtime` > 1520502439 AND `addtime` < 1520588839  ) LIMIT 1   [ RunTime:0.0005s ]
SQL: SELECT COUNT(*) AS tp_count FROM `movesay_user` WHERE ( `addtime` > 1520588839 AND `addtime` < 1520675239  ) LIMIT 1   [ RunTime:0.0005s ]
SQL: SELECT COUNT(*) AS tp_count FROM `movesay_user` WHERE ( `addtime` > 1520675239 AND `addtime` < 1520761639  ) LIMIT 1   [ RunTime:0.0005s ]
SQL: SELECT COUNT(*) AS tp_count FROM `movesay_user` WHERE ( `addtime` > 1520761639 AND `addtime` < 1520848039  ) LIMIT 1   [ RunTime:0.0005s ]
SQL: SELECT COUNT(*) AS tp_count FROM `movesay_user` WHERE ( `addtime` > 1520848039 AND `addtime` < 1520934439  ) LIMIT 1   [ RunTime:0.0005s ]
SQL: SELECT COUNT(*) AS tp_count FROM `movesay_user` WHERE ( `addtime` > 1520934439 AND `addtime` < 1521020839  ) LIMIT 1   [ RunTime:0.0006s ]
SQL: SELECT COUNT(*) AS tp_count FROM `movesay_user` WHERE ( `addtime` > 1521020839 AND `addtime` < 1521107239  ) LIMIT 1   [ RunTime:0.0006s ]
SQL: SELECT COUNT(*) AS tp_count FROM `movesay_user` WHERE ( `addtime` > 1521107239 AND `addtime` < 1521193639  ) LIMIT 1   [ RunTime:0.0005s ]
SQL: SELECT COUNT(*) AS tp_count FROM `movesay_user` WHERE ( `addtime` > 1521193639 AND `addtime` < 1521280039  ) LIMIT 1   [ RunTime:0.0005s ]
SQL: SELECT COUNT(*) AS tp_count FROM `movesay_user` WHERE ( `addtime` > 1521280039 AND `addtime` < 1521366439  ) LIMIT 1   [ RunTime:0.0005s ]
SQL: SELECT COUNT(*) AS tp_count FROM `movesay_user` WHERE ( `addtime` > 1521366439 AND `addtime` < 1521452839  ) LIMIT 1   [ RunTime:0.0005s ]
SQL: SELECT COUNT(*) AS tp_count FROM `movesay_user` WHERE ( `addtime` > 1521452839 AND `addtime` < 1521539239  ) LIMIT 1   [ RunTime:0.0005s ]
SQL: SELECT COUNT(*) AS tp_count FROM `movesay_user` WHERE ( `addtime` > 1521539239 AND `addtime` < 1521625639  ) LIMIT 1   [ RunTime:0.0005s ]
SQL: SELECT COUNT(*) AS tp_count FROM `movesay_user` WHERE ( `addtime` > 1521625639 AND `addtime` < 1521712039  ) LIMIT 1   [ RunTime:0.0005s ]
SQL: SELECT COUNT(*) AS tp_count FROM `movesay_user` WHERE ( `addtime` > 1521712039 AND `addtime` < 1521798439  ) LIMIT 1   [ RunTime:0.0005s ]
SQL: SELECT COUNT(*) AS tp_count FROM `movesay_user` WHERE ( `addtime` > 1521798439 AND `addtime` < 1521884839  ) LIMIT 1   [ RunTime:0.0005s ]
SQL: SELECT COUNT(*) AS tp_count FROM `movesay_user` WHERE ( `addtime` > 1521884839 AND `addtime` < 1521971239  ) LIMIT 1   [ RunTime:0.0005s ]
SQL: SELECT COUNT(*) AS tp_count FROM `movesay_user` WHERE ( `addtime` > 1521971239 AND `addtime` < 1522057639  ) LIMIT 1   [ RunTime:0.0005s ]
SQL: SELECT COUNT(*) AS tp_count FROM `movesay_user` WHERE ( `addtime` > 1522057639 AND `addtime` < 1522144039  ) LIMIT 1   [ RunTime:0.0005s ]
SQL: SELECT COUNT(*) AS tp_count FROM `movesay_user` WHERE ( `addtime` > 1522144039 AND `addtime` < 1522230439  ) LIMIT 1   [ RunTime:0.0005s ]
SQL: SELECT COUNT(*) AS tp_count FROM `movesay_user` WHERE ( `addtime` > 1522230439 AND `addtime` < 1522316839  ) LIMIT 1   [ RunTime:0.0005s ]
NOTIC: [8] Undefined index: cztx D:\xnbjiaoyi\a52\a52jiaoyi20170915\a52jiaoyi\Application\Admin\Controller\IndexController.class.php 第 70 行.
NOTIC: [8] Undefined variable: authUrl D:\xnbjiaoyi\a52\a52jiaoyi20170915\a52jiaoyi\Application\Admin\Controller\IndexController.class.php 第 82 行.
INFO: [ view_parse ] --START--
INFO: [ template_filter ] --START--
INFO: Run Behavior\ContentReplaceBehavior [ RunTime:0.000361s ]
INFO: [ template_filter ] --END-- [ RunTime:0.000547s ]
NOTIC: [8] Undefined index: class D:\xnbjiaoyi\a52\a52jiaoyi20170915\a52jiaoyi\Runtime\Cache\Admin\b595b808c2ebeeeb0478ffc30bb4e87a.php 第 30 行.
NOTIC: [8] Undefined index: class D:\xnbjiaoyi\a52\a52jiaoyi20170915\a52jiaoyi\Runtime\Cache\Admin\b595b808c2ebeeeb0478ffc30bb4e87a.php 第 30 行.
NOTIC: [8] Undefined index: class D:\xnbjiaoyi\a52\a52jiaoyi20170915\a52jiaoyi\Runtime\Cache\Admin\b595b808c2ebeeeb0478ffc30bb4e87a.php 第 30 行.
NOTIC: [8] Undefined index: class D:\xnbjiaoyi\a52\a52jiaoyi20170915\a52jiaoyi\Runtime\Cache\Admin\b595b808c2ebeeeb0478ffc30bb4e87a.php 第 30 行.
NOTIC: [8] Undefined index: class D:\xnbjiaoyi\a52\a52jiaoyi20170915\a52jiaoyi\Runtime\Cache\Admin\b595b808c2ebeeeb0478ffc30bb4e87a.php 第 30 行.
NOTIC: [8] Undefined index: class D:\xnbjiaoyi\a52\a52jiaoyi20170915\a52jiaoyi\Runtime\Cache\Admin\b595b808c2ebeeeb0478ffc30bb4e87a.php 第 30 行.
NOTIC: [8] Undefined index: class D:\xnbjiaoyi\a52\a52jiaoyi20170915\a52jiaoyi\Runtime\Cache\Admin\b595b808c2ebeeeb0478ffc30bb4e87a.php 第 30 行.
NOTIC: [8] Undefined index: class D:\xnbjiaoyi\a52\a52jiaoyi20170915\a52jiaoyi\Runtime\Cache\Admin\b595b808c2ebeeeb0478ffc30bb4e87a.php 第 30 行.
NOTIC: [8] Undefined index: class D:\xnbjiaoyi\a52\a52jiaoyi20170915\a52jiaoyi\Runtime\Cache\Admin\b595b808c2ebeeeb0478ffc30bb4e87a.php 第 30 行.
NOTIC: [8] Undefined variable: versionUp D:\xnbjiaoyi\a52\a52jiaoyi20170915\a52jiaoyi\Runtime\Cache\Admin\b595b808c2ebeeeb0478ffc30bb4e87a.php 第 97 行.
SQL: select version() as v; [ RunTime:0.0004s ]
NOTIC: [8] Undefined index: SERVER_ADDR D:\xnbjiaoyi\a52\a52jiaoyi20170915\a52jiaoyi\Runtime\Cache\Admin\b595b808c2ebeeeb0478ffc30bb4e87a.php 第 283 行.
INFO: Run Behavior\ParseTemplateBehavior [ RunTime:0.083405s ]
INFO: [ view_parse ] --END-- [ RunTime:0.083570s ]
INFO: [ view_filter ] --START--
INFO: Run Behavior\WriteHtmlCacheBehavior [ RunTime:0.000324s ]
INFO: [ view_filter ] --END-- [ RunTime:0.000457s ]
INFO: [ app_end ] --START--
INFO: Run Behavior\ShowPageTraceBehavior [ RunTime:0.001618s ]
INFO: [ app_end ] --END-- [ RunTime:0.001762s ]

