[ 2018-04-02T10:21:54+08:00 ] 127.0.0.1 /admin/login?movesay=lanbing
INFO: [ app_init ] --START--
INFO: Run Behavior\BuildLiteBehavior [ RunTime:0.000014s ]
INFO: [ app_init ] --END-- [ RunTime:0.004512s ]
INFO: [ app_begin ] --START--
INFO: Run Behavior\ReadHtmlCacheBehavior [ RunTime:0.001212s ]
INFO: [ app_begin ] --END-- [ RunTime:0.001314s ]
INFO: [ view_parse ] --START--
INFO: [ template_filter ] --START--
INFO: Run Behavior\ContentReplaceBehavior [ RunTime:0.000160s ]
INFO: [ template_filter ] --END-- [ RunTime:0.000384s ]
INFO: Run Behavior\ParseTemplateBehavior [ RunTime:0.112305s ]
INFO: [ view_parse ] --END-- [ RunTime:0.112516s ]
INFO: [ view_filter ] --START--
INFO: Run Behavior\WriteHtmlCacheBehavior [ RunTime:0.002373s ]
INFO: [ view_filter ] --END-- [ RunTime:0.002548s ]
INFO: [ app_end ] --START--
INFO: Run Behavior\ShowPageTraceBehavior [ RunTime:0.003338s ]
INFO: [ app_end ] --END-- [ RunTime:0.003574s ]

[ 2018-04-02T10:21:54+08:00 ] 127.0.0.1 /Admin/Verify/code.html
INFO: [ app_init ] --START--
INFO: Run Behavior\BuildLiteBehavior [ RunTime:0.000016s ]
INFO: [ app_init ] --END-- [ RunTime:0.003953s ]
INFO: [ app_begin ] --START--
INFO: Run Behavior\ReadHtmlCacheBehavior [ RunTime:0.001264s ]
INFO: [ app_begin ] --END-- [ RunTime:0.001498s ]
INFO: [ app_end ] --START--
INFO: Run Behavior\ShowPageTraceBehavior [ RunTime:0.002560s ]
INFO: [ app_end ] --END-- [ RunTime:0.003015s ]

[ 2018-04-02T10:22:04+08:00 ] 127.0.0.1 /Admin/Login/index.html
INFO: [ app_init ] --START--
INFO: Run Behavior\BuildLiteBehavior [ RunTime:0.000013s ]
INFO: [ app_init ] --END-- [ RunTime:0.005143s ]
INFO: [ app_begin ] --START--
INFO: Run Behavior\ReadHtmlCacheBehavior [ RunTime:0.001171s ]
INFO: [ app_begin ] --END-- [ RunTime:0.001271s ]
SQL: SHOW COLUMNS FROM `movesay_admin` [ RunTime:0.0448s ]
SQL: SELECT * FROM `movesay_admin` WHERE `username` = 'admin' LIMIT 1   [ RunTime:0.0007s ]

[ 2018-04-02T10:22:10+08:00 ] 127.0.0.1 /Admin/Index/index.html
INFO: [ app_init ] --START--
INFO: Run Behavior\BuildLiteBehavior [ RunTime:0.000013s ]
INFO: [ app_init ] --END-- [ RunTime:0.003938s ]
INFO: [ app_begin ] --START--
INFO: Run Behavior\ReadHtmlCacheBehavior [ RunTime:0.000934s ]
INFO: [ app_begin ] --END-- [ RunTime:0.001059s ]
SQL: SHOW COLUMNS FROM `movesay_config` [ RunTime:0.0238s ]
SQL: SELECT * FROM `movesay_config` WHERE `id` = 1 LIMIT 1   [ RunTime:0.0023s ]
SQL: SHOW COLUMNS FROM `movesay_coin` [ RunTime:0.0136s ]
SQL: SELECT * FROM `movesay_coin` WHERE `status` = 1  [ RunTime:0.0006s ]
SQL: SHOW COLUMNS FROM `movesay_market` [ RunTime:0.0119s ]
SQL: SELECT * FROM `movesay_market` WHERE `status` = 1  [ RunTime:0.0005s ]
SQL: SHOW COLUMNS FROM `movesay_version` [ RunTime:0.0225s ]
SQL: SELECT `name` FROM `movesay_version` WHERE `status` = 0 ORDER BY name desc LIMIT 1   [ RunTime:0.0010s ]
SQL: SHOW COLUMNS FROM `movesay_menu` [ RunTime:0.0282s ]
SQL: SELECT * FROM `movesay_menu` WHERE `pid` = 0 AND `hide` = 0 AND `is_dev` = 0 ORDER BY sort asc  [ RunTime:0.0036s ]
SQL: SELECT `id` FROM `movesay_menu` WHERE ( url like 'Index/index%' ) LIMIT 1   [ RunTime:0.0003s ]
SQL: SHOW COLUMNS FROM `movesay_menu` [ RunTime:0.0400s ]
SQL: SELECT `id`,`pid`,`title` FROM `movesay_menu` WHERE ( id=1 ) LIMIT 1   [ RunTime:0.0006s ]
SQL: SELECT DISTINCT  `group` FROM `movesay_menu` WHERE ( pid = 1 )  [ RunTime:0.0013s ]
SQL: SELECT `id`,`url` FROM `movesay_menu` WHERE `pid` = 1 AND `hide` = 0 AND `is_dev` = 0  [ RunTime:0.0006s ]
SQL: SELECT `id`,`pid`,`title`,`url`,`tip`,`ico_name` FROM `movesay_menu` WHERE `group` = '系统' AND `pid` = 1 AND `hide` = 0 AND `is_dev` = 0 ORDER BY sort asc  [ RunTime:0.0007s ]
SQL: SHOW COLUMNS FROM `movesay_user` [ RunTime:0.0154s ]
SQL: SELECT COUNT(*) AS tp_count FROM `movesay_user` LIMIT 1   [ RunTime:0.0005s ]
SQL: SHOW COLUMNS FROM `movesay_user_coin` [ RunTime:0.0133s ]
SQL: SELECT SUM(cny) AS tp_sum FROM `movesay_user_coin` LIMIT 1   [ RunTime:0.0068s ]
SQL: SELECT SUM(cnyd) AS tp_sum FROM `movesay_user_coin` LIMIT 1   [ RunTime:0.0003s ]
SQL: SHOW COLUMNS FROM `movesay_trade_log` [ RunTime:0.0075s ]
SQL: SELECT SUM(mum) AS tp_sum FROM `movesay_trade_log` LIMIT 1   [ RunTime:0.0003s ]
SQL: SHOW COLUMNS FROM `movesay_article` [ RunTime:0.0080s ]
SQL: SELECT COUNT(*) AS tp_count FROM `movesay_article` LIMIT 1   [ RunTime:0.0002s ]
SQL: SHOW COLUMNS FROM `movesay_mycz` [ RunTime:0.0287s ]
SQL: SELECT SUM(num) AS tp_sum FROM `movesay_mycz` WHERE `status` <> 0 AND ( `addtime` > 1520092800 AND `addtime` < 1520179200  ) LIMIT 1   [ RunTime:0.0003s ]
SQL: SHOW COLUMNS FROM `movesay_mytx` [ RunTime:0.0268s ]
SQL: SELECT SUM(num) AS tp_sum FROM `movesay_mytx` WHERE `status` = 1 AND ( `addtime` > 1520092800 AND `addtime` < 1520179200  ) LIMIT 1   [ RunTime:0.0003s ]
SQL: SELECT SUM(num) AS tp_sum FROM `movesay_mycz` WHERE `status` <> 0 AND ( `addtime` > 1520179200 AND `addtime` < 1520265600  ) LIMIT 1   [ RunTime:0.0002s ]
SQL: SELECT SUM(num) AS tp_sum FROM `movesay_mytx` WHERE `status` = 1 AND ( `addtime` > 1520179200 AND `addtime` < 1520265600  ) LIMIT 1   [ RunTime:0.0002s ]
SQL: SELECT SUM(num) AS tp_sum FROM `movesay_mycz` WHERE `status` <> 0 AND ( `addtime` > 1520265600 AND `addtime` < 1520352000  ) LIMIT 1   [ RunTime:0.0002s ]
SQL: SELECT SUM(num) AS tp_sum FROM `movesay_mytx` WHERE `status` = 1 AND ( `addtime` > 1520265600 AND `addtime` < 1520352000  ) LIMIT 1   [ RunTime:0.0003s ]
SQL: SELECT SUM(num) AS tp_sum FROM `movesay_mycz` WHERE `status` <> 0 AND ( `addtime` > 1520352000 AND `addtime` < 1520438400  ) LIMIT 1   [ RunTime:0.0002s ]
SQL: SELECT SUM(num) AS tp_sum FROM `movesay_mytx` WHERE `status` = 1 AND ( `addtime` > 1520352000 AND `addtime` < 1520438400  ) LIMIT 1   [ RunTime:0.0002s ]
SQL: SELECT SUM(num) AS tp_sum FROM `movesay_mycz` WHERE `status` <> 0 AND ( `addtime` > 1520438400 AND `addtime` < 1520524800  ) LIMIT 1   [ RunTime:0.0002s ]
SQL: SELECT SUM(num) AS tp_sum FROM `movesay_mytx` WHERE `status` = 1 AND ( `addtime` > 1520438400 AND `addtime` < 1520524800  ) LIMIT 1   [ RunTime:0.0002s ]
SQL: SELECT SUM(num) AS tp_sum FROM `movesay_mycz` WHERE `status` <> 0 AND ( `addtime` > 1520524800 AND `addtime` < 1520611200  ) LIMIT 1   [ RunTime:0.0002s ]
SQL: SELECT SUM(num) AS tp_sum FROM `movesay_mytx` WHERE `status` = 1 AND ( `addtime` > 1520524800 AND `addtime` < 1520611200  ) LIMIT 1   [ RunTime:0.0002s ]
SQL: SELECT SUM(num) AS tp_sum FROM `movesay_mycz` WHERE `status` <> 0 AND ( `addtime` > 1520611200 AND `addtime` < 1520697600  ) LIMIT 1   [ RunTime:0.0002s ]
SQL: SELECT SUM(num) AS tp_sum FROM `movesay_mytx` WHERE `status` = 1 AND ( `addtime` > 1520611200 AND `addtime` < 1520697600  ) LIMIT 1   [ RunTime:0.0002s ]
SQL: SELECT SUM(num) AS tp_sum FROM `movesay_mycz` WHERE `status` <> 0 AND ( `addtime` > 1520697600 AND `addtime` < 1520784000  ) LIMIT 1   [ RunTime:0.0002s ]
SQL: SELECT SUM(num) AS tp_sum FROM `movesay_mytx` WHERE `status` = 1 AND ( `addtime` > 1520697600 AND `addtime` < 1520784000  ) LIMIT 1   [ RunTime:0.0002s ]
SQL: SELECT SUM(num) AS tp_sum FROM `movesay_mycz` WHERE `status` <> 0 AND ( `addtime` > 1520784000 AND `addtime` < 1520870400  ) LIMIT 1   [ RunTime:0.0002s ]
SQL: SELECT SUM(num) AS tp_sum FROM `movesay_mytx` WHERE `status` = 1 AND ( `addtime` > 1520784000 AND `addtime` < 1520870400  ) LIMIT 1   [ RunTime:0.0002s ]
SQL: SELECT SUM(num) AS tp_sum FROM `movesay_mycz` WHERE `status` <> 0 AND ( `addtime` > 1520870400 AND `addtime` < 1520956800  ) LIMIT 1   [ RunTime:0.0002s ]
SQL: SELECT SUM(num) AS tp_sum FROM `movesay_mytx` WHERE `status` = 1 AND ( `addtime` > 1520870400 AND `addtime` < 1520956800  ) LIMIT 1   [ RunTime:0.0002s ]
SQL: SELECT SUM(num) AS tp_sum FROM `movesay_mycz` WHERE `status` <> 0 AND ( `addtime` > 1520956800 AND `addtime` < 1521043200  ) LIMIT 1   [ RunTime:0.0002s ]
SQL: SELECT SUM(num) AS tp_sum FROM `movesay_mytx` WHERE `status` = 1 AND ( `addtime` > 1520956800 AND `addtime` < 1521043200  ) LIMIT 1   [ RunTime:0.0002s ]
SQL: SELECT SUM(num) AS tp_sum FROM `movesay_mycz` WHERE `status` <> 0 AND ( `addtime` > 1521043200 AND `addtime` < 1521129600  ) LIMIT 1   [ RunTime:0.0002s ]
SQL: SELECT SUM(num) AS tp_sum FROM `movesay_mytx` WHERE `status` = 1 AND ( `addtime` > 1521043200 AND `addtime` < 1521129600  ) LIMIT 1   [ RunTime:0.0003s ]
SQL: SELECT SUM(num) AS tp_sum FROM `movesay_mycz` WHERE `status` <> 0 AND ( `addtime` > 1521129600 AND `addtime` < 1521216000  ) LIMIT 1   [ RunTime:0.0002s ]
SQL: SELECT SUM(num) AS tp_sum FROM `movesay_mytx` WHERE `status` = 1 AND ( `addtime` > 1521129600 AND `addtime` < 1521216000  ) LIMIT 1   [ RunTime:0.0002s ]
SQL: SELECT SUM(num) AS tp_sum FROM `movesay_mycz` WHERE `status` <> 0 AND ( `addtime` > 1521216000 AND `addtime` < 1521302400  ) LIMIT 1   [ RunTime:0.0002s ]
SQL: SELECT SUM(num) AS tp_sum FROM `movesay_mytx` WHERE `status` = 1 AND ( `addtime` > 1521216000 AND `addtime` < 1521302400  ) LIMIT 1   [ RunTime:0.0002s ]
SQL: SELECT SUM(num) AS tp_sum FROM `movesay_mycz` WHERE `status` <> 0 AND ( `addtime` > 1521302400 AND `addtime` < 1521388800  ) LIMIT 1   [ RunTime:0.0002s ]
SQL: SELECT SUM(num) AS tp_sum FROM `movesay_mytx` WHERE `status` = 1 AND ( `addtime` > 1521302400 AND `addtime` < 1521388800  ) LIMIT 1   [ RunTime:0.0002s ]
SQL: SELECT SUM(num) AS tp_sum FROM `movesay_mycz` WHERE `status` <> 0 AND ( `addtime` > 1521388800 AND `addtime` < 1521475200  ) LIMIT 1   [ RunTime:0.0002s ]
SQL: SELECT SUM(num) AS tp_sum FROM `movesay_mytx` WHERE `status` = 1 AND ( `addtime` > 1521388800 AND `addtime` < 1521475200  ) LIMIT 1   [ RunTime:0.0002s ]
SQL: SELECT SUM(num) AS tp_sum FROM `movesay_mycz` WHERE `status` <> 0 AND ( `addtime` > 1521475200 AND `addtime` < 1521561600  ) LIMIT 1   [ RunTime:0.0002s ]
SQL: SELECT SUM(num) AS tp_sum FROM `movesay_mytx` WHERE `status` = 1 AND ( `addtime` > 1521475200 AND `addtime` < 1521561600  ) LIMIT 1   [ RunTime:0.0002s ]
SQL: SELECT SUM(num) AS tp_sum FROM `movesay_mycz` WHERE `status` <> 0 AND ( `addtime` > 1521561600 AND `addtime` < 1521648000  ) LIMIT 1   [ RunTime:0.0002s ]
SQL: SELECT SUM(num) AS tp_sum FROM `movesay_mytx` WHERE `status` = 1 AND ( `addtime` > 1521561600 AND `addtime` < 1521648000  ) LIMIT 1   [ RunTime:0.0002s ]
SQL: SELECT SUM(num) AS tp_sum FROM `movesay_mycz` WHERE `status` <> 0 AND ( `addtime` > 1521648000 AND `addtime` < 1521734400  ) LIMIT 1   [ RunTime:0.0002s ]
SQL: SELECT SUM(num) AS tp_sum FROM `movesay_mytx` WHERE `status` = 1 AND ( `addtime` > 1521648000 AND `addtime` < 1521734400  ) LIMIT 1   [ RunTime:0.0002s ]
SQL: SELECT SUM(num) AS tp_sum FROM `movesay_mycz` WHERE `status` <> 0 AND ( `addtime` > 1521734400 AND `addtime` < 1521820800  ) LIMIT 1   [ RunTime:0.0002s ]
SQL: SELECT SUM(num) AS tp_sum FROM `movesay_mytx` WHERE `status` = 1 AND ( `addtime` > 1521734400 AND `addtime` < 1521820800  ) LIMIT 1   [ RunTime:0.0002s ]
SQL: SELECT SUM(num) AS tp_sum FROM `movesay_mycz` WHERE `status` <> 0 AND ( `addtime` > 1521820800 AND `addtime` < 1521907200  ) LIMIT 1   [ RunTime:0.0002s ]
SQL: SELECT SUM(num) AS tp_sum FROM `movesay_mytx` WHERE `status` = 1 AND ( `addtime` > 1521820800 AND `addtime` < 1521907200  ) LIMIT 1   [ RunTime:0.0002s ]
SQL: SELECT SUM(num) AS tp_sum FROM `movesay_mycz` WHERE `status` <> 0 AND ( `addtime` > 1521907200 AND `addtime` < 1521993600  ) LIMIT 1   [ RunTime:0.0002s ]
SQL: SELECT SUM(num) AS tp_sum FROM `movesay_mytx` WHERE `status` = 1 AND ( `addtime` > 1521907200 AND `addtime` < 1521993600  ) LIMIT 1   [ RunTime:0.0002s ]
SQL: SELECT SUM(num) AS tp_sum FROM `movesay_mycz` WHERE `status` <> 0 AND ( `addtime` > 1521993600 AND `addtime` < 1522080000  ) LIMIT 1   [ RunTime:0.0002s ]
SQL: SELECT SUM(num) AS tp_sum FROM `movesay_mytx` WHERE `status` = 1 AND ( `addtime` > 1521993600 AND `addtime` < 1522080000  ) LIMIT 1   [ RunTime:0.0002s ]
SQL: SELECT SUM(num) AS tp_sum FROM `movesay_mycz` WHERE `status` <> 0 AND ( `addtime` > 1522080000 AND `addtime` < 1522166400  ) LIMIT 1   [ RunTime:0.0002s ]
SQL: SELECT SUM(num) AS tp_sum FROM `movesay_mytx` WHERE `status` = 1 AND ( `addtime` > 1522080000 AND `addtime` < 1522166400  ) LIMIT 1   [ RunTime:0.0002s ]
SQL: SELECT SUM(num) AS tp_sum FROM `movesay_mycz` WHERE `status` <> 0 AND ( `addtime` > 1522166400 AND `addtime` < 1522252800  ) LIMIT 1   [ RunTime:0.0002s ]
SQL: SELECT SUM(num) AS tp_sum FROM `movesay_mytx` WHERE `status` = 1 AND ( `addtime` > 1522166400 AND `addtime` < 1522252800  ) LIMIT 1   [ RunTime:0.0002s ]
SQL: SELECT SUM(num) AS tp_sum FROM `movesay_mycz` WHERE `status` <> 0 AND ( `addtime` > 1522252800 AND `addtime` < 1522339200  ) LIMIT 1   [ RunTime:0.0002s ]
SQL: SELECT SUM(num) AS tp_sum FROM `movesay_mytx` WHERE `status` = 1 AND ( `addtime` > 1522252800 AND `addtime` < 1522339200  ) LIMIT 1   [ RunTime:0.0002s ]
SQL: SELECT SUM(num) AS tp_sum FROM `movesay_mycz` WHERE `status` <> 0 AND ( `addtime` > 1522339200 AND `addtime` < 1522425600  ) LIMIT 1   [ RunTime:0.0002s ]
SQL: SELECT SUM(num) AS tp_sum FROM `movesay_mytx` WHERE `status` = 1 AND ( `addtime` > 1522339200 AND `addtime` < 1522425600  ) LIMIT 1   [ RunTime:0.0002s ]
SQL: SELECT SUM(num) AS tp_sum FROM `movesay_mycz` WHERE `status` <> 0 AND ( `addtime` > 1522425600 AND `addtime` < 1522512000  ) LIMIT 1   [ RunTime:0.0002s ]
SQL: SELECT SUM(num) AS tp_sum FROM `movesay_mytx` WHERE `status` = 1 AND ( `addtime` > 1522425600 AND `addtime` < 1522512000  ) LIMIT 1   [ RunTime:0.0002s ]
SQL: SELECT SUM(num) AS tp_sum FROM `movesay_mycz` WHERE `status` <> 0 AND ( `addtime` > 1522512000 AND `addtime` < 1522598400  ) LIMIT 1   [ RunTime:0.0002s ]
SQL: SELECT SUM(num) AS tp_sum FROM `movesay_mytx` WHERE `status` = 1 AND ( `addtime` > 1522512000 AND `addtime` < 1522598400  ) LIMIT 1   [ RunTime:0.0002s ]
SQL: SELECT SUM(num) AS tp_sum FROM `movesay_mycz` WHERE `status` <> 0 AND ( `addtime` > 1522598400 AND `addtime` < 1522684800  ) LIMIT 1   [ RunTime:0.0002s ]
SQL: SELECT SUM(num) AS tp_sum FROM `movesay_mytx` WHERE `status` = 1 AND ( `addtime` > 1522598400 AND `addtime` < 1522684800  ) LIMIT 1   [ RunTime:0.0002s ]
SQL: SELECT COUNT(*) AS tp_count FROM `movesay_user` WHERE ( `addtime` > 1520043726 AND `addtime` < 1520130126  ) LIMIT 1   [ RunTime:0.0095s ]
SQL: SELECT COUNT(*) AS tp_count FROM `movesay_user` WHERE ( `addtime` > 1520130126 AND `addtime` < 1520216526  ) LIMIT 1   [ RunTime:0.0005s ]
SQL: SELECT COUNT(*) AS tp_count FROM `movesay_user` WHERE ( `addtime` > 1520216526 AND `addtime` < 1520302926  ) LIMIT 1   [ RunTime:0.0004s ]
SQL: SELECT COUNT(*) AS tp_count FROM `movesay_user` WHERE ( `addtime` > 1520302926 AND `addtime` < 1520389326  ) LIMIT 1   [ RunTime:0.0004s ]
SQL: SELECT COUNT(*) AS tp_count FROM `movesay_user` WHERE ( `addtime` > 1520389326 AND `addtime` < 1520475726  ) LIMIT 1   [ RunTime:0.0005s ]
SQL: SELECT COUNT(*) AS tp_count FROM `movesay_user` WHERE ( `addtime` > 1520475726 AND `addtime` < 1520562126  ) LIMIT 1   [ RunTime:0.0004s ]
SQL: SELECT COUNT(*) AS tp_count FROM `movesay_user` WHERE ( `addtime` > 1520562126 AND `addtime` < 1520648526  ) LIMIT 1   [ RunTime:0.0003s ]
SQL: SELECT COUNT(*) AS tp_count FROM `movesay_user` WHERE ( `addtime` > 1520648526 AND `addtime` < 1520734926  ) LIMIT 1   [ RunTime:0.0003s ]
SQL: SELECT COUNT(*) AS tp_count FROM `movesay_user` WHERE ( `addtime` > 1520734926 AND `addtime` < 1520821326  ) LIMIT 1   [ RunTime:0.0003s ]
SQL: SELECT COUNT(*) AS tp_count FROM `movesay_user` WHERE ( `addtime` > 1520821326 AND `addtime` < 1520907726  ) LIMIT 1   [ RunTime:0.0003s ]
SQL: SELECT COUNT(*) AS tp_count FROM `movesay_user` WHERE ( `addtime` > 1520907726 AND `addtime` < 1520994126  ) LIMIT 1   [ RunTime:0.0003s ]
SQL: SELECT COUNT(*) AS tp_count FROM `movesay_user` WHERE ( `addtime` > 1520994126 AND `addtime` < 1521080526  ) LIMIT 1   [ RunTime:0.0003s ]
SQL: SELECT COUNT(*) AS tp_count FROM `movesay_user` WHERE ( `addtime` > 1521080526 AND `addtime` < 1521166926  ) LIMIT 1   [ RunTime:0.0003s ]
SQL: SELECT COUNT(*) AS tp_count FROM `movesay_user` WHERE ( `addtime` > 1521166926 AND `addtime` < 1521253326  ) LIMIT 1   [ RunTime:0.0003s ]
SQL: SELECT COUNT(*) AS tp_count FROM `movesay_user` WHERE ( `addtime` > 1521253326 AND `addtime` < 1521339726  ) LIMIT 1   [ RunTime:0.0003s ]
SQL: SELECT COUNT(*) AS tp_count FROM `movesay_user` WHERE ( `addtime` > 1521339726 AND `addtime` < 1521426126  ) LIMIT 1   [ RunTime:0.0003s ]
SQL: SELECT COUNT(*) AS tp_count FROM `movesay_user` WHERE ( `addtime` > 1521426126 AND `addtime` < 1521512526  ) LIMIT 1   [ RunTime:0.0003s ]
SQL: SELECT COUNT(*) AS tp_count FROM `movesay_user` WHERE ( `addtime` > 1521512526 AND `addtime` < 1521598926  ) LIMIT 1   [ RunTime:0.0003s ]
SQL: SELECT COUNT(*) AS tp_count FROM `movesay_user` WHERE ( `addtime` > 1521598926 AND `addtime` < 1521685326  ) LIMIT 1   [ RunTime:0.0003s ]
SQL: SELECT COUNT(*) AS tp_count FROM `movesay_user` WHERE ( `addtime` > 1521685326 AND `addtime` < 1521771726  ) LIMIT 1   [ RunTime:0.0003s ]
SQL: SELECT COUNT(*) AS tp_count FROM `movesay_user` WHERE ( `addtime` > 1521771726 AND `addtime` < 1521858126  ) LIMIT 1   [ RunTime:0.0003s ]
SQL: SELECT COUNT(*) AS tp_count FROM `movesay_user` WHERE ( `addtime` > 1521858126 AND `addtime` < 1521944526  ) LIMIT 1   [ RunTime:0.0003s ]
SQL: SELECT COUNT(*) AS tp_count FROM `movesay_user` WHERE ( `addtime` > 1521944526 AND `addtime` < 1522030926  ) LIMIT 1   [ RunTime:0.0003s ]
SQL: SELECT COUNT(*) AS tp_count FROM `movesay_user` WHERE ( `addtime` > 1522030926 AND `addtime` < 1522117326  ) LIMIT 1   [ RunTime:0.0005s ]
SQL: SELECT COUNT(*) AS tp_count FROM `movesay_user` WHERE ( `addtime` > 1522117326 AND `addtime` < 1522203726  ) LIMIT 1   [ RunTime:0.0004s ]
SQL: SELECT COUNT(*) AS tp_count FROM `movesay_user` WHERE ( `addtime` > 1522203726 AND `addtime` < 1522290126  ) LIMIT 1   [ RunTime:0.0003s ]
SQL: SELECT COUNT(*) AS tp_count FROM `movesay_user` WHERE ( `addtime` > 1522290126 AND `addtime` < 1522376526  ) LIMIT 1   [ RunTime:0.0003s ]
SQL: SELECT COUNT(*) AS tp_count FROM `movesay_user` WHERE ( `addtime` > 1522376526 AND `addtime` < 1522462926  ) LIMIT 1   [ RunTime:0.0003s ]
SQL: SELECT COUNT(*) AS tp_count FROM `movesay_user` WHERE ( `addtime` > 1522462926 AND `addtime` < 1522549326  ) LIMIT 1   [ RunTime:0.0004s ]
SQL: SELECT COUNT(*) AS tp_count FROM `movesay_user` WHERE ( `addtime` > 1522549326 AND `addtime` < 1522635726  ) LIMIT 1   [ RunTime:0.0004s ]
SQL: SELECT COUNT(*) AS tp_count FROM `movesay_user` WHERE ( `addtime` > 1522635726 AND `addtime` < 1522722126  ) LIMIT 1   [ RunTime:0.0003s ]
SQL: SELECT COUNT(*) AS tp_count FROM `movesay_user` WHERE ( `addtime` > 1522722126 AND `addtime` < 1522808526  ) LIMIT 1   [ RunTime:0.0003s ]
SQL: SELECT COUNT(*) AS tp_count FROM `movesay_user` WHERE ( `addtime` > 1522808526 AND `addtime` < 1522894926  ) LIMIT 1   [ RunTime:0.0003s ]
SQL: SELECT COUNT(*) AS tp_count FROM `movesay_user` WHERE ( `addtime` > 1522894926 AND `addtime` < 1522981326  ) LIMIT 1   [ RunTime:0.0003s ]
SQL: SELECT COUNT(*) AS tp_count FROM `movesay_user` WHERE ( `addtime` > 1522981326 AND `addtime` < 1523067726  ) LIMIT 1   [ RunTime:0.0003s ]
SQL: SELECT COUNT(*) AS tp_count FROM `movesay_user` WHERE ( `addtime` > 1523067726 AND `addtime` < 1523154126  ) LIMIT 1   [ RunTime:0.0003s ]
SQL: SELECT COUNT(*) AS tp_count FROM `movesay_user` WHERE ( `addtime` > 1523154126 AND `addtime` < 1523240526  ) LIMIT 1   [ RunTime:0.0003s ]
SQL: SELECT COUNT(*) AS tp_count FROM `movesay_user` WHERE ( `addtime` > 1523240526 AND `addtime` < 1523326926  ) LIMIT 1   [ RunTime:0.0004s ]
SQL: SELECT COUNT(*) AS tp_count FROM `movesay_user` WHERE ( `addtime` > 1523326926 AND `addtime` < 1523413326  ) LIMIT 1   [ RunTime:0.0003s ]
SQL: SELECT COUNT(*) AS tp_count FROM `movesay_user` WHERE ( `addtime` > 1523413326 AND `addtime` < 1523499726  ) LIMIT 1   [ RunTime:0.0005s ]
SQL: SELECT COUNT(*) AS tp_count FROM `movesay_user` WHERE ( `addtime` > 1523499726 AND `addtime` < 1523586126  ) LIMIT 1   [ RunTime:0.0004s ]
SQL: SELECT COUNT(*) AS tp_count FROM `movesay_user` WHERE ( `addtime` > 1523586126 AND `addtime` < 1523672526  ) LIMIT 1   [ RunTime:0.0003s ]
SQL: SELECT COUNT(*) AS tp_count FROM `movesay_user` WHERE ( `addtime` > 1523672526 AND `addtime` < 1523758926  ) LIMIT 1   [ RunTime:0.0003s ]
SQL: SELECT COUNT(*) AS tp_count FROM `movesay_user` WHERE ( `addtime` > 1523758926 AND `addtime` < 1523845326  ) LIMIT 1   [ RunTime:0.0003s ]
SQL: SELECT COUNT(*) AS tp_count FROM `movesay_user` WHERE ( `addtime` > 1523845326 AND `addtime` < 1523931726  ) LIMIT 1   [ RunTime:0.0003s ]
SQL: SELECT COUNT(*) AS tp_count FROM `movesay_user` WHERE ( `addtime` > 1523931726 AND `addtime` < 1524018126  ) LIMIT 1   [ RunTime:0.0003s ]
SQL: SELECT COUNT(*) AS tp_count FROM `movesay_user` WHERE ( `addtime` > 1524018126 AND `addtime` < 1524104526  ) LIMIT 1   [ RunTime:0.0003s ]
SQL: SELECT COUNT(*) AS tp_count FROM `movesay_user` WHERE ( `addtime` > 1524104526 AND `addtime` < 1524190926  ) LIMIT 1   [ RunTime:0.0003s ]
SQL: SELECT COUNT(*) AS tp_count FROM `movesay_user` WHERE ( `addtime` > 1524190926 AND `addtime` < 1524277326  ) LIMIT 1   [ RunTime:0.0006s ]
SQL: SELECT COUNT(*) AS tp_count FROM `movesay_user` WHERE ( `addtime` > 1524277326 AND `addtime` < 1524363726  ) LIMIT 1   [ RunTime:0.0004s ]
SQL: SELECT COUNT(*) AS tp_count FROM `movesay_user` WHERE ( `addtime` > 1524363726 AND `addtime` < 1524450126  ) LIMIT 1   [ RunTime:0.0003s ]
SQL: SELECT COUNT(*) AS tp_count FROM `movesay_user` WHERE ( `addtime` > 1524450126 AND `addtime` < 1524536526  ) LIMIT 1   [ RunTime:0.0003s ]
SQL: SELECT COUNT(*) AS tp_count FROM `movesay_user` WHERE ( `addtime` > 1524536526 AND `addtime` < 1524622926  ) LIMIT 1   [ RunTime:0.0003s ]
SQL: SELECT COUNT(*) AS tp_count FROM `movesay_user` WHERE ( `addtime` > 1524622926 AND `addtime` < 1524709326  ) LIMIT 1   [ RunTime:0.0003s ]
SQL: SELECT COUNT(*) AS tp_count FROM `movesay_user` WHERE ( `addtime` > 1524709326 AND `addtime` < 1524795726  ) LIMIT 1   [ RunTime:0.0003s ]
SQL: SELECT COUNT(*) AS tp_count FROM `movesay_user` WHERE ( `addtime` > 1524795726 AND `addtime` < 1524882126  ) LIMIT 1   [ RunTime:0.0003s ]
SQL: SELECT COUNT(*) AS tp_count FROM `movesay_user` WHERE ( `addtime` > 1524882126 AND `addtime` < 1524968526  ) LIMIT 1   [ RunTime:0.0003s ]
SQL: SELECT COUNT(*) AS tp_count FROM `movesay_user` WHERE ( `addtime` > 1524968526 AND `addtime` < 1525054926  ) LIMIT 1   [ RunTime:0.0003s ]
SQL: SELECT COUNT(*) AS tp_count FROM `movesay_user` WHERE ( `addtime` > 1525054926 AND `addtime` < 1525141326  ) LIMIT 1   [ RunTime:0.0003s ]
SQL: SELECT COUNT(*) AS tp_count FROM `movesay_user` WHERE ( `addtime` > 1525141326 AND `addtime` < 1525227726  ) LIMIT 1   [ RunTime:0.0003s ]
NOTIC: [8] Undefined index: cztx E:\data\a52jiaoyi\Application\Admin\Controller\IndexController.class.php 第 70 行.
NOTIC: [8] Undefined variable: authUrl E:\data\a52jiaoyi\Application\Admin\Controller\IndexController.class.php 第 82 行.
INFO: [ view_parse ] --START--
INFO: [ template_filter ] --START--
INFO: Run Behavior\ContentReplaceBehavior [ RunTime:0.000273s ]
INFO: [ template_filter ] --END-- [ RunTime:0.000440s ]
NOTIC: [8] Undefined index: class E:\data\a52jiaoyi\Runtime\Cache\Admin\b595b808c2ebeeeb0478ffc30bb4e87a.php 第 30 行.
NOTIC: [8] Undefined index: class E:\data\a52jiaoyi\Runtime\Cache\Admin\b595b808c2ebeeeb0478ffc30bb4e87a.php 第 30 行.
NOTIC: [8] Undefined index: class E:\data\a52jiaoyi\Runtime\Cache\Admin\b595b808c2ebeeeb0478ffc30bb4e87a.php 第 30 行.
NOTIC: [8] Undefined index: class E:\data\a52jiaoyi\Runtime\Cache\Admin\b595b808c2ebeeeb0478ffc30bb4e87a.php 第 30 行.
NOTIC: [8] Undefined index: class E:\data\a52jiaoyi\Runtime\Cache\Admin\b595b808c2ebeeeb0478ffc30bb4e87a.php 第 30 行.
NOTIC: [8] Undefined index: class E:\data\a52jiaoyi\Runtime\Cache\Admin\b595b808c2ebeeeb0478ffc30bb4e87a.php 第 30 行.
NOTIC: [8] Undefined index: class E:\data\a52jiaoyi\Runtime\Cache\Admin\b595b808c2ebeeeb0478ffc30bb4e87a.php 第 30 行.
NOTIC: [8] Undefined index: class E:\data\a52jiaoyi\Runtime\Cache\Admin\b595b808c2ebeeeb0478ffc30bb4e87a.php 第 30 行.
NOTIC: [8] Undefined index: class E:\data\a52jiaoyi\Runtime\Cache\Admin\b595b808c2ebeeeb0478ffc30bb4e87a.php 第 30 行.
NOTIC: [8] Undefined variable: versionUp E:\data\a52jiaoyi\Runtime\Cache\Admin\b595b808c2ebeeeb0478ffc30bb4e87a.php 第 97 行.
SQL: select version() as v; [ RunTime:0.0314s ]
INFO: Run Behavior\ParseTemplateBehavior [ RunTime:0.127509s ]
INFO: [ view_parse ] --END-- [ RunTime:0.127833s ]
INFO: [ view_filter ] --START--
INFO: Run Behavior\WriteHtmlCacheBehavior [ RunTime:0.004056s ]
INFO: [ view_filter ] --END-- [ RunTime:0.004360s ]
INFO: [ app_end ] --START--
INFO: Run Behavior\ShowPageTraceBehavior [ RunTime:0.004637s ]
INFO: [ app_end ] --END-- [ RunTime:0.004986s ]

[ 2018-04-02T10:22:16+08:00 ] 127.0.0.1 /Admin/Index/coin.html
INFO: [ app_init ] --START--
INFO: Run Behavior\BuildLiteBehavior [ RunTime:0.000011s ]
INFO: [ app_init ] --END-- [ RunTime:0.003341s ]
INFO: [ app_begin ] --START--
INFO: Run Behavior\ReadHtmlCacheBehavior [ RunTime:0.000840s ]
INFO: [ app_begin ] --END-- [ RunTime:0.000934s ]
SQL: SHOW COLUMNS FROM `movesay_config` [ RunTime:0.0312s ]
SQL: SELECT * FROM `movesay_config` WHERE `id` = 1 LIMIT 1   [ RunTime:0.0016s ]
SQL: SHOW COLUMNS FROM `movesay_coin` [ RunTime:0.0147s ]
SQL: SELECT * FROM `movesay_coin` WHERE `status` = 1  [ RunTime:0.0007s ]
SQL: SHOW COLUMNS FROM `movesay_market` [ RunTime:0.0083s ]
SQL: SELECT * FROM `movesay_market` WHERE `status` = 1  [ RunTime:0.0006s ]
SQL: SHOW COLUMNS FROM `movesay_version` [ RunTime:0.0079s ]
SQL: SELECT `name` FROM `movesay_version` WHERE `status` = 0 ORDER BY name desc LIMIT 1   [ RunTime:0.0003s ]
SQL: SHOW COLUMNS FROM `movesay_menu` [ RunTime:0.0082s ]
SQL: SELECT * FROM `movesay_menu` WHERE `pid` = 0 AND `hide` = 0 AND `is_dev` = 0 ORDER BY sort asc  [ RunTime:0.0005s ]
SQL: SELECT `id` FROM `movesay_menu` WHERE ( url like 'Index/coin%' ) LIMIT 1   [ RunTime:0.0003s ]
SQL: SHOW COLUMNS FROM `movesay_menu` [ RunTime:0.0063s ]
SQL: SELECT `id`,`pid`,`title` FROM `movesay_menu` WHERE ( id=157 ) LIMIT 1   [ RunTime:0.0002s ]
SQL: SELECT `id`,`pid`,`title` FROM `movesay_menu` WHERE ( id=1 ) LIMIT 1   [ RunTime:0.0002s ]
SQL: SELECT DISTINCT  `group` FROM `movesay_menu` WHERE ( pid = 1 )  [ RunTime:0.0004s ]
SQL: SELECT `id`,`url` FROM `movesay_menu` WHERE `pid` = 1 AND `hide` = 0 AND `is_dev` = 0  [ RunTime:0.0002s ]
SQL: SELECT `id`,`pid`,`title`,`url`,`tip`,`ico_name` FROM `movesay_menu` WHERE `group` = '系统' AND `pid` = 1 AND `hide` = 0 AND `is_dev` = 0 ORDER BY sort asc  [ RunTime:0.0002s ]
SQL: SELECT * FROM `movesay_coin` WHERE `name` = 'sgc' LIMIT 1   [ RunTime:0.0003s ]
SQL: SHOW COLUMNS FROM `movesay_user_coin` [ RunTime:0.0058s ]
SQL: SELECT SUM(sgc) AS tp_sum FROM `movesay_user_coin` LIMIT 1   [ RunTime:0.0004s ]
SQL: SELECT SUM(sgcd) AS tp_sum FROM `movesay_user_coin` LIMIT 1   [ RunTime:0.0002s ]
SQL: SHOW COLUMNS FROM `movesay_myzr` [ RunTime:0.0060s ]
SQL: SELECT SUM(fee) AS tp_sum FROM `movesay_myzr` WHERE `coinname` = 'sgc' LIMIT 1   [ RunTime:0.0002s ]
SQL: SHOW COLUMNS FROM `movesay_myzc` [ RunTime:0.0062s ]
SQL: SELECT SUM(fee) AS tp_sum FROM `movesay_myzc` WHERE `coinname` = 'sgc' LIMIT 1   [ RunTime:0.0078s ]
SQL: SHOW COLUMNS FROM `movesay_coin_json` [ RunTime:0.0232s ]
SQL: SELECT * FROM `movesay_coin_json` WHERE `name` = 'sgc' ORDER BY id desc LIMIT 1   [ RunTime:0.0017s ]
SQL: SELECT SUM(sgc) AS tp_sum FROM `movesay_user_coin` LIMIT 1   [ RunTime:0.0002s ]
SQL: SELECT SUM(sgcd) AS tp_sum FROM `movesay_user_coin` LIMIT 1   [ RunTime:0.0002s ]
SQL: SELECT SUM(fee) AS tp_sum FROM `movesay_myzr` WHERE ( `addtime` >= 1511020800 AND `addtime` <= 1511107199  ) LIMIT 1   [ RunTime:0.0002s ]
SQL: SELECT SUM(fee) AS tp_sum FROM `movesay_myzc` WHERE ( `addtime` >= 1511020800 AND `addtime` <= 1511107199  ) LIMIT 1   [ RunTime:0.0002s ]
SQL: SELECT * FROM `movesay_coin_json` WHERE `name` = 'sgc' AND `addtime` = 1511107199 LIMIT 1   [ RunTime:0.0002s ]
SQL: INSERT INTO `movesay_coin_json` (`name`,`data`,`addtime`) VALUES ('sgc','[1678223.9,0,null,null]','1511107199') [ RunTime:0.0003s ]
SQL: SELECT * FROM `movesay_coin_json` WHERE `name` = 'sgc' ORDER BY id asc LIMIT 100   [ RunTime:0.0006s ]
INFO: [ view_parse ] --START--
INFO: [ template_filter ] --START--
INFO: Run Behavior\ContentReplaceBehavior [ RunTime:0.000172s ]
INFO: [ template_filter ] --END-- [ RunTime:0.000319s ]
NOTIC: [8] Undefined index: class E:\data\a52jiaoyi\Runtime\Cache\Admin\0854272a61fabc7d7eacf8f9a95b2b75.php 第 30 行.
NOTIC: [8] Undefined index: class E:\data\a52jiaoyi\Runtime\Cache\Admin\0854272a61fabc7d7eacf8f9a95b2b75.php 第 30 行.
NOTIC: [8] Undefined index: class E:\data\a52jiaoyi\Runtime\Cache\Admin\0854272a61fabc7d7eacf8f9a95b2b75.php 第 30 行.
NOTIC: [8] Undefined index: class E:\data\a52jiaoyi\Runtime\Cache\Admin\0854272a61fabc7d7eacf8f9a95b2b75.php 第 30 行.
NOTIC: [8] Undefined index: class E:\data\a52jiaoyi\Runtime\Cache\Admin\0854272a61fabc7d7eacf8f9a95b2b75.php 第 30 行.
NOTIC: [8] Undefined index: class E:\data\a52jiaoyi\Runtime\Cache\Admin\0854272a61fabc7d7eacf8f9a95b2b75.php 第 30 行.
NOTIC: [8] Undefined index: class E:\data\a52jiaoyi\Runtime\Cache\Admin\0854272a61fabc7d7eacf8f9a95b2b75.php 第 30 行.
NOTIC: [8] Undefined index: class E:\data\a52jiaoyi\Runtime\Cache\Admin\0854272a61fabc7d7eacf8f9a95b2b75.php 第 30 行.
NOTIC: [8] Undefined index: class E:\data\a52jiaoyi\Runtime\Cache\Admin\0854272a61fabc7d7eacf8f9a95b2b75.php 第 30 行.
NOTIC: [8] Undefined variable: versionUp E:\data\a52jiaoyi\Runtime\Cache\Admin\0854272a61fabc7d7eacf8f9a95b2b75.php 第 97 行.
INFO: Run Behavior\ParseTemplateBehavior [ RunTime:0.080346s ]
INFO: [ view_parse ] --END-- [ RunTime:0.080439s ]
INFO: [ view_filter ] --START--
INFO: Run Behavior\WriteHtmlCacheBehavior [ RunTime:0.001403s ]
INFO: [ view_filter ] --END-- [ RunTime:0.001558s ]
INFO: [ app_end ] --START--
INFO: Run Behavior\ShowPageTraceBehavior [ RunTime:0.003405s ]
INFO: [ app_end ] --END-- [ RunTime:0.003659s ]

[ 2018-04-02T10:22:21+08:00 ] 127.0.0.1 /Admin/Article/index.html
INFO: [ app_init ] --START--
INFO: Run Behavior\BuildLiteBehavior [ RunTime:0.000013s ]
INFO: [ app_init ] --END-- [ RunTime:0.003794s ]
INFO: [ app_begin ] --START--
INFO: Run Behavior\ReadHtmlCacheBehavior [ RunTime:0.000930s ]
INFO: [ app_begin ] --END-- [ RunTime:0.001027s ]
SQL: SHOW COLUMNS FROM `movesay_config` [ RunTime:0.0237s ]
SQL: SELECT * FROM `movesay_config` WHERE `id` = 1 LIMIT 1   [ RunTime:0.0024s ]
SQL: SHOW COLUMNS FROM `movesay_coin` [ RunTime:0.0220s ]
SQL: SELECT * FROM `movesay_coin` WHERE `status` = 1  [ RunTime:0.0012s ]
SQL: SHOW COLUMNS FROM `movesay_market` [ RunTime:0.0222s ]
SQL: SELECT * FROM `movesay_market` WHERE `status` = 1  [ RunTime:0.0009s ]
SQL: SHOW COLUMNS FROM `movesay_version` [ RunTime:0.0165s ]
SQL: SELECT `name` FROM `movesay_version` WHERE `status` = 0 ORDER BY name desc LIMIT 1   [ RunTime:0.0004s ]
SQL: SHOW COLUMNS FROM `movesay_menu` [ RunTime:0.0116s ]
SQL: SELECT * FROM `movesay_menu` WHERE `pid` = 0 AND `hide` = 0 AND `is_dev` = 0 ORDER BY sort asc  [ RunTime:0.0007s ]
SQL: SELECT `id` FROM `movesay_menu` WHERE ( url like 'Article/index%' ) LIMIT 1   [ RunTime:0.0003s ]
SQL: SHOW COLUMNS FROM `movesay_menu` [ RunTime:0.0100s ]
SQL: SELECT `id`,`pid`,`title` FROM `movesay_menu` WHERE ( id=2 ) LIMIT 1   [ RunTime:0.0003s ]
SQL: SELECT DISTINCT  `group` FROM `movesay_menu` WHERE ( pid = 2 )  [ RunTime:0.0006s ]
SQL: SELECT `id`,`url` FROM `movesay_menu` WHERE `pid` = 2 AND `hide` = 0 AND `is_dev` = 0  [ RunTime:0.0003s ]
SQL: SELECT `id`,`pid`,`title`,`url`,`tip`,`ico_name` FROM `movesay_menu` WHERE `group` = '内容' AND `pid` = 2 AND `hide` = 0 AND `is_dev` = 0 ORDER BY sort asc  [ RunTime:0.0003s ]
SQL: SELECT `id`,`pid`,`title`,`url`,`tip`,`ico_name` FROM `movesay_menu` WHERE `group` = '提示管理' AND `pid` = 2 AND `hide` = 0 AND `is_dev` = 0 ORDER BY sort asc  [ RunTime:0.0003s ]
SQL: SELECT `id`,`pid`,`title`,`url`,`tip`,`ico_name` FROM `movesay_menu` WHERE `group` = '内容管理' AND `pid` = 2 AND `hide` = 0 AND `is_dev` = 0 ORDER BY sort asc  [ RunTime:0.0003s ]
SQL: SHOW COLUMNS FROM `movesay_article` [ RunTime:0.0075s ]
SQL: SELECT COUNT(*) AS tp_count FROM `movesay_article` LIMIT 1   [ RunTime:0.0002s ]
NOTIC: [8] Use of undefined constant LANG_SET - assumed 'LANG_SET' E:\data\a52jiaoyi\ThinkPHP\Library\Think\Page.class.php 第 62 行.
SQL: SELECT * FROM `movesay_article` ORDER BY id desc LIMIT 0,15   [ RunTime:0.0009s ]
SQL: SHOW COLUMNS FROM `movesay_admin` [ RunTime:0.0072s ]
SQL: SELECT `username` FROM `movesay_admin` WHERE `id` = 1 LIMIT 1   [ RunTime:0.0003s ]
SQL: SHOW COLUMNS FROM `movesay_article_type` [ RunTime:0.0196s ]
SQL: SELECT `title` FROM `movesay_article_type` WHERE `name` = 'ccc' LIMIT 1   [ RunTime:0.0003s ]
SQL: SELECT `username` FROM `movesay_admin` WHERE `id` = 1 LIMIT 1   [ RunTime:0.0002s ]
SQL: SELECT `title` FROM `movesay_article_type` WHERE `name` = 'bbb' LIMIT 1   [ RunTime:0.0003s ]
SQL: SELECT `username` FROM `movesay_admin` WHERE `id` = 1 LIMIT 1   [ RunTime:0.0003s ]
SQL: SELECT `title` FROM `movesay_article_type` WHERE `name` = 'bbb' LIMIT 1   [ RunTime:0.0004s ]
SQL: SELECT `username` FROM `movesay_admin` WHERE `id` = 1 LIMIT 1   [ RunTime:0.0002s ]
SQL: SELECT `title` FROM `movesay_article_type` WHERE `name` = 'bbb' LIMIT 1   [ RunTime:0.0002s ]
SQL: SELECT `username` FROM `movesay_admin` WHERE `id` = 1 LIMIT 1   [ RunTime:0.0002s ]
SQL: SELECT `title` FROM `movesay_article_type` WHERE `name` = 'bbb' LIMIT 1   [ RunTime:0.0002s ]
SQL: SELECT `username` FROM `movesay_admin` WHERE `id` = 1 LIMIT 1   [ RunTime:0.0002s ]
SQL: SELECT `title` FROM `movesay_article_type` WHERE `name` = 'bbb' LIMIT 1   [ RunTime:0.0002s ]
SQL: SELECT `username` FROM `movesay_admin` WHERE `id` = 1 LIMIT 1   [ RunTime:0.0002s ]
SQL: SELECT `title` FROM `movesay_article_type` WHERE `name` = 'bbb' LIMIT 1   [ RunTime:0.0002s ]
SQL: SELECT `username` FROM `movesay_admin` WHERE `id` = 1 LIMIT 1   [ RunTime:0.0002s ]
SQL: SELECT `title` FROM `movesay_article_type` WHERE `name` = 'aaa' LIMIT 1   [ RunTime:0.0002s ]
INFO: [ view_parse ] --START--
INFO: [ template_filter ] --START--
INFO: Run Behavior\ContentReplaceBehavior [ RunTime:0.000099s ]
INFO: [ template_filter ] --END-- [ RunTime:0.000200s ]
NOTIC: [8] Undefined index: class E:\data\a52jiaoyi\Runtime\Cache\Admin\7a4184ffe8f804b12b2e7f8851dd8f7d.php 第 30 行.
NOTIC: [8] Undefined index: class E:\data\a52jiaoyi\Runtime\Cache\Admin\7a4184ffe8f804b12b2e7f8851dd8f7d.php 第 30 行.
NOTIC: [8] Undefined index: class E:\data\a52jiaoyi\Runtime\Cache\Admin\7a4184ffe8f804b12b2e7f8851dd8f7d.php 第 30 行.
NOTIC: [8] Undefined index: class E:\data\a52jiaoyi\Runtime\Cache\Admin\7a4184ffe8f804b12b2e7f8851dd8f7d.php 第 30 行.
NOTIC: [8] Undefined index: class E:\data\a52jiaoyi\Runtime\Cache\Admin\7a4184ffe8f804b12b2e7f8851dd8f7d.php 第 30 行.
NOTIC: [8] Undefined index: class E:\data\a52jiaoyi\Runtime\Cache\Admin\7a4184ffe8f804b12b2e7f8851dd8f7d.php 第 30 行.
NOTIC: [8] Undefined index: class E:\data\a52jiaoyi\Runtime\Cache\Admin\7a4184ffe8f804b12b2e7f8851dd8f7d.php 第 30 行.
NOTIC: [8] Undefined index: class E:\data\a52jiaoyi\Runtime\Cache\Admin\7a4184ffe8f804b12b2e7f8851dd8f7d.php 第 30 行.
NOTIC: [8] Undefined index: class E:\data\a52jiaoyi\Runtime\Cache\Admin\7a4184ffe8f804b12b2e7f8851dd8f7d.php 第 30 行.
NOTIC: [8] Undefined variable: versionUp E:\data\a52jiaoyi\Runtime\Cache\Admin\7a4184ffe8f804b12b2e7f8851dd8f7d.php 第 97 行.
NOTIC: [8] Undefined index: status E:\data\a52jiaoyi\Runtime\Cache\Admin\7a4184ffe8f804b12b2e7f8851dd8f7d.php 第 138 行.
NOTIC: [8] Undefined index: status E:\data\a52jiaoyi\Runtime\Cache\Admin\7a4184ffe8f804b12b2e7f8851dd8f7d.php 第 141 行.
NOTIC: [8] Undefined index: field E:\data\a52jiaoyi\Runtime\Cache\Admin\7a4184ffe8f804b12b2e7f8851dd8f7d.php 第 146 行.
NOTIC: [8] Undefined index: name E:\data\a52jiaoyi\Runtime\Cache\Admin\7a4184ffe8f804b12b2e7f8851dd8f7d.php 第 149 行.
INFO: Run Behavior\ParseTemplateBehavior [ RunTime:0.043837s ]
INFO: [ view_parse ] --END-- [ RunTime:0.043991s ]
INFO: [ view_filter ] --START--
INFO: Run Behavior\WriteHtmlCacheBehavior [ RunTime:0.002137s ]
INFO: [ view_filter ] --END-- [ RunTime:0.002290s ]
INFO: [ app_end ] --START--
INFO: Run Behavior\ShowPageTraceBehavior [ RunTime:0.002515s ]
INFO: [ app_end ] --END-- [ RunTime:0.002701s ]

[ 2018-04-02T10:22:25+08:00 ] 127.0.0.1 /Admin/Operate/index.html
INFO: [ app_init ] --START--
INFO: Run Behavior\BuildLiteBehavior [ RunTime:0.000012s ]
INFO: [ app_init ] --END-- [ RunTime:0.003424s ]
INFO: [ app_begin ] --START--
INFO: Run Behavior\ReadHtmlCacheBehavior [ RunTime:0.000862s ]
INFO: [ app_begin ] --END-- [ RunTime:0.000962s ]
SQL: SHOW COLUMNS FROM `movesay_config` [ RunTime:0.0239s ]
SQL: SELECT * FROM `movesay_config` WHERE `id` = 1 LIMIT 1   [ RunTime:0.0023s ]
SQL: SHOW COLUMNS FROM `movesay_coin` [ RunTime:0.0159s ]
SQL: SELECT * FROM `movesay_coin` WHERE `status` = 1  [ RunTime:0.0006s ]
SQL: SHOW COLUMNS FROM `movesay_market` [ RunTime:0.0114s ]
SQL: SELECT * FROM `movesay_market` WHERE `status` = 1  [ RunTime:0.0005s ]
SQL: SHOW COLUMNS FROM `movesay_version` [ RunTime:0.0116s ]
SQL: SELECT `name` FROM `movesay_version` WHERE `status` = 0 ORDER BY name desc LIMIT 1   [ RunTime:0.0004s ]
SQL: SHOW COLUMNS FROM `movesay_menu` [ RunTime:0.0111s ]
SQL: SELECT * FROM `movesay_menu` WHERE `pid` = 0 AND `hide` = 0 AND `is_dev` = 0 ORDER BY sort asc  [ RunTime:0.0007s ]
SQL: SELECT `id` FROM `movesay_menu` WHERE ( url like 'Operate/index%' ) LIMIT 1   [ RunTime:0.0003s ]
SQL: SHOW COLUMNS FROM `movesay_menu` [ RunTime:0.0118s ]
SQL: SELECT `id`,`pid`,`title` FROM `movesay_menu` WHERE ( id=8 ) LIMIT 1   [ RunTime:0.0004s ]
SQL: SELECT DISTINCT  `group` FROM `movesay_menu` WHERE ( pid = 8 )  [ RunTime:0.0009s ]
SQL: SELECT `id`,`url` FROM `movesay_menu` WHERE `pid` = 8 AND `hide` = 0 AND `is_dev` = 0  [ RunTime:0.0004s ]
SQL: SELECT `id`,`pid`,`title`,`url`,`tip`,`ico_name` FROM `movesay_menu` WHERE `group` = '推广管理' AND `pid` = 8 AND `hide` = 0 AND `is_dev` = 0 ORDER BY sort asc  [ RunTime:0.0005s ]
SQL: SELECT `id`,`pid`,`title`,`url`,`tip`,`ico_name` FROM `movesay_menu` WHERE `group` = '运营' AND `pid` = 8 AND `hide` = 0 AND `is_dev` = 0 ORDER BY sort asc  [ RunTime:0.0004s ]
SQL: SELECT `id`,`pid`,`title`,`url`,`tip`,`ico_name` FROM `movesay_menu` WHERE `group` = 'APP管理' AND `pid` = 8 AND `hide` = 0 AND `is_dev` = 0 ORDER BY sort asc  [ RunTime:0.0005s ]
SQL: SHOW COLUMNS FROM `movesay_invit` [ RunTime:0.0289s ]
NOTIC: [8] Undefined variable: where E:\data\a52jiaoyi\Application\Admin\Controller\OperateController.class.php 第 24 行.
SQL: SELECT COUNT(*) AS tp_count FROM `movesay_invit` LIMIT 1   [ RunTime:0.0004s ]
NOTIC: [8] Use of undefined constant LANG_SET - assumed 'LANG_SET' E:\data\a52jiaoyi\ThinkPHP\Library\Think\Page.class.php 第 62 行.
NOTIC: [8] Undefined variable: where E:\data\a52jiaoyi\Application\Admin\Controller\OperateController.class.php 第 27 行.
SQL: SELECT * FROM `movesay_invit` ORDER BY id desc LIMIT 0,15   [ RunTime:0.0004s ]
INFO: [ view_parse ] --START--
INFO: [ template_filter ] --START--
INFO: Run Behavior\ContentReplaceBehavior [ RunTime:0.000400s ]
INFO: [ template_filter ] --END-- [ RunTime:0.000742s ]
NOTIC: [8] Undefined index: class E:\data\a52jiaoyi\Runtime\Cache\Admin\660d29c550558b2d159f6936d1031408.php 第 30 行.
NOTIC: [8] Undefined index: class E:\data\a52jiaoyi\Runtime\Cache\Admin\660d29c550558b2d159f6936d1031408.php 第 30 行.
NOTIC: [8] Undefined index: class E:\data\a52jiaoyi\Runtime\Cache\Admin\660d29c550558b2d159f6936d1031408.php 第 30 行.
NOTIC: [8] Undefined index: class E:\data\a52jiaoyi\Runtime\Cache\Admin\660d29c550558b2d159f6936d1031408.php 第 30 行.
NOTIC: [8] Undefined index: class E:\data\a52jiaoyi\Runtime\Cache\Admin\660d29c550558b2d159f6936d1031408.php 第 30 行.
NOTIC: [8] Undefined index: class E:\data\a52jiaoyi\Runtime\Cache\Admin\660d29c550558b2d159f6936d1031408.php 第 30 行.
NOTIC: [8] Undefined index: class E:\data\a52jiaoyi\Runtime\Cache\Admin\660d29c550558b2d159f6936d1031408.php 第 30 行.
NOTIC: [8] Undefined index: class E:\data\a52jiaoyi\Runtime\Cache\Admin\660d29c550558b2d159f6936d1031408.php 第 30 行.
NOTIC: [8] Undefined index: class E:\data\a52jiaoyi\Runtime\Cache\Admin\660d29c550558b2d159f6936d1031408.php 第 30 行.
NOTIC: [8] Undefined variable: versionUp E:\data\a52jiaoyi\Runtime\Cache\Admin\660d29c550558b2d159f6936d1031408.php 第 97 行.
NOTIC: [8] Undefined variable: name E:\data\a52jiaoyi\Runtime\Cache\Admin\660d29c550558b2d159f6936d1031408.php 第 129 行.
INFO: Run Behavior\ParseTemplateBehavior [ RunTime:0.080883s ]
INFO: [ view_parse ] --END-- [ RunTime:0.081085s ]
INFO: [ view_filter ] --START--
INFO: Run Behavior\WriteHtmlCacheBehavior [ RunTime:0.002179s ]
INFO: [ view_filter ] --END-- [ RunTime:0.002396s ]
INFO: [ app_end ] --START--
INFO: Run Behavior\ShowPageTraceBehavior [ RunTime:0.002642s ]
INFO: [ app_end ] --END-- [ RunTime:0.002853s ]

[ 2018-04-02T10:22:28+08:00 ] 127.0.0.1 /Admin/Config/index.html
INFO: [ app_init ] --START--
INFO: Run Behavior\BuildLiteBehavior [ RunTime:0.000021s ]
INFO: [ app_init ] --END-- [ RunTime:0.003796s ]
INFO: [ app_begin ] --START--
INFO: Run Behavior\ReadHtmlCacheBehavior [ RunTime:0.000867s ]
INFO: [ app_begin ] --END-- [ RunTime:0.000967s ]
SQL: SHOW COLUMNS FROM `movesay_config` [ RunTime:0.0238s ]
SQL: SELECT * FROM `movesay_config` WHERE `id` = 1 LIMIT 1   [ RunTime:0.0023s ]
SQL: SHOW COLUMNS FROM `movesay_coin` [ RunTime:0.0205s ]
SQL: SELECT * FROM `movesay_coin` WHERE `status` = 1  [ RunTime:0.0006s ]
SQL: SHOW COLUMNS FROM `movesay_market` [ RunTime:0.0113s ]
SQL: SELECT * FROM `movesay_market` WHERE `status` = 1  [ RunTime:0.0006s ]
SQL: SHOW COLUMNS FROM `movesay_version` [ RunTime:0.0099s ]
SQL: SELECT `name` FROM `movesay_version` WHERE `status` = 0 ORDER BY name desc LIMIT 1   [ RunTime:0.0003s ]
SQL: SHOW COLUMNS FROM `movesay_menu` [ RunTime:0.0071s ]
SQL: SELECT * FROM `movesay_menu` WHERE `pid` = 0 AND `hide` = 0 AND `is_dev` = 0 ORDER BY sort asc  [ RunTime:0.0004s ]
SQL: SELECT `id` FROM `movesay_menu` WHERE ( url like 'Config/index%' ) LIMIT 1   [ RunTime:0.0002s ]
SQL: SHOW COLUMNS FROM `movesay_menu` [ RunTime:0.0074s ]
SQL: SELECT `id`,`pid`,`title` FROM `movesay_menu` WHERE ( id=7 ) LIMIT 1   [ RunTime:0.0003s ]
SQL: SELECT DISTINCT  `group` FROM `movesay_menu` WHERE ( pid = 7 )  [ RunTime:0.0005s ]
SQL: SELECT `id`,`url` FROM `movesay_menu` WHERE `pid` = 7 AND `hide` = 0 AND `is_dev` = 0  [ RunTime:0.0003s ]
SQL: SELECT `id`,`pid`,`title`,`url`,`tip`,`ico_name` FROM `movesay_menu` WHERE `group` = '设置' AND `pid` = 7 AND `hide` = 0 AND `is_dev` = 0 ORDER BY sort asc  [ RunTime:0.0003s ]
SQL: SELECT `id`,`pid`,`title`,`url`,`tip`,`ico_name` FROM `movesay_menu` WHERE `group` = '开发组' AND `pid` = 7 AND `hide` = 0 AND `is_dev` = 0 ORDER BY sort asc  [ RunTime:0.0003s ]
SQL: SELECT * FROM `movesay_config` WHERE `id` = 1 LIMIT 1   [ RunTime:0.0007s ]
INFO: [ view_parse ] --START--
INFO: [ template_filter ] --START--
INFO: Run Behavior\ContentReplaceBehavior [ RunTime:0.000825s ]
INFO: [ template_filter ] --END-- [ RunTime:0.001204s ]
NOTIC: [8] Undefined index: class E:\data\a52jiaoyi\Runtime\Cache\Admin\9bb5e7ead1bbec7c3d970a481af28a6e.php 第 30 行.
NOTIC: [8] Undefined index: class E:\data\a52jiaoyi\Runtime\Cache\Admin\9bb5e7ead1bbec7c3d970a481af28a6e.php 第 30 行.
NOTIC: [8] Undefined index: class E:\data\a52jiaoyi\Runtime\Cache\Admin\9bb5e7ead1bbec7c3d970a481af28a6e.php 第 30 行.
NOTIC: [8] Undefined index: class E:\data\a52jiaoyi\Runtime\Cache\Admin\9bb5e7ead1bbec7c3d970a481af28a6e.php 第 30 行.
NOTIC: [8] Undefined index: class E:\data\a52jiaoyi\Runtime\Cache\Admin\9bb5e7ead1bbec7c3d970a481af28a6e.php 第 30 行.
NOTIC: [8] Undefined index: class E:\data\a52jiaoyi\Runtime\Cache\Admin\9bb5e7ead1bbec7c3d970a481af28a6e.php 第 30 行.
NOTIC: [8] Undefined index: class E:\data\a52jiaoyi\Runtime\Cache\Admin\9bb5e7ead1bbec7c3d970a481af28a6e.php 第 30 行.
NOTIC: [8] Undefined index: class E:\data\a52jiaoyi\Runtime\Cache\Admin\9bb5e7ead1bbec7c3d970a481af28a6e.php 第 30 行.
NOTIC: [8] Undefined index: class E:\data\a52jiaoyi\Runtime\Cache\Admin\9bb5e7ead1bbec7c3d970a481af28a6e.php 第 30 行.
NOTIC: [8] Undefined variable: versionUp E:\data\a52jiaoyi\Runtime\Cache\Admin\9bb5e7ead1bbec7c3d970a481af28a6e.php 第 97 行.
INFO: Run Behavior\ParseTemplateBehavior [ RunTime:0.072734s ]
INFO: [ view_parse ] --END-- [ RunTime:0.072981s ]
INFO: [ view_filter ] --START--
INFO: Run Behavior\WriteHtmlCacheBehavior [ RunTime:0.004054s ]
INFO: [ view_filter ] --END-- [ RunTime:0.004362s ]
INFO: [ app_end ] --START--
INFO: Run Behavior\ShowPageTraceBehavior [ RunTime:0.003159s ]
INFO: [ app_end ] --END-- [ RunTime:0.003389s ]

[ 2018-04-02T10:22:33+08:00 ] 127.0.0.1 /Admin/Game/index.html
INFO: [ app_init ] --START--
INFO: Run Behavior\BuildLiteBehavior [ RunTime:0.000012s ]
INFO: [ app_init ] --END-- [ RunTime:0.003562s ]
INFO: [ app_begin ] --START--
INFO: Run Behavior\ReadHtmlCacheBehavior [ RunTime:0.000872s ]
INFO: [ app_begin ] --END-- [ RunTime:0.000965s ]
SQL: SHOW COLUMNS FROM `movesay_config` [ RunTime:0.0241s ]
SQL: SELECT * FROM `movesay_config` WHERE `id` = 1 LIMIT 1   [ RunTime:0.0022s ]
SQL: SHOW COLUMNS FROM `movesay_coin` [ RunTime:0.0179s ]
SQL: SELECT * FROM `movesay_coin` WHERE `status` = 1  [ RunTime:0.0007s ]
SQL: SHOW COLUMNS FROM `movesay_market` [ RunTime:0.0133s ]
SQL: SELECT * FROM `movesay_market` WHERE `status` = 1  [ RunTime:0.0004s ]
SQL: SHOW COLUMNS FROM `movesay_version` [ RunTime:0.0071s ]
SQL: SELECT `name` FROM `movesay_version` WHERE `status` = 0 ORDER BY name desc LIMIT 1   [ RunTime:0.0002s ]
SQL: SHOW COLUMNS FROM `movesay_menu` [ RunTime:0.0072s ]
SQL: SELECT * FROM `movesay_menu` WHERE `pid` = 0 AND `hide` = 0 AND `is_dev` = 0 ORDER BY sort asc  [ RunTime:0.0005s ]
SQL: SELECT `id` FROM `movesay_menu` WHERE ( url like 'Game/index%' ) LIMIT 1   [ RunTime:0.0002s ]
SQL: SHOW COLUMNS FROM `movesay_menu` [ RunTime:0.0075s ]
SQL: SELECT `id`,`pid`,`title` FROM `movesay_menu` WHERE ( id=6 ) LIMIT 1   [ RunTime:0.0002s ]
SQL: SELECT DISTINCT  `group` FROM `movesay_menu` WHERE ( pid = 6 )  [ RunTime:0.0006s ]
SQL: SELECT `id`,`url` FROM `movesay_menu` WHERE `pid` = 6 AND `hide` = 0 AND `is_dev` = 0  [ RunTime:0.0003s ]
SQL: SELECT `id`,`pid`,`title`,`url`,`tip`,`ico_name` FROM `movesay_menu` WHERE `group` = '商城管理' AND `pid` = 6 AND `hide` = 0 AND `is_dev` = 0 ORDER BY sort asc  [ RunTime:0.0004s ]
SQL: SELECT `id`,`pid`,`title`,`url`,`tip`,`ico_name` FROM `movesay_menu` WHERE `group` = '认购管理' AND `pid` = 6 AND `hide` = 0 AND `is_dev` = 0 ORDER BY sort asc  [ RunTime:0.0004s ]
SQL: SELECT `id`,`pid`,`title`,`url`,`tip`,`ico_name` FROM `movesay_menu` WHERE `group` = '分红管理' AND `pid` = 6 AND `hide` = 0 AND `is_dev` = 0 ORDER BY sort asc  [ RunTime:0.0003s ]
SQL: SELECT `id`,`pid`,`title`,`url`,`tip`,`ico_name` FROM `movesay_menu` WHERE `group` = '话费充值' AND `pid` = 6 AND `hide` = 0 AND `is_dev` = 0 ORDER BY sort asc  [ RunTime:0.0004s ]
SQL: SELECT `id`,`pid`,`title`,`url`,`tip`,`ico_name` FROM `movesay_menu` WHERE `group` = '理财管理' AND `pid` = 6 AND `hide` = 0 AND `is_dev` = 0 ORDER BY sort asc  [ RunTime:0.0004s ]
SQL: SHOW COLUMNS FROM `movesay_version_game` [ RunTime:0.0226s ]
SQL: SELECT `name` FROM `movesay_version_game` WHERE `status` = 1 LIMIT 1   [ RunTime:0.0074s ]

[ 2018-04-02T10:22:35+08:00 ] 127.0.0.1 /Admin/Shop/index.html
INFO: [ app_init ] --START--
INFO: Run Behavior\BuildLiteBehavior [ RunTime:0.000011s ]
INFO: [ app_init ] --END-- [ RunTime:0.003424s ]
INFO: [ app_begin ] --START--
INFO: Run Behavior\ReadHtmlCacheBehavior [ RunTime:0.000882s ]
INFO: [ app_begin ] --END-- [ RunTime:0.000978s ]
SQL: SHOW COLUMNS FROM `movesay_config` [ RunTime:0.0240s ]
SQL: SELECT * FROM `movesay_config` WHERE `id` = 1 LIMIT 1   [ RunTime:0.0016s ]
SQL: SHOW COLUMNS FROM `movesay_coin` [ RunTime:0.0142s ]
SQL: SELECT * FROM `movesay_coin` WHERE `status` = 1  [ RunTime:0.0007s ]
SQL: SHOW COLUMNS FROM `movesay_market` [ RunTime:0.0107s ]
SQL: SELECT * FROM `movesay_market` WHERE `status` = 1  [ RunTime:0.0004s ]
SQL: SHOW COLUMNS FROM `movesay_version` [ RunTime:0.0085s ]
SQL: SELECT `name` FROM `movesay_version` WHERE `status` = 0 ORDER BY name desc LIMIT 1   [ RunTime:0.0003s ]
SQL: SHOW COLUMNS FROM `movesay_menu` [ RunTime:0.0083s ]
SQL: SELECT * FROM `movesay_menu` WHERE `pid` = 0 AND `hide` = 0 AND `is_dev` = 0 ORDER BY sort asc  [ RunTime:0.0005s ]
SQL: SELECT `id` FROM `movesay_menu` WHERE ( url like 'Shop/index%' ) LIMIT 1   [ RunTime:0.0004s ]
SQL: SHOW COLUMNS FROM `movesay_menu` [ RunTime:0.0074s ]
SQL: SELECT `id`,`pid`,`title` FROM `movesay_menu` WHERE ( id=425 ) LIMIT 1   [ RunTime:0.0002s ]
SQL: SELECT `id`,`pid`,`title` FROM `movesay_menu` WHERE ( id=6 ) LIMIT 1   [ RunTime:0.0002s ]
SQL: SELECT DISTINCT  `group` FROM `movesay_menu` WHERE ( pid = 6 )  [ RunTime:0.0005s ]
SQL: SELECT `id`,`url` FROM `movesay_menu` WHERE `pid` = 6 AND `hide` = 0 AND `is_dev` = 0  [ RunTime:0.0003s ]
SQL: SELECT `id`,`pid`,`title`,`url`,`tip`,`ico_name` FROM `movesay_menu` WHERE `group` = '商城管理' AND `pid` = 6 AND `hide` = 0 AND `is_dev` = 0 ORDER BY sort asc  [ RunTime:0.0004s ]
SQL: SELECT `id`,`pid`,`title`,`url`,`tip`,`ico_name` FROM `movesay_menu` WHERE `group` = '认购管理' AND `pid` = 6 AND `hide` = 0 AND `is_dev` = 0 ORDER BY sort asc  [ RunTime:0.0004s ]
SQL: SELECT `id`,`pid`,`title`,`url`,`tip`,`ico_name` FROM `movesay_menu` WHERE `group` = '分红管理' AND `pid` = 6 AND `hide` = 0 AND `is_dev` = 0 ORDER BY sort asc  [ RunTime:0.0003s ]
SQL: SELECT `id`,`pid`,`title`,`url`,`tip`,`ico_name` FROM `movesay_menu` WHERE `group` = '话费充值' AND `pid` = 6 AND `hide` = 0 AND `is_dev` = 0 ORDER BY sort asc  [ RunTime:0.0003s ]
SQL: SELECT `id`,`pid`,`title`,`url`,`tip`,`ico_name` FROM `movesay_menu` WHERE `group` = '理财管理' AND `pid` = 6 AND `hide` = 0 AND `is_dev` = 0 ORDER BY sort asc  [ RunTime:0.0003s ]
SQL: SHOW COLUMNS FROM `movesay_shop` [ RunTime:0.0773s ]
SQL: SHOW COLUMNS FROM `movesay_shop_type` [ RunTime:0.0417s ]
SQL: SELECT * FROM `movesay_shop_type` WHERE `status` = 1  [ RunTime:0.0004s ]
SQL: SHOW COLUMNS FROM `movesay_shop` [ RunTime:0.0082s ]
SQL: SELECT * FROM `movesay_shop` WHERE `status` >= 0 ORDER BY id desc LIMIT 0,15   [ RunTime:0.0233s ]
SQL: SELECT COUNT(*) AS tp_count FROM `movesay_shop` WHERE `status` >= 0 LIMIT 1   [ RunTime:0.0004s ]
NOTIC: [8] Constant UID already defined E:\data\a52jiaoyi\Application\Admin\Controller\AdminController.class.php 第 41 行.
SQL: SELECT * FROM `movesay_config` WHERE `id` = 1 LIMIT 1   [ RunTime:0.0010s ]
SQL: SELECT * FROM `movesay_coin` WHERE `status` = 1  [ RunTime:0.0004s ]
SQL: SELECT * FROM `movesay_market` WHERE `status` = 1  [ RunTime:0.0004s ]
SQL: SELECT `name` FROM `movesay_version` WHERE `status` = 0 ORDER BY name desc LIMIT 1   [ RunTime:0.0003s ]
NOTIC: [8] Constant IS_ROOT already defined E:\data\a52jiaoyi\Application\Admin\Controller\AdminController.class.php 第 117 行.
SQL: SELECT * FROM `movesay_menu` WHERE `pid` = 0 AND `hide` = 0 AND `is_dev` = 0 ORDER BY sort asc  [ RunTime:0.0005s ]
SQL: SELECT `id` FROM `movesay_menu` WHERE ( url like 'Shop/index%' ) LIMIT 1   [ RunTime:0.0003s ]
SQL: SELECT `id`,`pid`,`title` FROM `movesay_menu` WHERE ( id=425 ) LIMIT 1   [ RunTime:0.0003s ]
SQL: SELECT `id`,`pid`,`title` FROM `movesay_menu` WHERE ( id=6 ) LIMIT 1   [ RunTime:0.0002s ]
SQL: SELECT DISTINCT  `group` FROM `movesay_menu` WHERE ( pid = 6 )  [ RunTime:0.0009s ]
SQL: SELECT `id`,`url` FROM `movesay_menu` WHERE `pid` = 6 AND `hide` = 0 AND `is_dev` = 0  [ RunTime:0.0005s ]
SQL: SELECT `id`,`pid`,`title`,`url`,`tip`,`ico_name` FROM `movesay_menu` WHERE `group` = '商城管理' AND `pid` = 6 AND `hide` = 0 AND `is_dev` = 0 ORDER BY sort asc  [ RunTime:0.0010s ]
SQL: SELECT `id`,`pid`,`title`,`url`,`tip`,`ico_name` FROM `movesay_menu` WHERE `group` = '认购管理' AND `pid` = 6 AND `hide` = 0 AND `is_dev` = 0 ORDER BY sort asc  [ RunTime:0.0008s ]
SQL: SELECT `id`,`pid`,`title`,`url`,`tip`,`ico_name` FROM `movesay_menu` WHERE `group` = '分红管理' AND `pid` = 6 AND `hide` = 0 AND `is_dev` = 0 ORDER BY sort asc  [ RunTime:0.0008s ]
SQL: SELECT `id`,`pid`,`title`,`url`,`tip`,`ico_name` FROM `movesay_menu` WHERE `group` = '话费充值' AND `pid` = 6 AND `hide` = 0 AND `is_dev` = 0 ORDER BY sort asc  [ RunTime:0.0008s ]
SQL: SELECT `id`,`pid`,`title`,`url`,`tip`,`ico_name` FROM `movesay_menu` WHERE `group` = '理财管理' AND `pid` = 6 AND `hide` = 0 AND `is_dev` = 0 ORDER BY sort asc  [ RunTime:0.0008s ]
NOTIC: [8] Undefined index: yifu E:\data\a52jiaoyi\Application\Admin\Controller\BuilderList.class.php 第 496 行.
NOTIC: [8] Undefined index: qita E:\data\a52jiaoyi\Application\Admin\Controller\BuilderList.class.php 第 496 行.
NOTIC: [8] Undefined index: qita E:\data\a52jiaoyi\Application\Admin\Controller\BuilderList.class.php 第 496 行.
NOTIC: [8] Undefined index: qita E:\data\a52jiaoyi\Application\Admin\Controller\BuilderList.class.php 第 496 行.
NOTIC: [8] Undefined index: qita E:\data\a52jiaoyi\Application\Admin\Controller\BuilderList.class.php 第 496 行.
NOTIC: [8] Undefined index: qita E:\data\a52jiaoyi\Application\Admin\Controller\BuilderList.class.php 第 496 行.
NOTIC: [8] Undefined index: qita E:\data\a52jiaoyi\Application\Admin\Controller\BuilderList.class.php 第 496 行.
NOTIC: [8] Undefined index: qita E:\data\a52jiaoyi\Application\Admin\Controller\BuilderList.class.php 第 496 行.
NOTIC: [8] Undefined index: qita E:\data\a52jiaoyi\Application\Admin\Controller\BuilderList.class.php 第 496 行.
NOTIC: [8] Undefined index: qita E:\data\a52jiaoyi\Application\Admin\Controller\BuilderList.class.php 第 496 行.
NOTIC: [8] Undefined index: qita E:\data\a52jiaoyi\Application\Admin\Controller\BuilderList.class.php 第 496 行.
NOTIC: [8] Undefined index: qita E:\data\a52jiaoyi\Application\Admin\Controller\BuilderList.class.php 第 496 行.
NOTIC: [8] Undefined index: qita E:\data\a52jiaoyi\Application\Admin\Controller\BuilderList.class.php 第 496 行.
INFO: [ view_parse ] --START--
INFO: Run Behavior\ParseTemplateBehavior [ RunTime:0.003583s ]
INFO: [ view_parse ] --END-- [ RunTime:0.003913s ]
INFO: [ view_filter ] --START--
INFO: Run Behavior\WriteHtmlCacheBehavior [ RunTime:0.003124s ]
INFO: [ view_filter ] --END-- [ RunTime:0.003372s ]
INFO: [ view_parse ] --START--
INFO: Run Behavior\ParseTemplateBehavior [ RunTime:0.025293s ]
INFO: [ view_parse ] --END-- [ RunTime:-0.003808s ]
INFO: [ view_filter ] --START--
INFO: Run Behavior\WriteHtmlCacheBehavior [ RunTime:0.000030s ]
INFO: [ view_filter ] --END-- [ RunTime:-0.026015s ]
INFO: [ view_parse ] --START--
INFO: Run Behavior\ParseTemplateBehavior [ RunTime:0.004307s ]
INFO: [ view_parse ] --END-- [ RunTime:-0.029997s ]
INFO: [ view_filter ] --START--
INFO: Run Behavior\WriteHtmlCacheBehavior [ RunTime:0.000030s ]
INFO: [ view_filter ] --END-- [ RunTime:-0.031196s ]
INFO: [ view_parse ] --START--
INFO: Run Behavior\ParseTemplateBehavior [ RunTime:0.003625s ]
INFO: [ view_parse ] --END-- [ RunTime:-0.035177s ]
INFO: [ view_filter ] --START--
INFO: Run Behavior\WriteHtmlCacheBehavior [ RunTime:0.000027s ]
INFO: [ view_filter ] --END-- [ RunTime:-0.035655s ]
INFO: [ view_parse ] --START--
INFO: Run Behavior\ParseTemplateBehavior [ RunTime:0.003609s ]
INFO: [ view_parse ] --END-- [ RunTime:-0.039604s ]
INFO: [ view_filter ] --START--
INFO: Run Behavior\WriteHtmlCacheBehavior [ RunTime:0.000028s ]
INFO: [ view_filter ] --END-- [ RunTime:-0.040079s ]
INFO: [ view_parse ] --START--
INFO: Run Behavior\ParseTemplateBehavior [ RunTime:0.004279s ]
INFO: [ view_parse ] --END-- [ RunTime:-0.044139s ]
INFO: [ view_filter ] --START--
INFO: Run Behavior\WriteHtmlCacheBehavior [ RunTime:0.000030s ]
INFO: [ view_filter ] --END-- [ RunTime:-0.045355s ]
INFO: [ view_parse ] --START--
INFO: Run Behavior\ParseTemplateBehavior [ RunTime:0.004321s ]
INFO: [ view_parse ] --END-- [ RunTime:-0.049354s ]
INFO: [ view_filter ] --START--
INFO: Run Behavior\WriteHtmlCacheBehavior [ RunTime:0.000030s ]
INFO: [ view_filter ] --END-- [ RunTime:-0.050611s ]
INFO: [ view_parse ] --START--
INFO: Run Behavior\ParseTemplateBehavior [ RunTime:0.003336s ]
INFO: [ view_parse ] --END-- [ RunTime:-0.054586s ]
INFO: [ view_filter ] --START--
INFO: Run Behavior\WriteHtmlCacheBehavior [ RunTime:0.000028s ]
INFO: [ view_filter ] --END-- [ RunTime:-0.054776s ]
INFO: [ view_parse ] --START--
INFO: Run Behavior\ParseTemplateBehavior [ RunTime:0.003778s ]
INFO: [ view_parse ] --END-- [ RunTime:-0.058721s ]
INFO: [ view_filter ] --START--
INFO: Run Behavior\WriteHtmlCacheBehavior [ RunTime:0.000030s ]
INFO: [ view_filter ] --END-- [ RunTime:-0.059379s ]
INFO: [ view_parse ] --START--
INFO: Run Behavior\ParseTemplateBehavior [ RunTime:0.003826s ]
INFO: [ view_parse ] --END-- [ RunTime:-0.063352s ]
INFO: [ view_filter ] --START--
INFO: Run Behavior\WriteHtmlCacheBehavior [ RunTime:0.000031s ]
INFO: [ view_filter ] --END-- [ RunTime:-0.064166s ]
INFO: [ view_parse ] --START--
INFO: Run Behavior\ParseTemplateBehavior [ RunTime:0.003664s ]
INFO: [ view_parse ] --END-- [ RunTime:-0.068218s ]
INFO: [ view_filter ] --START--
INFO: Run Behavior\WriteHtmlCacheBehavior [ RunTime:0.000029s ]
INFO: [ view_filter ] --END-- [ RunTime:-0.068761s ]
INFO: [ view_parse ] --START--
INFO: Run Behavior\ParseTemplateBehavior [ RunTime:0.003009s ]
INFO: [ view_parse ] --END-- [ RunTime:-0.072735s ]
INFO: [ view_filter ] --START--
INFO: Run Behavior\WriteHtmlCacheBehavior [ RunTime:0.000016s ]
INFO: [ view_filter ] --END-- [ RunTime:-0.072505s ]
INFO: [ view_parse ] --START--
INFO: Run Behavior\ParseTemplateBehavior [ RunTime:0.001970s ]
INFO: [ view_parse ] --END-- [ RunTime:-0.076255s ]
INFO: [ view_filter ] --START--
INFO: Run Behavior\WriteHtmlCacheBehavior [ RunTime:0.000017s ]
INFO: [ view_filter ] --END-- [ RunTime:-0.074940s ]
INFO: [ view_parse ] --START--
INFO: Run Behavior\ParseTemplateBehavior [ RunTime:0.002063s ]
INFO: [ view_parse ] --END-- [ RunTime:-0.078686s ]
INFO: [ view_filter ] --START--
INFO: Run Behavior\WriteHtmlCacheBehavior [ RunTime:0.000016s ]
INFO: [ view_filter ] --END-- [ RunTime:-0.077476s ]
INFO: [ view_parse ] --START--
INFO: Run Behavior\ParseTemplateBehavior [ RunTime:0.002029s ]
INFO: [ view_parse ] --END-- [ RunTime:-0.081219s ]
INFO: [ view_filter ] --START--
INFO: Run Behavior\WriteHtmlCacheBehavior [ RunTime:0.000028s ]
INFO: [ view_filter ] --END-- [ RunTime:-0.080000s ]
NOTIC: [8] Use of undefined constant LANG_SET - assumed 'LANG_SET' E:\data\a52jiaoyi\ThinkPHP\Library\Think\Page.class.php 第 62 行.
INFO: [ view_parse ] --START--
INFO: [ template_filter ] --START--
INFO: Run Behavior\ContentReplaceBehavior [ RunTime:0.000206s ]
INFO: [ template_filter ] --END-- [ RunTime:0.000370s ]
NOTIC: [8] Undefined index: class E:\data\a52jiaoyi\Runtime\Cache\Admin\0a02518122be8b7c15aec347dc0c97f6.php 第 30 行.
NOTIC: [8] Undefined index: class E:\data\a52jiaoyi\Runtime\Cache\Admin\0a02518122be8b7c15aec347dc0c97f6.php 第 30 行.
NOTIC: [8] Undefined index: class E:\data\a52jiaoyi\Runtime\Cache\Admin\0a02518122be8b7c15aec347dc0c97f6.php 第 30 行.
NOTIC: [8] Undefined index: class E:\data\a52jiaoyi\Runtime\Cache\Admin\0a02518122be8b7c15aec347dc0c97f6.php 第 30 行.
NOTIC: [8] Undefined index: class E:\data\a52jiaoyi\Runtime\Cache\Admin\0a02518122be8b7c15aec347dc0c97f6.php 第 30 行.
NOTIC: [8] Undefined index: class E:\data\a52jiaoyi\Runtime\Cache\Admin\0a02518122be8b7c15aec347dc0c97f6.php 第 30 行.
NOTIC: [8] Undefined index: class E:\data\a52jiaoyi\Runtime\Cache\Admin\0a02518122be8b7c15aec347dc0c97f6.php 第 30 行.
NOTIC: [8] Undefined index: class E:\data\a52jiaoyi\Runtime\Cache\Admin\0a02518122be8b7c15aec347dc0c97f6.php 第 30 行.
NOTIC: [8] Undefined index: class E:\data\a52jiaoyi\Runtime\Cache\Admin\0a02518122be8b7c15aec347dc0c97f6.php 第 30 行.
NOTIC: [8] Undefined variable: versionUp E:\data\a52jiaoyi\Runtime\Cache\Admin\0a02518122be8b7c15aec347dc0c97f6.php 第 97 行.
INFO: Run Behavior\ParseTemplateBehavior [ RunTime:0.052637s ]
INFO: [ view_parse ] --END-- [ RunTime:-0.087118s ]
INFO: [ view_filter ] --START--
INFO: Run Behavior\WriteHtmlCacheBehavior [ RunTime:0.000012s ]
INFO: [ view_filter ] --END-- [ RunTime:-0.136463s ]
INFO: [ app_end ] --START--
INFO: Run Behavior\ShowPageTraceBehavior [ RunTime:0.001534s ]
INFO: [ app_end ] --END-- [ RunTime:0.001645s ]

