[ 2018-02-23T14:53:36+08:00 ] 14.153.184.59 /admin/login?movesay=lanbing
INFO: [ app_init ] --START--
INFO: Run Behavior\BuildLiteBehavior [ RunTime:0.000029s ]
INFO: [ app_init ] --END-- [ RunTime:0.003546s ]
INFO: [ app_begin ] --START--
INFO: Run Behavior\ReadHtmlCacheBehavior [ RunTime:0.000518s ]
INFO: [ app_begin ] --END-- [ RunTime:0.000681s ]
INFO: [ view_parse ] --START--
INFO: [ template_filter ] --START--
INFO: Run Behavior\ContentReplaceBehavior [ RunTime:0.000180s ]
INFO: [ template_filter ] --END-- [ RunTime:0.000336s ]
INFO: Run Behavior\ParseTemplateBehavior [ RunTime:0.022708s ]
INFO: [ view_parse ] --END-- [ RunTime:0.022864s ]
INFO: [ view_filter ] --START--
INFO: Run Behavior\WriteHtmlCacheBehavior [ RunTime:0.000279s ]
INFO: [ view_filter ] --END-- [ RunTime:0.000408s ]
INFO: [ app_end ] --START--
INFO: Run Behavior\ShowPageTraceBehavior [ RunTime:0.000517s ]
INFO: [ app_end ] --END-- [ RunTime:0.000668s ]

[ 2018-02-23T14:53:36+08:00 ] 14.153.184.59 /Admin/Verify/code.html
INFO: [ app_init ] --START--
INFO: Run Behavior\BuildLiteBehavior [ RunTime:0.000022s ]
INFO: [ app_init ] --END-- [ RunTime:0.002878s ]
INFO: [ app_begin ] --START--
INFO: Run Behavior\ReadHtmlCacheBehavior [ RunTime:0.000463s ]
INFO: [ app_begin ] --END-- [ RunTime:0.000624s ]
INFO: [ app_end ] --START--
INFO: Run Behavior\ShowPageTraceBehavior [ RunTime:0.000614s ]
INFO: [ app_end ] --END-- [ RunTime:0.000794s ]

[ 2018-02-23T14:53:51+08:00 ] 14.153.184.59 /Admin/Login/index.html
INFO: [ app_init ] --START--
INFO: Run Behavior\BuildLiteBehavior [ RunTime:0.000022s ]
INFO: [ app_init ] --END-- [ RunTime:0.003070s ]
INFO: [ app_begin ] --START--
INFO: Run Behavior\ReadHtmlCacheBehavior [ RunTime:0.000410s ]
INFO: [ app_begin ] --END-- [ RunTime:0.000561s ]
SQL: SHOW COLUMNS FROM `movesay_admin` [ RunTime:0.0035s ]
SQL: SELECT * FROM `movesay_admin` WHERE `username` = 'admin' LIMIT 1   [ RunTime:0.0006s ]

[ 2018-02-23T14:53:56+08:00 ] 14.153.184.59 /Admin/Index/index.html
INFO: [ app_init ] --START--
INFO: Run Behavior\BuildLiteBehavior [ RunTime:0.000022s ]
INFO: [ app_init ] --END-- [ RunTime:0.002950s ]
INFO: [ app_begin ] --START--
INFO: Run Behavior\ReadHtmlCacheBehavior [ RunTime:0.000432s ]
INFO: [ app_begin ] --END-- [ RunTime:0.000594s ]
SQL: SHOW COLUMNS FROM `movesay_config` [ RunTime:0.0040s ]
SQL: SELECT * FROM `movesay_config` WHERE `id` = 1 LIMIT 1   [ RunTime:0.0010s ]
SQL: SHOW COLUMNS FROM `movesay_coin` [ RunTime:0.0025s ]
SQL: SELECT * FROM `movesay_coin` WHERE `status` = 1  [ RunTime:0.0002s ]
SQL: SHOW COLUMNS FROM `movesay_market` [ RunTime:0.0022s ]
SQL: SELECT * FROM `movesay_market` WHERE `status` = 1  [ RunTime:0.0002s ]
SQL: SHOW COLUMNS FROM `movesay_version` [ RunTime:0.0303s ]
SQL: SELECT `name` FROM `movesay_version` WHERE `status` = 0 ORDER BY name desc LIMIT 1   [ RunTime:0.0011s ]
SQL: SHOW COLUMNS FROM `movesay_menu` [ RunTime:0.0658s ]
SQL: SELECT * FROM `movesay_menu` WHERE `pid` = 0 AND `hide` = 0 AND `is_dev` = 0 ORDER BY sort asc  [ RunTime:0.0030s ]
SQL: SELECT `id` FROM `movesay_menu` WHERE ( url like 'Index/index%' ) LIMIT 1   [ RunTime:0.0004s ]
SQL: SHOW COLUMNS FROM `movesay_menu` [ RunTime:0.0020s ]
SQL: SELECT `id`,`pid`,`title` FROM `movesay_menu` WHERE ( id=1 ) LIMIT 1   [ RunTime:0.0004s ]
SQL: SELECT DISTINCT  `group` FROM `movesay_menu` WHERE ( pid = 1 )  [ RunTime:0.0008s ]
SQL: SELECT `id`,`url` FROM `movesay_menu` WHERE `pid` = 1 AND `hide` = 0 AND `is_dev` = 0  [ RunTime:0.0004s ]
SQL: SELECT `id`,`pid`,`title`,`url`,`tip`,`ico_name` FROM `movesay_menu` WHERE `group` = '系统' AND `pid` = 1 AND `hide` = 0 AND `is_dev` = 0 ORDER BY sort asc  [ RunTime:0.0005s ]
SQL: SHOW COLUMNS FROM `movesay_user` [ RunTime:0.0024s ]
SQL: SELECT COUNT(*) AS tp_count FROM `movesay_user` LIMIT 1   [ RunTime:0.0003s ]
SQL: SHOW COLUMNS FROM `movesay_user_coin` [ RunTime:0.0019s ]
SQL: SELECT SUM(cny) AS tp_sum FROM `movesay_user_coin` LIMIT 1   [ RunTime:0.0234s ]
SQL: SELECT SUM(cnyd) AS tp_sum FROM `movesay_user_coin` LIMIT 1   [ RunTime:0.0007s ]
SQL: SHOW COLUMNS FROM `movesay_trade_log` [ RunTime:0.0023s ]
SQL: SELECT SUM(mum) AS tp_sum FROM `movesay_trade_log` LIMIT 1   [ RunTime:0.0078s ]
SQL: SHOW COLUMNS FROM `movesay_article` [ RunTime:0.0020s ]
SQL: SELECT COUNT(*) AS tp_count FROM `movesay_article` LIMIT 1   [ RunTime:0.0003s ]
SQL: SHOW COLUMNS FROM `movesay_mycz` [ RunTime:0.0123s ]
SQL: SELECT SUM(num) AS tp_sum FROM `movesay_mycz` WHERE `status` <> 0 AND ( `addtime` > 1516809600 AND `addtime` < 1516896000  ) LIMIT 1   [ RunTime:0.0003s ]
SQL: SHOW COLUMNS FROM `movesay_mytx` [ RunTime:0.0055s ]
SQL: SELECT SUM(num) AS tp_sum FROM `movesay_mytx` WHERE `status` = 1 AND ( `addtime` > 1516809600 AND `addtime` < 1516896000  ) LIMIT 1   [ RunTime:0.0003s ]
SQL: SELECT SUM(num) AS tp_sum FROM `movesay_mycz` WHERE `status` <> 0 AND ( `addtime` > 1516896000 AND `addtime` < 1516982400  ) LIMIT 1   [ RunTime:0.0003s ]
SQL: SELECT SUM(num) AS tp_sum FROM `movesay_mytx` WHERE `status` = 1 AND ( `addtime` > 1516896000 AND `addtime` < 1516982400  ) LIMIT 1   [ RunTime:0.0003s ]
SQL: SELECT SUM(num) AS tp_sum FROM `movesay_mycz` WHERE `status` <> 0 AND ( `addtime` > 1516982400 AND `addtime` < 1517068800  ) LIMIT 1   [ RunTime:0.0003s ]
SQL: SELECT SUM(num) AS tp_sum FROM `movesay_mytx` WHERE `status` = 1 AND ( `addtime` > 1516982400 AND `addtime` < 1517068800  ) LIMIT 1   [ RunTime:0.0003s ]
SQL: SELECT SUM(num) AS tp_sum FROM `movesay_mycz` WHERE `status` <> 0 AND ( `addtime` > 1517068800 AND `addtime` < 1517155200  ) LIMIT 1   [ RunTime:0.0003s ]
SQL: SELECT SUM(num) AS tp_sum FROM `movesay_mytx` WHERE `status` = 1 AND ( `addtime` > 1517068800 AND `addtime` < 1517155200  ) LIMIT 1   [ RunTime:0.0003s ]
SQL: SELECT SUM(num) AS tp_sum FROM `movesay_mycz` WHERE `status` <> 0 AND ( `addtime` > 1517155200 AND `addtime` < 1517241600  ) LIMIT 1   [ RunTime:0.0003s ]
SQL: SELECT SUM(num) AS tp_sum FROM `movesay_mytx` WHERE `status` = 1 AND ( `addtime` > 1517155200 AND `addtime` < 1517241600  ) LIMIT 1   [ RunTime:0.0003s ]
SQL: SELECT SUM(num) AS tp_sum FROM `movesay_mycz` WHERE `status` <> 0 AND ( `addtime` > 1517241600 AND `addtime` < 1517328000  ) LIMIT 1   [ RunTime:0.0003s ]
SQL: SELECT SUM(num) AS tp_sum FROM `movesay_mytx` WHERE `status` = 1 AND ( `addtime` > 1517241600 AND `addtime` < 1517328000  ) LIMIT 1   [ RunTime:0.0003s ]
SQL: SELECT SUM(num) AS tp_sum FROM `movesay_mycz` WHERE `status` <> 0 AND ( `addtime` > 1517328000 AND `addtime` < 1517414400  ) LIMIT 1   [ RunTime:0.0003s ]
SQL: SELECT SUM(num) AS tp_sum FROM `movesay_mytx` WHERE `status` = 1 AND ( `addtime` > 1517328000 AND `addtime` < 1517414400  ) LIMIT 1   [ RunTime:0.0003s ]
SQL: SELECT SUM(num) AS tp_sum FROM `movesay_mycz` WHERE `status` <> 0 AND ( `addtime` > 1517414400 AND `addtime` < 1517500800  ) LIMIT 1   [ RunTime:0.0003s ]
SQL: SELECT SUM(num) AS tp_sum FROM `movesay_mytx` WHERE `status` = 1 AND ( `addtime` > 1517414400 AND `addtime` < 1517500800  ) LIMIT 1   [ RunTime:0.0003s ]
SQL: SELECT SUM(num) AS tp_sum FROM `movesay_mycz` WHERE `status` <> 0 AND ( `addtime` > 1517500800 AND `addtime` < 1517587200  ) LIMIT 1   [ RunTime:0.0003s ]
SQL: SELECT SUM(num) AS tp_sum FROM `movesay_mytx` WHERE `status` = 1 AND ( `addtime` > 1517500800 AND `addtime` < 1517587200  ) LIMIT 1   [ RunTime:0.0003s ]
SQL: SELECT SUM(num) AS tp_sum FROM `movesay_mycz` WHERE `status` <> 0 AND ( `addtime` > 1517587200 AND `addtime` < 1517673600  ) LIMIT 1   [ RunTime:0.0003s ]
SQL: SELECT SUM(num) AS tp_sum FROM `movesay_mytx` WHERE `status` = 1 AND ( `addtime` > 1517587200 AND `addtime` < 1517673600  ) LIMIT 1   [ RunTime:0.0003s ]
SQL: SELECT SUM(num) AS tp_sum FROM `movesay_mycz` WHERE `status` <> 0 AND ( `addtime` > 1517673600 AND `addtime` < 1517760000  ) LIMIT 1   [ RunTime:0.0003s ]
SQL: SELECT SUM(num) AS tp_sum FROM `movesay_mytx` WHERE `status` = 1 AND ( `addtime` > 1517673600 AND `addtime` < 1517760000  ) LIMIT 1   [ RunTime:0.0003s ]
SQL: SELECT SUM(num) AS tp_sum FROM `movesay_mycz` WHERE `status` <> 0 AND ( `addtime` > 1517760000 AND `addtime` < 1517846400  ) LIMIT 1   [ RunTime:0.0003s ]
SQL: SELECT SUM(num) AS tp_sum FROM `movesay_mytx` WHERE `status` = 1 AND ( `addtime` > 1517760000 AND `addtime` < 1517846400  ) LIMIT 1   [ RunTime:0.0003s ]
SQL: SELECT SUM(num) AS tp_sum FROM `movesay_mycz` WHERE `status` <> 0 AND ( `addtime` > 1517846400 AND `addtime` < 1517932800  ) LIMIT 1   [ RunTime:0.0003s ]
SQL: SELECT SUM(num) AS tp_sum FROM `movesay_mytx` WHERE `status` = 1 AND ( `addtime` > 1517846400 AND `addtime` < 1517932800  ) LIMIT 1   [ RunTime:0.0003s ]
SQL: SELECT SUM(num) AS tp_sum FROM `movesay_mycz` WHERE `status` <> 0 AND ( `addtime` > 1517932800 AND `addtime` < 1518019200  ) LIMIT 1   [ RunTime:0.0004s ]
SQL: SELECT SUM(num) AS tp_sum FROM `movesay_mytx` WHERE `status` = 1 AND ( `addtime` > 1517932800 AND `addtime` < 1518019200  ) LIMIT 1   [ RunTime:0.0003s ]
SQL: SELECT SUM(num) AS tp_sum FROM `movesay_mycz` WHERE `status` <> 0 AND ( `addtime` > 1518019200 AND `addtime` < 1518105600  ) LIMIT 1   [ RunTime:0.0003s ]
SQL: SELECT SUM(num) AS tp_sum FROM `movesay_mytx` WHERE `status` = 1 AND ( `addtime` > 1518019200 AND `addtime` < 1518105600  ) LIMIT 1   [ RunTime:0.0003s ]
SQL: SELECT SUM(num) AS tp_sum FROM `movesay_mycz` WHERE `status` <> 0 AND ( `addtime` > 1518105600 AND `addtime` < 1518192000  ) LIMIT 1   [ RunTime:0.0003s ]
SQL: SELECT SUM(num) AS tp_sum FROM `movesay_mytx` WHERE `status` = 1 AND ( `addtime` > 1518105600 AND `addtime` < 1518192000  ) LIMIT 1   [ RunTime:0.0003s ]
SQL: SELECT SUM(num) AS tp_sum FROM `movesay_mycz` WHERE `status` <> 0 AND ( `addtime` > 1518192000 AND `addtime` < 1518278400  ) LIMIT 1   [ RunTime:0.0003s ]
SQL: SELECT SUM(num) AS tp_sum FROM `movesay_mytx` WHERE `status` = 1 AND ( `addtime` > 1518192000 AND `addtime` < 1518278400  ) LIMIT 1   [ RunTime:0.0003s ]
SQL: SELECT SUM(num) AS tp_sum FROM `movesay_mycz` WHERE `status` <> 0 AND ( `addtime` > 1518278400 AND `addtime` < 1518364800  ) LIMIT 1   [ RunTime:0.0003s ]
SQL: SELECT SUM(num) AS tp_sum FROM `movesay_mytx` WHERE `status` = 1 AND ( `addtime` > 1518278400 AND `addtime` < 1518364800  ) LIMIT 1   [ RunTime:0.0003s ]
SQL: SELECT SUM(num) AS tp_sum FROM `movesay_mycz` WHERE `status` <> 0 AND ( `addtime` > 1518364800 AND `addtime` < 1518451200  ) LIMIT 1   [ RunTime:0.0003s ]
SQL: SELECT SUM(num) AS tp_sum FROM `movesay_mytx` WHERE `status` = 1 AND ( `addtime` > 1518364800 AND `addtime` < 1518451200  ) LIMIT 1   [ RunTime:0.0003s ]
SQL: SELECT SUM(num) AS tp_sum FROM `movesay_mycz` WHERE `status` <> 0 AND ( `addtime` > 1518451200 AND `addtime` < 1518537600  ) LIMIT 1   [ RunTime:0.0003s ]
SQL: SELECT SUM(num) AS tp_sum FROM `movesay_mytx` WHERE `status` = 1 AND ( `addtime` > 1518451200 AND `addtime` < 1518537600  ) LIMIT 1   [ RunTime:0.0003s ]
SQL: SELECT SUM(num) AS tp_sum FROM `movesay_mycz` WHERE `status` <> 0 AND ( `addtime` > 1518537600 AND `addtime` < 1518624000  ) LIMIT 1   [ RunTime:0.0003s ]
SQL: SELECT SUM(num) AS tp_sum FROM `movesay_mytx` WHERE `status` = 1 AND ( `addtime` > 1518537600 AND `addtime` < 1518624000  ) LIMIT 1   [ RunTime:0.0003s ]
SQL: SELECT SUM(num) AS tp_sum FROM `movesay_mycz` WHERE `status` <> 0 AND ( `addtime` > 1518624000 AND `addtime` < 1518710400  ) LIMIT 1   [ RunTime:0.0003s ]
SQL: SELECT SUM(num) AS tp_sum FROM `movesay_mytx` WHERE `status` = 1 AND ( `addtime` > 1518624000 AND `addtime` < 1518710400  ) LIMIT 1   [ RunTime:0.0003s ]
SQL: SELECT SUM(num) AS tp_sum FROM `movesay_mycz` WHERE `status` <> 0 AND ( `addtime` > 1518710400 AND `addtime` < 1518796800  ) LIMIT 1   [ RunTime:0.0003s ]
SQL: SELECT SUM(num) AS tp_sum FROM `movesay_mytx` WHERE `status` = 1 AND ( `addtime` > 1518710400 AND `addtime` < 1518796800  ) LIMIT 1   [ RunTime:0.0003s ]
SQL: SELECT SUM(num) AS tp_sum FROM `movesay_mycz` WHERE `status` <> 0 AND ( `addtime` > 1518796800 AND `addtime` < 1518883200  ) LIMIT 1   [ RunTime:0.0003s ]
SQL: SELECT SUM(num) AS tp_sum FROM `movesay_mytx` WHERE `status` = 1 AND ( `addtime` > 1518796800 AND `addtime` < 1518883200  ) LIMIT 1   [ RunTime:0.0003s ]
SQL: SELECT SUM(num) AS tp_sum FROM `movesay_mycz` WHERE `status` <> 0 AND ( `addtime` > 1518883200 AND `addtime` < 1518969600  ) LIMIT 1   [ RunTime:0.0003s ]
SQL: SELECT SUM(num) AS tp_sum FROM `movesay_mytx` WHERE `status` = 1 AND ( `addtime` > 1518883200 AND `addtime` < 1518969600  ) LIMIT 1   [ RunTime:0.0003s ]
SQL: SELECT SUM(num) AS tp_sum FROM `movesay_mycz` WHERE `status` <> 0 AND ( `addtime` > 1518969600 AND `addtime` < 1519056000  ) LIMIT 1   [ RunTime:0.0003s ]
SQL: SELECT SUM(num) AS tp_sum FROM `movesay_mytx` WHERE `status` = 1 AND ( `addtime` > 1518969600 AND `addtime` < 1519056000  ) LIMIT 1   [ RunTime:0.0003s ]
SQL: SELECT SUM(num) AS tp_sum FROM `movesay_mycz` WHERE `status` <> 0 AND ( `addtime` > 1519056000 AND `addtime` < 1519142400  ) LIMIT 1   [ RunTime:0.0003s ]
SQL: SELECT SUM(num) AS tp_sum FROM `movesay_mytx` WHERE `status` = 1 AND ( `addtime` > 1519056000 AND `addtime` < 1519142400  ) LIMIT 1   [ RunTime:0.0003s ]
SQL: SELECT SUM(num) AS tp_sum FROM `movesay_mycz` WHERE `status` <> 0 AND ( `addtime` > 1519142400 AND `addtime` < 1519228800  ) LIMIT 1   [ RunTime:0.0003s ]
SQL: SELECT SUM(num) AS tp_sum FROM `movesay_mytx` WHERE `status` = 1 AND ( `addtime` > 1519142400 AND `addtime` < 1519228800  ) LIMIT 1   [ RunTime:0.0003s ]
SQL: SELECT SUM(num) AS tp_sum FROM `movesay_mycz` WHERE `status` <> 0 AND ( `addtime` > 1519228800 AND `addtime` < 1519315200  ) LIMIT 1   [ RunTime:0.0004s ]
SQL: SELECT SUM(num) AS tp_sum FROM `movesay_mytx` WHERE `status` = 1 AND ( `addtime` > 1519228800 AND `addtime` < 1519315200  ) LIMIT 1   [ RunTime:0.0003s ]
SQL: SELECT SUM(num) AS tp_sum FROM `movesay_mycz` WHERE `status` <> 0 AND ( `addtime` > 1519315200 AND `addtime` < 1519401600  ) LIMIT 1   [ RunTime:0.0003s ]
SQL: SELECT SUM(num) AS tp_sum FROM `movesay_mytx` WHERE `status` = 1 AND ( `addtime` > 1519315200 AND `addtime` < 1519401600  ) LIMIT 1   [ RunTime:0.0003s ]
SQL: SELECT COUNT(*) AS tp_count FROM `movesay_user` WHERE ( `addtime` > 1516776832 AND `addtime` < 1516863232  ) LIMIT 1   [ RunTime:0.0005s ]
SQL: SELECT COUNT(*) AS tp_count FROM `movesay_user` WHERE ( `addtime` > 1516863232 AND `addtime` < 1516949632  ) LIMIT 1   [ RunTime:0.0005s ]
SQL: SELECT COUNT(*) AS tp_count FROM `movesay_user` WHERE ( `addtime` > 1516949632 AND `addtime` < 1517036032  ) LIMIT 1   [ RunTime:0.0005s ]
SQL: SELECT COUNT(*) AS tp_count FROM `movesay_user` WHERE ( `addtime` > 1517036032 AND `addtime` < 1517122432  ) LIMIT 1   [ RunTime:0.0005s ]
SQL: SELECT COUNT(*) AS tp_count FROM `movesay_user` WHERE ( `addtime` > 1517122432 AND `addtime` < 1517208832  ) LIMIT 1   [ RunTime:0.0005s ]
SQL: SELECT COUNT(*) AS tp_count FROM `movesay_user` WHERE ( `addtime` > 1517208832 AND `addtime` < 1517295232  ) LIMIT 1   [ RunTime:0.0005s ]
SQL: SELECT COUNT(*) AS tp_count FROM `movesay_user` WHERE ( `addtime` > 1517295232 AND `addtime` < 1517381632  ) LIMIT 1   [ RunTime:0.0005s ]
SQL: SELECT COUNT(*) AS tp_count FROM `movesay_user` WHERE ( `addtime` > 1517381632 AND `addtime` < 1517468032  ) LIMIT 1   [ RunTime:0.0005s ]
SQL: SELECT COUNT(*) AS tp_count FROM `movesay_user` WHERE ( `addtime` > 1517468032 AND `addtime` < 1517554432  ) LIMIT 1   [ RunTime:0.0005s ]
SQL: SELECT COUNT(*) AS tp_count FROM `movesay_user` WHERE ( `addtime` > 1517554432 AND `addtime` < 1517640832  ) LIMIT 1   [ RunTime:0.0005s ]
SQL: SELECT COUNT(*) AS tp_count FROM `movesay_user` WHERE ( `addtime` > 1517640832 AND `addtime` < 1517727232  ) LIMIT 1   [ RunTime:0.0005s ]
SQL: SELECT COUNT(*) AS tp_count FROM `movesay_user` WHERE ( `addtime` > 1517727232 AND `addtime` < 1517813632  ) LIMIT 1   [ RunTime:0.0005s ]
SQL: SELECT COUNT(*) AS tp_count FROM `movesay_user` WHERE ( `addtime` > 1517813632 AND `addtime` < 1517900032  ) LIMIT 1   [ RunTime:0.0005s ]
SQL: SELECT COUNT(*) AS tp_count FROM `movesay_user` WHERE ( `addtime` > 1517900032 AND `addtime` < 1517986432  ) LIMIT 1   [ RunTime:0.0005s ]
SQL: SELECT COUNT(*) AS tp_count FROM `movesay_user` WHERE ( `addtime` > 1517986432 AND `addtime` < 1518072832  ) LIMIT 1   [ RunTime:0.0005s ]
SQL: SELECT COUNT(*) AS tp_count FROM `movesay_user` WHERE ( `addtime` > 1518072832 AND `addtime` < 1518159232  ) LIMIT 1   [ RunTime:0.0005s ]
SQL: SELECT COUNT(*) AS tp_count FROM `movesay_user` WHERE ( `addtime` > 1518159232 AND `addtime` < 1518245632  ) LIMIT 1   [ RunTime:0.0005s ]
SQL: SELECT COUNT(*) AS tp_count FROM `movesay_user` WHERE ( `addtime` > 1518245632 AND `addtime` < 1518332032  ) LIMIT 1   [ RunTime:0.0005s ]
SQL: SELECT COUNT(*) AS tp_count FROM `movesay_user` WHERE ( `addtime` > 1518332032 AND `addtime` < 1518418432  ) LIMIT 1   [ RunTime:0.0005s ]
SQL: SELECT COUNT(*) AS tp_count FROM `movesay_user` WHERE ( `addtime` > 1518418432 AND `addtime` < 1518504832  ) LIMIT 1   [ RunTime:0.0005s ]
SQL: SELECT COUNT(*) AS tp_count FROM `movesay_user` WHERE ( `addtime` > 1518504832 AND `addtime` < 1518591232  ) LIMIT 1   [ RunTime:0.0005s ]
SQL: SELECT COUNT(*) AS tp_count FROM `movesay_user` WHERE ( `addtime` > 1518591232 AND `addtime` < 1518677632  ) LIMIT 1   [ RunTime:0.0005s ]
SQL: SELECT COUNT(*) AS tp_count FROM `movesay_user` WHERE ( `addtime` > 1518677632 AND `addtime` < 1518764032  ) LIMIT 1   [ RunTime:0.0005s ]
SQL: SELECT COUNT(*) AS tp_count FROM `movesay_user` WHERE ( `addtime` > 1518764032 AND `addtime` < 1518850432  ) LIMIT 1   [ RunTime:0.0008s ]
SQL: SELECT COUNT(*) AS tp_count FROM `movesay_user` WHERE ( `addtime` > 1518850432 AND `addtime` < 1518936832  ) LIMIT 1   [ RunTime:0.0005s ]
SQL: SELECT COUNT(*) AS tp_count FROM `movesay_user` WHERE ( `addtime` > 1518936832 AND `addtime` < 1519023232  ) LIMIT 1   [ RunTime:0.0005s ]
SQL: SELECT COUNT(*) AS tp_count FROM `movesay_user` WHERE ( `addtime` > 1519023232 AND `addtime` < 1519109632  ) LIMIT 1   [ RunTime:0.0005s ]
SQL: SELECT COUNT(*) AS tp_count FROM `movesay_user` WHERE ( `addtime` > 1519109632 AND `addtime` < 1519196032  ) LIMIT 1   [ RunTime:0.0005s ]
SQL: SELECT COUNT(*) AS tp_count FROM `movesay_user` WHERE ( `addtime` > 1519196032 AND `addtime` < 1519282432  ) LIMIT 1   [ RunTime:0.0005s ]
SQL: SELECT COUNT(*) AS tp_count FROM `movesay_user` WHERE ( `addtime` > 1519282432 AND `addtime` < 1519368832  ) LIMIT 1   [ RunTime:0.0005s ]
SQL: SELECT COUNT(*) AS tp_count FROM `movesay_user` WHERE ( `addtime` > 1519368832 AND `addtime` < 1519455232  ) LIMIT 1   [ RunTime:0.0005s ]
SQL: SELECT COUNT(*) AS tp_count FROM `movesay_user` WHERE ( `addtime` > 1519455232 AND `addtime` < 1519541632  ) LIMIT 1   [ RunTime:0.0005s ]
SQL: SELECT COUNT(*) AS tp_count FROM `movesay_user` WHERE ( `addtime` > 1519541632 AND `addtime` < 1519628032  ) LIMIT 1   [ RunTime:0.0007s ]
SQL: SELECT COUNT(*) AS tp_count FROM `movesay_user` WHERE ( `addtime` > 1519628032 AND `addtime` < 1519714432  ) LIMIT 1   [ RunTime:0.0167s ]
SQL: SELECT COUNT(*) AS tp_count FROM `movesay_user` WHERE ( `addtime` > 1519714432 AND `addtime` < 1519800832  ) LIMIT 1   [ RunTime:0.0005s ]
SQL: SELECT COUNT(*) AS tp_count FROM `movesay_user` WHERE ( `addtime` > 1519800832 AND `addtime` < 1519887232  ) LIMIT 1   [ RunTime:0.0005s ]
SQL: SELECT COUNT(*) AS tp_count FROM `movesay_user` WHERE ( `addtime` > 1519887232 AND `addtime` < 1519973632  ) LIMIT 1   [ RunTime:0.0005s ]
SQL: SELECT COUNT(*) AS tp_count FROM `movesay_user` WHERE ( `addtime` > 1519973632 AND `addtime` < 1520060032  ) LIMIT 1   [ RunTime:0.0005s ]
SQL: SELECT COUNT(*) AS tp_count FROM `movesay_user` WHERE ( `addtime` > 1520060032 AND `addtime` < 1520146432  ) LIMIT 1   [ RunTime:0.0005s ]
SQL: SELECT COUNT(*) AS tp_count FROM `movesay_user` WHERE ( `addtime` > 1520146432 AND `addtime` < 1520232832  ) LIMIT 1   [ RunTime:0.0005s ]
SQL: SELECT COUNT(*) AS tp_count FROM `movesay_user` WHERE ( `addtime` > 1520232832 AND `addtime` < 1520319232  ) LIMIT 1   [ RunTime:0.0005s ]
SQL: SELECT COUNT(*) AS tp_count FROM `movesay_user` WHERE ( `addtime` > 1520319232 AND `addtime` < 1520405632  ) LIMIT 1   [ RunTime:0.0006s ]
SQL: SELECT COUNT(*) AS tp_count FROM `movesay_user` WHERE ( `addtime` > 1520405632 AND `addtime` < 1520492032  ) LIMIT 1   [ RunTime:0.0005s ]
SQL: SELECT COUNT(*) AS tp_count FROM `movesay_user` WHERE ( `addtime` > 1520492032 AND `addtime` < 1520578432  ) LIMIT 1   [ RunTime:0.0005s ]
SQL: SELECT COUNT(*) AS tp_count FROM `movesay_user` WHERE ( `addtime` > 1520578432 AND `addtime` < 1520664832  ) LIMIT 1   [ RunTime:0.0005s ]
SQL: SELECT COUNT(*) AS tp_count FROM `movesay_user` WHERE ( `addtime` > 1520664832 AND `addtime` < 1520751232  ) LIMIT 1   [ RunTime:0.0005s ]
SQL: SELECT COUNT(*) AS tp_count FROM `movesay_user` WHERE ( `addtime` > 1520751232 AND `addtime` < 1520837632  ) LIMIT 1   [ RunTime:0.0005s ]
SQL: SELECT COUNT(*) AS tp_count FROM `movesay_user` WHERE ( `addtime` > 1520837632 AND `addtime` < 1520924032  ) LIMIT 1   [ RunTime:0.0005s ]
SQL: SELECT COUNT(*) AS tp_count FROM `movesay_user` WHERE ( `addtime` > 1520924032 AND `addtime` < 1521010432  ) LIMIT 1   [ RunTime:0.0005s ]
SQL: SELECT COUNT(*) AS tp_count FROM `movesay_user` WHERE ( `addtime` > 1521010432 AND `addtime` < 1521096832  ) LIMIT 1   [ RunTime:0.0005s ]
SQL: SELECT COUNT(*) AS tp_count FROM `movesay_user` WHERE ( `addtime` > 1521096832 AND `addtime` < 1521183232  ) LIMIT 1   [ RunTime:0.0005s ]
SQL: SELECT COUNT(*) AS tp_count FROM `movesay_user` WHERE ( `addtime` > 1521183232 AND `addtime` < 1521269632  ) LIMIT 1   [ RunTime:0.0005s ]
SQL: SELECT COUNT(*) AS tp_count FROM `movesay_user` WHERE ( `addtime` > 1521269632 AND `addtime` < 1521356032  ) LIMIT 1   [ RunTime:0.0005s ]
SQL: SELECT COUNT(*) AS tp_count FROM `movesay_user` WHERE ( `addtime` > 1521356032 AND `addtime` < 1521442432  ) LIMIT 1   [ RunTime:0.0005s ]
SQL: SELECT COUNT(*) AS tp_count FROM `movesay_user` WHERE ( `addtime` > 1521442432 AND `addtime` < 1521528832  ) LIMIT 1   [ RunTime:0.0005s ]
SQL: SELECT COUNT(*) AS tp_count FROM `movesay_user` WHERE ( `addtime` > 1521528832 AND `addtime` < 1521615232  ) LIMIT 1   [ RunTime:0.0005s ]
SQL: SELECT COUNT(*) AS tp_count FROM `movesay_user` WHERE ( `addtime` > 1521615232 AND `addtime` < 1521701632  ) LIMIT 1   [ RunTime:0.0005s ]
SQL: SELECT COUNT(*) AS tp_count FROM `movesay_user` WHERE ( `addtime` > 1521701632 AND `addtime` < 1521788032  ) LIMIT 1   [ RunTime:0.0005s ]
SQL: SELECT COUNT(*) AS tp_count FROM `movesay_user` WHERE ( `addtime` > 1521788032 AND `addtime` < 1521874432  ) LIMIT 1   [ RunTime:0.0005s ]
SQL: SELECT COUNT(*) AS tp_count FROM `movesay_user` WHERE ( `addtime` > 1521874432 AND `addtime` < 1521960832  ) LIMIT 1   [ RunTime:0.0005s ]
NOTIC: [8] Undefined index: cztx D:\xnbjiaoyi\a52\a52jiaoyi20170915\a52jiaoyi\Application\Admin\Controller\IndexController.class.php 第 70 行.
NOTIC: [8] Undefined variable: authUrl D:\xnbjiaoyi\a52\a52jiaoyi20170915\a52jiaoyi\Application\Admin\Controller\IndexController.class.php 第 82 行.
INFO: [ view_parse ] --START--
INFO: [ template_filter ] --START--
INFO: Run Behavior\ContentReplaceBehavior [ RunTime:0.000365s ]
INFO: [ template_filter ] --END-- [ RunTime:0.000525s ]
NOTIC: [8] Undefined index: class D:\xnbjiaoyi\a52\a52jiaoyi20170915\a52jiaoyi\Runtime\Cache\Admin\b595b808c2ebeeeb0478ffc30bb4e87a.php 第 30 行.
NOTIC: [8] Undefined index: class D:\xnbjiaoyi\a52\a52jiaoyi20170915\a52jiaoyi\Runtime\Cache\Admin\b595b808c2ebeeeb0478ffc30bb4e87a.php 第 30 行.
NOTIC: [8] Undefined index: class D:\xnbjiaoyi\a52\a52jiaoyi20170915\a52jiaoyi\Runtime\Cache\Admin\b595b808c2ebeeeb0478ffc30bb4e87a.php 第 30 行.
NOTIC: [8] Undefined index: class D:\xnbjiaoyi\a52\a52jiaoyi20170915\a52jiaoyi\Runtime\Cache\Admin\b595b808c2ebeeeb0478ffc30bb4e87a.php 第 30 行.
NOTIC: [8] Undefined index: class D:\xnbjiaoyi\a52\a52jiaoyi20170915\a52jiaoyi\Runtime\Cache\Admin\b595b808c2ebeeeb0478ffc30bb4e87a.php 第 30 行.
NOTIC: [8] Undefined index: class D:\xnbjiaoyi\a52\a52jiaoyi20170915\a52jiaoyi\Runtime\Cache\Admin\b595b808c2ebeeeb0478ffc30bb4e87a.php 第 30 行.
NOTIC: [8] Undefined index: class D:\xnbjiaoyi\a52\a52jiaoyi20170915\a52jiaoyi\Runtime\Cache\Admin\b595b808c2ebeeeb0478ffc30bb4e87a.php 第 30 行.
NOTIC: [8] Undefined index: class D:\xnbjiaoyi\a52\a52jiaoyi20170915\a52jiaoyi\Runtime\Cache\Admin\b595b808c2ebeeeb0478ffc30bb4e87a.php 第 30 行.
NOTIC: [8] Undefined index: class D:\xnbjiaoyi\a52\a52jiaoyi20170915\a52jiaoyi\Runtime\Cache\Admin\b595b808c2ebeeeb0478ffc30bb4e87a.php 第 30 行.
NOTIC: [8] Undefined variable: versionUp D:\xnbjiaoyi\a52\a52jiaoyi20170915\a52jiaoyi\Runtime\Cache\Admin\b595b808c2ebeeeb0478ffc30bb4e87a.php 第 97 行.
SQL: select version() as v; [ RunTime:0.0004s ]
NOTIC: [8] Undefined index: SERVER_ADDR D:\xnbjiaoyi\a52\a52jiaoyi20170915\a52jiaoyi\Runtime\Cache\Admin\b595b808c2ebeeeb0478ffc30bb4e87a.php 第 283 行.
INFO: Run Behavior\ParseTemplateBehavior [ RunTime:0.050366s ]
INFO: [ view_parse ] --END-- [ RunTime:0.050529s ]
INFO: [ view_filter ] --START--
INFO: Run Behavior\WriteHtmlCacheBehavior [ RunTime:0.000300s ]
INFO: [ view_filter ] --END-- [ RunTime:0.000437s ]
INFO: [ app_end ] --START--
INFO: Run Behavior\ShowPageTraceBehavior [ RunTime:0.000999s ]
INFO: [ app_end ] --END-- [ RunTime:0.001148s ]

[ 2018-02-23T14:53:57+08:00 ] 14.153.184.59 /Admin/Login/index.html
INFO: [ app_init ] --START--
INFO: Run Behavior\BuildLiteBehavior [ RunTime:0.000029s ]
INFO: [ app_init ] --END-- [ RunTime:0.003769s ]
INFO: [ app_begin ] --START--
INFO: Run Behavior\ReadHtmlCacheBehavior [ RunTime:0.000581s ]
INFO: [ app_begin ] --END-- [ RunTime:0.000750s ]
SQL: SHOW COLUMNS FROM `movesay_admin` [ RunTime:0.0026s ]
SQL: SELECT * FROM `movesay_admin` WHERE `username` = 'admin' LIMIT 1   [ RunTime:0.0002s ]

[ 2018-02-23T14:54:02+08:00 ] 14.153.184.59 /Admin/Config/index.html
INFO: [ app_init ] --START--
INFO: Run Behavior\BuildLiteBehavior [ RunTime:0.000023s ]
INFO: [ app_init ] --END-- [ RunTime:0.002935s ]
INFO: [ app_begin ] --START--
INFO: Run Behavior\ReadHtmlCacheBehavior [ RunTime:0.000429s ]
INFO: [ app_begin ] --END-- [ RunTime:0.000592s ]
SQL: SHOW COLUMNS FROM `movesay_config` [ RunTime:0.0039s ]
SQL: SELECT * FROM `movesay_config` WHERE `id` = 1 LIMIT 1   [ RunTime:0.0010s ]
SQL: SHOW COLUMNS FROM `movesay_coin` [ RunTime:0.0024s ]
SQL: SELECT * FROM `movesay_coin` WHERE `status` = 1  [ RunTime:0.0002s ]
SQL: SHOW COLUMNS FROM `movesay_market` [ RunTime:0.0021s ]
SQL: SELECT * FROM `movesay_market` WHERE `status` = 1  [ RunTime:0.0002s ]
SQL: SHOW COLUMNS FROM `movesay_version` [ RunTime:0.0017s ]
SQL: SELECT `name` FROM `movesay_version` WHERE `status` = 0 ORDER BY name desc LIMIT 1   [ RunTime:0.0002s ]
SQL: SHOW COLUMNS FROM `movesay_menu` [ RunTime:0.0017s ]
SQL: SELECT * FROM `movesay_menu` WHERE `pid` = 0 AND `hide` = 0 AND `is_dev` = 0 ORDER BY sort asc  [ RunTime:0.0002s ]
SQL: SELECT `id` FROM `movesay_menu` WHERE ( url like 'Config/index%' ) LIMIT 1   [ RunTime:0.0008s ]
SQL: SHOW COLUMNS FROM `movesay_menu` [ RunTime:0.0020s ]
SQL: SELECT `id`,`pid`,`title` FROM `movesay_menu` WHERE ( id=7 ) LIMIT 1   [ RunTime:0.0004s ]
SQL: SELECT DISTINCT  `group` FROM `movesay_menu` WHERE ( pid = 7 )  [ RunTime:0.0006s ]
SQL: SELECT `id`,`url` FROM `movesay_menu` WHERE `pid` = 7 AND `hide` = 0 AND `is_dev` = 0  [ RunTime:0.0004s ]
SQL: SELECT `id`,`pid`,`title`,`url`,`tip`,`ico_name` FROM `movesay_menu` WHERE `group` = '设置' AND `pid` = 7 AND `hide` = 0 AND `is_dev` = 0 ORDER BY sort asc  [ RunTime:0.0008s ]
SQL: SELECT `id`,`pid`,`title`,`url`,`tip`,`ico_name` FROM `movesay_menu` WHERE `group` = '开发组' AND `pid` = 7 AND `hide` = 0 AND `is_dev` = 0 ORDER BY sort asc  [ RunTime:0.0005s ]
SQL: SELECT * FROM `movesay_config` WHERE `id` = 1 LIMIT 1   [ RunTime:0.0007s ]
INFO: [ view_parse ] --START--
INFO: [ template_filter ] --START--
INFO: Run Behavior\ContentReplaceBehavior [ RunTime:0.000471s ]
INFO: [ template_filter ] --END-- [ RunTime:0.000662s ]
NOTIC: [8] Undefined index: class D:\xnbjiaoyi\a52\a52jiaoyi20170915\a52jiaoyi\Runtime\Cache\Admin\9bb5e7ead1bbec7c3d970a481af28a6e.php 第 30 行.
NOTIC: [8] Undefined index: class D:\xnbjiaoyi\a52\a52jiaoyi20170915\a52jiaoyi\Runtime\Cache\Admin\9bb5e7ead1bbec7c3d970a481af28a6e.php 第 30 行.
NOTIC: [8] Undefined index: class D:\xnbjiaoyi\a52\a52jiaoyi20170915\a52jiaoyi\Runtime\Cache\Admin\9bb5e7ead1bbec7c3d970a481af28a6e.php 第 30 行.
NOTIC: [8] Undefined index: class D:\xnbjiaoyi\a52\a52jiaoyi20170915\a52jiaoyi\Runtime\Cache\Admin\9bb5e7ead1bbec7c3d970a481af28a6e.php 第 30 行.
NOTIC: [8] Undefined index: class D:\xnbjiaoyi\a52\a52jiaoyi20170915\a52jiaoyi\Runtime\Cache\Admin\9bb5e7ead1bbec7c3d970a481af28a6e.php 第 30 行.
NOTIC: [8] Undefined index: class D:\xnbjiaoyi\a52\a52jiaoyi20170915\a52jiaoyi\Runtime\Cache\Admin\9bb5e7ead1bbec7c3d970a481af28a6e.php 第 30 行.
NOTIC: [8] Undefined index: class D:\xnbjiaoyi\a52\a52jiaoyi20170915\a52jiaoyi\Runtime\Cache\Admin\9bb5e7ead1bbec7c3d970a481af28a6e.php 第 30 行.
NOTIC: [8] Undefined index: class D:\xnbjiaoyi\a52\a52jiaoyi20170915\a52jiaoyi\Runtime\Cache\Admin\9bb5e7ead1bbec7c3d970a481af28a6e.php 第 30 行.
NOTIC: [8] Undefined index: class D:\xnbjiaoyi\a52\a52jiaoyi20170915\a52jiaoyi\Runtime\Cache\Admin\9bb5e7ead1bbec7c3d970a481af28a6e.php 第 30 行.
NOTIC: [8] Undefined variable: versionUp D:\xnbjiaoyi\a52\a52jiaoyi20170915\a52jiaoyi\Runtime\Cache\Admin\9bb5e7ead1bbec7c3d970a481af28a6e.php 第 97 行.
INFO: Run Behavior\ParseTemplateBehavior [ RunTime:0.084692s ]
INFO: [ view_parse ] --END-- [ RunTime:0.084853s ]
INFO: [ view_filter ] --START--
INFO: Run Behavior\WriteHtmlCacheBehavior [ RunTime:0.000287s ]
INFO: [ view_filter ] --END-- [ RunTime:0.000426s ]
INFO: [ app_end ] --START--
INFO: Run Behavior\ShowPageTraceBehavior [ RunTime:0.000525s ]
INFO: [ app_end ] --END-- [ RunTime:0.000685s ]

[ 2018-02-23T14:54:05+08:00 ] 14.153.184.59 /Admin/Game/index.html
INFO: [ app_init ] --START--
INFO: Run Behavior\BuildLiteBehavior [ RunTime:0.000022s ]
INFO: [ app_init ] --END-- [ RunTime:0.002818s ]
INFO: [ app_begin ] --START--
INFO: Run Behavior\ReadHtmlCacheBehavior [ RunTime:0.000470s ]
INFO: [ app_begin ] --END-- [ RunTime:0.000629s ]
SQL: SHOW COLUMNS FROM `movesay_config` [ RunTime:0.0045s ]
SQL: SELECT * FROM `movesay_config` WHERE `id` = 1 LIMIT 1   [ RunTime:0.0009s ]
SQL: SHOW COLUMNS FROM `movesay_coin` [ RunTime:0.0024s ]
SQL: SELECT * FROM `movesay_coin` WHERE `status` = 1  [ RunTime:0.0002s ]
SQL: SHOW COLUMNS FROM `movesay_market` [ RunTime:0.0021s ]
SQL: SELECT * FROM `movesay_market` WHERE `status` = 1  [ RunTime:0.0002s ]
SQL: SHOW COLUMNS FROM `movesay_version` [ RunTime:0.0018s ]
SQL: SELECT `name` FROM `movesay_version` WHERE `status` = 0 ORDER BY name desc LIMIT 1   [ RunTime:0.0002s ]
SQL: SHOW COLUMNS FROM `movesay_menu` [ RunTime:0.0017s ]
SQL: SELECT * FROM `movesay_menu` WHERE `pid` = 0 AND `hide` = 0 AND `is_dev` = 0 ORDER BY sort asc  [ RunTime:0.0002s ]
SQL: SELECT `id` FROM `movesay_menu` WHERE ( url like 'Game/index%' ) LIMIT 1   [ RunTime:0.0007s ]
SQL: SHOW COLUMNS FROM `movesay_menu` [ RunTime:0.0017s ]
SQL: SELECT `id`,`pid`,`title` FROM `movesay_menu` WHERE ( id=6 ) LIMIT 1   [ RunTime:0.0004s ]
SQL: SELECT DISTINCT  `group` FROM `movesay_menu` WHERE ( pid = 6 )  [ RunTime:0.0006s ]
SQL: SELECT `id`,`url` FROM `movesay_menu` WHERE `pid` = 6 AND `hide` = 0 AND `is_dev` = 0  [ RunTime:0.0005s ]
SQL: SELECT `id`,`pid`,`title`,`url`,`tip`,`ico_name` FROM `movesay_menu` WHERE `group` = '商城管理' AND `pid` = 6 AND `hide` = 0 AND `is_dev` = 0 ORDER BY sort asc  [ RunTime:0.0005s ]
SQL: SELECT `id`,`pid`,`title`,`url`,`tip`,`ico_name` FROM `movesay_menu` WHERE `group` = '认购管理' AND `pid` = 6 AND `hide` = 0 AND `is_dev` = 0 ORDER BY sort asc  [ RunTime:0.0005s ]
SQL: SELECT `id`,`pid`,`title`,`url`,`tip`,`ico_name` FROM `movesay_menu` WHERE `group` = '分红管理' AND `pid` = 6 AND `hide` = 0 AND `is_dev` = 0 ORDER BY sort asc  [ RunTime:0.0005s ]
SQL: SELECT `id`,`pid`,`title`,`url`,`tip`,`ico_name` FROM `movesay_menu` WHERE `group` = '话费充值' AND `pid` = 6 AND `hide` = 0 AND `is_dev` = 0 ORDER BY sort asc  [ RunTime:0.0005s ]
SQL: SELECT `id`,`pid`,`title`,`url`,`tip`,`ico_name` FROM `movesay_menu` WHERE `group` = '理财管理' AND `pid` = 6 AND `hide` = 0 AND `is_dev` = 0 ORDER BY sort asc  [ RunTime:0.0005s ]
SQL: SHOW COLUMNS FROM `movesay_version_game` [ RunTime:0.0047s ]
SQL: SELECT `name` FROM `movesay_version_game` WHERE `status` = 1 LIMIT 1   [ RunTime:0.0199s ]

[ 2018-02-23T14:54:07+08:00 ] 14.153.184.59 /Admin/Shop/index.html
INFO: [ app_init ] --START--
INFO: Run Behavior\BuildLiteBehavior [ RunTime:0.000022s ]
INFO: [ app_init ] --END-- [ RunTime:0.002864s ]
INFO: [ app_begin ] --START--
INFO: Run Behavior\ReadHtmlCacheBehavior [ RunTime:0.000475s ]
INFO: [ app_begin ] --END-- [ RunTime:0.000640s ]
SQL: SHOW COLUMNS FROM `movesay_config` [ RunTime:0.0037s ]
SQL: SELECT * FROM `movesay_config` WHERE `id` = 1 LIMIT 1   [ RunTime:0.0009s ]
SQL: SHOW COLUMNS FROM `movesay_coin` [ RunTime:0.0024s ]
SQL: SELECT * FROM `movesay_coin` WHERE `status` = 1  [ RunTime:0.0002s ]
SQL: SHOW COLUMNS FROM `movesay_market` [ RunTime:0.0021s ]
SQL: SELECT * FROM `movesay_market` WHERE `status` = 1  [ RunTime:0.0002s ]
SQL: SHOW COLUMNS FROM `movesay_version` [ RunTime:0.0017s ]
SQL: SELECT `name` FROM `movesay_version` WHERE `status` = 0 ORDER BY name desc LIMIT 1   [ RunTime:0.0002s ]
SQL: SHOW COLUMNS FROM `movesay_menu` [ RunTime:0.0017s ]
SQL: SELECT * FROM `movesay_menu` WHERE `pid` = 0 AND `hide` = 0 AND `is_dev` = 0 ORDER BY sort asc  [ RunTime:0.0002s ]
SQL: SELECT `id` FROM `movesay_menu` WHERE ( url like 'Shop/index%' ) LIMIT 1   [ RunTime:0.0009s ]
SQL: SHOW COLUMNS FROM `movesay_menu` [ RunTime:0.0017s ]
SQL: SELECT `id`,`pid`,`title` FROM `movesay_menu` WHERE ( id=425 ) LIMIT 1   [ RunTime:0.0004s ]
SQL: SELECT `id`,`pid`,`title` FROM `movesay_menu` WHERE ( id=6 ) LIMIT 1   [ RunTime:0.0002s ]
SQL: SELECT DISTINCT  `group` FROM `movesay_menu` WHERE ( pid = 6 )  [ RunTime:0.0002s ]
SQL: SELECT `id`,`url` FROM `movesay_menu` WHERE `pid` = 6 AND `hide` = 0 AND `is_dev` = 0  [ RunTime:0.0002s ]
SQL: SELECT `id`,`pid`,`title`,`url`,`tip`,`ico_name` FROM `movesay_menu` WHERE `group` = '商城管理' AND `pid` = 6 AND `hide` = 0 AND `is_dev` = 0 ORDER BY sort asc  [ RunTime:0.0002s ]
SQL: SELECT `id`,`pid`,`title`,`url`,`tip`,`ico_name` FROM `movesay_menu` WHERE `group` = '认购管理' AND `pid` = 6 AND `hide` = 0 AND `is_dev` = 0 ORDER BY sort asc  [ RunTime:0.0002s ]
SQL: SELECT `id`,`pid`,`title`,`url`,`tip`,`ico_name` FROM `movesay_menu` WHERE `group` = '分红管理' AND `pid` = 6 AND `hide` = 0 AND `is_dev` = 0 ORDER BY sort asc  [ RunTime:0.0002s ]
SQL: SELECT `id`,`pid`,`title`,`url`,`tip`,`ico_name` FROM `movesay_menu` WHERE `group` = '话费充值' AND `pid` = 6 AND `hide` = 0 AND `is_dev` = 0 ORDER BY sort asc  [ RunTime:0.0002s ]
SQL: SELECT `id`,`pid`,`title`,`url`,`tip`,`ico_name` FROM `movesay_menu` WHERE `group` = '理财管理' AND `pid` = 6 AND `hide` = 0 AND `is_dev` = 0 ORDER BY sort asc  [ RunTime:0.0002s ]
SQL: SHOW COLUMNS FROM `movesay_shop` [ RunTime:0.0057s ]
SQL: SHOW COLUMNS FROM `movesay_shop_type` [ RunTime:0.0028s ]
SQL: SELECT * FROM `movesay_shop_type` WHERE `status` = 1  [ RunTime:0.0008s ]
SQL: SHOW COLUMNS FROM `movesay_shop` [ RunTime:0.0018s ]
SQL: SELECT * FROM `movesay_shop` WHERE `status` >= 0 ORDER BY id desc LIMIT 0,15   [ RunTime:0.0237s ]
SQL: SELECT COUNT(*) AS tp_count FROM `movesay_shop` WHERE `status` >= 0 LIMIT 1   [ RunTime:0.0004s ]
NOTIC: [8] Constant UID already defined D:\xnbjiaoyi\a52\a52jiaoyi20170915\a52jiaoyi\Application\Admin\Controller\AdminController.class.php 第 41 行.
SQL: SELECT * FROM `movesay_config` WHERE `id` = 1 LIMIT 1   [ RunTime:0.0009s ]
SQL: SELECT * FROM `movesay_coin` WHERE `status` = 1  [ RunTime:0.0003s ]
SQL: SELECT * FROM `movesay_market` WHERE `status` = 1  [ RunTime:0.0003s ]
SQL: SELECT `name` FROM `movesay_version` WHERE `status` = 0 ORDER BY name desc LIMIT 1   [ RunTime:0.0002s ]
NOTIC: [8] Constant IS_ROOT already defined D:\xnbjiaoyi\a52\a52jiaoyi20170915\a52jiaoyi\Application\Admin\Controller\AdminController.class.php 第 117 行.
SQL: SELECT * FROM `movesay_menu` WHERE `pid` = 0 AND `hide` = 0 AND `is_dev` = 0 ORDER BY sort asc  [ RunTime:0.0003s ]
SQL: SELECT `id` FROM `movesay_menu` WHERE ( url like 'Shop/index%' ) LIMIT 1   [ RunTime:0.0003s ]
SQL: SELECT `id`,`pid`,`title` FROM `movesay_menu` WHERE ( id=425 ) LIMIT 1   [ RunTime:0.0002s ]
SQL: SELECT `id`,`pid`,`title` FROM `movesay_menu` WHERE ( id=6 ) LIMIT 1   [ RunTime:0.0002s ]
SQL: SELECT DISTINCT  `group` FROM `movesay_menu` WHERE ( pid = 6 )  [ RunTime:0.0002s ]
SQL: SELECT `id`,`url` FROM `movesay_menu` WHERE `pid` = 6 AND `hide` = 0 AND `is_dev` = 0  [ RunTime:0.0002s ]
SQL: SELECT `id`,`pid`,`title`,`url`,`tip`,`ico_name` FROM `movesay_menu` WHERE `group` = '商城管理' AND `pid` = 6 AND `hide` = 0 AND `is_dev` = 0 ORDER BY sort asc  [ RunTime:0.0002s ]
SQL: SELECT `id`,`pid`,`title`,`url`,`tip`,`ico_name` FROM `movesay_menu` WHERE `group` = '认购管理' AND `pid` = 6 AND `hide` = 0 AND `is_dev` = 0 ORDER BY sort asc  [ RunTime:0.0002s ]
SQL: SELECT `id`,`pid`,`title`,`url`,`tip`,`ico_name` FROM `movesay_menu` WHERE `group` = '分红管理' AND `pid` = 6 AND `hide` = 0 AND `is_dev` = 0 ORDER BY sort asc  [ RunTime:0.0002s ]
SQL: SELECT `id`,`pid`,`title`,`url`,`tip`,`ico_name` FROM `movesay_menu` WHERE `group` = '话费充值' AND `pid` = 6 AND `hide` = 0 AND `is_dev` = 0 ORDER BY sort asc  [ RunTime:0.0002s ]
SQL: SELECT `id`,`pid`,`title`,`url`,`tip`,`ico_name` FROM `movesay_menu` WHERE `group` = '理财管理' AND `pid` = 6 AND `hide` = 0 AND `is_dev` = 0 ORDER BY sort asc  [ RunTime:0.0002s ]
NOTIC: [8] Undefined index: yifu D:\xnbjiaoyi\a52\a52jiaoyi20170915\a52jiaoyi\Application\Admin\Controller\BuilderList.class.php 第 496 行.
NOTIC: [8] Undefined index: qita D:\xnbjiaoyi\a52\a52jiaoyi20170915\a52jiaoyi\Application\Admin\Controller\BuilderList.class.php 第 496 行.
NOTIC: [8] Undefined index: qita D:\xnbjiaoyi\a52\a52jiaoyi20170915\a52jiaoyi\Application\Admin\Controller\BuilderList.class.php 第 496 行.
NOTIC: [8] Undefined index: qita D:\xnbjiaoyi\a52\a52jiaoyi20170915\a52jiaoyi\Application\Admin\Controller\BuilderList.class.php 第 496 行.
NOTIC: [8] Undefined index: qita D:\xnbjiaoyi\a52\a52jiaoyi20170915\a52jiaoyi\Application\Admin\Controller\BuilderList.class.php 第 496 行.
NOTIC: [8] Undefined index: qita D:\xnbjiaoyi\a52\a52jiaoyi20170915\a52jiaoyi\Application\Admin\Controller\BuilderList.class.php 第 496 行.
NOTIC: [8] Undefined index: qita D:\xnbjiaoyi\a52\a52jiaoyi20170915\a52jiaoyi\Application\Admin\Controller\BuilderList.class.php 第 496 行.
NOTIC: [8] Undefined index: qita D:\xnbjiaoyi\a52\a52jiaoyi20170915\a52jiaoyi\Application\Admin\Controller\BuilderList.class.php 第 496 行.
NOTIC: [8] Undefined index: qita D:\xnbjiaoyi\a52\a52jiaoyi20170915\a52jiaoyi\Application\Admin\Controller\BuilderList.class.php 第 496 行.
NOTIC: [8] Undefined index: qita D:\xnbjiaoyi\a52\a52jiaoyi20170915\a52jiaoyi\Application\Admin\Controller\BuilderList.class.php 第 496 行.
NOTIC: [8] Undefined index: qita D:\xnbjiaoyi\a52\a52jiaoyi20170915\a52jiaoyi\Application\Admin\Controller\BuilderList.class.php 第 496 行.
NOTIC: [8] Undefined index: qita D:\xnbjiaoyi\a52\a52jiaoyi20170915\a52jiaoyi\Application\Admin\Controller\BuilderList.class.php 第 496 行.
NOTIC: [8] Undefined index: qita D:\xnbjiaoyi\a52\a52jiaoyi20170915\a52jiaoyi\Application\Admin\Controller\BuilderList.class.php 第 496 行.
INFO: [ view_parse ] --START--
INFO: Run Behavior\ParseTemplateBehavior [ RunTime:0.000367s ]
INFO: [ view_parse ] --END-- [ RunTime:0.000521s ]
INFO: [ view_filter ] --START--
INFO: Run Behavior\WriteHtmlCacheBehavior [ RunTime:0.000296s ]
INFO: [ view_filter ] --END-- [ RunTime:0.000426s ]
INFO: [ view_parse ] --START--
INFO: Run Behavior\ParseTemplateBehavior [ RunTime:0.000844s ]
INFO: [ view_parse ] --END-- [ RunTime:-0.000635s ]
INFO: [ view_filter ] --START--
INFO: Run Behavior\WriteHtmlCacheBehavior [ RunTime:0.000020s ]
INFO: [ view_filter ] --END-- [ RunTime:-0.001165s ]
INFO: [ view_parse ] --START--
INFO: Run Behavior\ParseTemplateBehavior [ RunTime:0.000543s ]
INFO: [ view_parse ] --END-- [ RunTime:-0.001916s ]
INFO: [ view_filter ] --START--
INFO: Run Behavior\WriteHtmlCacheBehavior [ RunTime:0.000021s ]
INFO: [ view_filter ] --END-- [ RunTime:-0.002128s ]
INFO: [ view_parse ] --START--
INFO: Run Behavior\ParseTemplateBehavior [ RunTime:0.000579s ]
INFO: [ view_parse ] --END-- [ RunTime:-0.002875s ]
INFO: [ view_filter ] --START--
INFO: Run Behavior\WriteHtmlCacheBehavior [ RunTime:0.000020s ]
INFO: [ view_filter ] --END-- [ RunTime:-0.003125s ]
INFO: [ view_parse ] --START--
INFO: Run Behavior\ParseTemplateBehavior [ RunTime:0.000589s ]
INFO: [ view_parse ] --END-- [ RunTime:-0.003874s ]
INFO: [ view_filter ] --START--
INFO: Run Behavior\WriteHtmlCacheBehavior [ RunTime:0.000020s ]
INFO: [ view_filter ] --END-- [ RunTime:-0.004131s ]
INFO: [ view_parse ] --START--
INFO: Run Behavior\ParseTemplateBehavior [ RunTime:0.000290s ]
INFO: [ view_parse ] --END-- [ RunTime:-0.004879s ]
INFO: [ view_filter ] --START--
INFO: Run Behavior\WriteHtmlCacheBehavior [ RunTime:0.000020s ]
INFO: [ view_filter ] --END-- [ RunTime:-0.004836s ]
INFO: [ view_parse ] --START--
INFO: Run Behavior\ParseTemplateBehavior [ RunTime:0.000640s ]
INFO: [ view_parse ] --END-- [ RunTime:-0.005583s ]
INFO: [ view_filter ] --START--
INFO: Run Behavior\WriteHtmlCacheBehavior [ RunTime:0.000020s ]
INFO: [ view_filter ] --END-- [ RunTime:-0.005903s ]
INFO: [ view_parse ] --START--
INFO: Run Behavior\ParseTemplateBehavior [ RunTime:0.000296s ]
INFO: [ view_parse ] --END-- [ RunTime:-0.006651s ]
INFO: [ view_filter ] --START--
INFO: Run Behavior\WriteHtmlCacheBehavior [ RunTime:0.000020s ]
INFO: [ view_filter ] --END-- [ RunTime:-0.006615s ]
INFO: [ view_parse ] --START--
INFO: Run Behavior\ParseTemplateBehavior [ RunTime:0.000300s ]
INFO: [ view_parse ] --END-- [ RunTime:-0.007362s ]
INFO: [ view_filter ] --START--
INFO: Run Behavior\WriteHtmlCacheBehavior [ RunTime:0.000020s ]
INFO: [ view_filter ] --END-- [ RunTime:-0.007342s ]
INFO: [ view_parse ] --START--
INFO: Run Behavior\ParseTemplateBehavior [ RunTime:0.000701s ]
INFO: [ view_parse ] --END-- [ RunTime:-0.008090s ]
INFO: [ view_filter ] --START--
INFO: Run Behavior\WriteHtmlCacheBehavior [ RunTime:0.000020s ]
INFO: [ view_filter ] --END-- [ RunTime:-0.008460s ]
INFO: [ view_parse ] --START--
INFO: Run Behavior\ParseTemplateBehavior [ RunTime:0.000294s ]
INFO: [ view_parse ] --END-- [ RunTime:-0.009207s ]
INFO: [ view_filter ] --START--
INFO: Run Behavior\WriteHtmlCacheBehavior [ RunTime:0.000021s ]
INFO: [ view_filter ] --END-- [ RunTime:-0.009201s ]
INFO: [ view_parse ] --START--
INFO: Run Behavior\ParseTemplateBehavior [ RunTime:0.000313s ]
INFO: [ view_parse ] --END-- [ RunTime:-0.010022s ]
INFO: [ view_filter ] --START--
INFO: Run Behavior\WriteHtmlCacheBehavior [ RunTime:0.000020s ]
INFO: [ view_filter ] --END-- [ RunTime:-0.010014s ]
INFO: [ view_parse ] --START--
INFO: Run Behavior\ParseTemplateBehavior [ RunTime:0.000291s ]
INFO: [ view_parse ] --END-- [ RunTime:-0.010759s ]
INFO: [ view_filter ] --START--
INFO: Run Behavior\WriteHtmlCacheBehavior [ RunTime:0.000026s ]
INFO: [ view_filter ] --END-- [ RunTime:-0.010823s ]
INFO: [ view_parse ] --START--
INFO: Run Behavior\ParseTemplateBehavior [ RunTime:0.000723s ]
INFO: [ view_parse ] --END-- [ RunTime:-0.011668s ]
INFO: [ view_filter ] --START--
INFO: Run Behavior\WriteHtmlCacheBehavior [ RunTime:0.000020s ]
INFO: [ view_filter ] --END-- [ RunTime:-0.012072s ]
INFO: [ view_parse ] --START--
INFO: Run Behavior\ParseTemplateBehavior [ RunTime:0.000304s ]
INFO: [ view_parse ] --END-- [ RunTime:-0.012830s ]
INFO: [ view_filter ] --START--
INFO: Run Behavior\WriteHtmlCacheBehavior [ RunTime:0.000021s ]
INFO: [ view_filter ] --END-- [ RunTime:-0.012807s ]
NOTIC: [8] Use of undefined constant LANG_SET - assumed 'LANG_SET' D:\xnbjiaoyi\a52\a52jiaoyi20170915\a52jiaoyi\ThinkPHP\Library\Think\Page.class.php 第 62 行.
INFO: [ view_parse ] --START--
INFO: [ template_filter ] --START--
INFO: Run Behavior\ContentReplaceBehavior [ RunTime:0.000273s ]
INFO: [ template_filter ] --END-- [ RunTime:0.000425s ]
NOTIC: [8] Undefined index: class D:\xnbjiaoyi\a52\a52jiaoyi20170915\a52jiaoyi\Runtime\Cache\Admin\0a02518122be8b7c15aec347dc0c97f6.php 第 30 行.
NOTIC: [8] Undefined index: class D:\xnbjiaoyi\a52\a52jiaoyi20170915\a52jiaoyi\Runtime\Cache\Admin\0a02518122be8b7c15aec347dc0c97f6.php 第 30 行.
NOTIC: [8] Undefined index: class D:\xnbjiaoyi\a52\a52jiaoyi20170915\a52jiaoyi\Runtime\Cache\Admin\0a02518122be8b7c15aec347dc0c97f6.php 第 30 行.
NOTIC: [8] Undefined index: class D:\xnbjiaoyi\a52\a52jiaoyi20170915\a52jiaoyi\Runtime\Cache\Admin\0a02518122be8b7c15aec347dc0c97f6.php 第 30 行.
NOTIC: [8] Undefined index: class D:\xnbjiaoyi\a52\a52jiaoyi20170915\a52jiaoyi\Runtime\Cache\Admin\0a02518122be8b7c15aec347dc0c97f6.php 第 30 行.
NOTIC: [8] Undefined index: class D:\xnbjiaoyi\a52\a52jiaoyi20170915\a52jiaoyi\Runtime\Cache\Admin\0a02518122be8b7c15aec347dc0c97f6.php 第 30 行.
NOTIC: [8] Undefined index: class D:\xnbjiaoyi\a52\a52jiaoyi20170915\a52jiaoyi\Runtime\Cache\Admin\0a02518122be8b7c15aec347dc0c97f6.php 第 30 行.
NOTIC: [8] Undefined index: class D:\xnbjiaoyi\a52\a52jiaoyi20170915\a52jiaoyi\Runtime\Cache\Admin\0a02518122be8b7c15aec347dc0c97f6.php 第 30 行.
NOTIC: [8] Undefined index: class D:\xnbjiaoyi\a52\a52jiaoyi20170915\a52jiaoyi\Runtime\Cache\Admin\0a02518122be8b7c15aec347dc0c97f6.php 第 30 行.
NOTIC: [8] Undefined variable: versionUp D:\xnbjiaoyi\a52\a52jiaoyi20170915\a52jiaoyi\Runtime\Cache\Admin\0a02518122be8b7c15aec347dc0c97f6.php 第 97 行.
INFO: Run Behavior\ParseTemplateBehavior [ RunTime:0.069735s ]
INFO: [ view_parse ] --END-- [ RunTime:-0.057217s ]
INFO: [ view_filter ] --START--
INFO: Run Behavior\WriteHtmlCacheBehavior [ RunTime:0.000021s ]
INFO: [ view_filter ] --END-- [ RunTime:-0.126655s ]
INFO: [ app_end ] --START--
INFO: Run Behavior\ShowPageTraceBehavior [ RunTime:0.000519s ]
INFO: [ app_end ] --END-- [ RunTime:0.000659s ]

[ 2018-02-23T14:54:15+08:00 ] 14.153.184.59 /Admin/Shop/log.html
INFO: [ app_init ] --START--
INFO: Run Behavior\BuildLiteBehavior [ RunTime:0.000022s ]
INFO: [ app_init ] --END-- [ RunTime:0.002941s ]
INFO: [ app_begin ] --START--
INFO: Run Behavior\ReadHtmlCacheBehavior [ RunTime:0.000547s ]
INFO: [ app_begin ] --END-- [ RunTime:0.000734s ]
SQL: SHOW COLUMNS FROM `movesay_config` [ RunTime:0.0040s ]
SQL: SELECT * FROM `movesay_config` WHERE `id` = 1 LIMIT 1   [ RunTime:0.0009s ]
SQL: SHOW COLUMNS FROM `movesay_coin` [ RunTime:0.0024s ]
SQL: SELECT * FROM `movesay_coin` WHERE `status` = 1  [ RunTime:0.0002s ]
SQL: SHOW COLUMNS FROM `movesay_market` [ RunTime:0.0022s ]
SQL: SELECT * FROM `movesay_market` WHERE `status` = 1  [ RunTime:0.0002s ]
SQL: SHOW COLUMNS FROM `movesay_version` [ RunTime:0.0017s ]
SQL: SELECT `name` FROM `movesay_version` WHERE `status` = 0 ORDER BY name desc LIMIT 1   [ RunTime:0.0002s ]
SQL: SHOW COLUMNS FROM `movesay_menu` [ RunTime:0.0017s ]
SQL: SELECT * FROM `movesay_menu` WHERE `pid` = 0 AND `hide` = 0 AND `is_dev` = 0 ORDER BY sort asc  [ RunTime:0.0002s ]
SQL: SELECT `id` FROM `movesay_menu` WHERE ( url like 'Shop/log%' ) LIMIT 1   [ RunTime:0.0009s ]
SQL: SHOW COLUMNS FROM `movesay_menu` [ RunTime:0.0017s ]
SQL: SELECT `id`,`pid`,`title` FROM `movesay_menu` WHERE ( id=429 ) LIMIT 1   [ RunTime:0.0004s ]
SQL: SELECT `id`,`pid`,`title` FROM `movesay_menu` WHERE ( id=6 ) LIMIT 1   [ RunTime:0.0002s ]
SQL: SELECT DISTINCT  `group` FROM `movesay_menu` WHERE ( pid = 6 )  [ RunTime:0.0002s ]
SQL: SELECT `id`,`url` FROM `movesay_menu` WHERE `pid` = 6 AND `hide` = 0 AND `is_dev` = 0  [ RunTime:0.0002s ]
SQL: SELECT `id`,`pid`,`title`,`url`,`tip`,`ico_name` FROM `movesay_menu` WHERE `group` = '商城管理' AND `pid` = 6 AND `hide` = 0 AND `is_dev` = 0 ORDER BY sort asc  [ RunTime:0.0002s ]
SQL: SELECT `id`,`pid`,`title`,`url`,`tip`,`ico_name` FROM `movesay_menu` WHERE `group` = '认购管理' AND `pid` = 6 AND `hide` = 0 AND `is_dev` = 0 ORDER BY sort asc  [ RunTime:0.0002s ]
SQL: SELECT `id`,`pid`,`title`,`url`,`tip`,`ico_name` FROM `movesay_menu` WHERE `group` = '分红管理' AND `pid` = 6 AND `hide` = 0 AND `is_dev` = 0 ORDER BY sort asc  [ RunTime:0.0002s ]
SQL: SELECT `id`,`pid`,`title`,`url`,`tip`,`ico_name` FROM `movesay_menu` WHERE `group` = '话费充值' AND `pid` = 6 AND `hide` = 0 AND `is_dev` = 0 ORDER BY sort asc  [ RunTime:0.0002s ]
SQL: SELECT `id`,`pid`,`title`,`url`,`tip`,`ico_name` FROM `movesay_menu` WHERE `group` = '理财管理' AND `pid` = 6 AND `hide` = 0 AND `is_dev` = 0 ORDER BY sort asc  [ RunTime:0.0002s ]
SQL: SHOW COLUMNS FROM `movesay_shop` [ RunTime:0.0020s ]
SQL: SHOW COLUMNS FROM `movesay_shop` [ RunTime:0.0018s ]
SQL: SELECT * FROM `movesay_shop`  [ RunTime:0.0016s ]
SQL: SHOW COLUMNS FROM `movesay_shop_coin` [ RunTime:0.0359s ]
SQL: SELECT * FROM `movesay_shop_coin`  [ RunTime:0.0004s ]
SQL: SHOW COLUMNS FROM `movesay_shop_log` [ RunTime:0.0111s ]
SQL: SELECT * FROM `movesay_shop_log` WHERE `status` >= 0 ORDER BY id desc LIMIT 0,15   [ RunTime:0.0003s ]
SQL: SELECT COUNT(*) AS tp_count FROM `movesay_shop_log` WHERE `status` >= 0 LIMIT 1   [ RunTime:0.0005s ]
NOTIC: [8] Constant UID already defined D:\xnbjiaoyi\a52\a52jiaoyi20170915\a52jiaoyi\Application\Admin\Controller\AdminController.class.php 第 41 行.
SQL: SELECT * FROM `movesay_config` WHERE `id` = 1 LIMIT 1   [ RunTime:0.0007s ]
SQL: SELECT * FROM `movesay_coin` WHERE `status` = 1  [ RunTime:0.0002s ]
SQL: SELECT * FROM `movesay_market` WHERE `status` = 1  [ RunTime:0.0002s ]
SQL: SELECT `name` FROM `movesay_version` WHERE `status` = 0 ORDER BY name desc LIMIT 1   [ RunTime:0.0002s ]
NOTIC: [8] Constant IS_ROOT already defined D:\xnbjiaoyi\a52\a52jiaoyi20170915\a52jiaoyi\Application\Admin\Controller\AdminController.class.php 第 117 行.
SQL: SELECT * FROM `movesay_menu` WHERE `pid` = 0 AND `hide` = 0 AND `is_dev` = 0 ORDER BY sort asc  [ RunTime:0.0002s ]
SQL: SELECT `id` FROM `movesay_menu` WHERE ( url like 'Shop/log%' ) LIMIT 1   [ RunTime:0.0002s ]
SQL: SELECT `id`,`pid`,`title` FROM `movesay_menu` WHERE ( id=429 ) LIMIT 1   [ RunTime:0.0002s ]
SQL: SELECT `id`,`pid`,`title` FROM `movesay_menu` WHERE ( id=6 ) LIMIT 1   [ RunTime:0.0002s ]
SQL: SELECT DISTINCT  `group` FROM `movesay_menu` WHERE ( pid = 6 )  [ RunTime:0.0002s ]
SQL: SELECT `id`,`url` FROM `movesay_menu` WHERE `pid` = 6 AND `hide` = 0 AND `is_dev` = 0  [ RunTime:0.0002s ]
SQL: SELECT `id`,`pid`,`title`,`url`,`tip`,`ico_name` FROM `movesay_menu` WHERE `group` = '商城管理' AND `pid` = 6 AND `hide` = 0 AND `is_dev` = 0 ORDER BY sort asc  [ RunTime:0.0002s ]
SQL: SELECT `id`,`pid`,`title`,`url`,`tip`,`ico_name` FROM `movesay_menu` WHERE `group` = '认购管理' AND `pid` = 6 AND `hide` = 0 AND `is_dev` = 0 ORDER BY sort asc  [ RunTime:0.0002s ]
SQL: SELECT `id`,`pid`,`title`,`url`,`tip`,`ico_name` FROM `movesay_menu` WHERE `group` = '分红管理' AND `pid` = 6 AND `hide` = 0 AND `is_dev` = 0 ORDER BY sort asc  [ RunTime:0.0002s ]
SQL: SELECT `id`,`pid`,`title`,`url`,`tip`,`ico_name` FROM `movesay_menu` WHERE `group` = '话费充值' AND `pid` = 6 AND `hide` = 0 AND `is_dev` = 0 ORDER BY sort asc  [ RunTime:0.0002s ]
SQL: SELECT `id`,`pid`,`title`,`url`,`tip`,`ico_name` FROM `movesay_menu` WHERE `group` = '理财管理' AND `pid` = 6 AND `hide` = 0 AND `is_dev` = 0 ORDER BY sort asc  [ RunTime:0.0002s ]
NOTIC: [8] Use of undefined constant LANG_SET - assumed 'LANG_SET' D:\xnbjiaoyi\a52\a52jiaoyi20170915\a52jiaoyi\ThinkPHP\Library\Think\Page.class.php 第 62 行.
INFO: [ view_parse ] --START--
INFO: [ template_filter ] --START--
INFO: Run Behavior\ContentReplaceBehavior [ RunTime:0.000294s ]
INFO: [ template_filter ] --END-- [ RunTime:0.000441s ]
NOTIC: [8] Undefined index: class D:\xnbjiaoyi\a52\a52jiaoyi20170915\a52jiaoyi\Runtime\Cache\Admin\0a02518122be8b7c15aec347dc0c97f6.php 第 30 行.
NOTIC: [8] Undefined index: class D:\xnbjiaoyi\a52\a52jiaoyi20170915\a52jiaoyi\Runtime\Cache\Admin\0a02518122be8b7c15aec347dc0c97f6.php 第 30 行.
NOTIC: [8] Undefined index: class D:\xnbjiaoyi\a52\a52jiaoyi20170915\a52jiaoyi\Runtime\Cache\Admin\0a02518122be8b7c15aec347dc0c97f6.php 第 30 行.
NOTIC: [8] Undefined index: class D:\xnbjiaoyi\a52\a52jiaoyi20170915\a52jiaoyi\Runtime\Cache\Admin\0a02518122be8b7c15aec347dc0c97f6.php 第 30 行.
NOTIC: [8] Undefined index: class D:\xnbjiaoyi\a52\a52jiaoyi20170915\a52jiaoyi\Runtime\Cache\Admin\0a02518122be8b7c15aec347dc0c97f6.php 第 30 行.
NOTIC: [8] Undefined index: class D:\xnbjiaoyi\a52\a52jiaoyi20170915\a52jiaoyi\Runtime\Cache\Admin\0a02518122be8b7c15aec347dc0c97f6.php 第 30 行.
NOTIC: [8] Undefined index: class D:\xnbjiaoyi\a52\a52jiaoyi20170915\a52jiaoyi\Runtime\Cache\Admin\0a02518122be8b7c15aec347dc0c97f6.php 第 30 行.
NOTIC: [8] Undefined index: class D:\xnbjiaoyi\a52\a52jiaoyi20170915\a52jiaoyi\Runtime\Cache\Admin\0a02518122be8b7c15aec347dc0c97f6.php 第 30 行.
NOTIC: [8] Undefined index: class D:\xnbjiaoyi\a52\a52jiaoyi20170915\a52jiaoyi\Runtime\Cache\Admin\0a02518122be8b7c15aec347dc0c97f6.php 第 30 行.
NOTIC: [8] Undefined variable: versionUp D:\xnbjiaoyi\a52\a52jiaoyi20170915\a52jiaoyi\Runtime\Cache\Admin\0a02518122be8b7c15aec347dc0c97f6.php 第 97 行.
INFO: Run Behavior\ParseTemplateBehavior [ RunTime:0.023215s ]
INFO: [ view_parse ] --END-- [ RunTime:0.023370s ]
INFO: [ view_filter ] --START--
INFO: Run Behavior\WriteHtmlCacheBehavior [ RunTime:0.000278s ]
INFO: [ view_filter ] --END-- [ RunTime:0.000409s ]
INFO: [ app_end ] --START--
INFO: Run Behavior\ShowPageTraceBehavior [ RunTime:0.000480s ]
INFO: [ app_end ] --END-- [ RunTime:0.000619s ]

[ 2018-02-23T14:55:19+08:00 ] 14.153.184.59 /admin/login?movesay=lanbing
INFO: [ app_init ] --START--
INFO: Run Behavior\BuildLiteBehavior [ RunTime:0.000022s ]
INFO: [ app_init ] --END-- [ RunTime:0.002841s ]
INFO: [ app_begin ] --START--
INFO: Run Behavior\ReadHtmlCacheBehavior [ RunTime:0.000452s ]
INFO: [ app_begin ] --END-- [ RunTime:0.000609s ]
INFO: [ view_parse ] --START--
INFO: [ template_filter ] --START--
INFO: Run Behavior\ContentReplaceBehavior [ RunTime:0.000129s ]
INFO: [ template_filter ] --END-- [ RunTime:0.000285s ]
INFO: Run Behavior\ParseTemplateBehavior [ RunTime:0.006604s ]
INFO: [ view_parse ] --END-- [ RunTime:0.006764s ]
INFO: [ view_filter ] --START--
INFO: Run Behavior\WriteHtmlCacheBehavior [ RunTime:0.000276s ]
INFO: [ view_filter ] --END-- [ RunTime:0.000400s ]
INFO: [ app_end ] --START--
INFO: Run Behavior\ShowPageTraceBehavior [ RunTime:0.000492s ]
INFO: [ app_end ] --END-- [ RunTime:0.000627s ]

[ 2018-02-23T14:55:19+08:00 ] 14.153.184.59 /Admin/Verify/code.html
INFO: [ app_init ] --START--
INFO: Run Behavior\BuildLiteBehavior [ RunTime:0.000021s ]
INFO: [ app_init ] --END-- [ RunTime:0.002835s ]
INFO: [ app_begin ] --START--
INFO: Run Behavior\ReadHtmlCacheBehavior [ RunTime:0.000463s ]
INFO: [ app_begin ] --END-- [ RunTime:0.000616s ]
INFO: [ app_end ] --START--
INFO: Run Behavior\ShowPageTraceBehavior [ RunTime:0.000580s ]
INFO: [ app_end ] --END-- [ RunTime:0.000732s ]

[ 2018-02-23T14:55:29+08:00 ] 14.153.184.59 /Admin/Login/index.html
INFO: [ app_init ] --START--
INFO: Run Behavior\BuildLiteBehavior [ RunTime:0.000022s ]
INFO: [ app_init ] --END-- [ RunTime:0.002905s ]
INFO: [ app_begin ] --START--
INFO: Run Behavior\ReadHtmlCacheBehavior [ RunTime:0.000400s ]
INFO: [ app_begin ] --END-- [ RunTime:0.000548s ]
SQL: SHOW COLUMNS FROM `movesay_admin` [ RunTime:0.0023s ]
SQL: SELECT * FROM `movesay_admin` WHERE `username` = 'admin' LIMIT 1   [ RunTime:0.0002s ]

[ 2018-02-23T14:55:33+08:00 ] 14.153.184.59 /Admin/Index/index.html
INFO: [ app_init ] --START--
INFO: Run Behavior\BuildLiteBehavior [ RunTime:0.000023s ]
INFO: [ app_init ] --END-- [ RunTime:0.002937s ]
INFO: [ app_begin ] --START--
INFO: Run Behavior\ReadHtmlCacheBehavior [ RunTime:0.000424s ]
INFO: [ app_begin ] --END-- [ RunTime:0.000579s ]
SQL: SHOW COLUMNS FROM `movesay_config` [ RunTime:0.0039s ]
SQL: SELECT * FROM `movesay_config` WHERE `id` = 1 LIMIT 1   [ RunTime:0.0010s ]
SQL: SHOW COLUMNS FROM `movesay_coin` [ RunTime:0.0026s ]
SQL: SELECT * FROM `movesay_coin` WHERE `status` = 1  [ RunTime:0.0002s ]
SQL: SHOW COLUMNS FROM `movesay_market` [ RunTime:0.0021s ]
SQL: SELECT * FROM `movesay_market` WHERE `status` = 1  [ RunTime:0.0002s ]
SQL: SHOW COLUMNS FROM `movesay_version` [ RunTime:0.0017s ]
SQL: SELECT `name` FROM `movesay_version` WHERE `status` = 0 ORDER BY name desc LIMIT 1   [ RunTime:0.0002s ]
SQL: SHOW COLUMNS FROM `movesay_menu` [ RunTime:0.0017s ]
SQL: SELECT * FROM `movesay_menu` WHERE `pid` = 0 AND `hide` = 0 AND `is_dev` = 0 ORDER BY sort asc  [ RunTime:0.0002s ]
SQL: SELECT `id` FROM `movesay_menu` WHERE ( url like 'Index/index%' ) LIMIT 1   [ RunTime:0.0002s ]
SQL: SHOW COLUMNS FROM `movesay_menu` [ RunTime:0.0017s ]
SQL: SELECT `id`,`pid`,`title` FROM `movesay_menu` WHERE ( id=1 ) LIMIT 1   [ RunTime:0.0002s ]
SQL: SELECT DISTINCT  `group` FROM `movesay_menu` WHERE ( pid = 1 )  [ RunTime:0.0002s ]
SQL: SELECT `id`,`url` FROM `movesay_menu` WHERE `pid` = 1 AND `hide` = 0 AND `is_dev` = 0  [ RunTime:0.0002s ]
SQL: SELECT `id`,`pid`,`title`,`url`,`tip`,`ico_name` FROM `movesay_menu` WHERE `group` = '系统' AND `pid` = 1 AND `hide` = 0 AND `is_dev` = 0 ORDER BY sort asc  [ RunTime:0.0002s ]
SQL: SHOW COLUMNS FROM `movesay_user` [ RunTime:0.0019s ]
SQL: SELECT COUNT(*) AS tp_count FROM `movesay_user` LIMIT 1   [ RunTime:0.0002s ]
SQL: SHOW COLUMNS FROM `movesay_user_coin` [ RunTime:0.0016s ]
SQL: SELECT SUM(cny) AS tp_sum FROM `movesay_user_coin` LIMIT 1   [ RunTime:0.0002s ]
SQL: SELECT SUM(cnyd) AS tp_sum FROM `movesay_user_coin` LIMIT 1   [ RunTime:0.0002s ]
SQL: SHOW COLUMNS FROM `movesay_trade_log` [ RunTime:0.0018s ]
SQL: SELECT SUM(mum) AS tp_sum FROM `movesay_trade_log` LIMIT 1   [ RunTime:0.0002s ]
SQL: SHOW COLUMNS FROM `movesay_article` [ RunTime:0.0017s ]
SQL: SELECT COUNT(*) AS tp_count FROM `movesay_article` LIMIT 1   [ RunTime:0.0002s ]
SQL: SHOW COLUMNS FROM `movesay_mycz` [ RunTime:0.0017s ]
SQL: SELECT SUM(num) AS tp_sum FROM `movesay_mycz` WHERE `status` <> 0 AND ( `addtime` > 1516809600 AND `addtime` < 1516896000  ) LIMIT 1   [ RunTime:0.0002s ]
SQL: SHOW COLUMNS FROM `movesay_mytx` [ RunTime:0.0018s ]
SQL: SELECT SUM(num) AS tp_sum FROM `movesay_mytx` WHERE `status` = 1 AND ( `addtime` > 1516809600 AND `addtime` < 1516896000  ) LIMIT 1   [ RunTime:0.0002s ]
SQL: SELECT SUM(num) AS tp_sum FROM `movesay_mycz` WHERE `status` <> 0 AND ( `addtime` > 1516896000 AND `addtime` < 1516982400  ) LIMIT 1   [ RunTime:0.0002s ]
SQL: SELECT SUM(num) AS tp_sum FROM `movesay_mytx` WHERE `status` = 1 AND ( `addtime` > 1516896000 AND `addtime` < 1516982400  ) LIMIT 1   [ RunTime:0.0002s ]
SQL: SELECT SUM(num) AS tp_sum FROM `movesay_mycz` WHERE `status` <> 0 AND ( `addtime` > 1516982400 AND `addtime` < 1517068800  ) LIMIT 1   [ RunTime:0.0002s ]
SQL: SELECT SUM(num) AS tp_sum FROM `movesay_mytx` WHERE `status` = 1 AND ( `addtime` > 1516982400 AND `addtime` < 1517068800  ) LIMIT 1   [ RunTime:0.0002s ]
SQL: SELECT SUM(num) AS tp_sum FROM `movesay_mycz` WHERE `status` <> 0 AND ( `addtime` > 1517068800 AND `addtime` < 1517155200  ) LIMIT 1   [ RunTime:0.0002s ]
SQL: SELECT SUM(num) AS tp_sum FROM `movesay_mytx` WHERE `status` = 1 AND ( `addtime` > 1517068800 AND `addtime` < 1517155200  ) LIMIT 1   [ RunTime:0.0002s ]
SQL: SELECT SUM(num) AS tp_sum FROM `movesay_mycz` WHERE `status` <> 0 AND ( `addtime` > 1517155200 AND `addtime` < 1517241600  ) LIMIT 1   [ RunTime:0.0002s ]
SQL: SELECT SUM(num) AS tp_sum FROM `movesay_mytx` WHERE `status` = 1 AND ( `addtime` > 1517155200 AND `addtime` < 1517241600  ) LIMIT 1   [ RunTime:0.0002s ]
SQL: SELECT SUM(num) AS tp_sum FROM `movesay_mycz` WHERE `status` <> 0 AND ( `addtime` > 1517241600 AND `addtime` < 1517328000  ) LIMIT 1   [ RunTime:0.0002s ]
SQL: SELECT SUM(num) AS tp_sum FROM `movesay_mytx` WHERE `status` = 1 AND ( `addtime` > 1517241600 AND `addtime` < 1517328000  ) LIMIT 1   [ RunTime:0.0002s ]
SQL: SELECT SUM(num) AS tp_sum FROM `movesay_mycz` WHERE `status` <> 0 AND ( `addtime` > 1517328000 AND `addtime` < 1517414400  ) LIMIT 1   [ RunTime:0.0002s ]
SQL: SELECT SUM(num) AS tp_sum FROM `movesay_mytx` WHERE `status` = 1 AND ( `addtime` > 1517328000 AND `addtime` < 1517414400  ) LIMIT 1   [ RunTime:0.0002s ]
SQL: SELECT SUM(num) AS tp_sum FROM `movesay_mycz` WHERE `status` <> 0 AND ( `addtime` > 1517414400 AND `addtime` < 1517500800  ) LIMIT 1   [ RunTime:0.0002s ]
SQL: SELECT SUM(num) AS tp_sum FROM `movesay_mytx` WHERE `status` = 1 AND ( `addtime` > 1517414400 AND `addtime` < 1517500800  ) LIMIT 1   [ RunTime:0.0002s ]
SQL: SELECT SUM(num) AS tp_sum FROM `movesay_mycz` WHERE `status` <> 0 AND ( `addtime` > 1517500800 AND `addtime` < 1517587200  ) LIMIT 1   [ RunTime:0.0002s ]
SQL: SELECT SUM(num) AS tp_sum FROM `movesay_mytx` WHERE `status` = 1 AND ( `addtime` > 1517500800 AND `addtime` < 1517587200  ) LIMIT 1   [ RunTime:0.0002s ]
SQL: SELECT SUM(num) AS tp_sum FROM `movesay_mycz` WHERE `status` <> 0 AND ( `addtime` > 1517587200 AND `addtime` < 1517673600  ) LIMIT 1   [ RunTime:0.0002s ]
SQL: SELECT SUM(num) AS tp_sum FROM `movesay_mytx` WHERE `status` = 1 AND ( `addtime` > 1517587200 AND `addtime` < 1517673600  ) LIMIT 1   [ RunTime:0.0002s ]
SQL: SELECT SUM(num) AS tp_sum FROM `movesay_mycz` WHERE `status` <> 0 AND ( `addtime` > 1517673600 AND `addtime` < 1517760000  ) LIMIT 1   [ RunTime:0.0002s ]
SQL: SELECT SUM(num) AS tp_sum FROM `movesay_mytx` WHERE `status` = 1 AND ( `addtime` > 1517673600 AND `addtime` < 1517760000  ) LIMIT 1   [ RunTime:0.0002s ]
SQL: SELECT SUM(num) AS tp_sum FROM `movesay_mycz` WHERE `status` <> 0 AND ( `addtime` > 1517760000 AND `addtime` < 1517846400  ) LIMIT 1   [ RunTime:0.0002s ]
SQL: SELECT SUM(num) AS tp_sum FROM `movesay_mytx` WHERE `status` = 1 AND ( `addtime` > 1517760000 AND `addtime` < 1517846400  ) LIMIT 1   [ RunTime:0.0002s ]
SQL: SELECT SUM(num) AS tp_sum FROM `movesay_mycz` WHERE `status` <> 0 AND ( `addtime` > 1517846400 AND `addtime` < 1517932800  ) LIMIT 1   [ RunTime:0.0002s ]
SQL: SELECT SUM(num) AS tp_sum FROM `movesay_mytx` WHERE `status` = 1 AND ( `addtime` > 1517846400 AND `addtime` < 1517932800  ) LIMIT 1   [ RunTime:0.0002s ]
SQL: SELECT SUM(num) AS tp_sum FROM `movesay_mycz` WHERE `status` <> 0 AND ( `addtime` > 1517932800 AND `addtime` < 1518019200  ) LIMIT 1   [ RunTime:0.0002s ]
SQL: SELECT SUM(num) AS tp_sum FROM `movesay_mytx` WHERE `status` = 1 AND ( `addtime` > 1517932800 AND `addtime` < 1518019200  ) LIMIT 1   [ RunTime:0.0002s ]
SQL: SELECT SUM(num) AS tp_sum FROM `movesay_mycz` WHERE `status` <> 0 AND ( `addtime` > 1518019200 AND `addtime` < 1518105600  ) LIMIT 1   [ RunTime:0.0002s ]
SQL: SELECT SUM(num) AS tp_sum FROM `movesay_mytx` WHERE `status` = 1 AND ( `addtime` > 1518019200 AND `addtime` < 1518105600  ) LIMIT 1   [ RunTime:0.0002s ]
SQL: SELECT SUM(num) AS tp_sum FROM `movesay_mycz` WHERE `status` <> 0 AND ( `addtime` > 1518105600 AND `addtime` < 1518192000  ) LIMIT 1   [ RunTime:0.0002s ]
SQL: SELECT SUM(num) AS tp_sum FROM `movesay_mytx` WHERE `status` = 1 AND ( `addtime` > 1518105600 AND `addtime` < 1518192000  ) LIMIT 1   [ RunTime:0.0002s ]
SQL: SELECT SUM(num) AS tp_sum FROM `movesay_mycz` WHERE `status` <> 0 AND ( `addtime` > 1518192000 AND `addtime` < 1518278400  ) LIMIT 1   [ RunTime:0.0002s ]
SQL: SELECT SUM(num) AS tp_sum FROM `movesay_mytx` WHERE `status` = 1 AND ( `addtime` > 1518192000 AND `addtime` < 1518278400  ) LIMIT 1   [ RunTime:0.0002s ]
SQL: SELECT SUM(num) AS tp_sum FROM `movesay_mycz` WHERE `status` <> 0 AND ( `addtime` > 1518278400 AND `addtime` < 1518364800  ) LIMIT 1   [ RunTime:0.0002s ]
SQL: SELECT SUM(num) AS tp_sum FROM `movesay_mytx` WHERE `status` = 1 AND ( `addtime` > 1518278400 AND `addtime` < 1518364800  ) LIMIT 1   [ RunTime:0.0002s ]
SQL: SELECT SUM(num) AS tp_sum FROM `movesay_mycz` WHERE `status` <> 0 AND ( `addtime` > 1518364800 AND `addtime` < 1518451200  ) LIMIT 1   [ RunTime:0.0002s ]
SQL: SELECT SUM(num) AS tp_sum FROM `movesay_mytx` WHERE `status` = 1 AND ( `addtime` > 1518364800 AND `addtime` < 1518451200  ) LIMIT 1   [ RunTime:0.0002s ]
SQL: SELECT SUM(num) AS tp_sum FROM `movesay_mycz` WHERE `status` <> 0 AND ( `addtime` > 1518451200 AND `addtime` < 1518537600  ) LIMIT 1   [ RunTime:0.0002s ]
SQL: SELECT SUM(num) AS tp_sum FROM `movesay_mytx` WHERE `status` = 1 AND ( `addtime` > 1518451200 AND `addtime` < 1518537600  ) LIMIT 1   [ RunTime:0.0002s ]
SQL: SELECT SUM(num) AS tp_sum FROM `movesay_mycz` WHERE `status` <> 0 AND ( `addtime` > 1518537600 AND `addtime` < 1518624000  ) LIMIT 1   [ RunTime:0.0002s ]
SQL: SELECT SUM(num) AS tp_sum FROM `movesay_mytx` WHERE `status` = 1 AND ( `addtime` > 1518537600 AND `addtime` < 1518624000  ) LIMIT 1   [ RunTime:0.0002s ]
SQL: SELECT SUM(num) AS tp_sum FROM `movesay_mycz` WHERE `status` <> 0 AND ( `addtime` > 1518624000 AND `addtime` < 1518710400  ) LIMIT 1   [ RunTime:0.0002s ]
SQL: SELECT SUM(num) AS tp_sum FROM `movesay_mytx` WHERE `status` = 1 AND ( `addtime` > 1518624000 AND `addtime` < 1518710400  ) LIMIT 1   [ RunTime:0.0002s ]
SQL: SELECT SUM(num) AS tp_sum FROM `movesay_mycz` WHERE `status` <> 0 AND ( `addtime` > 1518710400 AND `addtime` < 1518796800  ) LIMIT 1   [ RunTime:0.0002s ]
SQL: SELECT SUM(num) AS tp_sum FROM `movesay_mytx` WHERE `status` = 1 AND ( `addtime` > 1518710400 AND `addtime` < 1518796800  ) LIMIT 1   [ RunTime:0.0002s ]
SQL: SELECT SUM(num) AS tp_sum FROM `movesay_mycz` WHERE `status` <> 0 AND ( `addtime` > 1518796800 AND `addtime` < 1518883200  ) LIMIT 1   [ RunTime:0.0002s ]
SQL: SELECT SUM(num) AS tp_sum FROM `movesay_mytx` WHERE `status` = 1 AND ( `addtime` > 1518796800 AND `addtime` < 1518883200  ) LIMIT 1   [ RunTime:0.0002s ]
SQL: SELECT SUM(num) AS tp_sum FROM `movesay_mycz` WHERE `status` <> 0 AND ( `addtime` > 1518883200 AND `addtime` < 1518969600  ) LIMIT 1   [ RunTime:0.0002s ]
SQL: SELECT SUM(num) AS tp_sum FROM `movesay_mytx` WHERE `status` = 1 AND ( `addtime` > 1518883200 AND `addtime` < 1518969600  ) LIMIT 1   [ RunTime:0.0002s ]
SQL: SELECT SUM(num) AS tp_sum FROM `movesay_mycz` WHERE `status` <> 0 AND ( `addtime` > 1518969600 AND `addtime` < 1519056000  ) LIMIT 1   [ RunTime:0.0002s ]
SQL: SELECT SUM(num) AS tp_sum FROM `movesay_mytx` WHERE `status` = 1 AND ( `addtime` > 1518969600 AND `addtime` < 1519056000  ) LIMIT 1   [ RunTime:0.0002s ]
SQL: SELECT SUM(num) AS tp_sum FROM `movesay_mycz` WHERE `status` <> 0 AND ( `addtime` > 1519056000 AND `addtime` < 1519142400  ) LIMIT 1   [ RunTime:0.0002s ]
SQL: SELECT SUM(num) AS tp_sum FROM `movesay_mytx` WHERE `status` = 1 AND ( `addtime` > 1519056000 AND `addtime` < 1519142400  ) LIMIT 1   [ RunTime:0.0002s ]
SQL: SELECT SUM(num) AS tp_sum FROM `movesay_mycz` WHERE `status` <> 0 AND ( `addtime` > 1519142400 AND `addtime` < 1519228800  ) LIMIT 1   [ RunTime:0.0002s ]
SQL: SELECT SUM(num) AS tp_sum FROM `movesay_mytx` WHERE `status` = 1 AND ( `addtime` > 1519142400 AND `addtime` < 1519228800  ) LIMIT 1   [ RunTime:0.0002s ]
SQL: SELECT SUM(num) AS tp_sum FROM `movesay_mycz` WHERE `status` <> 0 AND ( `addtime` > 1519228800 AND `addtime` < 1519315200  ) LIMIT 1   [ RunTime:0.0002s ]
SQL: SELECT SUM(num) AS tp_sum FROM `movesay_mytx` WHERE `status` = 1 AND ( `addtime` > 1519228800 AND `addtime` < 1519315200  ) LIMIT 1   [ RunTime:0.0002s ]
SQL: SELECT SUM(num) AS tp_sum FROM `movesay_mycz` WHERE `status` <> 0 AND ( `addtime` > 1519315200 AND `addtime` < 1519401600  ) LIMIT 1   [ RunTime:0.0002s ]
SQL: SELECT SUM(num) AS tp_sum FROM `movesay_mytx` WHERE `status` = 1 AND ( `addtime` > 1519315200 AND `addtime` < 1519401600  ) LIMIT 1   [ RunTime:0.0002s ]
SQL: SELECT COUNT(*) AS tp_count FROM `movesay_user` WHERE ( `addtime` > 1516776930 AND `addtime` < 1516863330  ) LIMIT 1   [ RunTime:0.0011s ]
SQL: SELECT COUNT(*) AS tp_count FROM `movesay_user` WHERE ( `addtime` > 1516863330 AND `addtime` < 1516949730  ) LIMIT 1   [ RunTime:0.0005s ]
SQL: SELECT COUNT(*) AS tp_count FROM `movesay_user` WHERE ( `addtime` > 1516949730 AND `addtime` < 1517036130  ) LIMIT 1   [ RunTime:0.0005s ]
SQL: SELECT COUNT(*) AS tp_count FROM `movesay_user` WHERE ( `addtime` > 1517036130 AND `addtime` < 1517122530  ) LIMIT 1   [ RunTime:0.0005s ]
SQL: SELECT COUNT(*) AS tp_count FROM `movesay_user` WHERE ( `addtime` > 1517122530 AND `addtime` < 1517208930  ) LIMIT 1   [ RunTime:0.0005s ]
SQL: SELECT COUNT(*) AS tp_count FROM `movesay_user` WHERE ( `addtime` > 1517208930 AND `addtime` < 1517295330  ) LIMIT 1   [ RunTime:0.0005s ]
SQL: SELECT COUNT(*) AS tp_count FROM `movesay_user` WHERE ( `addtime` > 1517295330 AND `addtime` < 1517381730  ) LIMIT 1   [ RunTime:0.0005s ]
SQL: SELECT COUNT(*) AS tp_count FROM `movesay_user` WHERE ( `addtime` > 1517381730 AND `addtime` < 1517468130  ) LIMIT 1   [ RunTime:0.0005s ]
SQL: SELECT COUNT(*) AS tp_count FROM `movesay_user` WHERE ( `addtime` > 1517468130 AND `addtime` < 1517554530  ) LIMIT 1   [ RunTime:0.0005s ]
SQL: SELECT COUNT(*) AS tp_count FROM `movesay_user` WHERE ( `addtime` > 1517554530 AND `addtime` < 1517640930  ) LIMIT 1   [ RunTime:0.0005s ]
SQL: SELECT COUNT(*) AS tp_count FROM `movesay_user` WHERE ( `addtime` > 1517640930 AND `addtime` < 1517727330  ) LIMIT 1   [ RunTime:0.0005s ]
SQL: SELECT COUNT(*) AS tp_count FROM `movesay_user` WHERE ( `addtime` > 1517727330 AND `addtime` < 1517813730  ) LIMIT 1   [ RunTime:0.0005s ]
SQL: SELECT COUNT(*) AS tp_count FROM `movesay_user` WHERE ( `addtime` > 1517813730 AND `addtime` < 1517900130  ) LIMIT 1   [ RunTime:0.0005s ]
SQL: SELECT COUNT(*) AS tp_count FROM `movesay_user` WHERE ( `addtime` > 1517900130 AND `addtime` < 1517986530  ) LIMIT 1   [ RunTime:0.0005s ]
SQL: SELECT COUNT(*) AS tp_count FROM `movesay_user` WHERE ( `addtime` > 1517986530 AND `addtime` < 1518072930  ) LIMIT 1   [ RunTime:0.0005s ]
SQL: SELECT COUNT(*) AS tp_count FROM `movesay_user` WHERE ( `addtime` > 1518072930 AND `addtime` < 1518159330  ) LIMIT 1   [ RunTime:0.0005s ]
SQL: SELECT COUNT(*) AS tp_count FROM `movesay_user` WHERE ( `addtime` > 1518159330 AND `addtime` < 1518245730  ) LIMIT 1   [ RunTime:0.0005s ]
SQL: SELECT COUNT(*) AS tp_count FROM `movesay_user` WHERE ( `addtime` > 1518245730 AND `addtime` < 1518332130  ) LIMIT 1   [ RunTime:0.0005s ]
SQL: SELECT COUNT(*) AS tp_count FROM `movesay_user` WHERE ( `addtime` > 1518332130 AND `addtime` < 1518418530  ) LIMIT 1   [ RunTime:0.0005s ]
SQL: SELECT COUNT(*) AS tp_count FROM `movesay_user` WHERE ( `addtime` > 1518418530 AND `addtime` < 1518504930  ) LIMIT 1   [ RunTime:0.0005s ]
SQL: SELECT COUNT(*) AS tp_count FROM `movesay_user` WHERE ( `addtime` > 1518504930 AND `addtime` < 1518591330  ) LIMIT 1   [ RunTime:0.0005s ]
SQL: SELECT COUNT(*) AS tp_count FROM `movesay_user` WHERE ( `addtime` > 1518591330 AND `addtime` < 1518677730  ) LIMIT 1   [ RunTime:0.0005s ]
SQL: SELECT COUNT(*) AS tp_count FROM `movesay_user` WHERE ( `addtime` > 1518677730 AND `addtime` < 1518764130  ) LIMIT 1   [ RunTime:0.0006s ]
SQL: SELECT COUNT(*) AS tp_count FROM `movesay_user` WHERE ( `addtime` > 1518764130 AND `addtime` < 1518850530  ) LIMIT 1   [ RunTime:0.0005s ]
SQL: SELECT COUNT(*) AS tp_count FROM `movesay_user` WHERE ( `addtime` > 1518850530 AND `addtime` < 1518936930  ) LIMIT 1   [ RunTime:0.0005s ]
SQL: SELECT COUNT(*) AS tp_count FROM `movesay_user` WHERE ( `addtime` > 1518936930 AND `addtime` < 1519023330  ) LIMIT 1   [ RunTime:0.0005s ]
SQL: SELECT COUNT(*) AS tp_count FROM `movesay_user` WHERE ( `addtime` > 1519023330 AND `addtime` < 1519109730  ) LIMIT 1   [ RunTime:0.0005s ]
SQL: SELECT COUNT(*) AS tp_count FROM `movesay_user` WHERE ( `addtime` > 1519109730 AND `addtime` < 1519196130  ) LIMIT 1   [ RunTime:0.0005s ]
SQL: SELECT COUNT(*) AS tp_count FROM `movesay_user` WHERE ( `addtime` > 1519196130 AND `addtime` < 1519282530  ) LIMIT 1   [ RunTime:0.0005s ]
SQL: SELECT COUNT(*) AS tp_count FROM `movesay_user` WHERE ( `addtime` > 1519282530 AND `addtime` < 1519368930  ) LIMIT 1   [ RunTime:0.0005s ]
SQL: SELECT COUNT(*) AS tp_count FROM `movesay_user` WHERE ( `addtime` > 1519368930 AND `addtime` < 1519455330  ) LIMIT 1   [ RunTime:0.0005s ]
SQL: SELECT COUNT(*) AS tp_count FROM `movesay_user` WHERE ( `addtime` > 1519455330 AND `addtime` < 1519541730  ) LIMIT 1   [ RunTime:0.0005s ]
SQL: SELECT COUNT(*) AS tp_count FROM `movesay_user` WHERE ( `addtime` > 1519541730 AND `addtime` < 1519628130  ) LIMIT 1   [ RunTime:0.0005s ]
SQL: SELECT COUNT(*) AS tp_count FROM `movesay_user` WHERE ( `addtime` > 1519628130 AND `addtime` < 1519714530  ) LIMIT 1   [ RunTime:0.0005s ]
SQL: SELECT COUNT(*) AS tp_count FROM `movesay_user` WHERE ( `addtime` > 1519714530 AND `addtime` < 1519800930  ) LIMIT 1   [ RunTime:0.0005s ]
SQL: SELECT COUNT(*) AS tp_count FROM `movesay_user` WHERE ( `addtime` > 1519800930 AND `addtime` < 1519887330  ) LIMIT 1   [ RunTime:0.0005s ]
SQL: SELECT COUNT(*) AS tp_count FROM `movesay_user` WHERE ( `addtime` > 1519887330 AND `addtime` < 1519973730  ) LIMIT 1   [ RunTime:0.0005s ]
SQL: SELECT COUNT(*) AS tp_count FROM `movesay_user` WHERE ( `addtime` > 1519973730 AND `addtime` < 1520060130  ) LIMIT 1   [ RunTime:0.0005s ]
SQL: SELECT COUNT(*) AS tp_count FROM `movesay_user` WHERE ( `addtime` > 1520060130 AND `addtime` < 1520146530  ) LIMIT 1   [ RunTime:0.0005s ]
SQL: SELECT COUNT(*) AS tp_count FROM `movesay_user` WHERE ( `addtime` > 1520146530 AND `addtime` < 1520232930  ) LIMIT 1   [ RunTime:0.0005s ]
SQL: SELECT COUNT(*) AS tp_count FROM `movesay_user` WHERE ( `addtime` > 1520232930 AND `addtime` < 1520319330  ) LIMIT 1   [ RunTime:0.0005s ]
SQL: SELECT COUNT(*) AS tp_count FROM `movesay_user` WHERE ( `addtime` > 1520319330 AND `addtime` < 1520405730  ) LIMIT 1   [ RunTime:0.0005s ]
SQL: SELECT COUNT(*) AS tp_count FROM `movesay_user` WHERE ( `addtime` > 1520405730 AND `addtime` < 1520492130  ) LIMIT 1   [ RunTime:0.0005s ]
SQL: SELECT COUNT(*) AS tp_count FROM `movesay_user` WHERE ( `addtime` > 1520492130 AND `addtime` < 1520578530  ) LIMIT 1   [ RunTime:0.0005s ]
SQL: SELECT COUNT(*) AS tp_count FROM `movesay_user` WHERE ( `addtime` > 1520578530 AND `addtime` < 1520664930  ) LIMIT 1   [ RunTime:0.0005s ]
SQL: SELECT COUNT(*) AS tp_count FROM `movesay_user` WHERE ( `addtime` > 1520664930 AND `addtime` < 1520751330  ) LIMIT 1   [ RunTime:0.0006s ]
SQL: SELECT COUNT(*) AS tp_count FROM `movesay_user` WHERE ( `addtime` > 1520751330 AND `addtime` < 1520837730  ) LIMIT 1   [ RunTime:0.0005s ]
SQL: SELECT COUNT(*) AS tp_count FROM `movesay_user` WHERE ( `addtime` > 1520837730 AND `addtime` < 1520924130  ) LIMIT 1   [ RunTime:0.0005s ]
SQL: SELECT COUNT(*) AS tp_count FROM `movesay_user` WHERE ( `addtime` > 1520924130 AND `addtime` < 1521010530  ) LIMIT 1   [ RunTime:0.0005s ]
SQL: SELECT COUNT(*) AS tp_count FROM `movesay_user` WHERE ( `addtime` > 1521010530 AND `addtime` < 1521096930  ) LIMIT 1   [ RunTime:0.0005s ]
SQL: SELECT COUNT(*) AS tp_count FROM `movesay_user` WHERE ( `addtime` > 1521096930 AND `addtime` < 1521183330  ) LIMIT 1   [ RunTime:0.0005s ]
SQL: SELECT COUNT(*) AS tp_count FROM `movesay_user` WHERE ( `addtime` > 1521183330 AND `addtime` < 1521269730  ) LIMIT 1   [ RunTime:0.0005s ]
SQL: SELECT COUNT(*) AS tp_count FROM `movesay_user` WHERE ( `addtime` > 1521269730 AND `addtime` < 1521356130  ) LIMIT 1   [ RunTime:0.0005s ]
SQL: SELECT COUNT(*) AS tp_count FROM `movesay_user` WHERE ( `addtime` > 1521356130 AND `addtime` < 1521442530  ) LIMIT 1   [ RunTime:0.0005s ]
SQL: SELECT COUNT(*) AS tp_count FROM `movesay_user` WHERE ( `addtime` > 1521442530 AND `addtime` < 1521528930  ) LIMIT 1   [ RunTime:0.0005s ]
SQL: SELECT COUNT(*) AS tp_count FROM `movesay_user` WHERE ( `addtime` > 1521528930 AND `addtime` < 1521615330  ) LIMIT 1   [ RunTime:0.0005s ]
SQL: SELECT COUNT(*) AS tp_count FROM `movesay_user` WHERE ( `addtime` > 1521615330 AND `addtime` < 1521701730  ) LIMIT 1   [ RunTime:0.0005s ]
SQL: SELECT COUNT(*) AS tp_count FROM `movesay_user` WHERE ( `addtime` > 1521701730 AND `addtime` < 1521788130  ) LIMIT 1   [ RunTime:0.0005s ]
SQL: SELECT COUNT(*) AS tp_count FROM `movesay_user` WHERE ( `addtime` > 1521788130 AND `addtime` < 1521874530  ) LIMIT 1   [ RunTime:0.0005s ]
SQL: SELECT COUNT(*) AS tp_count FROM `movesay_user` WHERE ( `addtime` > 1521874530 AND `addtime` < 1521960930  ) LIMIT 1   [ RunTime:0.0005s ]
NOTIC: [8] Undefined index: cztx D:\xnbjiaoyi\a52\a52jiaoyi20170915\a52jiaoyi\Application\Admin\Controller\IndexController.class.php 第 70 行.
NOTIC: [8] Undefined variable: authUrl D:\xnbjiaoyi\a52\a52jiaoyi20170915\a52jiaoyi\Application\Admin\Controller\IndexController.class.php 第 82 行.
INFO: [ view_parse ] --START--
INFO: [ template_filter ] --START--
INFO: Run Behavior\ContentReplaceBehavior [ RunTime:0.000355s ]
INFO: [ template_filter ] --END-- [ RunTime:0.000508s ]
NOTIC: [8] Undefined index: class D:\xnbjiaoyi\a52\a52jiaoyi20170915\a52jiaoyi\Runtime\Cache\Admin\b595b808c2ebeeeb0478ffc30bb4e87a.php 第 30 行.
NOTIC: [8] Undefined index: class D:\xnbjiaoyi\a52\a52jiaoyi20170915\a52jiaoyi\Runtime\Cache\Admin\b595b808c2ebeeeb0478ffc30bb4e87a.php 第 30 行.
NOTIC: [8] Undefined index: class D:\xnbjiaoyi\a52\a52jiaoyi20170915\a52jiaoyi\Runtime\Cache\Admin\b595b808c2ebeeeb0478ffc30bb4e87a.php 第 30 行.
NOTIC: [8] Undefined index: class D:\xnbjiaoyi\a52\a52jiaoyi20170915\a52jiaoyi\Runtime\Cache\Admin\b595b808c2ebeeeb0478ffc30bb4e87a.php 第 30 行.
NOTIC: [8] Undefined index: class D:\xnbjiaoyi\a52\a52jiaoyi20170915\a52jiaoyi\Runtime\Cache\Admin\b595b808c2ebeeeb0478ffc30bb4e87a.php 第 30 行.
NOTIC: [8] Undefined index: class D:\xnbjiaoyi\a52\a52jiaoyi20170915\a52jiaoyi\Runtime\Cache\Admin\b595b808c2ebeeeb0478ffc30bb4e87a.php 第 30 行.
NOTIC: [8] Undefined index: class D:\xnbjiaoyi\a52\a52jiaoyi20170915\a52jiaoyi\Runtime\Cache\Admin\b595b808c2ebeeeb0478ffc30bb4e87a.php 第 30 行.
NOTIC: [8] Undefined index: class D:\xnbjiaoyi\a52\a52jiaoyi20170915\a52jiaoyi\Runtime\Cache\Admin\b595b808c2ebeeeb0478ffc30bb4e87a.php 第 30 行.
NOTIC: [8] Undefined index: class D:\xnbjiaoyi\a52\a52jiaoyi20170915\a52jiaoyi\Runtime\Cache\Admin\b595b808c2ebeeeb0478ffc30bb4e87a.php 第 30 行.
NOTIC: [8] Undefined variable: versionUp D:\xnbjiaoyi\a52\a52jiaoyi20170915\a52jiaoyi\Runtime\Cache\Admin\b595b808c2ebeeeb0478ffc30bb4e87a.php 第 97 行.
SQL: select version() as v; [ RunTime:0.0004s ]
NOTIC: [8] Undefined index: SERVER_ADDR D:\xnbjiaoyi\a52\a52jiaoyi20170915\a52jiaoyi\Runtime\Cache\Admin\b595b808c2ebeeeb0478ffc30bb4e87a.php 第 283 行.
INFO: Run Behavior\ParseTemplateBehavior [ RunTime:0.020547s ]
INFO: [ view_parse ] --END-- [ RunTime:0.020707s ]
INFO: [ view_filter ] --START--
INFO: Run Behavior\WriteHtmlCacheBehavior [ RunTime:0.000288s ]
INFO: [ view_filter ] --END-- [ RunTime:0.000419s ]
INFO: [ app_end ] --START--
INFO: Run Behavior\ShowPageTraceBehavior [ RunTime:0.000541s ]
INFO: [ app_end ] --END-- [ RunTime:0.000681s ]

[ 2018-02-23T14:55:40+08:00 ] 14.153.184.59 /Admin/Index/coin.html
INFO: [ app_init ] --START--
INFO: Run Behavior\BuildLiteBehavior [ RunTime:0.000022s ]
INFO: [ app_init ] --END-- [ RunTime:0.002883s ]
INFO: [ app_begin ] --START--
INFO: Run Behavior\ReadHtmlCacheBehavior [ RunTime:0.000441s ]
INFO: [ app_begin ] --END-- [ RunTime:0.000604s ]
SQL: SHOW COLUMNS FROM `movesay_config` [ RunTime:0.0038s ]
SQL: SELECT * FROM `movesay_config` WHERE `id` = 1 LIMIT 1   [ RunTime:0.0009s ]
SQL: SHOW COLUMNS FROM `movesay_coin` [ RunTime:0.0024s ]
SQL: SELECT * FROM `movesay_coin` WHERE `status` = 1  [ RunTime:0.0002s ]
SQL: SHOW COLUMNS FROM `movesay_market` [ RunTime:0.0021s ]
SQL: SELECT * FROM `movesay_market` WHERE `status` = 1  [ RunTime:0.0002s ]
SQL: SHOW COLUMNS FROM `movesay_version` [ RunTime:0.0017s ]
SQL: SELECT `name` FROM `movesay_version` WHERE `status` = 0 ORDER BY name desc LIMIT 1   [ RunTime:0.0002s ]
SQL: SHOW COLUMNS FROM `movesay_menu` [ RunTime:0.0016s ]
SQL: SELECT * FROM `movesay_menu` WHERE `pid` = 0 AND `hide` = 0 AND `is_dev` = 0 ORDER BY sort asc  [ RunTime:0.0002s ]
SQL: SELECT `id` FROM `movesay_menu` WHERE ( url like 'Index/coin%' ) LIMIT 1   [ RunTime:0.0009s ]
SQL: SHOW COLUMNS FROM `movesay_menu` [ RunTime:0.0017s ]
SQL: SELECT `id`,`pid`,`title` FROM `movesay_menu` WHERE ( id=157 ) LIMIT 1   [ RunTime:0.0004s ]
SQL: SELECT `id`,`pid`,`title` FROM `movesay_menu` WHERE ( id=1 ) LIMIT 1   [ RunTime:0.0002s ]
SQL: SELECT DISTINCT  `group` FROM `movesay_menu` WHERE ( pid = 1 )  [ RunTime:0.0002s ]
SQL: SELECT `id`,`url` FROM `movesay_menu` WHERE `pid` = 1 AND `hide` = 0 AND `is_dev` = 0  [ RunTime:0.0002s ]
SQL: SELECT `id`,`pid`,`title`,`url`,`tip`,`ico_name` FROM `movesay_menu` WHERE `group` = '系统' AND `pid` = 1 AND `hide` = 0 AND `is_dev` = 0 ORDER BY sort asc  [ RunTime:0.0002s ]
SQL: SELECT * FROM `movesay_coin` WHERE `name` = 'sgc' LIMIT 1   [ RunTime:0.0002s ]
SQL: SHOW COLUMNS FROM `movesay_user_coin` [ RunTime:0.0017s ]
SQL: SELECT SUM(sgc) AS tp_sum FROM `movesay_user_coin` LIMIT 1   [ RunTime:0.0005s ]
SQL: SELECT SUM(sgcd) AS tp_sum FROM `movesay_user_coin` LIMIT 1   [ RunTime:0.0005s ]
SQL: SHOW COLUMNS FROM `movesay_myzr` [ RunTime:0.0027s ]
SQL: SELECT SUM(fee) AS tp_sum FROM `movesay_myzr` WHERE `coinname` = 'sgc' LIMIT 1   [ RunTime:0.0004s ]
SQL: SHOW COLUMNS FROM `movesay_myzc` [ RunTime:0.0025s ]
SQL: SELECT SUM(fee) AS tp_sum FROM `movesay_myzc` WHERE `coinname` = 'sgc' LIMIT 1   [ RunTime:0.0184s ]
SQL: SHOW COLUMNS FROM `movesay_coin_json` [ RunTime:0.0248s ]
SQL: SELECT * FROM `movesay_coin_json` WHERE `name` = 'sgc' ORDER BY id desc LIMIT 1   [ RunTime:0.0427s ]
SQL: SELECT SUM(sgc) AS tp_sum FROM `movesay_user_coin` LIMIT 1   [ RunTime:0.0002s ]
SQL: SELECT SUM(sgcd) AS tp_sum FROM `movesay_user_coin` LIMIT 1   [ RunTime:0.0002s ]
SQL: SELECT SUM(fee) AS tp_sum FROM `movesay_myzr` WHERE ( `addtime` >= 1509897600 AND `addtime` <= 1509983999  ) LIMIT 1   [ RunTime:0.0004s ]
SQL: SELECT SUM(fee) AS tp_sum FROM `movesay_myzc` WHERE ( `addtime` >= 1509897600 AND `addtime` <= 1509983999  ) LIMIT 1   [ RunTime:0.0004s ]
SQL: SELECT * FROM `movesay_coin_json` WHERE `name` = 'sgc' AND `addtime` = 1509983999 LIMIT 1   [ RunTime:0.0005s ]
SQL: INSERT INTO `movesay_coin_json` (`name`,`data`,`addtime`) VALUES ('sgc','[1678223.9,0,null,null]','1509983999') [ RunTime:0.0003s ]
SQL: SELECT * FROM `movesay_coin_json` WHERE `name` = 'sgc' ORDER BY id asc LIMIT 100   [ RunTime:0.0007s ]
INFO: [ view_parse ] --START--
INFO: [ template_filter ] --START--
INFO: Run Behavior\ContentReplaceBehavior [ RunTime:0.000233s ]
INFO: [ template_filter ] --END-- [ RunTime:0.000411s ]
NOTIC: [8] Undefined index: class D:\xnbjiaoyi\a52\a52jiaoyi20170915\a52jiaoyi\Runtime\Cache\Admin\0854272a61fabc7d7eacf8f9a95b2b75.php 第 30 行.
NOTIC: [8] Undefined index: class D:\xnbjiaoyi\a52\a52jiaoyi20170915\a52jiaoyi\Runtime\Cache\Admin\0854272a61fabc7d7eacf8f9a95b2b75.php 第 30 行.
NOTIC: [8] Undefined index: class D:\xnbjiaoyi\a52\a52jiaoyi20170915\a52jiaoyi\Runtime\Cache\Admin\0854272a61fabc7d7eacf8f9a95b2b75.php 第 30 行.
NOTIC: [8] Undefined index: class D:\xnbjiaoyi\a52\a52jiaoyi20170915\a52jiaoyi\Runtime\Cache\Admin\0854272a61fabc7d7eacf8f9a95b2b75.php 第 30 行.
NOTIC: [8] Undefined index: class D:\xnbjiaoyi\a52\a52jiaoyi20170915\a52jiaoyi\Runtime\Cache\Admin\0854272a61fabc7d7eacf8f9a95b2b75.php 第 30 行.
NOTIC: [8] Undefined index: class D:\xnbjiaoyi\a52\a52jiaoyi20170915\a52jiaoyi\Runtime\Cache\Admin\0854272a61fabc7d7eacf8f9a95b2b75.php 第 30 行.
NOTIC: [8] Undefined index: class D:\xnbjiaoyi\a52\a52jiaoyi20170915\a52jiaoyi\Runtime\Cache\Admin\0854272a61fabc7d7eacf8f9a95b2b75.php 第 30 行.
NOTIC: [8] Undefined index: class D:\xnbjiaoyi\a52\a52jiaoyi20170915\a52jiaoyi\Runtime\Cache\Admin\0854272a61fabc7d7eacf8f9a95b2b75.php 第 30 行.
NOTIC: [8] Undefined index: class D:\xnbjiaoyi\a52\a52jiaoyi20170915\a52jiaoyi\Runtime\Cache\Admin\0854272a61fabc7d7eacf8f9a95b2b75.php 第 30 行.
NOTIC: [8] Undefined variable: versionUp D:\xnbjiaoyi\a52\a52jiaoyi20170915\a52jiaoyi\Runtime\Cache\Admin\0854272a61fabc7d7eacf8f9a95b2b75.php 第 97 行.
INFO: Run Behavior\ParseTemplateBehavior [ RunTime:0.031313s ]
INFO: [ view_parse ] --END-- [ RunTime:0.031467s ]
INFO: [ view_filter ] --START--
INFO: Run Behavior\WriteHtmlCacheBehavior [ RunTime:0.000310s ]
INFO: [ view_filter ] --END-- [ RunTime:0.000438s ]
INFO: [ app_end ] --START--
INFO: Run Behavior\ShowPageTraceBehavior [ RunTime:0.000510s ]
INFO: [ app_end ] --END-- [ RunTime:0.000653s ]

