[ 2018-03-22T08:59:16+08:00 ] 127.0.0.1 /admin/login?movesay=lanbing
INFO: [ app_init ] --START--
INFO: Run Behavior\BuildLiteBehavior [ RunTime:0.000069s ]
INFO: [ app_init ] --END-- [ RunTime:0.004737s ]
INFO: [ app_begin ] --START--
INFO: Run Behavior\ReadHtmlCacheBehavior [ RunTime:0.000930s ]
INFO: [ app_begin ] --END-- [ RunTime:0.001066s ]
INFO: [ view_parse ] --START--
INFO: [ template_filter ] --START--
INFO: Run Behavior\ContentReplaceBehavior [ RunTime:0.000063s ]
INFO: [ template_filter ] --END-- [ RunTime:0.000172s ]
INFO: Run Behavior\ParseTemplateBehavior [ RunTime:0.057151s ]
INFO: [ view_parse ] --END-- [ RunTime:0.057263s ]
INFO: [ view_filter ] --START--
INFO: Run Behavior\WriteHtmlCacheBehavior [ RunTime:0.000521s ]
INFO: [ view_filter ] --END-- [ RunTime:0.000591s ]
INFO: [ app_end ] --START--
INFO: Run Behavior\ShowPageTraceBehavior [ RunTime:0.000737s ]
INFO: [ app_end ] --END-- [ RunTime:0.000816s ]

[ 2018-03-22T08:59:17+08:00 ] 127.0.0.1 /Admin/Verify/code.html
INFO: [ app_init ] --START--
INFO: Run Behavior\BuildLiteBehavior [ RunTime:0.000015s ]
INFO: [ app_init ] --END-- [ RunTime:0.005180s ]
INFO: [ app_begin ] --START--
INFO: Run Behavior\ReadHtmlCacheBehavior [ RunTime:0.000758s ]
INFO: [ app_begin ] --END-- [ RunTime:0.000868s ]
INFO: [ app_end ] --START--
INFO: Run Behavior\ShowPageTraceBehavior [ RunTime:0.002102s ]
INFO: [ app_end ] --END-- [ RunTime:0.002392s ]

[ 2018-03-22T08:59:36+08:00 ] 127.0.0.1 /Admin/Login/index.html
INFO: [ app_init ] --START--
INFO: Run Behavior\BuildLiteBehavior [ RunTime:0.000011s ]
INFO: [ app_init ] --END-- [ RunTime:0.002920s ]
INFO: [ app_begin ] --START--
INFO: Run Behavior\ReadHtmlCacheBehavior [ RunTime:0.000733s ]
INFO: [ app_begin ] --END-- [ RunTime:0.000820s ]
SQL: SHOW COLUMNS FROM `movesay_admin` [ RunTime:0.0387s ]
SQL: SELECT * FROM `movesay_admin` WHERE `username` = 'admin' LIMIT 1   [ RunTime:0.0010s ]

[ 2018-03-22T08:59:42+08:00 ] 127.0.0.1 /Admin/Index/index.html
INFO: [ app_init ] --START--
INFO: Run Behavior\BuildLiteBehavior [ RunTime:0.000013s ]
INFO: [ app_init ] --END-- [ RunTime:0.003321s ]
INFO: [ app_begin ] --START--
INFO: Run Behavior\ReadHtmlCacheBehavior [ RunTime:0.000766s ]
INFO: [ app_begin ] --END-- [ RunTime:0.000863s ]
SQL: SHOW COLUMNS FROM `movesay_config` [ RunTime:0.0111s ]
SQL: SELECT * FROM `movesay_config` WHERE `id` = 1 LIMIT 1   [ RunTime:0.0012s ]
SQL: SHOW COLUMNS FROM `movesay_coin` [ RunTime:0.0102s ]
SQL: SELECT * FROM `movesay_coin` WHERE `status` = 1  [ RunTime:0.0005s ]
SQL: SHOW COLUMNS FROM `movesay_market` [ RunTime:0.0071s ]
SQL: SELECT * FROM `movesay_market` WHERE `status` = 1  [ RunTime:0.0003s ]
SQL: SHOW COLUMNS FROM `movesay_version` [ RunTime:0.0291s ]
SQL: SELECT `name` FROM `movesay_version` WHERE `status` = 0 ORDER BY name desc LIMIT 1   [ RunTime:0.0063s ]
SQL: SHOW COLUMNS FROM `movesay_menu` [ RunTime:0.0220s ]
SQL: SELECT * FROM `movesay_menu` WHERE `pid` = 0 AND `hide` = 0 AND `is_dev` = 0 ORDER BY sort asc  [ RunTime:0.0006s ]
SQL: SELECT `id` FROM `movesay_menu` WHERE ( url like 'Index/index%' ) LIMIT 1   [ RunTime:0.0003s ]
SQL: SHOW COLUMNS FROM `movesay_menu` [ RunTime:0.0058s ]
SQL: SELECT `id`,`pid`,`title` FROM `movesay_menu` WHERE ( id=1 ) LIMIT 1   [ RunTime:0.0002s ]
SQL: SELECT DISTINCT  `group` FROM `movesay_menu` WHERE ( pid = 1 )  [ RunTime:0.0125s ]
SQL: SELECT `id`,`url` FROM `movesay_menu` WHERE `pid` = 1 AND `hide` = 0 AND `is_dev` = 0  [ RunTime:0.0003s ]
SQL: SELECT `id`,`pid`,`title`,`url`,`tip`,`ico_name` FROM `movesay_menu` WHERE `group` = '系统' AND `pid` = 1 AND `hide` = 0 AND `is_dev` = 0 ORDER BY sort asc  [ RunTime:0.0003s ]
SQL: SHOW COLUMNS FROM `movesay_user` [ RunTime:0.0145s ]
SQL: SELECT COUNT(*) AS tp_count FROM `movesay_user` LIMIT 1   [ RunTime:0.0002s ]
SQL: SHOW COLUMNS FROM `movesay_user_coin` [ RunTime:0.0094s ]
SQL: SELECT SUM(cny) AS tp_sum FROM `movesay_user_coin` LIMIT 1   [ RunTime:0.0006s ]
SQL: SELECT SUM(cnyd) AS tp_sum FROM `movesay_user_coin` LIMIT 1   [ RunTime:0.0003s ]
SQL: SHOW COLUMNS FROM `movesay_trade_log` [ RunTime:0.0090s ]
SQL: SELECT SUM(mum) AS tp_sum FROM `movesay_trade_log` LIMIT 1   [ RunTime:0.0122s ]
SQL: SHOW COLUMNS FROM `movesay_article` [ RunTime:0.0523s ]
SQL: SELECT COUNT(*) AS tp_count FROM `movesay_article` LIMIT 1   [ RunTime:0.0004s ]
SQL: SHOW COLUMNS FROM `movesay_mycz` [ RunTime:0.0310s ]
SQL: SELECT SUM(num) AS tp_sum FROM `movesay_mycz` WHERE `status` <> 0 AND ( `addtime` > 1519142400 AND `addtime` < 1519228800  ) LIMIT 1   [ RunTime:0.0003s ]
SQL: SHOW COLUMNS FROM `movesay_mytx` [ RunTime:0.0140s ]
SQL: SELECT SUM(num) AS tp_sum FROM `movesay_mytx` WHERE `status` = 1 AND ( `addtime` > 1519142400 AND `addtime` < 1519228800  ) LIMIT 1   [ RunTime:0.0003s ]
SQL: SELECT SUM(num) AS tp_sum FROM `movesay_mycz` WHERE `status` <> 0 AND ( `addtime` > 1519228800 AND `addtime` < 1519315200  ) LIMIT 1   [ RunTime:0.0003s ]
SQL: SELECT SUM(num) AS tp_sum FROM `movesay_mytx` WHERE `status` = 1 AND ( `addtime` > 1519228800 AND `addtime` < 1519315200  ) LIMIT 1   [ RunTime:0.0003s ]
SQL: SELECT SUM(num) AS tp_sum FROM `movesay_mycz` WHERE `status` <> 0 AND ( `addtime` > 1519315200 AND `addtime` < 1519401600  ) LIMIT 1   [ RunTime:0.0002s ]
SQL: SELECT SUM(num) AS tp_sum FROM `movesay_mytx` WHERE `status` = 1 AND ( `addtime` > 1519315200 AND `addtime` < 1519401600  ) LIMIT 1   [ RunTime:0.0002s ]
SQL: SELECT SUM(num) AS tp_sum FROM `movesay_mycz` WHERE `status` <> 0 AND ( `addtime` > 1519401600 AND `addtime` < 1519488000  ) LIMIT 1   [ RunTime:0.0002s ]
SQL: SELECT SUM(num) AS tp_sum FROM `movesay_mytx` WHERE `status` = 1 AND ( `addtime` > 1519401600 AND `addtime` < 1519488000  ) LIMIT 1   [ RunTime:0.0002s ]
SQL: SELECT SUM(num) AS tp_sum FROM `movesay_mycz` WHERE `status` <> 0 AND ( `addtime` > 1519488000 AND `addtime` < 1519574400  ) LIMIT 1   [ RunTime:0.0002s ]
SQL: SELECT SUM(num) AS tp_sum FROM `movesay_mytx` WHERE `status` = 1 AND ( `addtime` > 1519488000 AND `addtime` < 1519574400  ) LIMIT 1   [ RunTime:0.0002s ]
SQL: SELECT SUM(num) AS tp_sum FROM `movesay_mycz` WHERE `status` <> 0 AND ( `addtime` > 1519574400 AND `addtime` < 1519660800  ) LIMIT 1   [ RunTime:0.0002s ]
SQL: SELECT SUM(num) AS tp_sum FROM `movesay_mytx` WHERE `status` = 1 AND ( `addtime` > 1519574400 AND `addtime` < 1519660800  ) LIMIT 1   [ RunTime:0.0002s ]
SQL: SELECT SUM(num) AS tp_sum FROM `movesay_mycz` WHERE `status` <> 0 AND ( `addtime` > 1519660800 AND `addtime` < 1519747200  ) LIMIT 1   [ RunTime:0.0002s ]
SQL: SELECT SUM(num) AS tp_sum FROM `movesay_mytx` WHERE `status` = 1 AND ( `addtime` > 1519660800 AND `addtime` < 1519747200  ) LIMIT 1   [ RunTime:0.0002s ]
SQL: SELECT SUM(num) AS tp_sum FROM `movesay_mycz` WHERE `status` <> 0 AND ( `addtime` > 1519747200 AND `addtime` < 1519833600  ) LIMIT 1   [ RunTime:0.0002s ]
SQL: SELECT SUM(num) AS tp_sum FROM `movesay_mytx` WHERE `status` = 1 AND ( `addtime` > 1519747200 AND `addtime` < 1519833600  ) LIMIT 1   [ RunTime:0.0002s ]
SQL: SELECT SUM(num) AS tp_sum FROM `movesay_mycz` WHERE `status` <> 0 AND ( `addtime` > 1519833600 AND `addtime` < 1519920000  ) LIMIT 1   [ RunTime:0.0002s ]
SQL: SELECT SUM(num) AS tp_sum FROM `movesay_mytx` WHERE `status` = 1 AND ( `addtime` > 1519833600 AND `addtime` < 1519920000  ) LIMIT 1   [ RunTime:0.0002s ]
SQL: SELECT SUM(num) AS tp_sum FROM `movesay_mycz` WHERE `status` <> 0 AND ( `addtime` > 1519920000 AND `addtime` < 1520006400  ) LIMIT 1   [ RunTime:0.0002s ]
SQL: SELECT SUM(num) AS tp_sum FROM `movesay_mytx` WHERE `status` = 1 AND ( `addtime` > 1519920000 AND `addtime` < 1520006400  ) LIMIT 1   [ RunTime:0.0002s ]
SQL: SELECT SUM(num) AS tp_sum FROM `movesay_mycz` WHERE `status` <> 0 AND ( `addtime` > 1520006400 AND `addtime` < 1520092800  ) LIMIT 1   [ RunTime:0.0002s ]
SQL: SELECT SUM(num) AS tp_sum FROM `movesay_mytx` WHERE `status` = 1 AND ( `addtime` > 1520006400 AND `addtime` < 1520092800  ) LIMIT 1   [ RunTime:0.0002s ]
SQL: SELECT SUM(num) AS tp_sum FROM `movesay_mycz` WHERE `status` <> 0 AND ( `addtime` > 1520092800 AND `addtime` < 1520179200  ) LIMIT 1   [ RunTime:0.0002s ]
SQL: SELECT SUM(num) AS tp_sum FROM `movesay_mytx` WHERE `status` = 1 AND ( `addtime` > 1520092800 AND `addtime` < 1520179200  ) LIMIT 1   [ RunTime:0.0002s ]
SQL: SELECT SUM(num) AS tp_sum FROM `movesay_mycz` WHERE `status` <> 0 AND ( `addtime` > 1520179200 AND `addtime` < 1520265600  ) LIMIT 1   [ RunTime:0.0002s ]
SQL: SELECT SUM(num) AS tp_sum FROM `movesay_mytx` WHERE `status` = 1 AND ( `addtime` > 1520179200 AND `addtime` < 1520265600  ) LIMIT 1   [ RunTime:0.0002s ]
SQL: SELECT SUM(num) AS tp_sum FROM `movesay_mycz` WHERE `status` <> 0 AND ( `addtime` > 1520265600 AND `addtime` < 1520352000  ) LIMIT 1   [ RunTime:0.0002s ]
SQL: SELECT SUM(num) AS tp_sum FROM `movesay_mytx` WHERE `status` = 1 AND ( `addtime` > 1520265600 AND `addtime` < 1520352000  ) LIMIT 1   [ RunTime:0.0002s ]
SQL: SELECT SUM(num) AS tp_sum FROM `movesay_mycz` WHERE `status` <> 0 AND ( `addtime` > 1520352000 AND `addtime` < 1520438400  ) LIMIT 1   [ RunTime:0.0002s ]
SQL: SELECT SUM(num) AS tp_sum FROM `movesay_mytx` WHERE `status` = 1 AND ( `addtime` > 1520352000 AND `addtime` < 1520438400  ) LIMIT 1   [ RunTime:0.0002s ]
SQL: SELECT SUM(num) AS tp_sum FROM `movesay_mycz` WHERE `status` <> 0 AND ( `addtime` > 1520438400 AND `addtime` < 1520524800  ) LIMIT 1   [ RunTime:0.0002s ]
SQL: SELECT SUM(num) AS tp_sum FROM `movesay_mytx` WHERE `status` = 1 AND ( `addtime` > 1520438400 AND `addtime` < 1520524800  ) LIMIT 1   [ RunTime:0.0002s ]
SQL: SELECT SUM(num) AS tp_sum FROM `movesay_mycz` WHERE `status` <> 0 AND ( `addtime` > 1520524800 AND `addtime` < 1520611200  ) LIMIT 1   [ RunTime:0.0002s ]
SQL: SELECT SUM(num) AS tp_sum FROM `movesay_mytx` WHERE `status` = 1 AND ( `addtime` > 1520524800 AND `addtime` < 1520611200  ) LIMIT 1   [ RunTime:0.0002s ]
SQL: SELECT SUM(num) AS tp_sum FROM `movesay_mycz` WHERE `status` <> 0 AND ( `addtime` > 1520611200 AND `addtime` < 1520697600  ) LIMIT 1   [ RunTime:0.0002s ]
SQL: SELECT SUM(num) AS tp_sum FROM `movesay_mytx` WHERE `status` = 1 AND ( `addtime` > 1520611200 AND `addtime` < 1520697600  ) LIMIT 1   [ RunTime:0.0002s ]
SQL: SELECT SUM(num) AS tp_sum FROM `movesay_mycz` WHERE `status` <> 0 AND ( `addtime` > 1520697600 AND `addtime` < 1520784000  ) LIMIT 1   [ RunTime:0.0002s ]
SQL: SELECT SUM(num) AS tp_sum FROM `movesay_mytx` WHERE `status` = 1 AND ( `addtime` > 1520697600 AND `addtime` < 1520784000  ) LIMIT 1   [ RunTime:0.0002s ]
SQL: SELECT SUM(num) AS tp_sum FROM `movesay_mycz` WHERE `status` <> 0 AND ( `addtime` > 1520784000 AND `addtime` < 1520870400  ) LIMIT 1   [ RunTime:0.0002s ]
SQL: SELECT SUM(num) AS tp_sum FROM `movesay_mytx` WHERE `status` = 1 AND ( `addtime` > 1520784000 AND `addtime` < 1520870400  ) LIMIT 1   [ RunTime:0.0002s ]
SQL: SELECT SUM(num) AS tp_sum FROM `movesay_mycz` WHERE `status` <> 0 AND ( `addtime` > 1520870400 AND `addtime` < 1520956800  ) LIMIT 1   [ RunTime:0.0002s ]
SQL: SELECT SUM(num) AS tp_sum FROM `movesay_mytx` WHERE `status` = 1 AND ( `addtime` > 1520870400 AND `addtime` < 1520956800  ) LIMIT 1   [ RunTime:0.0002s ]
SQL: SELECT SUM(num) AS tp_sum FROM `movesay_mycz` WHERE `status` <> 0 AND ( `addtime` > 1520956800 AND `addtime` < 1521043200  ) LIMIT 1   [ RunTime:0.0002s ]
SQL: SELECT SUM(num) AS tp_sum FROM `movesay_mytx` WHERE `status` = 1 AND ( `addtime` > 1520956800 AND `addtime` < 1521043200  ) LIMIT 1   [ RunTime:0.0002s ]
SQL: SELECT SUM(num) AS tp_sum FROM `movesay_mycz` WHERE `status` <> 0 AND ( `addtime` > 1521043200 AND `addtime` < 1521129600  ) LIMIT 1   [ RunTime:0.0002s ]
SQL: SELECT SUM(num) AS tp_sum FROM `movesay_mytx` WHERE `status` = 1 AND ( `addtime` > 1521043200 AND `addtime` < 1521129600  ) LIMIT 1   [ RunTime:0.0002s ]
SQL: SELECT SUM(num) AS tp_sum FROM `movesay_mycz` WHERE `status` <> 0 AND ( `addtime` > 1521129600 AND `addtime` < 1521216000  ) LIMIT 1   [ RunTime:0.0002s ]
SQL: SELECT SUM(num) AS tp_sum FROM `movesay_mytx` WHERE `status` = 1 AND ( `addtime` > 1521129600 AND `addtime` < 1521216000  ) LIMIT 1   [ RunTime:0.0002s ]
SQL: SELECT SUM(num) AS tp_sum FROM `movesay_mycz` WHERE `status` <> 0 AND ( `addtime` > 1521216000 AND `addtime` < 1521302400  ) LIMIT 1   [ RunTime:0.0002s ]
SQL: SELECT SUM(num) AS tp_sum FROM `movesay_mytx` WHERE `status` = 1 AND ( `addtime` > 1521216000 AND `addtime` < 1521302400  ) LIMIT 1   [ RunTime:0.0002s ]
SQL: SELECT SUM(num) AS tp_sum FROM `movesay_mycz` WHERE `status` <> 0 AND ( `addtime` > 1521302400 AND `addtime` < 1521388800  ) LIMIT 1   [ RunTime:0.0002s ]
SQL: SELECT SUM(num) AS tp_sum FROM `movesay_mytx` WHERE `status` = 1 AND ( `addtime` > 1521302400 AND `addtime` < 1521388800  ) LIMIT 1   [ RunTime:0.0002s ]
SQL: SELECT SUM(num) AS tp_sum FROM `movesay_mycz` WHERE `status` <> 0 AND ( `addtime` > 1521388800 AND `addtime` < 1521475200  ) LIMIT 1   [ RunTime:0.0002s ]
SQL: SELECT SUM(num) AS tp_sum FROM `movesay_mytx` WHERE `status` = 1 AND ( `addtime` > 1521388800 AND `addtime` < 1521475200  ) LIMIT 1   [ RunTime:0.0002s ]
SQL: SELECT SUM(num) AS tp_sum FROM `movesay_mycz` WHERE `status` <> 0 AND ( `addtime` > 1521475200 AND `addtime` < 1521561600  ) LIMIT 1   [ RunTime:0.0002s ]
SQL: SELECT SUM(num) AS tp_sum FROM `movesay_mytx` WHERE `status` = 1 AND ( `addtime` > 1521475200 AND `addtime` < 1521561600  ) LIMIT 1   [ RunTime:0.0002s ]
SQL: SELECT SUM(num) AS tp_sum FROM `movesay_mycz` WHERE `status` <> 0 AND ( `addtime` > 1521561600 AND `addtime` < 1521648000  ) LIMIT 1   [ RunTime:0.0002s ]
SQL: SELECT SUM(num) AS tp_sum FROM `movesay_mytx` WHERE `status` = 1 AND ( `addtime` > 1521561600 AND `addtime` < 1521648000  ) LIMIT 1   [ RunTime:0.0002s ]
SQL: SELECT SUM(num) AS tp_sum FROM `movesay_mycz` WHERE `status` <> 0 AND ( `addtime` > 1521648000 AND `addtime` < 1521734400  ) LIMIT 1   [ RunTime:0.0002s ]
SQL: SELECT SUM(num) AS tp_sum FROM `movesay_mytx` WHERE `status` = 1 AND ( `addtime` > 1521648000 AND `addtime` < 1521734400  ) LIMIT 1   [ RunTime:0.0002s ]
SQL: SELECT COUNT(*) AS tp_count FROM `movesay_user` WHERE ( `addtime` > 1519088377 AND `addtime` < 1519174777  ) LIMIT 1   [ RunTime:0.0182s ]
SQL: SELECT COUNT(*) AS tp_count FROM `movesay_user` WHERE ( `addtime` > 1519174777 AND `addtime` < 1519261177  ) LIMIT 1   [ RunTime:0.0006s ]
SQL: SELECT COUNT(*) AS tp_count FROM `movesay_user` WHERE ( `addtime` > 1519261177 AND `addtime` < 1519347577  ) LIMIT 1   [ RunTime:0.0006s ]
SQL: SELECT COUNT(*) AS tp_count FROM `movesay_user` WHERE ( `addtime` > 1519347577 AND `addtime` < 1519433977  ) LIMIT 1   [ RunTime:0.0004s ]
SQL: SELECT COUNT(*) AS tp_count FROM `movesay_user` WHERE ( `addtime` > 1519433977 AND `addtime` < 1519520377  ) LIMIT 1   [ RunTime:0.0004s ]
SQL: SELECT COUNT(*) AS tp_count FROM `movesay_user` WHERE ( `addtime` > 1519520377 AND `addtime` < 1519606777  ) LIMIT 1   [ RunTime:0.0003s ]
SQL: SELECT COUNT(*) AS tp_count FROM `movesay_user` WHERE ( `addtime` > 1519606777 AND `addtime` < 1519693177  ) LIMIT 1   [ RunTime:0.0003s ]
SQL: SELECT COUNT(*) AS tp_count FROM `movesay_user` WHERE ( `addtime` > 1519693177 AND `addtime` < 1519779577  ) LIMIT 1   [ RunTime:0.0003s ]
SQL: SELECT COUNT(*) AS tp_count FROM `movesay_user` WHERE ( `addtime` > 1519779577 AND `addtime` < 1519865977  ) LIMIT 1   [ RunTime:0.0003s ]
SQL: SELECT COUNT(*) AS tp_count FROM `movesay_user` WHERE ( `addtime` > 1519865977 AND `addtime` < 1519952377  ) LIMIT 1   [ RunTime:0.0003s ]
SQL: SELECT COUNT(*) AS tp_count FROM `movesay_user` WHERE ( `addtime` > 1519952377 AND `addtime` < 1520038777  ) LIMIT 1   [ RunTime:0.0003s ]
SQL: SELECT COUNT(*) AS tp_count FROM `movesay_user` WHERE ( `addtime` > 1520038777 AND `addtime` < 1520125177  ) LIMIT 1   [ RunTime:0.0003s ]
SQL: SELECT COUNT(*) AS tp_count FROM `movesay_user` WHERE ( `addtime` > 1520125177 AND `addtime` < 1520211577  ) LIMIT 1   [ RunTime:0.0003s ]
SQL: SELECT COUNT(*) AS tp_count FROM `movesay_user` WHERE ( `addtime` > 1520211577 AND `addtime` < 1520297977  ) LIMIT 1   [ RunTime:0.0003s ]
SQL: SELECT COUNT(*) AS tp_count FROM `movesay_user` WHERE ( `addtime` > 1520297977 AND `addtime` < 1520384377  ) LIMIT 1   [ RunTime:0.0003s ]
SQL: SELECT COUNT(*) AS tp_count FROM `movesay_user` WHERE ( `addtime` > 1520384377 AND `addtime` < 1520470777  ) LIMIT 1   [ RunTime:0.0003s ]
SQL: SELECT COUNT(*) AS tp_count FROM `movesay_user` WHERE ( `addtime` > 1520470777 AND `addtime` < 1520557177  ) LIMIT 1   [ RunTime:0.0003s ]
SQL: SELECT COUNT(*) AS tp_count FROM `movesay_user` WHERE ( `addtime` > 1520557177 AND `addtime` < 1520643577  ) LIMIT 1   [ RunTime:0.0003s ]
SQL: SELECT COUNT(*) AS tp_count FROM `movesay_user` WHERE ( `addtime` > 1520643577 AND `addtime` < 1520729977  ) LIMIT 1   [ RunTime:0.0003s ]
SQL: SELECT COUNT(*) AS tp_count FROM `movesay_user` WHERE ( `addtime` > 1520729977 AND `addtime` < 1520816377  ) LIMIT 1   [ RunTime:0.0003s ]
SQL: SELECT COUNT(*) AS tp_count FROM `movesay_user` WHERE ( `addtime` > 1520816377 AND `addtime` < 1520902777  ) LIMIT 1   [ RunTime:0.0003s ]
SQL: SELECT COUNT(*) AS tp_count FROM `movesay_user` WHERE ( `addtime` > 1520902777 AND `addtime` < 1520989177  ) LIMIT 1   [ RunTime:0.0003s ]
SQL: SELECT COUNT(*) AS tp_count FROM `movesay_user` WHERE ( `addtime` > 1520989177 AND `addtime` < 1521075577  ) LIMIT 1   [ RunTime:0.0003s ]
SQL: SELECT COUNT(*) AS tp_count FROM `movesay_user` WHERE ( `addtime` > 1521075577 AND `addtime` < 1521161977  ) LIMIT 1   [ RunTime:0.0003s ]
SQL: SELECT COUNT(*) AS tp_count FROM `movesay_user` WHERE ( `addtime` > 1521161977 AND `addtime` < 1521248377  ) LIMIT 1   [ RunTime:0.0003s ]
SQL: SELECT COUNT(*) AS tp_count FROM `movesay_user` WHERE ( `addtime` > 1521248377 AND `addtime` < 1521334777  ) LIMIT 1   [ RunTime:0.0003s ]
SQL: SELECT COUNT(*) AS tp_count FROM `movesay_user` WHERE ( `addtime` > 1521334777 AND `addtime` < 1521421177  ) LIMIT 1   [ RunTime:0.0003s ]
SQL: SELECT COUNT(*) AS tp_count FROM `movesay_user` WHERE ( `addtime` > 1521421177 AND `addtime` < 1521507577  ) LIMIT 1   [ RunTime:0.0003s ]
SQL: SELECT COUNT(*) AS tp_count FROM `movesay_user` WHERE ( `addtime` > 1521507577 AND `addtime` < 1521593977  ) LIMIT 1   [ RunTime:0.0003s ]
SQL: SELECT COUNT(*) AS tp_count FROM `movesay_user` WHERE ( `addtime` > 1521593977 AND `addtime` < 1521680377  ) LIMIT 1   [ RunTime:0.0003s ]
SQL: SELECT COUNT(*) AS tp_count FROM `movesay_user` WHERE ( `addtime` > 1521680377 AND `addtime` < 1521766777  ) LIMIT 1   [ RunTime:0.0003s ]
SQL: SELECT COUNT(*) AS tp_count FROM `movesay_user` WHERE ( `addtime` > 1521766777 AND `addtime` < 1521853177  ) LIMIT 1   [ RunTime:0.0003s ]
SQL: SELECT COUNT(*) AS tp_count FROM `movesay_user` WHERE ( `addtime` > 1521853177 AND `addtime` < 1521939577  ) LIMIT 1   [ RunTime:0.0003s ]
SQL: SELECT COUNT(*) AS tp_count FROM `movesay_user` WHERE ( `addtime` > 1521939577 AND `addtime` < 1522025977  ) LIMIT 1   [ RunTime:0.0004s ]
SQL: SELECT COUNT(*) AS tp_count FROM `movesay_user` WHERE ( `addtime` > 1522025977 AND `addtime` < 1522112377  ) LIMIT 1   [ RunTime:0.0003s ]
SQL: SELECT COUNT(*) AS tp_count FROM `movesay_user` WHERE ( `addtime` > 1522112377 AND `addtime` < 1522198777  ) LIMIT 1   [ RunTime:0.0003s ]
SQL: SELECT COUNT(*) AS tp_count FROM `movesay_user` WHERE ( `addtime` > 1522198777 AND `addtime` < 1522285177  ) LIMIT 1   [ RunTime:0.0003s ]
SQL: SELECT COUNT(*) AS tp_count FROM `movesay_user` WHERE ( `addtime` > 1522285177 AND `addtime` < 1522371577  ) LIMIT 1   [ RunTime:0.0003s ]
SQL: SELECT COUNT(*) AS tp_count FROM `movesay_user` WHERE ( `addtime` > 1522371577 AND `addtime` < 1522457977  ) LIMIT 1   [ RunTime:0.0003s ]
SQL: SELECT COUNT(*) AS tp_count FROM `movesay_user` WHERE ( `addtime` > 1522457977 AND `addtime` < 1522544377  ) LIMIT 1   [ RunTime:0.0003s ]
SQL: SELECT COUNT(*) AS tp_count FROM `movesay_user` WHERE ( `addtime` > 1522544377 AND `addtime` < 1522630777  ) LIMIT 1   [ RunTime:0.0003s ]
SQL: SELECT COUNT(*) AS tp_count FROM `movesay_user` WHERE ( `addtime` > 1522630777 AND `addtime` < 1522717177  ) LIMIT 1   [ RunTime:0.0003s ]
SQL: SELECT COUNT(*) AS tp_count FROM `movesay_user` WHERE ( `addtime` > 1522717177 AND `addtime` < 1522803577  ) LIMIT 1   [ RunTime:0.0003s ]
SQL: SELECT COUNT(*) AS tp_count FROM `movesay_user` WHERE ( `addtime` > 1522803577 AND `addtime` < 1522889977  ) LIMIT 1   [ RunTime:0.0003s ]
SQL: SELECT COUNT(*) AS tp_count FROM `movesay_user` WHERE ( `addtime` > 1522889977 AND `addtime` < 1522976377  ) LIMIT 1   [ RunTime:0.0003s ]
SQL: SELECT COUNT(*) AS tp_count FROM `movesay_user` WHERE ( `addtime` > 1522976377 AND `addtime` < 1523062777  ) LIMIT 1   [ RunTime:0.0003s ]
SQL: SELECT COUNT(*) AS tp_count FROM `movesay_user` WHERE ( `addtime` > 1523062777 AND `addtime` < 1523149177  ) LIMIT 1   [ RunTime:0.0003s ]
SQL: SELECT COUNT(*) AS tp_count FROM `movesay_user` WHERE ( `addtime` > 1523149177 AND `addtime` < 1523235577  ) LIMIT 1   [ RunTime:0.0003s ]
SQL: SELECT COUNT(*) AS tp_count FROM `movesay_user` WHERE ( `addtime` > 1523235577 AND `addtime` < 1523321977  ) LIMIT 1   [ RunTime:0.0003s ]
SQL: SELECT COUNT(*) AS tp_count FROM `movesay_user` WHERE ( `addtime` > 1523321977 AND `addtime` < 1523408377  ) LIMIT 1   [ RunTime:0.0003s ]
SQL: SELECT COUNT(*) AS tp_count FROM `movesay_user` WHERE ( `addtime` > 1523408377 AND `addtime` < 1523494777  ) LIMIT 1   [ RunTime:0.0003s ]
SQL: SELECT COUNT(*) AS tp_count FROM `movesay_user` WHERE ( `addtime` > 1523494777 AND `addtime` < 1523581177  ) LIMIT 1   [ RunTime:0.0004s ]
SQL: SELECT COUNT(*) AS tp_count FROM `movesay_user` WHERE ( `addtime` > 1523581177 AND `addtime` < 1523667577  ) LIMIT 1   [ RunTime:0.0003s ]
SQL: SELECT COUNT(*) AS tp_count FROM `movesay_user` WHERE ( `addtime` > 1523667577 AND `addtime` < 1523753977  ) LIMIT 1   [ RunTime:0.0003s ]
SQL: SELECT COUNT(*) AS tp_count FROM `movesay_user` WHERE ( `addtime` > 1523753977 AND `addtime` < 1523840377  ) LIMIT 1   [ RunTime:0.0003s ]
SQL: SELECT COUNT(*) AS tp_count FROM `movesay_user` WHERE ( `addtime` > 1523840377 AND `addtime` < 1523926777  ) LIMIT 1   [ RunTime:0.0003s ]
SQL: SELECT COUNT(*) AS tp_count FROM `movesay_user` WHERE ( `addtime` > 1523926777 AND `addtime` < 1524013177  ) LIMIT 1   [ RunTime:0.0003s ]
SQL: SELECT COUNT(*) AS tp_count FROM `movesay_user` WHERE ( `addtime` > 1524013177 AND `addtime` < 1524099577  ) LIMIT 1   [ RunTime:0.0003s ]
SQL: SELECT COUNT(*) AS tp_count FROM `movesay_user` WHERE ( `addtime` > 1524099577 AND `addtime` < 1524185977  ) LIMIT 1   [ RunTime:0.0003s ]
SQL: SELECT COUNT(*) AS tp_count FROM `movesay_user` WHERE ( `addtime` > 1524185977 AND `addtime` < 1524272377  ) LIMIT 1   [ RunTime:0.0003s ]
NOTIC: [8] Undefined index: cztx E:\data\a52jiaoyi\Application\Admin\Controller\IndexController.class.php 第 70 行.
NOTIC: [8] Undefined variable: authUrl E:\data\a52jiaoyi\Application\Admin\Controller\IndexController.class.php 第 82 行.
INFO: [ view_parse ] --START--
INFO: [ template_filter ] --START--
INFO: Run Behavior\ContentReplaceBehavior [ RunTime:0.000291s ]
INFO: [ template_filter ] --END-- [ RunTime:0.000461s ]
NOTIC: [8] Undefined index: class E:\data\a52jiaoyi\Runtime\Cache\Admin\b595b808c2ebeeeb0478ffc30bb4e87a.php 第 30 行.
NOTIC: [8] Undefined index: class E:\data\a52jiaoyi\Runtime\Cache\Admin\b595b808c2ebeeeb0478ffc30bb4e87a.php 第 30 行.
NOTIC: [8] Undefined index: class E:\data\a52jiaoyi\Runtime\Cache\Admin\b595b808c2ebeeeb0478ffc30bb4e87a.php 第 30 行.
NOTIC: [8] Undefined index: class E:\data\a52jiaoyi\Runtime\Cache\Admin\b595b808c2ebeeeb0478ffc30bb4e87a.php 第 30 行.
NOTIC: [8] Undefined index: class E:\data\a52jiaoyi\Runtime\Cache\Admin\b595b808c2ebeeeb0478ffc30bb4e87a.php 第 30 行.
NOTIC: [8] Undefined index: class E:\data\a52jiaoyi\Runtime\Cache\Admin\b595b808c2ebeeeb0478ffc30bb4e87a.php 第 30 行.
NOTIC: [8] Undefined index: class E:\data\a52jiaoyi\Runtime\Cache\Admin\b595b808c2ebeeeb0478ffc30bb4e87a.php 第 30 行.
NOTIC: [8] Undefined index: class E:\data\a52jiaoyi\Runtime\Cache\Admin\b595b808c2ebeeeb0478ffc30bb4e87a.php 第 30 行.
NOTIC: [8] Undefined index: class E:\data\a52jiaoyi\Runtime\Cache\Admin\b595b808c2ebeeeb0478ffc30bb4e87a.php 第 30 行.
NOTIC: [8] Undefined variable: versionUp E:\data\a52jiaoyi\Runtime\Cache\Admin\b595b808c2ebeeeb0478ffc30bb4e87a.php 第 97 行.
SQL: select version() as v; [ RunTime:0.0311s ]
INFO: Run Behavior\ParseTemplateBehavior [ RunTime:0.164817s ]
INFO: [ view_parse ] --END-- [ RunTime:0.164952s ]
INFO: [ view_filter ] --START--
INFO: Run Behavior\WriteHtmlCacheBehavior [ RunTime:0.001014s ]
INFO: [ view_filter ] --END-- [ RunTime:0.001134s ]
INFO: [ app_end ] --START--
INFO: Run Behavior\ShowPageTraceBehavior [ RunTime:0.001339s ]
INFO: [ app_end ] --END-- [ RunTime:0.001512s ]

[ 2018-03-22T08:59:53+08:00 ] 127.0.0.1 /Admin/Article/index.html
INFO: [ app_init ] --START--
INFO: Run Behavior\BuildLiteBehavior [ RunTime:0.000012s ]
INFO: [ app_init ] --END-- [ RunTime:0.002979s ]
INFO: [ app_begin ] --START--
INFO: Run Behavior\ReadHtmlCacheBehavior [ RunTime:0.000692s ]
INFO: [ app_begin ] --END-- [ RunTime:0.000773s ]
SQL: SHOW COLUMNS FROM `movesay_config` [ RunTime:0.0094s ]
SQL: SELECT * FROM `movesay_config` WHERE `id` = 1 LIMIT 1   [ RunTime:0.0010s ]
SQL: SHOW COLUMNS FROM `movesay_coin` [ RunTime:0.0075s ]
SQL: SELECT * FROM `movesay_coin` WHERE `status` = 1  [ RunTime:0.0004s ]
SQL: SHOW COLUMNS FROM `movesay_market` [ RunTime:0.0077s ]
SQL: SELECT * FROM `movesay_market` WHERE `status` = 1  [ RunTime:0.0003s ]
SQL: SHOW COLUMNS FROM `movesay_version` [ RunTime:0.0073s ]
SQL: SELECT `name` FROM `movesay_version` WHERE `status` = 0 ORDER BY name desc LIMIT 1   [ RunTime:0.0003s ]
SQL: SHOW COLUMNS FROM `movesay_menu` [ RunTime:0.0058s ]
SQL: SELECT * FROM `movesay_menu` WHERE `pid` = 0 AND `hide` = 0 AND `is_dev` = 0 ORDER BY sort asc  [ RunTime:0.0006s ]
SQL: SELECT `id` FROM `movesay_menu` WHERE ( url like 'Article/index%' ) LIMIT 1   [ RunTime:0.0003s ]
SQL: SHOW COLUMNS FROM `movesay_menu` [ RunTime:0.0066s ]
SQL: SELECT `id`,`pid`,`title` FROM `movesay_menu` WHERE ( id=2 ) LIMIT 1   [ RunTime:0.0002s ]
SQL: SELECT DISTINCT  `group` FROM `movesay_menu` WHERE ( pid = 2 )  [ RunTime:0.0004s ]
SQL: SELECT `id`,`url` FROM `movesay_menu` WHERE `pid` = 2 AND `hide` = 0 AND `is_dev` = 0  [ RunTime:0.0002s ]
SQL: SELECT `id`,`pid`,`title`,`url`,`tip`,`ico_name` FROM `movesay_menu` WHERE `group` = '内容' AND `pid` = 2 AND `hide` = 0 AND `is_dev` = 0 ORDER BY sort asc  [ RunTime:0.0003s ]
SQL: SELECT `id`,`pid`,`title`,`url`,`tip`,`ico_name` FROM `movesay_menu` WHERE `group` = '提示管理' AND `pid` = 2 AND `hide` = 0 AND `is_dev` = 0 ORDER BY sort asc  [ RunTime:0.0002s ]
SQL: SELECT `id`,`pid`,`title`,`url`,`tip`,`ico_name` FROM `movesay_menu` WHERE `group` = '内容管理' AND `pid` = 2 AND `hide` = 0 AND `is_dev` = 0 ORDER BY sort asc  [ RunTime:0.0002s ]
SQL: SHOW COLUMNS FROM `movesay_article` [ RunTime:0.0069s ]
SQL: SELECT COUNT(*) AS tp_count FROM `movesay_article` LIMIT 1   [ RunTime:0.0002s ]
NOTIC: [8] Use of undefined constant LANG_SET - assumed 'LANG_SET' E:\data\a52jiaoyi\ThinkPHP\Library\Think\Page.class.php 第 62 行.
SQL: SELECT * FROM `movesay_article` ORDER BY id desc LIMIT 0,15   [ RunTime:0.0008s ]
SQL: SHOW COLUMNS FROM `movesay_admin` [ RunTime:0.0058s ]
SQL: SELECT `username` FROM `movesay_admin` WHERE `id` = 1 LIMIT 1   [ RunTime:0.0002s ]
SQL: SHOW COLUMNS FROM `movesay_article_type` [ RunTime:0.0063s ]
SQL: SELECT `title` FROM `movesay_article_type` WHERE `name` = 'ccc' LIMIT 1   [ RunTime:0.0004s ]
SQL: SELECT `username` FROM `movesay_admin` WHERE `id` = 1 LIMIT 1   [ RunTime:0.0002s ]
SQL: SELECT `title` FROM `movesay_article_type` WHERE `name` = 'bbb' LIMIT 1   [ RunTime:0.0002s ]
SQL: SELECT `username` FROM `movesay_admin` WHERE `id` = 1 LIMIT 1   [ RunTime:0.0002s ]
SQL: SELECT `title` FROM `movesay_article_type` WHERE `name` = 'bbb' LIMIT 1   [ RunTime:0.0002s ]
SQL: SELECT `username` FROM `movesay_admin` WHERE `id` = 1 LIMIT 1   [ RunTime:0.0003s ]
SQL: SELECT `title` FROM `movesay_article_type` WHERE `name` = 'bbb' LIMIT 1   [ RunTime:0.0002s ]
SQL: SELECT `username` FROM `movesay_admin` WHERE `id` = 1 LIMIT 1   [ RunTime:0.0002s ]
SQL: SELECT `title` FROM `movesay_article_type` WHERE `name` = 'bbb' LIMIT 1   [ RunTime:0.0002s ]
SQL: SELECT `username` FROM `movesay_admin` WHERE `id` = 1 LIMIT 1   [ RunTime:0.0002s ]
SQL: SELECT `title` FROM `movesay_article_type` WHERE `name` = 'bbb' LIMIT 1   [ RunTime:0.0003s ]
SQL: SELECT `username` FROM `movesay_admin` WHERE `id` = 1 LIMIT 1   [ RunTime:0.0002s ]
SQL: SELECT `title` FROM `movesay_article_type` WHERE `name` = 'bbb' LIMIT 1   [ RunTime:0.0002s ]
SQL: SELECT `username` FROM `movesay_admin` WHERE `id` = 1 LIMIT 1   [ RunTime:0.0003s ]
SQL: SELECT `title` FROM `movesay_article_type` WHERE `name` = 'aaa' LIMIT 1   [ RunTime:0.0002s ]
INFO: [ view_parse ] --START--
INFO: [ template_filter ] --START--
INFO: Run Behavior\ContentReplaceBehavior [ RunTime:0.000102s ]
INFO: [ template_filter ] --END-- [ RunTime:0.000197s ]
NOTIC: [8] Undefined index: class E:\data\a52jiaoyi\Runtime\Cache\Admin\7a4184ffe8f804b12b2e7f8851dd8f7d.php 第 30 行.
NOTIC: [8] Undefined index: class E:\data\a52jiaoyi\Runtime\Cache\Admin\7a4184ffe8f804b12b2e7f8851dd8f7d.php 第 30 行.
NOTIC: [8] Undefined index: class E:\data\a52jiaoyi\Runtime\Cache\Admin\7a4184ffe8f804b12b2e7f8851dd8f7d.php 第 30 行.
NOTIC: [8] Undefined index: class E:\data\a52jiaoyi\Runtime\Cache\Admin\7a4184ffe8f804b12b2e7f8851dd8f7d.php 第 30 行.
NOTIC: [8] Undefined index: class E:\data\a52jiaoyi\Runtime\Cache\Admin\7a4184ffe8f804b12b2e7f8851dd8f7d.php 第 30 行.
NOTIC: [8] Undefined index: class E:\data\a52jiaoyi\Runtime\Cache\Admin\7a4184ffe8f804b12b2e7f8851dd8f7d.php 第 30 行.
NOTIC: [8] Undefined index: class E:\data\a52jiaoyi\Runtime\Cache\Admin\7a4184ffe8f804b12b2e7f8851dd8f7d.php 第 30 行.
NOTIC: [8] Undefined index: class E:\data\a52jiaoyi\Runtime\Cache\Admin\7a4184ffe8f804b12b2e7f8851dd8f7d.php 第 30 行.
NOTIC: [8] Undefined index: class E:\data\a52jiaoyi\Runtime\Cache\Admin\7a4184ffe8f804b12b2e7f8851dd8f7d.php 第 30 行.
NOTIC: [8] Undefined variable: versionUp E:\data\a52jiaoyi\Runtime\Cache\Admin\7a4184ffe8f804b12b2e7f8851dd8f7d.php 第 97 行.
NOTIC: [8] Undefined index: status E:\data\a52jiaoyi\Runtime\Cache\Admin\7a4184ffe8f804b12b2e7f8851dd8f7d.php 第 138 行.
NOTIC: [8] Undefined index: status E:\data\a52jiaoyi\Runtime\Cache\Admin\7a4184ffe8f804b12b2e7f8851dd8f7d.php 第 141 行.
NOTIC: [8] Undefined index: field E:\data\a52jiaoyi\Runtime\Cache\Admin\7a4184ffe8f804b12b2e7f8851dd8f7d.php 第 146 行.
NOTIC: [8] Undefined index: name E:\data\a52jiaoyi\Runtime\Cache\Admin\7a4184ffe8f804b12b2e7f8851dd8f7d.php 第 149 行.
INFO: Run Behavior\ParseTemplateBehavior [ RunTime:0.036060s ]
INFO: [ view_parse ] --END-- [ RunTime:0.036156s ]
INFO: [ view_filter ] --START--
INFO: Run Behavior\WriteHtmlCacheBehavior [ RunTime:0.000758s ]
INFO: [ view_filter ] --END-- [ RunTime:0.000875s ]
INFO: [ app_end ] --START--
INFO: Run Behavior\ShowPageTraceBehavior [ RunTime:0.000906s ]
INFO: [ app_end ] --END-- [ RunTime:0.001031s ]

[ 2018-03-22T09:00:01+08:00 ] 127.0.0.1 /Admin/Article/type.html
INFO: [ app_init ] --START--
INFO: Run Behavior\BuildLiteBehavior [ RunTime:0.000012s ]
INFO: [ app_init ] --END-- [ RunTime:0.002980s ]
INFO: [ app_begin ] --START--
INFO: Run Behavior\ReadHtmlCacheBehavior [ RunTime:0.000739s ]
INFO: [ app_begin ] --END-- [ RunTime:0.000834s ]
SQL: SHOW COLUMNS FROM `movesay_config` [ RunTime:0.0077s ]
SQL: SELECT * FROM `movesay_config` WHERE `id` = 1 LIMIT 1   [ RunTime:0.0008s ]
SQL: SHOW COLUMNS FROM `movesay_coin` [ RunTime:0.0060s ]
SQL: SELECT * FROM `movesay_coin` WHERE `status` = 1  [ RunTime:0.0003s ]
SQL: SHOW COLUMNS FROM `movesay_market` [ RunTime:0.0060s ]
SQL: SELECT * FROM `movesay_market` WHERE `status` = 1  [ RunTime:0.0003s ]
SQL: SHOW COLUMNS FROM `movesay_version` [ RunTime:0.0057s ]
SQL: SELECT `name` FROM `movesay_version` WHERE `status` = 0 ORDER BY name desc LIMIT 1   [ RunTime:0.0003s ]
SQL: SHOW COLUMNS FROM `movesay_menu` [ RunTime:0.0062s ]
SQL: SELECT * FROM `movesay_menu` WHERE `pid` = 0 AND `hide` = 0 AND `is_dev` = 0 ORDER BY sort asc  [ RunTime:0.0005s ]
SQL: SELECT `id` FROM `movesay_menu` WHERE ( url like 'Article/type%' ) LIMIT 1   [ RunTime:0.0003s ]
SQL: SHOW COLUMNS FROM `movesay_menu` [ RunTime:0.1043s ]
SQL: SELECT `id`,`pid`,`title` FROM `movesay_menu` WHERE ( id=278 ) LIMIT 1   [ RunTime:0.0003s ]
SQL: SELECT `id`,`pid`,`title` FROM `movesay_menu` WHERE ( id=2 ) LIMIT 1   [ RunTime:0.0003s ]
SQL: SELECT DISTINCT  `group` FROM `movesay_menu` WHERE ( pid = 2 )  [ RunTime:0.0006s ]
SQL: SELECT `id`,`url` FROM `movesay_menu` WHERE `pid` = 2 AND `hide` = 0 AND `is_dev` = 0  [ RunTime:0.0003s ]
SQL: SELECT `id`,`pid`,`title`,`url`,`tip`,`ico_name` FROM `movesay_menu` WHERE `group` = '内容' AND `pid` = 2 AND `hide` = 0 AND `is_dev` = 0 ORDER BY sort asc  [ RunTime:0.0004s ]
SQL: SELECT `id`,`pid`,`title`,`url`,`tip`,`ico_name` FROM `movesay_menu` WHERE `group` = '提示管理' AND `pid` = 2 AND `hide` = 0 AND `is_dev` = 0 ORDER BY sort asc  [ RunTime:0.0003s ]
SQL: SELECT `id`,`pid`,`title`,`url`,`tip`,`ico_name` FROM `movesay_menu` WHERE `group` = '内容管理' AND `pid` = 2 AND `hide` = 0 AND `is_dev` = 0 ORDER BY sort asc  [ RunTime:0.0003s ]
SQL: SHOW COLUMNS FROM `movesay_article_type` [ RunTime:0.0063s ]
SQL: SELECT COUNT(*) AS tp_count FROM `movesay_article_type` LIMIT 1   [ RunTime:0.0003s ]
NOTIC: [8] Use of undefined constant LANG_SET - assumed 'LANG_SET' E:\data\a52jiaoyi\ThinkPHP\Library\Think\Page.class.php 第 62 行.
SQL: SELECT * FROM `movesay_article_type` ORDER BY id desc LIMIT 0,15   [ RunTime:0.0009s ]
SQL: SHOW COLUMNS FROM `movesay_admin` [ RunTime:0.0068s ]
NOTIC: [8] Undefined index: adminid E:\data\a52jiaoyi\Application\Admin\Controller\ArticleController.class.php 第 228 行.
SQL: SELECT `username` FROM `movesay_admin` WHERE `id` = null LIMIT 1   [ RunTime:0.0003s ]
SQL: SELECT `title` FROM `movesay_article_type` WHERE `name` = '' LIMIT 1   [ RunTime:0.0003s ]
NOTIC: [8] Undefined index: adminid E:\data\a52jiaoyi\Application\Admin\Controller\ArticleController.class.php 第 228 行.
SQL: SELECT `username` FROM `movesay_admin` WHERE `id` = null LIMIT 1   [ RunTime:0.0002s ]
SQL: SELECT `title` FROM `movesay_article_type` WHERE `name` = '' LIMIT 1   [ RunTime:0.0003s ]
NOTIC: [8] Undefined index: adminid E:\data\a52jiaoyi\Application\Admin\Controller\ArticleController.class.php 第 228 行.
SQL: SELECT `username` FROM `movesay_admin` WHERE `id` = null LIMIT 1   [ RunTime:0.0002s ]
SQL: SELECT `title` FROM `movesay_article_type` WHERE `name` = '' LIMIT 1   [ RunTime:0.0003s ]
NOTIC: [8] Undefined index: adminid E:\data\a52jiaoyi\Application\Admin\Controller\ArticleController.class.php 第 228 行.
SQL: SELECT `username` FROM `movesay_admin` WHERE `id` = null LIMIT 1   [ RunTime:0.0002s ]
SQL: SELECT `title` FROM `movesay_article_type` WHERE `name` = 'xiazai' LIMIT 1   [ RunTime:0.0003s ]
NOTIC: [8] Undefined index: adminid E:\data\a52jiaoyi\Application\Admin\Controller\ArticleController.class.php 第 228 行.
SQL: SELECT `username` FROM `movesay_admin` WHERE `id` = null LIMIT 1   [ RunTime:0.0002s ]
SQL: SELECT `title` FROM `movesay_article_type` WHERE `name` = 'xiazai' LIMIT 1   [ RunTime:0.0002s ]
NOTIC: [8] Undefined index: adminid E:\data\a52jiaoyi\Application\Admin\Controller\ArticleController.class.php 第 228 行.
SQL: SELECT `username` FROM `movesay_admin` WHERE `id` = null LIMIT 1   [ RunTime:0.0002s ]
SQL: SELECT `title` FROM `movesay_article_type` WHERE `name` = 'xiazai' LIMIT 1   [ RunTime:0.0002s ]
NOTIC: [8] Undefined index: adminid E:\data\a52jiaoyi\Application\Admin\Controller\ArticleController.class.php 第 228 行.
SQL: SELECT `username` FROM `movesay_admin` WHERE `id` = null LIMIT 1   [ RunTime:0.0002s ]
SQL: SELECT `title` FROM `movesay_article_type` WHERE `name` = 'xiazai' LIMIT 1   [ RunTime:0.0002s ]
NOTIC: [8] Undefined index: adminid E:\data\a52jiaoyi\Application\Admin\Controller\ArticleController.class.php 第 228 行.
SQL: SELECT `username` FROM `movesay_admin` WHERE `id` = null LIMIT 1   [ RunTime:0.0002s ]
SQL: SELECT `title` FROM `movesay_article_type` WHERE `name` = 'help' LIMIT 1   [ RunTime:0.0002s ]
NOTIC: [8] Undefined index: adminid E:\data\a52jiaoyi\Application\Admin\Controller\ArticleController.class.php 第 228 行.
SQL: SELECT `username` FROM `movesay_admin` WHERE `id` = null LIMIT 1   [ RunTime:0.0003s ]
SQL: SELECT `title` FROM `movesay_article_type` WHERE `name` = 'help' LIMIT 1   [ RunTime:0.0003s ]
NOTIC: [8] Undefined index: adminid E:\data\a52jiaoyi\Application\Admin\Controller\ArticleController.class.php 第 228 行.
SQL: SELECT `username` FROM `movesay_admin` WHERE `id` = null LIMIT 1   [ RunTime:0.0002s ]
SQL: SELECT `title` FROM `movesay_article_type` WHERE `name` = 'help' LIMIT 1   [ RunTime:0.0002s ]
NOTIC: [8] Undefined index: adminid E:\data\a52jiaoyi\Application\Admin\Controller\ArticleController.class.php 第 228 行.
SQL: SELECT `username` FROM `movesay_admin` WHERE `id` = null LIMIT 1   [ RunTime:0.0002s ]
SQL: SELECT `title` FROM `movesay_article_type` WHERE `name` = 'help' LIMIT 1   [ RunTime:0.0002s ]
NOTIC: [8] Undefined index: adminid E:\data\a52jiaoyi\Application\Admin\Controller\ArticleController.class.php 第 228 行.
SQL: SELECT `username` FROM `movesay_admin` WHERE `id` = null LIMIT 1   [ RunTime:0.0002s ]
SQL: SELECT `title` FROM `movesay_article_type` WHERE `name` = 'help' LIMIT 1   [ RunTime:0.0002s ]
NOTIC: [8] Undefined index: adminid E:\data\a52jiaoyi\Application\Admin\Controller\ArticleController.class.php 第 228 行.
SQL: SELECT `username` FROM `movesay_admin` WHERE `id` = null LIMIT 1   [ RunTime:0.0002s ]
SQL: SELECT `title` FROM `movesay_article_type` WHERE `name` = 'aboutus' LIMIT 1   [ RunTime:0.0002s ]
NOTIC: [8] Undefined index: adminid E:\data\a52jiaoyi\Application\Admin\Controller\ArticleController.class.php 第 228 行.
SQL: SELECT `username` FROM `movesay_admin` WHERE `id` = null LIMIT 1   [ RunTime:0.0002s ]
SQL: SELECT `title` FROM `movesay_article_type` WHERE `name` = 'help' LIMIT 1   [ RunTime:0.0002s ]
NOTIC: [8] Undefined index: adminid E:\data\a52jiaoyi\Application\Admin\Controller\ArticleController.class.php 第 228 行.
SQL: SELECT `username` FROM `movesay_admin` WHERE `id` = null LIMIT 1   [ RunTime:0.0002s ]
SQL: SELECT `title` FROM `movesay_article_type` WHERE `name` = 'aboutus' LIMIT 1   [ RunTime:0.0002s ]
INFO: [ view_parse ] --START--
INFO: [ template_filter ] --START--
INFO: Run Behavior\ContentReplaceBehavior [ RunTime:0.000166s ]
INFO: [ template_filter ] --END-- [ RunTime:0.000281s ]
NOTIC: [8] Undefined index: class E:\data\a52jiaoyi\Runtime\Cache\Admin\ae120fc841dd2bd2fccba0dab6c1dbb1.php 第 30 行.
NOTIC: [8] Undefined index: class E:\data\a52jiaoyi\Runtime\Cache\Admin\ae120fc841dd2bd2fccba0dab6c1dbb1.php 第 30 行.
NOTIC: [8] Undefined index: class E:\data\a52jiaoyi\Runtime\Cache\Admin\ae120fc841dd2bd2fccba0dab6c1dbb1.php 第 30 行.
NOTIC: [8] Undefined index: class E:\data\a52jiaoyi\Runtime\Cache\Admin\ae120fc841dd2bd2fccba0dab6c1dbb1.php 第 30 行.
NOTIC: [8] Undefined index: class E:\data\a52jiaoyi\Runtime\Cache\Admin\ae120fc841dd2bd2fccba0dab6c1dbb1.php 第 30 行.
NOTIC: [8] Undefined index: class E:\data\a52jiaoyi\Runtime\Cache\Admin\ae120fc841dd2bd2fccba0dab6c1dbb1.php 第 30 行.
NOTIC: [8] Undefined index: class E:\data\a52jiaoyi\Runtime\Cache\Admin\ae120fc841dd2bd2fccba0dab6c1dbb1.php 第 30 行.
NOTIC: [8] Undefined index: class E:\data\a52jiaoyi\Runtime\Cache\Admin\ae120fc841dd2bd2fccba0dab6c1dbb1.php 第 30 行.
NOTIC: [8] Undefined index: class E:\data\a52jiaoyi\Runtime\Cache\Admin\ae120fc841dd2bd2fccba0dab6c1dbb1.php 第 30 行.
NOTIC: [8] Undefined variable: versionUp E:\data\a52jiaoyi\Runtime\Cache\Admin\ae120fc841dd2bd2fccba0dab6c1dbb1.php 第 97 行.
NOTIC: [8] Undefined index: status E:\data\a52jiaoyi\Runtime\Cache\Admin\ae120fc841dd2bd2fccba0dab6c1dbb1.php 第 141 行.
NOTIC: [8] Undefined index: status E:\data\a52jiaoyi\Runtime\Cache\Admin\ae120fc841dd2bd2fccba0dab6c1dbb1.php 第 144 行.
NOTIC: [8] Undefined index: field E:\data\a52jiaoyi\Runtime\Cache\Admin\ae120fc841dd2bd2fccba0dab6c1dbb1.php 第 149 行.
NOTIC: [8] Undefined index: name E:\data\a52jiaoyi\Runtime\Cache\Admin\ae120fc841dd2bd2fccba0dab6c1dbb1.php 第 152 行.
INFO: Run Behavior\ParseTemplateBehavior [ RunTime:0.035642s ]
INFO: [ view_parse ] --END-- [ RunTime:0.035742s ]
INFO: [ view_filter ] --START--
INFO: Run Behavior\WriteHtmlCacheBehavior [ RunTime:0.000613s ]
INFO: [ view_filter ] --END-- [ RunTime:0.000689s ]
INFO: [ app_end ] --START--
INFO: Run Behavior\ShowPageTraceBehavior [ RunTime:0.000802s ]
INFO: [ app_end ] --END-- [ RunTime:0.000904s ]

[ 2018-03-22T09:00:20+08:00 ] 127.0.0.1 /Admin/Article/link.html
INFO: [ app_init ] --START--
INFO: Run Behavior\BuildLiteBehavior [ RunTime:0.000012s ]
INFO: [ app_init ] --END-- [ RunTime:0.003660s ]
INFO: [ app_begin ] --START--
INFO: Run Behavior\ReadHtmlCacheBehavior [ RunTime:0.000726s ]
INFO: [ app_begin ] --END-- [ RunTime:0.000813s ]
SQL: SHOW COLUMNS FROM `movesay_config` [ RunTime:0.0204s ]
SQL: SELECT * FROM `movesay_config` WHERE `id` = 1 LIMIT 1   [ RunTime:0.0014s ]
SQL: SHOW COLUMNS FROM `movesay_coin` [ RunTime:0.0086s ]
SQL: SELECT * FROM `movesay_coin` WHERE `status` = 1  [ RunTime:0.0003s ]
SQL: SHOW COLUMNS FROM `movesay_market` [ RunTime:0.0067s ]
SQL: SELECT * FROM `movesay_market` WHERE `status` = 1  [ RunTime:0.0003s ]
SQL: SHOW COLUMNS FROM `movesay_version` [ RunTime:0.0064s ]
SQL: SELECT `name` FROM `movesay_version` WHERE `status` = 0 ORDER BY name desc LIMIT 1   [ RunTime:0.0003s ]
SQL: SHOW COLUMNS FROM `movesay_menu` [ RunTime:0.0065s ]
SQL: SELECT * FROM `movesay_menu` WHERE `pid` = 0 AND `hide` = 0 AND `is_dev` = 0 ORDER BY sort asc  [ RunTime:0.0004s ]
SQL: SELECT `id` FROM `movesay_menu` WHERE ( url like 'Article/link%' ) LIMIT 1   [ RunTime:0.0003s ]
SQL: SHOW COLUMNS FROM `movesay_menu` [ RunTime:0.0062s ]
SQL: SELECT `id`,`pid`,`title` FROM `movesay_menu` WHERE ( id=280 ) LIMIT 1   [ RunTime:0.0002s ]
SQL: SELECT `id`,`pid`,`title` FROM `movesay_menu` WHERE ( id=2 ) LIMIT 1   [ RunTime:0.0002s ]
SQL: SELECT DISTINCT  `group` FROM `movesay_menu` WHERE ( pid = 2 )  [ RunTime:0.0004s ]
SQL: SELECT `id`,`url` FROM `movesay_menu` WHERE `pid` = 2 AND `hide` = 0 AND `is_dev` = 0  [ RunTime:0.0002s ]
SQL: SELECT `id`,`pid`,`title`,`url`,`tip`,`ico_name` FROM `movesay_menu` WHERE `group` = '内容' AND `pid` = 2 AND `hide` = 0 AND `is_dev` = 0 ORDER BY sort asc  [ RunTime:0.0003s ]
SQL: SELECT `id`,`pid`,`title`,`url`,`tip`,`ico_name` FROM `movesay_menu` WHERE `group` = '提示管理' AND `pid` = 2 AND `hide` = 0 AND `is_dev` = 0 ORDER BY sort asc  [ RunTime:0.0002s ]
SQL: SELECT `id`,`pid`,`title`,`url`,`tip`,`ico_name` FROM `movesay_menu` WHERE `group` = '内容管理' AND `pid` = 2 AND `hide` = 0 AND `is_dev` = 0 ORDER BY sort asc  [ RunTime:0.0002s ]
SQL: SHOW COLUMNS FROM `movesay_link` [ RunTime:0.0058s ]
SQL: SELECT COUNT(*) AS tp_count FROM `movesay_link` LIMIT 1   [ RunTime:0.0002s ]
NOTIC: [8] Use of undefined constant LANG_SET - assumed 'LANG_SET' E:\data\a52jiaoyi\ThinkPHP\Library\Think\Page.class.php 第 62 行.
SQL: SELECT * FROM `movesay_link` ORDER BY id desc LIMIT 0,15   [ RunTime:0.0003s ]
INFO: [ view_parse ] --START--
INFO: [ template_filter ] --START--
INFO: Run Behavior\ContentReplaceBehavior [ RunTime:0.000104s ]
INFO: [ template_filter ] --END-- [ RunTime:0.000194s ]
NOTIC: [8] Undefined index: class E:\data\a52jiaoyi\Runtime\Cache\Admin\aefa72f415683bdbb50fb9184b90c24c.php 第 30 行.
NOTIC: [8] Undefined index: class E:\data\a52jiaoyi\Runtime\Cache\Admin\aefa72f415683bdbb50fb9184b90c24c.php 第 30 行.
NOTIC: [8] Undefined index: class E:\data\a52jiaoyi\Runtime\Cache\Admin\aefa72f415683bdbb50fb9184b90c24c.php 第 30 行.
NOTIC: [8] Undefined index: class E:\data\a52jiaoyi\Runtime\Cache\Admin\aefa72f415683bdbb50fb9184b90c24c.php 第 30 行.
NOTIC: [8] Undefined index: class E:\data\a52jiaoyi\Runtime\Cache\Admin\aefa72f415683bdbb50fb9184b90c24c.php 第 30 行.
NOTIC: [8] Undefined index: class E:\data\a52jiaoyi\Runtime\Cache\Admin\aefa72f415683bdbb50fb9184b90c24c.php 第 30 行.
NOTIC: [8] Undefined index: class E:\data\a52jiaoyi\Runtime\Cache\Admin\aefa72f415683bdbb50fb9184b90c24c.php 第 30 行.
NOTIC: [8] Undefined index: class E:\data\a52jiaoyi\Runtime\Cache\Admin\aefa72f415683bdbb50fb9184b90c24c.php 第 30 行.
NOTIC: [8] Undefined index: class E:\data\a52jiaoyi\Runtime\Cache\Admin\aefa72f415683bdbb50fb9184b90c24c.php 第 30 行.
NOTIC: [8] Undefined variable: versionUp E:\data\a52jiaoyi\Runtime\Cache\Admin\aefa72f415683bdbb50fb9184b90c24c.php 第 97 行.
NOTIC: [8] Undefined index: status E:\data\a52jiaoyi\Runtime\Cache\Admin\aefa72f415683bdbb50fb9184b90c24c.php 第 146 行.
NOTIC: [8] Undefined index: status E:\data\a52jiaoyi\Runtime\Cache\Admin\aefa72f415683bdbb50fb9184b90c24c.php 第 149 行.
NOTIC: [8] Undefined index: field E:\data\a52jiaoyi\Runtime\Cache\Admin\aefa72f415683bdbb50fb9184b90c24c.php 第 154 行.
NOTIC: [8] Undefined index: name E:\data\a52jiaoyi\Runtime\Cache\Admin\aefa72f415683bdbb50fb9184b90c24c.php 第 157 行.
INFO: Run Behavior\ParseTemplateBehavior [ RunTime:0.026979s ]
INFO: [ view_parse ] --END-- [ RunTime:0.027065s ]
INFO: [ view_filter ] --START--
INFO: Run Behavior\WriteHtmlCacheBehavior [ RunTime:0.000656s ]
INFO: [ view_filter ] --END-- [ RunTime:0.000717s ]
INFO: [ app_end ] --START--
INFO: Run Behavior\ShowPageTraceBehavior [ RunTime:0.000967s ]
INFO: [ app_end ] --END-- [ RunTime:0.001048s ]

[ 2018-03-22T10:34:35+08:00 ] 127.0.0.1 /Admin/Article/link.html
INFO: [ app_init ] --START--
INFO: Run Behavior\BuildLiteBehavior [ RunTime:0.000014s ]
INFO: [ app_init ] --END-- [ RunTime:0.003077s ]
INFO: [ app_begin ] --START--
INFO: Run Behavior\ReadHtmlCacheBehavior [ RunTime:0.001873s ]
INFO: [ app_begin ] --END-- [ RunTime:0.002206s ]

[ 2018-03-22T10:34:36+08:00 ] 127.0.0.1 /Admin/Login/index.html
INFO: [ app_init ] --START--
INFO: Run Behavior\BuildLiteBehavior [ RunTime:0.000011s ]
INFO: [ app_init ] --END-- [ RunTime:0.003076s ]
INFO: [ app_begin ] --START--
INFO: Run Behavior\ReadHtmlCacheBehavior [ RunTime:0.000709s ]
INFO: [ app_begin ] --END-- [ RunTime:0.000797s ]
INFO: [ view_parse ] --START--
INFO: [ template_filter ] --START--
INFO: Run Behavior\ContentReplaceBehavior [ RunTime:0.000071s ]
INFO: [ template_filter ] --END-- [ RunTime:0.000197s ]
INFO: Run Behavior\ParseTemplateBehavior [ RunTime:0.008673s ]
INFO: [ view_parse ] --END-- [ RunTime:0.008825s ]
INFO: [ view_filter ] --START--
INFO: Run Behavior\WriteHtmlCacheBehavior [ RunTime:0.000887s ]
INFO: [ view_filter ] --END-- [ RunTime:0.000958s ]
INFO: [ app_end ] --START--
INFO: Run Behavior\ShowPageTraceBehavior [ RunTime:0.000977s ]
INFO: [ app_end ] --END-- [ RunTime:0.001048s ]

[ 2018-03-22T10:34:38+08:00 ] 127.0.0.1 /Admin/Verify/code.html
INFO: [ app_init ] --START--
INFO: Run Behavior\BuildLiteBehavior [ RunTime:0.000013s ]
INFO: [ app_init ] --END-- [ RunTime:0.002996s ]
INFO: [ app_begin ] --START--
INFO: Run Behavior\ReadHtmlCacheBehavior [ RunTime:0.001045s ]
INFO: [ app_begin ] --END-- [ RunTime:0.001243s ]
INFO: [ app_end ] --START--
INFO: Run Behavior\ShowPageTraceBehavior [ RunTime:0.001106s ]
INFO: [ app_end ] --END-- [ RunTime:0.001218s ]

[ 2018-03-22T16:56:44+08:00 ] 10.1.0.176 /admin/login?movesay=lanbing
INFO: [ app_init ] --START--
INFO: Run Behavior\BuildLiteBehavior [ RunTime:0.000012s ]
INFO: [ app_init ] --END-- [ RunTime:0.003045s ]
INFO: [ app_begin ] --START--
INFO: Run Behavior\ReadHtmlCacheBehavior [ RunTime:0.000711s ]
INFO: [ app_begin ] --END-- [ RunTime:0.000800s ]
INFO: [ view_parse ] --START--
INFO: [ template_filter ] --START--
INFO: Run Behavior\ContentReplaceBehavior [ RunTime:0.000063s ]
INFO: [ template_filter ] --END-- [ RunTime:0.000172s ]
INFO: Run Behavior\ParseTemplateBehavior [ RunTime:0.017571s ]
INFO: [ view_parse ] --END-- [ RunTime:0.017693s ]
INFO: [ view_filter ] --START--
INFO: Run Behavior\WriteHtmlCacheBehavior [ RunTime:0.000751s ]
INFO: [ view_filter ] --END-- [ RunTime:0.000825s ]
INFO: [ app_end ] --START--
INFO: Run Behavior\ShowPageTraceBehavior [ RunTime:0.000932s ]
INFO: [ app_end ] --END-- [ RunTime:0.001010s ]

[ 2018-03-22T16:56:44+08:00 ] 10.1.0.176 /Admin/Verify/code.html
INFO: [ app_init ] --START--
INFO: Run Behavior\BuildLiteBehavior [ RunTime:0.000015s ]
INFO: [ app_init ] --END-- [ RunTime:0.004407s ]
INFO: [ app_begin ] --START--
INFO: Run Behavior\ReadHtmlCacheBehavior [ RunTime:0.001715s ]
INFO: [ app_begin ] --END-- [ RunTime:0.001984s ]
INFO: [ app_end ] --START--
INFO: Run Behavior\ShowPageTraceBehavior [ RunTime:0.001844s ]
INFO: [ app_end ] --END-- [ RunTime:0.002111s ]

[ 2018-03-22T16:56:53+08:00 ] 10.1.0.176 /Admin/Login/index.html
INFO: [ app_init ] --START--
INFO: Run Behavior\BuildLiteBehavior [ RunTime:0.000011s ]
INFO: [ app_init ] --END-- [ RunTime:0.002894s ]
INFO: [ app_begin ] --START--
INFO: Run Behavior\ReadHtmlCacheBehavior [ RunTime:0.000825s ]
INFO: [ app_begin ] --END-- [ RunTime:0.000915s ]
SQL: SHOW COLUMNS FROM `movesay_admin` [ RunTime:0.0127s ]
SQL: SELECT * FROM `movesay_admin` WHERE `username` = 'admin888' LIMIT 1   [ RunTime:0.0006s ]

[ 2018-03-22T16:56:53+08:00 ] 10.1.0.176 /Admin/Verify/code.html?0.3255453340820651
INFO: [ app_init ] --START--
INFO: Run Behavior\BuildLiteBehavior [ RunTime:0.000012s ]
INFO: [ app_init ] --END-- [ RunTime:0.003329s ]
INFO: [ app_begin ] --START--
INFO: Run Behavior\ReadHtmlCacheBehavior [ RunTime:0.001126s ]
INFO: [ app_begin ] --END-- [ RunTime:0.001229s ]
INFO: [ app_end ] --START--
INFO: Run Behavior\ShowPageTraceBehavior [ RunTime:0.002638s ]
INFO: [ app_end ] --END-- [ RunTime:0.002961s ]

[ 2018-03-22T19:35:29+08:00 ] 127.0.0.1 /admin/login?movesay=lanbing
INFO: [ app_init ] --START--
INFO: Run Behavior\BuildLiteBehavior [ RunTime:0.000026s ]
INFO: [ app_init ] --END-- [ RunTime:0.006167s ]
INFO: [ app_begin ] --START--
INFO: Run Behavior\ReadHtmlCacheBehavior [ RunTime:0.000991s ]
INFO: [ app_begin ] --END-- [ RunTime:0.001092s ]

[ 2018-03-22T19:35:38+08:00 ] 127.0.0.1 /Admin/Index/index.html
INFO: [ app_init ] --START--
INFO: Run Behavior\BuildLiteBehavior [ RunTime:0.000036s ]
INFO: [ app_init ] --END-- [ RunTime:0.003224s ]
INFO: [ app_begin ] --START--
INFO: Run Behavior\ReadHtmlCacheBehavior [ RunTime:0.001808s ]
INFO: [ app_begin ] --END-- [ RunTime:0.001967s ]
SQL: SHOW COLUMNS FROM `movesay_config` [ RunTime:0.0248s ]
SQL: SELECT * FROM `movesay_config` WHERE `id` = 1 LIMIT 1   [ RunTime:0.0023s ]
SQL: SHOW COLUMNS FROM `movesay_coin` [ RunTime:0.0170s ]
SQL: SELECT * FROM `movesay_coin` WHERE `status` = 1  [ RunTime:0.0006s ]
SQL: SHOW COLUMNS FROM `movesay_market` [ RunTime:0.0245s ]
SQL: SELECT * FROM `movesay_market` WHERE `status` = 1  [ RunTime:0.0005s ]
SQL: SHOW COLUMNS FROM `movesay_version` [ RunTime:0.0175s ]
SQL: SELECT `name` FROM `movesay_version` WHERE `status` = 0 ORDER BY name desc LIMIT 1   [ RunTime:0.0007s ]
SQL: SHOW COLUMNS FROM `movesay_menu` [ RunTime:0.0101s ]
SQL: SELECT * FROM `movesay_menu` WHERE `pid` = 0 AND `hide` = 0 AND `is_dev` = 0 ORDER BY sort asc  [ RunTime:0.0005s ]
SQL: SELECT `id` FROM `movesay_menu` WHERE ( url like 'Index/index%' ) LIMIT 1   [ RunTime:0.0002s ]
SQL: SHOW COLUMNS FROM `movesay_menu` [ RunTime:0.0089s ]
SQL: SELECT `id`,`pid`,`title` FROM `movesay_menu` WHERE ( id=1 ) LIMIT 1   [ RunTime:0.0004s ]
SQL: SELECT DISTINCT  `group` FROM `movesay_menu` WHERE ( pid = 1 )  [ RunTime:0.0005s ]
SQL: SELECT `id`,`url` FROM `movesay_menu` WHERE `pid` = 1 AND `hide` = 0 AND `is_dev` = 0  [ RunTime:0.0002s ]
SQL: SELECT `id`,`pid`,`title`,`url`,`tip`,`ico_name` FROM `movesay_menu` WHERE `group` = '系统' AND `pid` = 1 AND `hide` = 0 AND `is_dev` = 0 ORDER BY sort asc  [ RunTime:0.0003s ]
SQL: SHOW COLUMNS FROM `movesay_user` [ RunTime:0.0077s ]
SQL: SELECT COUNT(*) AS tp_count FROM `movesay_user` LIMIT 1   [ RunTime:0.0002s ]
SQL: SHOW COLUMNS FROM `movesay_user_coin` [ RunTime:0.0072s ]
SQL: SELECT SUM(cny) AS tp_sum FROM `movesay_user_coin` LIMIT 1   [ RunTime:0.0054s ]
SQL: SELECT SUM(cnyd) AS tp_sum FROM `movesay_user_coin` LIMIT 1   [ RunTime:0.0003s ]
SQL: SHOW COLUMNS FROM `movesay_trade_log` [ RunTime:0.0096s ]
SQL: SELECT SUM(mum) AS tp_sum FROM `movesay_trade_log` LIMIT 1   [ RunTime:0.0003s ]
SQL: SHOW COLUMNS FROM `movesay_article` [ RunTime:0.0090s ]
SQL: SELECT COUNT(*) AS tp_count FROM `movesay_article` LIMIT 1   [ RunTime:0.0002s ]
SQL: SHOW COLUMNS FROM `movesay_mycz` [ RunTime:0.0200s ]
SQL: SELECT SUM(num) AS tp_sum FROM `movesay_mycz` WHERE `status` <> 0 AND ( `addtime` > 1519142400 AND `addtime` < 1519228800  ) LIMIT 1   [ RunTime:0.0003s ]
SQL: SHOW COLUMNS FROM `movesay_mytx` [ RunTime:0.0143s ]
SQL: SELECT SUM(num) AS tp_sum FROM `movesay_mytx` WHERE `status` = 1 AND ( `addtime` > 1519142400 AND `addtime` < 1519228800  ) LIMIT 1   [ RunTime:0.0003s ]
SQL: SELECT SUM(num) AS tp_sum FROM `movesay_mycz` WHERE `status` <> 0 AND ( `addtime` > 1519228800 AND `addtime` < 1519315200  ) LIMIT 1   [ RunTime:0.0002s ]
SQL: SELECT SUM(num) AS tp_sum FROM `movesay_mytx` WHERE `status` = 1 AND ( `addtime` > 1519228800 AND `addtime` < 1519315200  ) LIMIT 1   [ RunTime:0.0002s ]
SQL: SELECT SUM(num) AS tp_sum FROM `movesay_mycz` WHERE `status` <> 0 AND ( `addtime` > 1519315200 AND `addtime` < 1519401600  ) LIMIT 1   [ RunTime:0.0002s ]
SQL: SELECT SUM(num) AS tp_sum FROM `movesay_mytx` WHERE `status` = 1 AND ( `addtime` > 1519315200 AND `addtime` < 1519401600  ) LIMIT 1   [ RunTime:0.0002s ]
SQL: SELECT SUM(num) AS tp_sum FROM `movesay_mycz` WHERE `status` <> 0 AND ( `addtime` > 1519401600 AND `addtime` < 1519488000  ) LIMIT 1   [ RunTime:0.0002s ]
SQL: SELECT SUM(num) AS tp_sum FROM `movesay_mytx` WHERE `status` = 1 AND ( `addtime` > 1519401600 AND `addtime` < 1519488000  ) LIMIT 1   [ RunTime:0.0002s ]
SQL: SELECT SUM(num) AS tp_sum FROM `movesay_mycz` WHERE `status` <> 0 AND ( `addtime` > 1519488000 AND `addtime` < 1519574400  ) LIMIT 1   [ RunTime:0.0001s ]
SQL: SELECT SUM(num) AS tp_sum FROM `movesay_mytx` WHERE `status` = 1 AND ( `addtime` > 1519488000 AND `addtime` < 1519574400  ) LIMIT 1   [ RunTime:0.0001s ]
SQL: SELECT SUM(num) AS tp_sum FROM `movesay_mycz` WHERE `status` <> 0 AND ( `addtime` > 1519574400 AND `addtime` < 1519660800  ) LIMIT 1   [ RunTime:0.0002s ]
SQL: SELECT SUM(num) AS tp_sum FROM `movesay_mytx` WHERE `status` = 1 AND ( `addtime` > 1519574400 AND `addtime` < 1519660800  ) LIMIT 1   [ RunTime:0.0001s ]
SQL: SELECT SUM(num) AS tp_sum FROM `movesay_mycz` WHERE `status` <> 0 AND ( `addtime` > 1519660800 AND `addtime` < 1519747200  ) LIMIT 1   [ RunTime:0.0001s ]
SQL: SELECT SUM(num) AS tp_sum FROM `movesay_mytx` WHERE `status` = 1 AND ( `addtime` > 1519660800 AND `addtime` < 1519747200  ) LIMIT 1   [ RunTime:0.0001s ]
SQL: SELECT SUM(num) AS tp_sum FROM `movesay_mycz` WHERE `status` <> 0 AND ( `addtime` > 1519747200 AND `addtime` < 1519833600  ) LIMIT 1   [ RunTime:0.0001s ]
SQL: SELECT SUM(num) AS tp_sum FROM `movesay_mytx` WHERE `status` = 1 AND ( `addtime` > 1519747200 AND `addtime` < 1519833600  ) LIMIT 1   [ RunTime:0.0001s ]
SQL: SELECT SUM(num) AS tp_sum FROM `movesay_mycz` WHERE `status` <> 0 AND ( `addtime` > 1519833600 AND `addtime` < 1519920000  ) LIMIT 1   [ RunTime:0.0001s ]
SQL: SELECT SUM(num) AS tp_sum FROM `movesay_mytx` WHERE `status` = 1 AND ( `addtime` > 1519833600 AND `addtime` < 1519920000  ) LIMIT 1   [ RunTime:0.0002s ]
SQL: SELECT SUM(num) AS tp_sum FROM `movesay_mycz` WHERE `status` <> 0 AND ( `addtime` > 1519920000 AND `addtime` < 1520006400  ) LIMIT 1   [ RunTime:0.0001s ]
SQL: SELECT SUM(num) AS tp_sum FROM `movesay_mytx` WHERE `status` = 1 AND ( `addtime` > 1519920000 AND `addtime` < 1520006400  ) LIMIT 1   [ RunTime:0.0001s ]
SQL: SELECT SUM(num) AS tp_sum FROM `movesay_mycz` WHERE `status` <> 0 AND ( `addtime` > 1520006400 AND `addtime` < 1520092800  ) LIMIT 1   [ RunTime:0.0001s ]
SQL: SELECT SUM(num) AS tp_sum FROM `movesay_mytx` WHERE `status` = 1 AND ( `addtime` > 1520006400 AND `addtime` < 1520092800  ) LIMIT 1   [ RunTime:0.0001s ]
SQL: SELECT SUM(num) AS tp_sum FROM `movesay_mycz` WHERE `status` <> 0 AND ( `addtime` > 1520092800 AND `addtime` < 1520179200  ) LIMIT 1   [ RunTime:0.0001s ]
SQL: SELECT SUM(num) AS tp_sum FROM `movesay_mytx` WHERE `status` = 1 AND ( `addtime` > 1520092800 AND `addtime` < 1520179200  ) LIMIT 1   [ RunTime:0.0001s ]
SQL: SELECT SUM(num) AS tp_sum FROM `movesay_mycz` WHERE `status` <> 0 AND ( `addtime` > 1520179200 AND `addtime` < 1520265600  ) LIMIT 1   [ RunTime:0.0002s ]
SQL: SELECT SUM(num) AS tp_sum FROM `movesay_mytx` WHERE `status` = 1 AND ( `addtime` > 1520179200 AND `addtime` < 1520265600  ) LIMIT 1   [ RunTime:0.0001s ]
SQL: SELECT SUM(num) AS tp_sum FROM `movesay_mycz` WHERE `status` <> 0 AND ( `addtime` > 1520265600 AND `addtime` < 1520352000  ) LIMIT 1   [ RunTime:0.0001s ]
SQL: SELECT SUM(num) AS tp_sum FROM `movesay_mytx` WHERE `status` = 1 AND ( `addtime` > 1520265600 AND `addtime` < 1520352000  ) LIMIT 1   [ RunTime:0.0002s ]
SQL: SELECT SUM(num) AS tp_sum FROM `movesay_mycz` WHERE `status` <> 0 AND ( `addtime` > 1520352000 AND `addtime` < 1520438400  ) LIMIT 1   [ RunTime:0.0003s ]
SQL: SELECT SUM(num) AS tp_sum FROM `movesay_mytx` WHERE `status` = 1 AND ( `addtime` > 1520352000 AND `addtime` < 1520438400  ) LIMIT 1   [ RunTime:0.0002s ]
SQL: SELECT SUM(num) AS tp_sum FROM `movesay_mycz` WHERE `status` <> 0 AND ( `addtime` > 1520438400 AND `addtime` < 1520524800  ) LIMIT 1   [ RunTime:0.0002s ]
SQL: SELECT SUM(num) AS tp_sum FROM `movesay_mytx` WHERE `status` = 1 AND ( `addtime` > 1520438400 AND `addtime` < 1520524800  ) LIMIT 1   [ RunTime:0.0002s ]
SQL: SELECT SUM(num) AS tp_sum FROM `movesay_mycz` WHERE `status` <> 0 AND ( `addtime` > 1520524800 AND `addtime` < 1520611200  ) LIMIT 1   [ RunTime:0.0002s ]
SQL: SELECT SUM(num) AS tp_sum FROM `movesay_mytx` WHERE `status` = 1 AND ( `addtime` > 1520524800 AND `addtime` < 1520611200  ) LIMIT 1   [ RunTime:0.0002s ]
SQL: SELECT SUM(num) AS tp_sum FROM `movesay_mycz` WHERE `status` <> 0 AND ( `addtime` > 1520611200 AND `addtime` < 1520697600  ) LIMIT 1   [ RunTime:0.0002s ]
SQL: SELECT SUM(num) AS tp_sum FROM `movesay_mytx` WHERE `status` = 1 AND ( `addtime` > 1520611200 AND `addtime` < 1520697600  ) LIMIT 1   [ RunTime:0.0002s ]
SQL: SELECT SUM(num) AS tp_sum FROM `movesay_mycz` WHERE `status` <> 0 AND ( `addtime` > 1520697600 AND `addtime` < 1520784000  ) LIMIT 1   [ RunTime:0.0002s ]
SQL: SELECT SUM(num) AS tp_sum FROM `movesay_mytx` WHERE `status` = 1 AND ( `addtime` > 1520697600 AND `addtime` < 1520784000  ) LIMIT 1   [ RunTime:0.0001s ]
SQL: SELECT SUM(num) AS tp_sum FROM `movesay_mycz` WHERE `status` <> 0 AND ( `addtime` > 1520784000 AND `addtime` < 1520870400  ) LIMIT 1   [ RunTime:0.0001s ]
SQL: SELECT SUM(num) AS tp_sum FROM `movesay_mytx` WHERE `status` = 1 AND ( `addtime` > 1520784000 AND `addtime` < 1520870400  ) LIMIT 1   [ RunTime:0.0001s ]
SQL: SELECT SUM(num) AS tp_sum FROM `movesay_mycz` WHERE `status` <> 0 AND ( `addtime` > 1520870400 AND `addtime` < 1520956800  ) LIMIT 1   [ RunTime:0.0002s ]
SQL: SELECT SUM(num) AS tp_sum FROM `movesay_mytx` WHERE `status` = 1 AND ( `addtime` > 1520870400 AND `addtime` < 1520956800  ) LIMIT 1   [ RunTime:0.0002s ]
SQL: SELECT SUM(num) AS tp_sum FROM `movesay_mycz` WHERE `status` <> 0 AND ( `addtime` > 1520956800 AND `addtime` < 1521043200  ) LIMIT 1   [ RunTime:0.0002s ]
SQL: SELECT SUM(num) AS tp_sum FROM `movesay_mytx` WHERE `status` = 1 AND ( `addtime` > 1520956800 AND `addtime` < 1521043200  ) LIMIT 1   [ RunTime:0.0002s ]
SQL: SELECT SUM(num) AS tp_sum FROM `movesay_mycz` WHERE `status` <> 0 AND ( `addtime` > 1521043200 AND `addtime` < 1521129600  ) LIMIT 1   [ RunTime:0.0003s ]
SQL: SELECT SUM(num) AS tp_sum FROM `movesay_mytx` WHERE `status` = 1 AND ( `addtime` > 1521043200 AND `addtime` < 1521129600  ) LIMIT 1   [ RunTime:0.0003s ]
SQL: SELECT SUM(num) AS tp_sum FROM `movesay_mycz` WHERE `status` <> 0 AND ( `addtime` > 1521129600 AND `addtime` < 1521216000  ) LIMIT 1   [ RunTime:0.0002s ]
SQL: SELECT SUM(num) AS tp_sum FROM `movesay_mytx` WHERE `status` = 1 AND ( `addtime` > 1521129600 AND `addtime` < 1521216000  ) LIMIT 1   [ RunTime:0.0002s ]
SQL: SELECT SUM(num) AS tp_sum FROM `movesay_mycz` WHERE `status` <> 0 AND ( `addtime` > 1521216000 AND `addtime` < 1521302400  ) LIMIT 1   [ RunTime:0.0002s ]
SQL: SELECT SUM(num) AS tp_sum FROM `movesay_mytx` WHERE `status` = 1 AND ( `addtime` > 1521216000 AND `addtime` < 1521302400  ) LIMIT 1   [ RunTime:0.0003s ]
SQL: SELECT SUM(num) AS tp_sum FROM `movesay_mycz` WHERE `status` <> 0 AND ( `addtime` > 1521302400 AND `addtime` < 1521388800  ) LIMIT 1   [ RunTime:0.0003s ]
SQL: SELECT SUM(num) AS tp_sum FROM `movesay_mytx` WHERE `status` = 1 AND ( `addtime` > 1521302400 AND `addtime` < 1521388800  ) LIMIT 1   [ RunTime:0.0002s ]
SQL: SELECT SUM(num) AS tp_sum FROM `movesay_mycz` WHERE `status` <> 0 AND ( `addtime` > 1521388800 AND `addtime` < 1521475200  ) LIMIT 1   [ RunTime:0.0002s ]
SQL: SELECT SUM(num) AS tp_sum FROM `movesay_mytx` WHERE `status` = 1 AND ( `addtime` > 1521388800 AND `addtime` < 1521475200  ) LIMIT 1   [ RunTime:0.0002s ]
SQL: SELECT SUM(num) AS tp_sum FROM `movesay_mycz` WHERE `status` <> 0 AND ( `addtime` > 1521475200 AND `addtime` < 1521561600  ) LIMIT 1   [ RunTime:0.0002s ]
SQL: SELECT SUM(num) AS tp_sum FROM `movesay_mytx` WHERE `status` = 1 AND ( `addtime` > 1521475200 AND `addtime` < 1521561600  ) LIMIT 1   [ RunTime:0.0003s ]
SQL: SELECT SUM(num) AS tp_sum FROM `movesay_mycz` WHERE `status` <> 0 AND ( `addtime` > 1521561600 AND `addtime` < 1521648000  ) LIMIT 1   [ RunTime:0.0002s ]
SQL: SELECT SUM(num) AS tp_sum FROM `movesay_mytx` WHERE `status` = 1 AND ( `addtime` > 1521561600 AND `addtime` < 1521648000  ) LIMIT 1   [ RunTime:0.0002s ]
SQL: SELECT SUM(num) AS tp_sum FROM `movesay_mycz` WHERE `status` <> 0 AND ( `addtime` > 1521648000 AND `addtime` < 1521734400  ) LIMIT 1   [ RunTime:0.0002s ]
SQL: SELECT SUM(num) AS tp_sum FROM `movesay_mytx` WHERE `status` = 1 AND ( `addtime` > 1521648000 AND `addtime` < 1521734400  ) LIMIT 1   [ RunTime:0.0002s ]
SQL: SELECT COUNT(*) AS tp_count FROM `movesay_user` WHERE ( `addtime` > 1519126530 AND `addtime` < 1519212930  ) LIMIT 1   [ RunTime:0.0003s ]
SQL: SELECT COUNT(*) AS tp_count FROM `movesay_user` WHERE ( `addtime` > 1519212930 AND `addtime` < 1519299330  ) LIMIT 1   [ RunTime:0.0003s ]
SQL: SELECT COUNT(*) AS tp_count FROM `movesay_user` WHERE ( `addtime` > 1519299330 AND `addtime` < 1519385730  ) LIMIT 1   [ RunTime:0.0003s ]
SQL: SELECT COUNT(*) AS tp_count FROM `movesay_user` WHERE ( `addtime` > 1519385730 AND `addtime` < 1519472130  ) LIMIT 1   [ RunTime:0.0003s ]
SQL: SELECT COUNT(*) AS tp_count FROM `movesay_user` WHERE ( `addtime` > 1519472130 AND `addtime` < 1519558530  ) LIMIT 1   [ RunTime:0.0003s ]
SQL: SELECT COUNT(*) AS tp_count FROM `movesay_user` WHERE ( `addtime` > 1519558530 AND `addtime` < 1519644930  ) LIMIT 1   [ RunTime:0.0003s ]
SQL: SELECT COUNT(*) AS tp_count FROM `movesay_user` WHERE ( `addtime` > 1519644930 AND `addtime` < 1519731330  ) LIMIT 1   [ RunTime:0.0003s ]
SQL: SELECT COUNT(*) AS tp_count FROM `movesay_user` WHERE ( `addtime` > 1519731330 AND `addtime` < 1519817730  ) LIMIT 1   [ RunTime:0.0003s ]
SQL: SELECT COUNT(*) AS tp_count FROM `movesay_user` WHERE ( `addtime` > 1519817730 AND `addtime` < 1519904130  ) LIMIT 1   [ RunTime:0.0003s ]
SQL: SELECT COUNT(*) AS tp_count FROM `movesay_user` WHERE ( `addtime` > 1519904130 AND `addtime` < 1519990530  ) LIMIT 1   [ RunTime:0.0003s ]
SQL: SELECT COUNT(*) AS tp_count FROM `movesay_user` WHERE ( `addtime` > 1519990530 AND `addtime` < 1520076930  ) LIMIT 1   [ RunTime:0.0003s ]
SQL: SELECT COUNT(*) AS tp_count FROM `movesay_user` WHERE ( `addtime` > 1520076930 AND `addtime` < 1520163330  ) LIMIT 1   [ RunTime:0.0003s ]
SQL: SELECT COUNT(*) AS tp_count FROM `movesay_user` WHERE ( `addtime` > 1520163330 AND `addtime` < 1520249730  ) LIMIT 1   [ RunTime:0.0003s ]
SQL: SELECT COUNT(*) AS tp_count FROM `movesay_user` WHERE ( `addtime` > 1520249730 AND `addtime` < 1520336130  ) LIMIT 1   [ RunTime:0.0003s ]
SQL: SELECT COUNT(*) AS tp_count FROM `movesay_user` WHERE ( `addtime` > 1520336130 AND `addtime` < 1520422530  ) LIMIT 1   [ RunTime:0.0003s ]
SQL: SELECT COUNT(*) AS tp_count FROM `movesay_user` WHERE ( `addtime` > 1520422530 AND `addtime` < 1520508930  ) LIMIT 1   [ RunTime:0.0003s ]
SQL: SELECT COUNT(*) AS tp_count FROM `movesay_user` WHERE ( `addtime` > 1520508930 AND `addtime` < 1520595330  ) LIMIT 1   [ RunTime:0.0003s ]
SQL: SELECT COUNT(*) AS tp_count FROM `movesay_user` WHERE ( `addtime` > 1520595330 AND `addtime` < 1520681730  ) LIMIT 1   [ RunTime:0.0003s ]
SQL: SELECT COUNT(*) AS tp_count FROM `movesay_user` WHERE ( `addtime` > 1520681730 AND `addtime` < 1520768130  ) LIMIT 1   [ RunTime:0.0003s ]
SQL: SELECT COUNT(*) AS tp_count FROM `movesay_user` WHERE ( `addtime` > 1520768130 AND `addtime` < 1520854530  ) LIMIT 1   [ RunTime:0.0003s ]
SQL: SELECT COUNT(*) AS tp_count FROM `movesay_user` WHERE ( `addtime` > 1520854530 AND `addtime` < 1520940930  ) LIMIT 1   [ RunTime:0.0004s ]
SQL: SELECT COUNT(*) AS tp_count FROM `movesay_user` WHERE ( `addtime` > 1520940930 AND `addtime` < 1521027330  ) LIMIT 1   [ RunTime:0.0004s ]
SQL: SELECT COUNT(*) AS tp_count FROM `movesay_user` WHERE ( `addtime` > 1521027330 AND `addtime` < 1521113730  ) LIMIT 1   [ RunTime:0.0004s ]
SQL: SELECT COUNT(*) AS tp_count FROM `movesay_user` WHERE ( `addtime` > 1521113730 AND `addtime` < 1521200130  ) LIMIT 1   [ RunTime:0.0004s ]
SQL: SELECT COUNT(*) AS tp_count FROM `movesay_user` WHERE ( `addtime` > 1521200130 AND `addtime` < 1521286530  ) LIMIT 1   [ RunTime:0.0004s ]
SQL: SELECT COUNT(*) AS tp_count FROM `movesay_user` WHERE ( `addtime` > 1521286530 AND `addtime` < 1521372930  ) LIMIT 1   [ RunTime:0.0003s ]
SQL: SELECT COUNT(*) AS tp_count FROM `movesay_user` WHERE ( `addtime` > 1521372930 AND `addtime` < 1521459330  ) LIMIT 1   [ RunTime:0.0004s ]
SQL: SELECT COUNT(*) AS tp_count FROM `movesay_user` WHERE ( `addtime` > 1521459330 AND `addtime` < 1521545730  ) LIMIT 1   [ RunTime:0.0004s ]
SQL: SELECT COUNT(*) AS tp_count FROM `movesay_user` WHERE ( `addtime` > 1521545730 AND `addtime` < 1521632130  ) LIMIT 1   [ RunTime:0.0004s ]
SQL: SELECT COUNT(*) AS tp_count FROM `movesay_user` WHERE ( `addtime` > 1521632130 AND `addtime` < 1521718530  ) LIMIT 1   [ RunTime:0.0004s ]
SQL: SELECT COUNT(*) AS tp_count FROM `movesay_user` WHERE ( `addtime` > 1521718530 AND `addtime` < 1521804930  ) LIMIT 1   [ RunTime:0.0003s ]
SQL: SELECT COUNT(*) AS tp_count FROM `movesay_user` WHERE ( `addtime` > 1521804930 AND `addtime` < 1521891330  ) LIMIT 1   [ RunTime:0.0003s ]
SQL: SELECT COUNT(*) AS tp_count FROM `movesay_user` WHERE ( `addtime` > 1521891330 AND `addtime` < 1521977730  ) LIMIT 1   [ RunTime:0.0003s ]
SQL: SELECT COUNT(*) AS tp_count FROM `movesay_user` WHERE ( `addtime` > 1521977730 AND `addtime` < 1522064130  ) LIMIT 1   [ RunTime:0.0003s ]
SQL: SELECT COUNT(*) AS tp_count FROM `movesay_user` WHERE ( `addtime` > 1522064130 AND `addtime` < 1522150530  ) LIMIT 1   [ RunTime:0.0003s ]
SQL: SELECT COUNT(*) AS tp_count FROM `movesay_user` WHERE ( `addtime` > 1522150530 AND `addtime` < 1522236930  ) LIMIT 1   [ RunTime:0.0003s ]
SQL: SELECT COUNT(*) AS tp_count FROM `movesay_user` WHERE ( `addtime` > 1522236930 AND `addtime` < 1522323330  ) LIMIT 1   [ RunTime:0.0003s ]
SQL: SELECT COUNT(*) AS tp_count FROM `movesay_user` WHERE ( `addtime` > 1522323330 AND `addtime` < 1522409730  ) LIMIT 1   [ RunTime:0.0003s ]
SQL: SELECT COUNT(*) AS tp_count FROM `movesay_user` WHERE ( `addtime` > 1522409730 AND `addtime` < 1522496130  ) LIMIT 1   [ RunTime:0.0003s ]
SQL: SELECT COUNT(*) AS tp_count FROM `movesay_user` WHERE ( `addtime` > 1522496130 AND `addtime` < 1522582530  ) LIMIT 1   [ RunTime:0.0003s ]
SQL: SELECT COUNT(*) AS tp_count FROM `movesay_user` WHERE ( `addtime` > 1522582530 AND `addtime` < 1522668930  ) LIMIT 1   [ RunTime:0.0003s ]
SQL: SELECT COUNT(*) AS tp_count FROM `movesay_user` WHERE ( `addtime` > 1522668930 AND `addtime` < 1522755330  ) LIMIT 1   [ RunTime:0.0003s ]
SQL: SELECT COUNT(*) AS tp_count FROM `movesay_user` WHERE ( `addtime` > 1522755330 AND `addtime` < 1522841730  ) LIMIT 1   [ RunTime:0.0003s ]
SQL: SELECT COUNT(*) AS tp_count FROM `movesay_user` WHERE ( `addtime` > 1522841730 AND `addtime` < 1522928130  ) LIMIT 1   [ RunTime:0.0003s ]
SQL: SELECT COUNT(*) AS tp_count FROM `movesay_user` WHERE ( `addtime` > 1522928130 AND `addtime` < 1523014530  ) LIMIT 1   [ RunTime:0.0003s ]
SQL: SELECT COUNT(*) AS tp_count FROM `movesay_user` WHERE ( `addtime` > 1523014530 AND `addtime` < 1523100930  ) LIMIT 1   [ RunTime:0.0003s ]
SQL: SELECT COUNT(*) AS tp_count FROM `movesay_user` WHERE ( `addtime` > 1523100930 AND `addtime` < 1523187330  ) LIMIT 1   [ RunTime:0.0004s ]
SQL: SELECT COUNT(*) AS tp_count FROM `movesay_user` WHERE ( `addtime` > 1523187330 AND `addtime` < 1523273730  ) LIMIT 1   [ RunTime:0.0003s ]
SQL: SELECT COUNT(*) AS tp_count FROM `movesay_user` WHERE ( `addtime` > 1523273730 AND `addtime` < 1523360130  ) LIMIT 1   [ RunTime:0.0003s ]
SQL: SELECT COUNT(*) AS tp_count FROM `movesay_user` WHERE ( `addtime` > 1523360130 AND `addtime` < 1523446530  ) LIMIT 1   [ RunTime:0.0003s ]
SQL: SELECT COUNT(*) AS tp_count FROM `movesay_user` WHERE ( `addtime` > 1523446530 AND `addtime` < 1523532930  ) LIMIT 1   [ RunTime:0.0003s ]
SQL: SELECT COUNT(*) AS tp_count FROM `movesay_user` WHERE ( `addtime` > 1523532930 AND `addtime` < 1523619330  ) LIMIT 1   [ RunTime:0.0003s ]
SQL: SELECT COUNT(*) AS tp_count FROM `movesay_user` WHERE ( `addtime` > 1523619330 AND `addtime` < 1523705730  ) LIMIT 1   [ RunTime:0.0003s ]
SQL: SELECT COUNT(*) AS tp_count FROM `movesay_user` WHERE ( `addtime` > 1523705730 AND `addtime` < 1523792130  ) LIMIT 1   [ RunTime:0.0003s ]
SQL: SELECT COUNT(*) AS tp_count FROM `movesay_user` WHERE ( `addtime` > 1523792130 AND `addtime` < 1523878530  ) LIMIT 1   [ RunTime:0.0003s ]
SQL: SELECT COUNT(*) AS tp_count FROM `movesay_user` WHERE ( `addtime` > 1523878530 AND `addtime` < 1523964930  ) LIMIT 1   [ RunTime:0.0003s ]
SQL: SELECT COUNT(*) AS tp_count FROM `movesay_user` WHERE ( `addtime` > 1523964930 AND `addtime` < 1524051330  ) LIMIT 1   [ RunTime:0.0003s ]
SQL: SELECT COUNT(*) AS tp_count FROM `movesay_user` WHERE ( `addtime` > 1524051330 AND `addtime` < 1524137730  ) LIMIT 1   [ RunTime:0.0003s ]
SQL: SELECT COUNT(*) AS tp_count FROM `movesay_user` WHERE ( `addtime` > 1524137730 AND `addtime` < 1524224130  ) LIMIT 1   [ RunTime:0.0004s ]
SQL: SELECT COUNT(*) AS tp_count FROM `movesay_user` WHERE ( `addtime` > 1524224130 AND `addtime` < 1524310530  ) LIMIT 1   [ RunTime:0.0003s ]
NOTIC: [8] Undefined index: cztx E:\data\a52jiaoyi\Application\Admin\Controller\IndexController.class.php 第 70 行.
NOTIC: [8] Undefined variable: authUrl E:\data\a52jiaoyi\Application\Admin\Controller\IndexController.class.php 第 82 行.
INFO: [ view_parse ] --START--
INFO: [ template_filter ] --START--
INFO: Run Behavior\ContentReplaceBehavior [ RunTime:0.000371s ]
INFO: [ template_filter ] --END-- [ RunTime:0.000562s ]
NOTIC: [8] Undefined index: class E:\data\a52jiaoyi\Runtime\Cache\Admin\b595b808c2ebeeeb0478ffc30bb4e87a.php 第 30 行.
NOTIC: [8] Undefined index: class E:\data\a52jiaoyi\Runtime\Cache\Admin\b595b808c2ebeeeb0478ffc30bb4e87a.php 第 30 行.
NOTIC: [8] Undefined index: class E:\data\a52jiaoyi\Runtime\Cache\Admin\b595b808c2ebeeeb0478ffc30bb4e87a.php 第 30 行.
NOTIC: [8] Undefined index: class E:\data\a52jiaoyi\Runtime\Cache\Admin\b595b808c2ebeeeb0478ffc30bb4e87a.php 第 30 行.
NOTIC: [8] Undefined index: class E:\data\a52jiaoyi\Runtime\Cache\Admin\b595b808c2ebeeeb0478ffc30bb4e87a.php 第 30 行.
NOTIC: [8] Undefined index: class E:\data\a52jiaoyi\Runtime\Cache\Admin\b595b808c2ebeeeb0478ffc30bb4e87a.php 第 30 行.
NOTIC: [8] Undefined index: class E:\data\a52jiaoyi\Runtime\Cache\Admin\b595b808c2ebeeeb0478ffc30bb4e87a.php 第 30 行.
NOTIC: [8] Undefined index: class E:\data\a52jiaoyi\Runtime\Cache\Admin\b595b808c2ebeeeb0478ffc30bb4e87a.php 第 30 行.
NOTIC: [8] Undefined index: class E:\data\a52jiaoyi\Runtime\Cache\Admin\b595b808c2ebeeeb0478ffc30bb4e87a.php 第 30 行.
NOTIC: [8] Undefined variable: versionUp E:\data\a52jiaoyi\Runtime\Cache\Admin\b595b808c2ebeeeb0478ffc30bb4e87a.php 第 97 行.
SQL: select version() as v; [ RunTime:0.0006s ]
INFO: Run Behavior\ParseTemplateBehavior [ RunTime:0.099536s ]
INFO: [ view_parse ] --END-- [ RunTime:0.099801s ]
INFO: [ view_filter ] --START--
INFO: Run Behavior\WriteHtmlCacheBehavior [ RunTime:0.001435s ]
INFO: [ view_filter ] --END-- [ RunTime:0.001589s ]
INFO: [ app_end ] --START--
INFO: Run Behavior\ShowPageTraceBehavior [ RunTime:0.001217s ]
INFO: [ app_end ] --END-- [ RunTime:0.001344s ]

[ 2018-03-22T19:35:49+08:00 ] 127.0.0.1 /Admin/Article/index.html
INFO: [ app_init ] --START--
INFO: Run Behavior\BuildLiteBehavior [ RunTime:0.000013s ]
INFO: [ app_init ] --END-- [ RunTime:0.003443s ]
INFO: [ app_begin ] --START--
INFO: Run Behavior\ReadHtmlCacheBehavior [ RunTime:0.001200s ]
INFO: [ app_begin ] --END-- [ RunTime:0.001376s ]
SQL: SHOW COLUMNS FROM `movesay_config` [ RunTime:0.0248s ]
SQL: SELECT * FROM `movesay_config` WHERE `id` = 1 LIMIT 1   [ RunTime:0.0022s ]
SQL: SHOW COLUMNS FROM `movesay_coin` [ RunTime:0.0218s ]
SQL: SELECT * FROM `movesay_coin` WHERE `status` = 1  [ RunTime:0.0010s ]
SQL: SHOW COLUMNS FROM `movesay_market` [ RunTime:0.0111s ]
SQL: SELECT * FROM `movesay_market` WHERE `status` = 1  [ RunTime:0.0004s ]
SQL: SHOW COLUMNS FROM `movesay_version` [ RunTime:0.0115s ]
SQL: SELECT `name` FROM `movesay_version` WHERE `status` = 0 ORDER BY name desc LIMIT 1   [ RunTime:0.0004s ]
SQL: SHOW COLUMNS FROM `movesay_menu` [ RunTime:0.0081s ]
SQL: SELECT * FROM `movesay_menu` WHERE `pid` = 0 AND `hide` = 0 AND `is_dev` = 0 ORDER BY sort asc  [ RunTime:0.0004s ]
SQL: SELECT `id` FROM `movesay_menu` WHERE ( url like 'Article/index%' ) LIMIT 1   [ RunTime:0.0002s ]
SQL: SHOW COLUMNS FROM `movesay_menu` [ RunTime:0.0065s ]
SQL: SELECT `id`,`pid`,`title` FROM `movesay_menu` WHERE ( id=2 ) LIMIT 1   [ RunTime:0.0004s ]
SQL: SELECT DISTINCT  `group` FROM `movesay_menu` WHERE ( pid = 2 )  [ RunTime:0.0005s ]
SQL: SELECT `id`,`url` FROM `movesay_menu` WHERE `pid` = 2 AND `hide` = 0 AND `is_dev` = 0  [ RunTime:0.0003s ]
SQL: SELECT `id`,`pid`,`title`,`url`,`tip`,`ico_name` FROM `movesay_menu` WHERE `group` = '内容' AND `pid` = 2 AND `hide` = 0 AND `is_dev` = 0 ORDER BY sort asc  [ RunTime:0.0003s ]
SQL: SELECT `id`,`pid`,`title`,`url`,`tip`,`ico_name` FROM `movesay_menu` WHERE `group` = '提示管理' AND `pid` = 2 AND `hide` = 0 AND `is_dev` = 0 ORDER BY sort asc  [ RunTime:0.0002s ]
SQL: SELECT `id`,`pid`,`title`,`url`,`tip`,`ico_name` FROM `movesay_menu` WHERE `group` = '内容管理' AND `pid` = 2 AND `hide` = 0 AND `is_dev` = 0 ORDER BY sort asc  [ RunTime:0.0002s ]
SQL: SHOW COLUMNS FROM `movesay_article` [ RunTime:0.0066s ]
SQL: SELECT COUNT(*) AS tp_count FROM `movesay_article` LIMIT 1   [ RunTime:0.0002s ]
NOTIC: [8] Use of undefined constant LANG_SET - assumed 'LANG_SET' E:\data\a52jiaoyi\ThinkPHP\Library\Think\Page.class.php 第 62 行.
SQL: SELECT * FROM `movesay_article` ORDER BY id desc LIMIT 0,15   [ RunTime:0.0009s ]
SQL: SHOW COLUMNS FROM `movesay_admin` [ RunTime:0.0089s ]
SQL: SELECT `username` FROM `movesay_admin` WHERE `id` = 1 LIMIT 1   [ RunTime:0.0003s ]
SQL: SHOW COLUMNS FROM `movesay_article_type` [ RunTime:0.0068s ]
SQL: SELECT `title` FROM `movesay_article_type` WHERE `name` = 'ccc' LIMIT 1   [ RunTime:0.0003s ]
SQL: SELECT `username` FROM `movesay_admin` WHERE `id` = 1 LIMIT 1   [ RunTime:0.0002s ]
SQL: SELECT `title` FROM `movesay_article_type` WHERE `name` = 'bbb' LIMIT 1   [ RunTime:0.0002s ]
SQL: SELECT `username` FROM `movesay_admin` WHERE `id` = 1 LIMIT 1   [ RunTime:0.0002s ]
SQL: SELECT `title` FROM `movesay_article_type` WHERE `name` = 'bbb' LIMIT 1   [ RunTime:0.0002s ]
SQL: SELECT `username` FROM `movesay_admin` WHERE `id` = 1 LIMIT 1   [ RunTime:0.0002s ]
SQL: SELECT `title` FROM `movesay_article_type` WHERE `name` = 'bbb' LIMIT 1   [ RunTime:0.0002s ]
SQL: SELECT `username` FROM `movesay_admin` WHERE `id` = 1 LIMIT 1   [ RunTime:0.0002s ]
SQL: SELECT `title` FROM `movesay_article_type` WHERE `name` = 'bbb' LIMIT 1   [ RunTime:0.0002s ]
SQL: SELECT `username` FROM `movesay_admin` WHERE `id` = 1 LIMIT 1   [ RunTime:0.0002s ]
SQL: SELECT `title` FROM `movesay_article_type` WHERE `name` = 'bbb' LIMIT 1   [ RunTime:0.0002s ]
SQL: SELECT `username` FROM `movesay_admin` WHERE `id` = 1 LIMIT 1   [ RunTime:0.0002s ]
SQL: SELECT `title` FROM `movesay_article_type` WHERE `name` = 'bbb' LIMIT 1   [ RunTime:0.0002s ]
SQL: SELECT `username` FROM `movesay_admin` WHERE `id` = 1 LIMIT 1   [ RunTime:0.0002s ]
SQL: SELECT `title` FROM `movesay_article_type` WHERE `name` = 'aaa' LIMIT 1   [ RunTime:0.0002s ]
INFO: [ view_parse ] --START--
INFO: [ template_filter ] --START--
INFO: Run Behavior\ContentReplaceBehavior [ RunTime:0.000124s ]
INFO: [ template_filter ] --END-- [ RunTime:0.000261s ]
NOTIC: [8] Undefined index: class E:\data\a52jiaoyi\Runtime\Cache\Admin\7a4184ffe8f804b12b2e7f8851dd8f7d.php 第 30 行.
NOTIC: [8] Undefined index: class E:\data\a52jiaoyi\Runtime\Cache\Admin\7a4184ffe8f804b12b2e7f8851dd8f7d.php 第 30 行.
NOTIC: [8] Undefined index: class E:\data\a52jiaoyi\Runtime\Cache\Admin\7a4184ffe8f804b12b2e7f8851dd8f7d.php 第 30 行.
NOTIC: [8] Undefined index: class E:\data\a52jiaoyi\Runtime\Cache\Admin\7a4184ffe8f804b12b2e7f8851dd8f7d.php 第 30 行.
NOTIC: [8] Undefined index: class E:\data\a52jiaoyi\Runtime\Cache\Admin\7a4184ffe8f804b12b2e7f8851dd8f7d.php 第 30 行.
NOTIC: [8] Undefined index: class E:\data\a52jiaoyi\Runtime\Cache\Admin\7a4184ffe8f804b12b2e7f8851dd8f7d.php 第 30 行.
NOTIC: [8] Undefined index: class E:\data\a52jiaoyi\Runtime\Cache\Admin\7a4184ffe8f804b12b2e7f8851dd8f7d.php 第 30 行.
NOTIC: [8] Undefined index: class E:\data\a52jiaoyi\Runtime\Cache\Admin\7a4184ffe8f804b12b2e7f8851dd8f7d.php 第 30 行.
NOTIC: [8] Undefined index: class E:\data\a52jiaoyi\Runtime\Cache\Admin\7a4184ffe8f804b12b2e7f8851dd8f7d.php 第 30 行.
NOTIC: [8] Undefined variable: versionUp E:\data\a52jiaoyi\Runtime\Cache\Admin\7a4184ffe8f804b12b2e7f8851dd8f7d.php 第 97 行.
NOTIC: [8] Undefined index: status E:\data\a52jiaoyi\Runtime\Cache\Admin\7a4184ffe8f804b12b2e7f8851dd8f7d.php 第 138 行.
NOTIC: [8] Undefined index: status E:\data\a52jiaoyi\Runtime\Cache\Admin\7a4184ffe8f804b12b2e7f8851dd8f7d.php 第 141 行.
NOTIC: [8] Undefined index: field E:\data\a52jiaoyi\Runtime\Cache\Admin\7a4184ffe8f804b12b2e7f8851dd8f7d.php 第 146 行.
NOTIC: [8] Undefined index: name E:\data\a52jiaoyi\Runtime\Cache\Admin\7a4184ffe8f804b12b2e7f8851dd8f7d.php 第 149 行.
INFO: Run Behavior\ParseTemplateBehavior [ RunTime:0.048191s ]
INFO: [ view_parse ] --END-- [ RunTime:0.048295s ]
INFO: [ view_filter ] --START--
INFO: Run Behavior\WriteHtmlCacheBehavior [ RunTime:0.000735s ]
INFO: [ view_filter ] --END-- [ RunTime:0.000831s ]
INFO: [ app_end ] --START--
INFO: Run Behavior\ShowPageTraceBehavior [ RunTime:0.000944s ]
INFO: [ app_end ] --END-- [ RunTime:0.001030s ]

[ 2018-03-22T19:35:54+08:00 ] 127.0.0.1 /Admin/Article/adver.html
INFO: [ app_init ] --START--
INFO: Run Behavior\BuildLiteBehavior [ RunTime:0.000012s ]
INFO: [ app_init ] --END-- [ RunTime:0.003634s ]
INFO: [ app_begin ] --START--
INFO: Run Behavior\ReadHtmlCacheBehavior [ RunTime:0.000710s ]
INFO: [ app_begin ] --END-- [ RunTime:0.000795s ]
SQL: SHOW COLUMNS FROM `movesay_config` [ RunTime:0.0222s ]
SQL: SELECT * FROM `movesay_config` WHERE `id` = 1 LIMIT 1   [ RunTime:0.0014s ]
SQL: SHOW COLUMNS FROM `movesay_coin` [ RunTime:0.0143s ]
SQL: SELECT * FROM `movesay_coin` WHERE `status` = 1  [ RunTime:0.0006s ]
SQL: SHOW COLUMNS FROM `movesay_market` [ RunTime:0.0095s ]
SQL: SELECT * FROM `movesay_market` WHERE `status` = 1  [ RunTime:0.0004s ]
SQL: SHOW COLUMNS FROM `movesay_version` [ RunTime:0.0085s ]
SQL: SELECT `name` FROM `movesay_version` WHERE `status` = 0 ORDER BY name desc LIMIT 1   [ RunTime:0.0003s ]
SQL: SHOW COLUMNS FROM `movesay_menu` [ RunTime:0.0088s ]
SQL: SELECT * FROM `movesay_menu` WHERE `pid` = 0 AND `hide` = 0 AND `is_dev` = 0 ORDER BY sort asc  [ RunTime:0.0005s ]
SQL: SELECT `id` FROM `movesay_menu` WHERE ( url like 'Article/adver%' ) LIMIT 1   [ RunTime:0.0003s ]
SQL: SHOW COLUMNS FROM `movesay_menu` [ RunTime:0.0067s ]
SQL: SELECT `id`,`pid`,`title` FROM `movesay_menu` WHERE ( id=279 ) LIMIT 1   [ RunTime:0.0003s ]
SQL: SELECT `id`,`pid`,`title` FROM `movesay_menu` WHERE ( id=2 ) LIMIT 1   [ RunTime:0.0002s ]
SQL: SELECT DISTINCT  `group` FROM `movesay_menu` WHERE ( pid = 2 )  [ RunTime:0.0005s ]
SQL: SELECT `id`,`url` FROM `movesay_menu` WHERE `pid` = 2 AND `hide` = 0 AND `is_dev` = 0  [ RunTime:0.0002s ]
SQL: SELECT `id`,`pid`,`title`,`url`,`tip`,`ico_name` FROM `movesay_menu` WHERE `group` = '内容' AND `pid` = 2 AND `hide` = 0 AND `is_dev` = 0 ORDER BY sort asc  [ RunTime:0.0003s ]
SQL: SELECT `id`,`pid`,`title`,`url`,`tip`,`ico_name` FROM `movesay_menu` WHERE `group` = '提示管理' AND `pid` = 2 AND `hide` = 0 AND `is_dev` = 0 ORDER BY sort asc  [ RunTime:0.0002s ]
SQL: SELECT `id`,`pid`,`title`,`url`,`tip`,`ico_name` FROM `movesay_menu` WHERE `group` = '内容管理' AND `pid` = 2 AND `hide` = 0 AND `is_dev` = 0 ORDER BY sort asc  [ RunTime:0.0002s ]
SQL: SHOW COLUMNS FROM `movesay_adver` [ RunTime:0.0094s ]
SQL: SELECT COUNT(*) AS tp_count FROM `movesay_adver` LIMIT 1   [ RunTime:0.0002s ]
NOTIC: [8] Use of undefined constant LANG_SET - assumed 'LANG_SET' E:\data\a52jiaoyi\ThinkPHP\Library\Think\Page.class.php 第 62 行.
SQL: SELECT * FROM `movesay_adver` ORDER BY id desc LIMIT 0,15   [ RunTime:0.0003s ]
INFO: [ view_parse ] --START--
INFO: [ template_filter ] --START--
INFO: Run Behavior\ContentReplaceBehavior [ RunTime:0.000110s ]
INFO: [ template_filter ] --END-- [ RunTime:0.000207s ]
NOTIC: [8] Undefined index: class E:\data\a52jiaoyi\Runtime\Cache\Admin\236d38871266de05cdbc60362b2f1625.php 第 30 行.
NOTIC: [8] Undefined index: class E:\data\a52jiaoyi\Runtime\Cache\Admin\236d38871266de05cdbc60362b2f1625.php 第 30 行.
NOTIC: [8] Undefined index: class E:\data\a52jiaoyi\Runtime\Cache\Admin\236d38871266de05cdbc60362b2f1625.php 第 30 行.
NOTIC: [8] Undefined index: class E:\data\a52jiaoyi\Runtime\Cache\Admin\236d38871266de05cdbc60362b2f1625.php 第 30 行.
NOTIC: [8] Undefined index: class E:\data\a52jiaoyi\Runtime\Cache\Admin\236d38871266de05cdbc60362b2f1625.php 第 30 行.
NOTIC: [8] Undefined index: class E:\data\a52jiaoyi\Runtime\Cache\Admin\236d38871266de05cdbc60362b2f1625.php 第 30 行.
NOTIC: [8] Undefined index: class E:\data\a52jiaoyi\Runtime\Cache\Admin\236d38871266de05cdbc60362b2f1625.php 第 30 行.
NOTIC: [8] Undefined index: class E:\data\a52jiaoyi\Runtime\Cache\Admin\236d38871266de05cdbc60362b2f1625.php 第 30 行.
NOTIC: [8] Undefined index: class E:\data\a52jiaoyi\Runtime\Cache\Admin\236d38871266de05cdbc60362b2f1625.php 第 30 行.
NOTIC: [8] Undefined variable: versionUp E:\data\a52jiaoyi\Runtime\Cache\Admin\236d38871266de05cdbc60362b2f1625.php 第 97 行.
NOTIC: [8] Undefined index: status E:\data\a52jiaoyi\Runtime\Cache\Admin\236d38871266de05cdbc60362b2f1625.php 第 138 行.
NOTIC: [8] Undefined index: status E:\data\a52jiaoyi\Runtime\Cache\Admin\236d38871266de05cdbc60362b2f1625.php 第 141 行.
NOTIC: [8] Undefined index: field E:\data\a52jiaoyi\Runtime\Cache\Admin\236d38871266de05cdbc60362b2f1625.php 第 146 行.
NOTIC: [8] Undefined index: name E:\data\a52jiaoyi\Runtime\Cache\Admin\236d38871266de05cdbc60362b2f1625.php 第 149 行.
NOTIC: [8] Undefined index: title E:\data\a52jiaoyi\Runtime\Cache\Admin\236d38871266de05cdbc60362b2f1625.php 第 192 行.
NOTIC: [8] Undefined index: title E:\data\a52jiaoyi\Runtime\Cache\Admin\236d38871266de05cdbc60362b2f1625.php 第 192 行.
NOTIC: [8] Undefined index: title E:\data\a52jiaoyi\Runtime\Cache\Admin\236d38871266de05cdbc60362b2f1625.php 第 192 行.
NOTIC: [8] Undefined index: title E:\data\a52jiaoyi\Runtime\Cache\Admin\236d38871266de05cdbc60362b2f1625.php 第 192 行.
NOTIC: [8] Undefined index: title E:\data\a52jiaoyi\Runtime\Cache\Admin\236d38871266de05cdbc60362b2f1625.php 第 192 行.
INFO: Run Behavior\ParseTemplateBehavior [ RunTime:0.089695s ]
INFO: [ view_parse ] --END-- [ RunTime:0.089819s ]
INFO: [ view_filter ] --START--
INFO: Run Behavior\WriteHtmlCacheBehavior [ RunTime:0.001526s ]
INFO: [ view_filter ] --END-- [ RunTime:0.001682s ]
INFO: [ app_end ] --START--
INFO: Run Behavior\ShowPageTraceBehavior [ RunTime:0.001974s ]
INFO: [ app_end ] --END-- [ RunTime:0.002148s ]

[ 2018-03-22T19:35:58+08:00 ] 127.0.0.1 /Admin/Article/adverEdit.html
INFO: [ app_init ] --START--
INFO: Run Behavior\BuildLiteBehavior [ RunTime:0.000011s ]
INFO: [ app_init ] --END-- [ RunTime:0.003203s ]
INFO: [ app_begin ] --START--
INFO: Run Behavior\ReadHtmlCacheBehavior [ RunTime:0.000820s ]
INFO: [ app_begin ] --END-- [ RunTime:0.000910s ]
SQL: SHOW COLUMNS FROM `movesay_config` [ RunTime:0.0249s ]
SQL: SELECT * FROM `movesay_config` WHERE `id` = 1 LIMIT 1   [ RunTime:0.0023s ]
SQL: SHOW COLUMNS FROM `movesay_coin` [ RunTime:0.0151s ]
SQL: SELECT * FROM `movesay_coin` WHERE `status` = 1  [ RunTime:0.0005s ]
SQL: SHOW COLUMNS FROM `movesay_market` [ RunTime:0.0113s ]
SQL: SELECT * FROM `movesay_market` WHERE `status` = 1  [ RunTime:0.0004s ]
SQL: SHOW COLUMNS FROM `movesay_version` [ RunTime:0.0084s ]
SQL: SELECT `name` FROM `movesay_version` WHERE `status` = 0 ORDER BY name desc LIMIT 1   [ RunTime:0.0003s ]
SQL: SHOW COLUMNS FROM `movesay_menu` [ RunTime:0.0069s ]
SQL: SELECT * FROM `movesay_menu` WHERE `pid` = 0 AND `hide` = 0 AND `is_dev` = 0 ORDER BY sort asc  [ RunTime:0.0004s ]
SQL: SELECT `id` FROM `movesay_menu` WHERE ( url like 'Article/adverEdit%' ) LIMIT 1   [ RunTime:0.0003s ]
SQL: SHOW COLUMNS FROM `movesay_menu` [ RunTime:0.0074s ]
SQL: SELECT `id`,`pid`,`title` FROM `movesay_menu` WHERE ( id=335 ) LIMIT 1   [ RunTime:0.0002s ]
SQL: SELECT `id`,`pid`,`title` FROM `movesay_menu` WHERE ( id=279 ) LIMIT 1   [ RunTime:0.0002s ]
SQL: SELECT `id`,`pid`,`title` FROM `movesay_menu` WHERE ( id=2 ) LIMIT 1   [ RunTime:0.0002s ]
SQL: SELECT DISTINCT  `group` FROM `movesay_menu` WHERE ( pid = 2 )  [ RunTime:0.0005s ]
SQL: SELECT `id`,`url` FROM `movesay_menu` WHERE `pid` = 2 AND `hide` = 0 AND `is_dev` = 0  [ RunTime:0.0003s ]
SQL: SELECT `id`,`pid`,`title`,`url`,`tip`,`ico_name` FROM `movesay_menu` WHERE `group` = '内容' AND `pid` = 2 AND `hide` = 0 AND `is_dev` = 0 ORDER BY sort asc  [ RunTime:0.0004s ]
SQL: SELECT `id`,`pid`,`title`,`url`,`tip`,`ico_name` FROM `movesay_menu` WHERE `group` = '提示管理' AND `pid` = 2 AND `hide` = 0 AND `is_dev` = 0 ORDER BY sort asc  [ RunTime:0.0003s ]
SQL: SELECT `id`,`pid`,`title`,`url`,`tip`,`ico_name` FROM `movesay_menu` WHERE `group` = '内容管理' AND `pid` = 2 AND `hide` = 0 AND `is_dev` = 0 ORDER BY sort asc  [ RunTime:0.0003s ]
INFO: [ view_parse ] --START--
INFO: [ template_filter ] --START--
INFO: Run Behavior\ContentReplaceBehavior [ RunTime:0.000114s ]
INFO: [ template_filter ] --END-- [ RunTime:0.000215s ]
NOTIC: [8] Undefined index: class E:\data\a52jiaoyi\Runtime\Cache\Admin\bb769c6c0b3c197805eac7eabfc3e1b6.php 第 30 行.
NOTIC: [8] Undefined index: class E:\data\a52jiaoyi\Runtime\Cache\Admin\bb769c6c0b3c197805eac7eabfc3e1b6.php 第 30 行.
NOTIC: [8] Undefined index: class E:\data\a52jiaoyi\Runtime\Cache\Admin\bb769c6c0b3c197805eac7eabfc3e1b6.php 第 30 行.
NOTIC: [8] Undefined index: class E:\data\a52jiaoyi\Runtime\Cache\Admin\bb769c6c0b3c197805eac7eabfc3e1b6.php 第 30 行.
NOTIC: [8] Undefined index: class E:\data\a52jiaoyi\Runtime\Cache\Admin\bb769c6c0b3c197805eac7eabfc3e1b6.php 第 30 行.
NOTIC: [8] Undefined index: class E:\data\a52jiaoyi\Runtime\Cache\Admin\bb769c6c0b3c197805eac7eabfc3e1b6.php 第 30 行.
NOTIC: [8] Undefined index: class E:\data\a52jiaoyi\Runtime\Cache\Admin\bb769c6c0b3c197805eac7eabfc3e1b6.php 第 30 行.
NOTIC: [8] Undefined index: class E:\data\a52jiaoyi\Runtime\Cache\Admin\bb769c6c0b3c197805eac7eabfc3e1b6.php 第 30 行.
NOTIC: [8] Undefined index: class E:\data\a52jiaoyi\Runtime\Cache\Admin\bb769c6c0b3c197805eac7eabfc3e1b6.php 第 30 行.
NOTIC: [8] Undefined variable: versionUp E:\data\a52jiaoyi\Runtime\Cache\Admin\bb769c6c0b3c197805eac7eabfc3e1b6.php 第 97 行.
INFO: Run Behavior\ParseTemplateBehavior [ RunTime:0.015106s ]
INFO: [ view_parse ] --END-- [ RunTime:0.015206s ]
INFO: [ view_filter ] --START--
INFO: Run Behavior\WriteHtmlCacheBehavior [ RunTime:0.000628s ]
INFO: [ view_filter ] --END-- [ RunTime:0.000724s ]
INFO: [ app_end ] --START--
INFO: Run Behavior\ShowPageTraceBehavior [ RunTime:0.000967s ]
INFO: [ app_end ] --END-- [ RunTime:0.001050s ]

