[ 2018-03-20T11:54:03+08:00 ] 127.0.0.1 /admin/login?movesay=lanbing
INFO: [ app_init ] --START--
INFO: Run Behavior\BuildLiteBehavior [ RunTime:0.000120s ]
INFO: [ app_init ] --END-- [ RunTime:0.003526s ]
INFO: [ app_begin ] --START--
INFO: Run Behavior\ReadHtmlCacheBehavior [ RunTime:0.001166s ]
INFO: [ app_begin ] --END-- [ RunTime:0.001399s ]
INFO: [ view_parse ] --START--
INFO: [ template_filter ] --START--
INFO: Run Behavior\ContentReplaceBehavior [ RunTime:0.000064s ]
INFO: [ template_filter ] --END-- [ RunTime:0.000165s ]
INFO: Run Behavior\ParseTemplateBehavior [ RunTime:0.006418s ]
INFO: [ view_parse ] --END-- [ RunTime:0.006531s ]
INFO: [ view_filter ] --START--
INFO: Run Behavior\WriteHtmlCacheBehavior [ RunTime:0.000517s ]
INFO: [ view_filter ] --END-- [ RunTime:0.000590s ]
INFO: [ app_end ] --START--
INFO: Run Behavior\ShowPageTraceBehavior [ RunTime:0.000666s ]
INFO: [ app_end ] --END-- [ RunTime:0.000746s ]

[ 2018-03-20T11:54:03+08:00 ] 127.0.0.1 /Admin/Verify/code.html
INFO: [ app_init ] --START--
INFO: Run Behavior\BuildLiteBehavior [ RunTime:0.000013s ]
INFO: [ app_init ] --END-- [ RunTime:0.003376s ]
INFO: [ app_begin ] --START--
INFO: Run Behavior\ReadHtmlCacheBehavior [ RunTime:0.001101s ]
INFO: [ app_begin ] --END-- [ RunTime:0.001368s ]
INFO: [ app_end ] --START--
INFO: Run Behavior\ShowPageTraceBehavior [ RunTime:0.000752s ]
INFO: [ app_end ] --END-- [ RunTime:0.000913s ]

[ 2018-03-20T11:54:17+08:00 ] 127.0.0.1 /Admin/Login/index.html
INFO: [ app_init ] --START--
INFO: Run Behavior\BuildLiteBehavior [ RunTime:0.000014s ]
INFO: [ app_init ] --END-- [ RunTime:0.004352s ]
INFO: [ app_begin ] --START--
INFO: Run Behavior\ReadHtmlCacheBehavior [ RunTime:0.000915s ]
INFO: [ app_begin ] --END-- [ RunTime:0.001111s ]
SQL: SHOW COLUMNS FROM `movesay_admin` [ RunTime:0.0175s ]
SQL: SELECT * FROM `movesay_admin` WHERE `username` = 'admin' LIMIT 1   [ RunTime:0.0003s ]

[ 2018-03-20T11:54:22+08:00 ] 127.0.0.1 /Admin/Index/index.html
INFO: [ app_init ] --START--
INFO: Run Behavior\BuildLiteBehavior [ RunTime:0.000015s ]
INFO: [ app_init ] --END-- [ RunTime:0.004773s ]
INFO: [ app_begin ] --START--
INFO: Run Behavior\ReadHtmlCacheBehavior [ RunTime:0.000967s ]
INFO: [ app_begin ] --END-- [ RunTime:0.001189s ]
SQL: SHOW COLUMNS FROM `movesay_config` [ RunTime:0.0066s ]
SQL: SELECT * FROM `movesay_config` WHERE `id` = 1 LIMIT 1   [ RunTime:0.0008s ]
SQL: SHOW COLUMNS FROM `movesay_coin` [ RunTime:0.0054s ]
SQL: SELECT * FROM `movesay_coin` WHERE `status` = 1  [ RunTime:0.0004s ]
SQL: SHOW COLUMNS FROM `movesay_market` [ RunTime:0.0069s ]
SQL: SELECT * FROM `movesay_market` WHERE `status` = 1  [ RunTime:0.0006s ]
SQL: SHOW COLUMNS FROM `movesay_version` [ RunTime:0.0192s ]
SQL: SELECT `name` FROM `movesay_version` WHERE `status` = 0 ORDER BY name desc LIMIT 1   [ RunTime:0.0067s ]
SQL: SHOW COLUMNS FROM `movesay_menu` [ RunTime:0.0169s ]
SQL: SELECT * FROM `movesay_menu` WHERE `pid` = 0 AND `hide` = 0 AND `is_dev` = 0 ORDER BY sort asc  [ RunTime:0.0121s ]
SQL: SELECT `id` FROM `movesay_menu` WHERE ( url like 'Index/index%' ) LIMIT 1   [ RunTime:0.0070s ]
SQL: SHOW COLUMNS FROM `movesay_menu` [ RunTime:0.0052s ]
SQL: SELECT `id`,`pid`,`title` FROM `movesay_menu` WHERE ( id=1 ) LIMIT 1   [ RunTime:0.0002s ]
SQL: SELECT DISTINCT  `group` FROM `movesay_menu` WHERE ( pid = 1 )  [ RunTime:0.0200s ]
SQL: SELECT `id`,`url` FROM `movesay_menu` WHERE `pid` = 1 AND `hide` = 0 AND `is_dev` = 0  [ RunTime:0.0003s ]
SQL: SELECT `id`,`pid`,`title`,`url`,`tip`,`ico_name` FROM `movesay_menu` WHERE `group` = '系统' AND `pid` = 1 AND `hide` = 0 AND `is_dev` = 0 ORDER BY sort asc  [ RunTime:0.0003s ]
SQL: SHOW COLUMNS FROM `movesay_user` [ RunTime:0.0080s ]
SQL: SELECT COUNT(*) AS tp_count FROM `movesay_user` LIMIT 1   [ RunTime:0.0002s ]
SQL: SHOW COLUMNS FROM `movesay_user_coin` [ RunTime:0.0082s ]
SQL: SELECT SUM(cny) AS tp_sum FROM `movesay_user_coin` LIMIT 1   [ RunTime:0.0408s ]
SQL: SELECT SUM(cnyd) AS tp_sum FROM `movesay_user_coin` LIMIT 1   [ RunTime:0.0004s ]
SQL: SHOW COLUMNS FROM `movesay_trade_log` [ RunTime:0.0202s ]
SQL: SELECT SUM(mum) AS tp_sum FROM `movesay_trade_log` LIMIT 1   [ RunTime:0.0006s ]
SQL: SHOW COLUMNS FROM `movesay_article` [ RunTime:0.0103s ]
SQL: SELECT COUNT(*) AS tp_count FROM `movesay_article` LIMIT 1   [ RunTime:0.0003s ]
SQL: SHOW COLUMNS FROM `movesay_mycz` [ RunTime:0.0191s ]
SQL: SELECT SUM(num) AS tp_sum FROM `movesay_mycz` WHERE `status` <> 0 AND ( `addtime` > 1518969600 AND `addtime` < 1519056000  ) LIMIT 1   [ RunTime:0.0004s ]
SQL: SHOW COLUMNS FROM `movesay_mytx` [ RunTime:0.0131s ]
SQL: SELECT SUM(num) AS tp_sum FROM `movesay_mytx` WHERE `status` = 1 AND ( `addtime` > 1518969600 AND `addtime` < 1519056000  ) LIMIT 1   [ RunTime:0.0002s ]
SQL: SELECT SUM(num) AS tp_sum FROM `movesay_mycz` WHERE `status` <> 0 AND ( `addtime` > 1519056000 AND `addtime` < 1519142400  ) LIMIT 1   [ RunTime:0.0002s ]
SQL: SELECT SUM(num) AS tp_sum FROM `movesay_mytx` WHERE `status` = 1 AND ( `addtime` > 1519056000 AND `addtime` < 1519142400  ) LIMIT 1   [ RunTime:0.0002s ]
SQL: SELECT SUM(num) AS tp_sum FROM `movesay_mycz` WHERE `status` <> 0 AND ( `addtime` > 1519142400 AND `addtime` < 1519228800  ) LIMIT 1   [ RunTime:0.0002s ]
SQL: SELECT SUM(num) AS tp_sum FROM `movesay_mytx` WHERE `status` = 1 AND ( `addtime` > 1519142400 AND `addtime` < 1519228800  ) LIMIT 1   [ RunTime:0.0002s ]
SQL: SELECT SUM(num) AS tp_sum FROM `movesay_mycz` WHERE `status` <> 0 AND ( `addtime` > 1519228800 AND `addtime` < 1519315200  ) LIMIT 1   [ RunTime:0.0002s ]
SQL: SELECT SUM(num) AS tp_sum FROM `movesay_mytx` WHERE `status` = 1 AND ( `addtime` > 1519228800 AND `addtime` < 1519315200  ) LIMIT 1   [ RunTime:0.0002s ]
SQL: SELECT SUM(num) AS tp_sum FROM `movesay_mycz` WHERE `status` <> 0 AND ( `addtime` > 1519315200 AND `addtime` < 1519401600  ) LIMIT 1   [ RunTime:0.0001s ]
SQL: SELECT SUM(num) AS tp_sum FROM `movesay_mytx` WHERE `status` = 1 AND ( `addtime` > 1519315200 AND `addtime` < 1519401600  ) LIMIT 1   [ RunTime:0.0001s ]
SQL: SELECT SUM(num) AS tp_sum FROM `movesay_mycz` WHERE `status` <> 0 AND ( `addtime` > 1519401600 AND `addtime` < 1519488000  ) LIMIT 1   [ RunTime:0.0001s ]
SQL: SELECT SUM(num) AS tp_sum FROM `movesay_mytx` WHERE `status` = 1 AND ( `addtime` > 1519401600 AND `addtime` < 1519488000  ) LIMIT 1   [ RunTime:0.0001s ]
SQL: SELECT SUM(num) AS tp_sum FROM `movesay_mycz` WHERE `status` <> 0 AND ( `addtime` > 1519488000 AND `addtime` < 1519574400  ) LIMIT 1   [ RunTime:0.0001s ]
SQL: SELECT SUM(num) AS tp_sum FROM `movesay_mytx` WHERE `status` = 1 AND ( `addtime` > 1519488000 AND `addtime` < 1519574400  ) LIMIT 1   [ RunTime:0.0001s ]
SQL: SELECT SUM(num) AS tp_sum FROM `movesay_mycz` WHERE `status` <> 0 AND ( `addtime` > 1519574400 AND `addtime` < 1519660800  ) LIMIT 1   [ RunTime:0.0001s ]
SQL: SELECT SUM(num) AS tp_sum FROM `movesay_mytx` WHERE `status` = 1 AND ( `addtime` > 1519574400 AND `addtime` < 1519660800  ) LIMIT 1   [ RunTime:0.0001s ]
SQL: SELECT SUM(num) AS tp_sum FROM `movesay_mycz` WHERE `status` <> 0 AND ( `addtime` > 1519660800 AND `addtime` < 1519747200  ) LIMIT 1   [ RunTime:0.0001s ]
SQL: SELECT SUM(num) AS tp_sum FROM `movesay_mytx` WHERE `status` = 1 AND ( `addtime` > 1519660800 AND `addtime` < 1519747200  ) LIMIT 1   [ RunTime:0.0001s ]
SQL: SELECT SUM(num) AS tp_sum FROM `movesay_mycz` WHERE `status` <> 0 AND ( `addtime` > 1519747200 AND `addtime` < 1519833600  ) LIMIT 1   [ RunTime:0.0001s ]
SQL: SELECT SUM(num) AS tp_sum FROM `movesay_mytx` WHERE `status` = 1 AND ( `addtime` > 1519747200 AND `addtime` < 1519833600  ) LIMIT 1   [ RunTime:0.0001s ]
SQL: SELECT SUM(num) AS tp_sum FROM `movesay_mycz` WHERE `status` <> 0 AND ( `addtime` > 1519833600 AND `addtime` < 1519920000  ) LIMIT 1   [ RunTime:0.0001s ]
SQL: SELECT SUM(num) AS tp_sum FROM `movesay_mytx` WHERE `status` = 1 AND ( `addtime` > 1519833600 AND `addtime` < 1519920000  ) LIMIT 1   [ RunTime:0.0001s ]
SQL: SELECT SUM(num) AS tp_sum FROM `movesay_mycz` WHERE `status` <> 0 AND ( `addtime` > 1519920000 AND `addtime` < 1520006400  ) LIMIT 1   [ RunTime:0.0001s ]
SQL: SELECT SUM(num) AS tp_sum FROM `movesay_mytx` WHERE `status` = 1 AND ( `addtime` > 1519920000 AND `addtime` < 1520006400  ) LIMIT 1   [ RunTime:0.0001s ]
SQL: SELECT SUM(num) AS tp_sum FROM `movesay_mycz` WHERE `status` <> 0 AND ( `addtime` > 1520006400 AND `addtime` < 1520092800  ) LIMIT 1   [ RunTime:0.0001s ]
SQL: SELECT SUM(num) AS tp_sum FROM `movesay_mytx` WHERE `status` = 1 AND ( `addtime` > 1520006400 AND `addtime` < 1520092800  ) LIMIT 1   [ RunTime:0.0001s ]
SQL: SELECT SUM(num) AS tp_sum FROM `movesay_mycz` WHERE `status` <> 0 AND ( `addtime` > 1520092800 AND `addtime` < 1520179200  ) LIMIT 1   [ RunTime:0.0001s ]
SQL: SELECT SUM(num) AS tp_sum FROM `movesay_mytx` WHERE `status` = 1 AND ( `addtime` > 1520092800 AND `addtime` < 1520179200  ) LIMIT 1   [ RunTime:0.0001s ]
SQL: SELECT SUM(num) AS tp_sum FROM `movesay_mycz` WHERE `status` <> 0 AND ( `addtime` > 1520179200 AND `addtime` < 1520265600  ) LIMIT 1   [ RunTime:0.0001s ]
SQL: SELECT SUM(num) AS tp_sum FROM `movesay_mytx` WHERE `status` = 1 AND ( `addtime` > 1520179200 AND `addtime` < 1520265600  ) LIMIT 1   [ RunTime:0.0001s ]
SQL: SELECT SUM(num) AS tp_sum FROM `movesay_mycz` WHERE `status` <> 0 AND ( `addtime` > 1520265600 AND `addtime` < 1520352000  ) LIMIT 1   [ RunTime:0.0001s ]
SQL: SELECT SUM(num) AS tp_sum FROM `movesay_mytx` WHERE `status` = 1 AND ( `addtime` > 1520265600 AND `addtime` < 1520352000  ) LIMIT 1   [ RunTime:0.0001s ]
SQL: SELECT SUM(num) AS tp_sum FROM `movesay_mycz` WHERE `status` <> 0 AND ( `addtime` > 1520352000 AND `addtime` < 1520438400  ) LIMIT 1   [ RunTime:0.0001s ]
SQL: SELECT SUM(num) AS tp_sum FROM `movesay_mytx` WHERE `status` = 1 AND ( `addtime` > 1520352000 AND `addtime` < 1520438400  ) LIMIT 1   [ RunTime:0.0001s ]
SQL: SELECT SUM(num) AS tp_sum FROM `movesay_mycz` WHERE `status` <> 0 AND ( `addtime` > 1520438400 AND `addtime` < 1520524800  ) LIMIT 1   [ RunTime:0.0002s ]
SQL: SELECT SUM(num) AS tp_sum FROM `movesay_mytx` WHERE `status` = 1 AND ( `addtime` > 1520438400 AND `addtime` < 1520524800  ) LIMIT 1   [ RunTime:0.0001s ]
SQL: SELECT SUM(num) AS tp_sum FROM `movesay_mycz` WHERE `status` <> 0 AND ( `addtime` > 1520524800 AND `addtime` < 1520611200  ) LIMIT 1   [ RunTime:0.0001s ]
SQL: SELECT SUM(num) AS tp_sum FROM `movesay_mytx` WHERE `status` = 1 AND ( `addtime` > 1520524800 AND `addtime` < 1520611200  ) LIMIT 1   [ RunTime:0.0001s ]
SQL: SELECT SUM(num) AS tp_sum FROM `movesay_mycz` WHERE `status` <> 0 AND ( `addtime` > 1520611200 AND `addtime` < 1520697600  ) LIMIT 1   [ RunTime:0.0002s ]
SQL: SELECT SUM(num) AS tp_sum FROM `movesay_mytx` WHERE `status` = 1 AND ( `addtime` > 1520611200 AND `addtime` < 1520697600  ) LIMIT 1   [ RunTime:0.0001s ]
SQL: SELECT SUM(num) AS tp_sum FROM `movesay_mycz` WHERE `status` <> 0 AND ( `addtime` > 1520697600 AND `addtime` < 1520784000  ) LIMIT 1   [ RunTime:0.0001s ]
SQL: SELECT SUM(num) AS tp_sum FROM `movesay_mytx` WHERE `status` = 1 AND ( `addtime` > 1520697600 AND `addtime` < 1520784000  ) LIMIT 1   [ RunTime:0.0002s ]
SQL: SELECT SUM(num) AS tp_sum FROM `movesay_mycz` WHERE `status` <> 0 AND ( `addtime` > 1520784000 AND `addtime` < 1520870400  ) LIMIT 1   [ RunTime:0.0002s ]
SQL: SELECT SUM(num) AS tp_sum FROM `movesay_mytx` WHERE `status` = 1 AND ( `addtime` > 1520784000 AND `addtime` < 1520870400  ) LIMIT 1   [ RunTime:0.0002s ]
SQL: SELECT SUM(num) AS tp_sum FROM `movesay_mycz` WHERE `status` <> 0 AND ( `addtime` > 1520870400 AND `addtime` < 1520956800  ) LIMIT 1   [ RunTime:0.0002s ]
SQL: SELECT SUM(num) AS tp_sum FROM `movesay_mytx` WHERE `status` = 1 AND ( `addtime` > 1520870400 AND `addtime` < 1520956800  ) LIMIT 1   [ RunTime:0.0003s ]
SQL: SELECT SUM(num) AS tp_sum FROM `movesay_mycz` WHERE `status` <> 0 AND ( `addtime` > 1520956800 AND `addtime` < 1521043200  ) LIMIT 1   [ RunTime:0.0003s ]
SQL: SELECT SUM(num) AS tp_sum FROM `movesay_mytx` WHERE `status` = 1 AND ( `addtime` > 1520956800 AND `addtime` < 1521043200  ) LIMIT 1   [ RunTime:0.0002s ]
SQL: SELECT SUM(num) AS tp_sum FROM `movesay_mycz` WHERE `status` <> 0 AND ( `addtime` > 1521043200 AND `addtime` < 1521129600  ) LIMIT 1   [ RunTime:0.0002s ]
SQL: SELECT SUM(num) AS tp_sum FROM `movesay_mytx` WHERE `status` = 1 AND ( `addtime` > 1521043200 AND `addtime` < 1521129600  ) LIMIT 1   [ RunTime:0.0002s ]
SQL: SELECT SUM(num) AS tp_sum FROM `movesay_mycz` WHERE `status` <> 0 AND ( `addtime` > 1521129600 AND `addtime` < 1521216000  ) LIMIT 1   [ RunTime:0.0002s ]
SQL: SELECT SUM(num) AS tp_sum FROM `movesay_mytx` WHERE `status` = 1 AND ( `addtime` > 1521129600 AND `addtime` < 1521216000  ) LIMIT 1   [ RunTime:0.0001s ]
SQL: SELECT SUM(num) AS tp_sum FROM `movesay_mycz` WHERE `status` <> 0 AND ( `addtime` > 1521216000 AND `addtime` < 1521302400  ) LIMIT 1   [ RunTime:0.0002s ]
SQL: SELECT SUM(num) AS tp_sum FROM `movesay_mytx` WHERE `status` = 1 AND ( `addtime` > 1521216000 AND `addtime` < 1521302400  ) LIMIT 1   [ RunTime:0.0002s ]
SQL: SELECT SUM(num) AS tp_sum FROM `movesay_mycz` WHERE `status` <> 0 AND ( `addtime` > 1521302400 AND `addtime` < 1521388800  ) LIMIT 1   [ RunTime:0.0002s ]
SQL: SELECT SUM(num) AS tp_sum FROM `movesay_mytx` WHERE `status` = 1 AND ( `addtime` > 1521302400 AND `addtime` < 1521388800  ) LIMIT 1   [ RunTime:0.0002s ]
SQL: SELECT SUM(num) AS tp_sum FROM `movesay_mycz` WHERE `status` <> 0 AND ( `addtime` > 1521388800 AND `addtime` < 1521475200  ) LIMIT 1   [ RunTime:0.0002s ]
SQL: SELECT SUM(num) AS tp_sum FROM `movesay_mytx` WHERE `status` = 1 AND ( `addtime` > 1521388800 AND `addtime` < 1521475200  ) LIMIT 1   [ RunTime:0.0002s ]
SQL: SELECT SUM(num) AS tp_sum FROM `movesay_mycz` WHERE `status` <> 0 AND ( `addtime` > 1521475200 AND `addtime` < 1521561600  ) LIMIT 1   [ RunTime:0.0002s ]
SQL: SELECT SUM(num) AS tp_sum FROM `movesay_mytx` WHERE `status` = 1 AND ( `addtime` > 1521475200 AND `addtime` < 1521561600  ) LIMIT 1   [ RunTime:0.0002s ]
SQL: SELECT COUNT(*) AS tp_count FROM `movesay_user` WHERE ( `addtime` > 1518926058 AND `addtime` < 1519012458  ) LIMIT 1   [ RunTime:0.0007s ]
SQL: SELECT COUNT(*) AS tp_count FROM `movesay_user` WHERE ( `addtime` > 1519012458 AND `addtime` < 1519098858  ) LIMIT 1   [ RunTime:0.0004s ]
SQL: SELECT COUNT(*) AS tp_count FROM `movesay_user` WHERE ( `addtime` > 1519098858 AND `addtime` < 1519185258  ) LIMIT 1   [ RunTime:0.0005s ]
SQL: SELECT COUNT(*) AS tp_count FROM `movesay_user` WHERE ( `addtime` > 1519185258 AND `addtime` < 1519271658  ) LIMIT 1   [ RunTime:0.0005s ]
SQL: SELECT COUNT(*) AS tp_count FROM `movesay_user` WHERE ( `addtime` > 1519271658 AND `addtime` < 1519358058  ) LIMIT 1   [ RunTime:0.0005s ]
SQL: SELECT COUNT(*) AS tp_count FROM `movesay_user` WHERE ( `addtime` > 1519358058 AND `addtime` < 1519444458  ) LIMIT 1   [ RunTime:0.0005s ]
SQL: SELECT COUNT(*) AS tp_count FROM `movesay_user` WHERE ( `addtime` > 1519444458 AND `addtime` < 1519530858  ) LIMIT 1   [ RunTime:0.0004s ]
SQL: SELECT COUNT(*) AS tp_count FROM `movesay_user` WHERE ( `addtime` > 1519530858 AND `addtime` < 1519617258  ) LIMIT 1   [ RunTime:0.0004s ]
SQL: SELECT COUNT(*) AS tp_count FROM `movesay_user` WHERE ( `addtime` > 1519617258 AND `addtime` < 1519703658  ) LIMIT 1   [ RunTime:0.0006s ]
SQL: SELECT COUNT(*) AS tp_count FROM `movesay_user` WHERE ( `addtime` > 1519703658 AND `addtime` < 1519790058  ) LIMIT 1   [ RunTime:0.0005s ]
SQL: SELECT COUNT(*) AS tp_count FROM `movesay_user` WHERE ( `addtime` > 1519790058 AND `addtime` < 1519876458  ) LIMIT 1   [ RunTime:0.0004s ]
SQL: SELECT COUNT(*) AS tp_count FROM `movesay_user` WHERE ( `addtime` > 1519876458 AND `addtime` < 1519962858  ) LIMIT 1   [ RunTime:0.0004s ]
SQL: SELECT COUNT(*) AS tp_count FROM `movesay_user` WHERE ( `addtime` > 1519962858 AND `addtime` < 1520049258  ) LIMIT 1   [ RunTime:0.0003s ]
SQL: SELECT COUNT(*) AS tp_count FROM `movesay_user` WHERE ( `addtime` > 1520049258 AND `addtime` < 1520135658  ) LIMIT 1   [ RunTime:0.0003s ]
SQL: SELECT COUNT(*) AS tp_count FROM `movesay_user` WHERE ( `addtime` > 1520135658 AND `addtime` < 1520222058  ) LIMIT 1   [ RunTime:0.0004s ]
SQL: SELECT COUNT(*) AS tp_count FROM `movesay_user` WHERE ( `addtime` > 1520222058 AND `addtime` < 1520308458  ) LIMIT 1   [ RunTime:0.0004s ]
SQL: SELECT COUNT(*) AS tp_count FROM `movesay_user` WHERE ( `addtime` > 1520308458 AND `addtime` < 1520394858  ) LIMIT 1   [ RunTime:0.0004s ]
SQL: SELECT COUNT(*) AS tp_count FROM `movesay_user` WHERE ( `addtime` > 1520394858 AND `addtime` < 1520481258  ) LIMIT 1   [ RunTime:0.0003s ]
SQL: SELECT COUNT(*) AS tp_count FROM `movesay_user` WHERE ( `addtime` > 1520481258 AND `addtime` < 1520567658  ) LIMIT 1   [ RunTime:0.0003s ]
SQL: SELECT COUNT(*) AS tp_count FROM `movesay_user` WHERE ( `addtime` > 1520567658 AND `addtime` < 1520654058  ) LIMIT 1   [ RunTime:0.0004s ]
SQL: SELECT COUNT(*) AS tp_count FROM `movesay_user` WHERE ( `addtime` > 1520654058 AND `addtime` < 1520740458  ) LIMIT 1   [ RunTime:0.0003s ]
SQL: SELECT COUNT(*) AS tp_count FROM `movesay_user` WHERE ( `addtime` > 1520740458 AND `addtime` < 1520826858  ) LIMIT 1   [ RunTime:0.0003s ]
SQL: SELECT COUNT(*) AS tp_count FROM `movesay_user` WHERE ( `addtime` > 1520826858 AND `addtime` < 1520913258  ) LIMIT 1   [ RunTime:0.0003s ]
SQL: SELECT COUNT(*) AS tp_count FROM `movesay_user` WHERE ( `addtime` > 1520913258 AND `addtime` < 1520999658  ) LIMIT 1   [ RunTime:0.0003s ]
SQL: SELECT COUNT(*) AS tp_count FROM `movesay_user` WHERE ( `addtime` > 1520999658 AND `addtime` < 1521086058  ) LIMIT 1   [ RunTime:0.0003s ]
SQL: SELECT COUNT(*) AS tp_count FROM `movesay_user` WHERE ( `addtime` > 1521086058 AND `addtime` < 1521172458  ) LIMIT 1   [ RunTime:0.0003s ]
SQL: SELECT COUNT(*) AS tp_count FROM `movesay_user` WHERE ( `addtime` > 1521172458 AND `addtime` < 1521258858  ) LIMIT 1   [ RunTime:0.0003s ]
SQL: SELECT COUNT(*) AS tp_count FROM `movesay_user` WHERE ( `addtime` > 1521258858 AND `addtime` < 1521345258  ) LIMIT 1   [ RunTime:0.0003s ]
SQL: SELECT COUNT(*) AS tp_count FROM `movesay_user` WHERE ( `addtime` > 1521345258 AND `addtime` < 1521431658  ) LIMIT 1   [ RunTime:0.0003s ]
SQL: SELECT COUNT(*) AS tp_count FROM `movesay_user` WHERE ( `addtime` > 1521431658 AND `addtime` < 1521518058  ) LIMIT 1   [ RunTime:0.0003s ]
SQL: SELECT COUNT(*) AS tp_count FROM `movesay_user` WHERE ( `addtime` > 1521518058 AND `addtime` < 1521604458  ) LIMIT 1   [ RunTime:0.0003s ]
SQL: SELECT COUNT(*) AS tp_count FROM `movesay_user` WHERE ( `addtime` > 1521604458 AND `addtime` < 1521690858  ) LIMIT 1   [ RunTime:0.0003s ]
SQL: SELECT COUNT(*) AS tp_count FROM `movesay_user` WHERE ( `addtime` > 1521690858 AND `addtime` < 1521777258  ) LIMIT 1   [ RunTime:0.0003s ]
SQL: SELECT COUNT(*) AS tp_count FROM `movesay_user` WHERE ( `addtime` > 1521777258 AND `addtime` < 1521863658  ) LIMIT 1   [ RunTime:0.0003s ]
SQL: SELECT COUNT(*) AS tp_count FROM `movesay_user` WHERE ( `addtime` > 1521863658 AND `addtime` < 1521950058  ) LIMIT 1   [ RunTime:0.0003s ]
SQL: SELECT COUNT(*) AS tp_count FROM `movesay_user` WHERE ( `addtime` > 1521950058 AND `addtime` < 1522036458  ) LIMIT 1   [ RunTime:0.0003s ]
SQL: SELECT COUNT(*) AS tp_count FROM `movesay_user` WHERE ( `addtime` > 1522036458 AND `addtime` < 1522122858  ) LIMIT 1   [ RunTime:0.0003s ]
SQL: SELECT COUNT(*) AS tp_count FROM `movesay_user` WHERE ( `addtime` > 1522122858 AND `addtime` < 1522209258  ) LIMIT 1   [ RunTime:0.0003s ]
SQL: SELECT COUNT(*) AS tp_count FROM `movesay_user` WHERE ( `addtime` > 1522209258 AND `addtime` < 1522295658  ) LIMIT 1   [ RunTime:0.0003s ]
SQL: SELECT COUNT(*) AS tp_count FROM `movesay_user` WHERE ( `addtime` > 1522295658 AND `addtime` < 1522382058  ) LIMIT 1   [ RunTime:0.0003s ]
SQL: SELECT COUNT(*) AS tp_count FROM `movesay_user` WHERE ( `addtime` > 1522382058 AND `addtime` < 1522468458  ) LIMIT 1   [ RunTime:0.0003s ]
SQL: SELECT COUNT(*) AS tp_count FROM `movesay_user` WHERE ( `addtime` > 1522468458 AND `addtime` < 1522554858  ) LIMIT 1   [ RunTime:0.0003s ]
SQL: SELECT COUNT(*) AS tp_count FROM `movesay_user` WHERE ( `addtime` > 1522554858 AND `addtime` < 1522641258  ) LIMIT 1   [ RunTime:0.0003s ]
SQL: SELECT COUNT(*) AS tp_count FROM `movesay_user` WHERE ( `addtime` > 1522641258 AND `addtime` < 1522727658  ) LIMIT 1   [ RunTime:0.0003s ]
SQL: SELECT COUNT(*) AS tp_count FROM `movesay_user` WHERE ( `addtime` > 1522727658 AND `addtime` < 1522814058  ) LIMIT 1   [ RunTime:0.0003s ]
SQL: SELECT COUNT(*) AS tp_count FROM `movesay_user` WHERE ( `addtime` > 1522814058 AND `addtime` < 1522900458  ) LIMIT 1   [ RunTime:0.0003s ]
SQL: SELECT COUNT(*) AS tp_count FROM `movesay_user` WHERE ( `addtime` > 1522900458 AND `addtime` < 1522986858  ) LIMIT 1   [ RunTime:0.0003s ]
SQL: SELECT COUNT(*) AS tp_count FROM `movesay_user` WHERE ( `addtime` > 1522986858 AND `addtime` < 1523073258  ) LIMIT 1   [ RunTime:0.0003s ]
SQL: SELECT COUNT(*) AS tp_count FROM `movesay_user` WHERE ( `addtime` > 1523073258 AND `addtime` < 1523159658  ) LIMIT 1   [ RunTime:0.0003s ]
SQL: SELECT COUNT(*) AS tp_count FROM `movesay_user` WHERE ( `addtime` > 1523159658 AND `addtime` < 1523246058  ) LIMIT 1   [ RunTime:0.0003s ]
SQL: SELECT COUNT(*) AS tp_count FROM `movesay_user` WHERE ( `addtime` > 1523246058 AND `addtime` < 1523332458  ) LIMIT 1   [ RunTime:0.0003s ]
SQL: SELECT COUNT(*) AS tp_count FROM `movesay_user` WHERE ( `addtime` > 1523332458 AND `addtime` < 1523418858  ) LIMIT 1   [ RunTime:0.0005s ]
SQL: SELECT COUNT(*) AS tp_count FROM `movesay_user` WHERE ( `addtime` > 1523418858 AND `addtime` < 1523505258  ) LIMIT 1   [ RunTime:0.0004s ]
SQL: SELECT COUNT(*) AS tp_count FROM `movesay_user` WHERE ( `addtime` > 1523505258 AND `addtime` < 1523591658  ) LIMIT 1   [ RunTime:0.0005s ]
SQL: SELECT COUNT(*) AS tp_count FROM `movesay_user` WHERE ( `addtime` > 1523591658 AND `addtime` < 1523678058  ) LIMIT 1   [ RunTime:0.0005s ]
SQL: SELECT COUNT(*) AS tp_count FROM `movesay_user` WHERE ( `addtime` > 1523678058 AND `addtime` < 1523764458  ) LIMIT 1   [ RunTime:0.0004s ]
SQL: SELECT COUNT(*) AS tp_count FROM `movesay_user` WHERE ( `addtime` > 1523764458 AND `addtime` < 1523850858  ) LIMIT 1   [ RunTime:0.0004s ]
SQL: SELECT COUNT(*) AS tp_count FROM `movesay_user` WHERE ( `addtime` > 1523850858 AND `addtime` < 1523937258  ) LIMIT 1   [ RunTime:0.0004s ]
SQL: SELECT COUNT(*) AS tp_count FROM `movesay_user` WHERE ( `addtime` > 1523937258 AND `addtime` < 1524023658  ) LIMIT 1   [ RunTime:0.0004s ]
SQL: SELECT COUNT(*) AS tp_count FROM `movesay_user` WHERE ( `addtime` > 1524023658 AND `addtime` < 1524110058  ) LIMIT 1   [ RunTime:0.0005s ]
NOTIC: [8] Undefined index: cztx E:\data\a52jiaoyi\Application\Admin\Controller\IndexController.class.php 第 70 行.
NOTIC: [8] Undefined variable: authUrl E:\data\a52jiaoyi\Application\Admin\Controller\IndexController.class.php 第 82 行.
INFO: [ view_parse ] --START--
INFO: [ template_filter ] --START--
INFO: Run Behavior\ContentReplaceBehavior [ RunTime:0.000177s ]
INFO: [ template_filter ] --END-- [ RunTime:0.000374s ]
NOTIC: [8] Undefined index: class E:\data\a52jiaoyi\Runtime\Cache\Admin\b595b808c2ebeeeb0478ffc30bb4e87a.php 第 30 行.
NOTIC: [8] Undefined index: class E:\data\a52jiaoyi\Runtime\Cache\Admin\b595b808c2ebeeeb0478ffc30bb4e87a.php 第 30 行.
NOTIC: [8] Undefined index: class E:\data\a52jiaoyi\Runtime\Cache\Admin\b595b808c2ebeeeb0478ffc30bb4e87a.php 第 30 行.
NOTIC: [8] Undefined index: class E:\data\a52jiaoyi\Runtime\Cache\Admin\b595b808c2ebeeeb0478ffc30bb4e87a.php 第 30 行.
NOTIC: [8] Undefined index: class E:\data\a52jiaoyi\Runtime\Cache\Admin\b595b808c2ebeeeb0478ffc30bb4e87a.php 第 30 行.
NOTIC: [8] Undefined index: class E:\data\a52jiaoyi\Runtime\Cache\Admin\b595b808c2ebeeeb0478ffc30bb4e87a.php 第 30 行.
NOTIC: [8] Undefined index: class E:\data\a52jiaoyi\Runtime\Cache\Admin\b595b808c2ebeeeb0478ffc30bb4e87a.php 第 30 行.
NOTIC: [8] Undefined index: class E:\data\a52jiaoyi\Runtime\Cache\Admin\b595b808c2ebeeeb0478ffc30bb4e87a.php 第 30 行.
NOTIC: [8] Undefined index: class E:\data\a52jiaoyi\Runtime\Cache\Admin\b595b808c2ebeeeb0478ffc30bb4e87a.php 第 30 行.
NOTIC: [8] Undefined variable: versionUp E:\data\a52jiaoyi\Runtime\Cache\Admin\b595b808c2ebeeeb0478ffc30bb4e87a.php 第 97 行.
SQL: select version() as v; [ RunTime:0.0039s ]
INFO: Run Behavior\ParseTemplateBehavior [ RunTime:0.036751s ]
INFO: [ view_parse ] --END-- [ RunTime:0.036850s ]
INFO: [ view_filter ] --START--
INFO: Run Behavior\WriteHtmlCacheBehavior [ RunTime:0.000754s ]
INFO: [ view_filter ] --END-- [ RunTime:0.000826s ]
INFO: [ app_end ] --START--
INFO: Run Behavior\ShowPageTraceBehavior [ RunTime:0.000796s ]
INFO: [ app_end ] --END-- [ RunTime:0.000899s ]

[ 2018-03-20T11:54:34+08:00 ] 127.0.0.1 /Admin/User/index.html
INFO: [ app_init ] --START--
INFO: Run Behavior\BuildLiteBehavior [ RunTime:0.000015s ]
INFO: [ app_init ] --END-- [ RunTime:0.002899s ]
INFO: [ app_begin ] --START--
INFO: Run Behavior\ReadHtmlCacheBehavior [ RunTime:0.000970s ]
INFO: [ app_begin ] --END-- [ RunTime:0.001161s ]
SQL: SHOW COLUMNS FROM `movesay_config` [ RunTime:0.0067s ]
SQL: SELECT * FROM `movesay_config` WHERE `id` = 1 LIMIT 1   [ RunTime:0.0010s ]
SQL: SHOW COLUMNS FROM `movesay_coin` [ RunTime:0.0080s ]
SQL: SELECT * FROM `movesay_coin` WHERE `status` = 1  [ RunTime:0.0003s ]
SQL: SHOW COLUMNS FROM `movesay_market` [ RunTime:0.0059s ]
SQL: SELECT * FROM `movesay_market` WHERE `status` = 1  [ RunTime:0.0004s ]
SQL: SHOW COLUMNS FROM `movesay_version` [ RunTime:0.0063s ]
SQL: SELECT `name` FROM `movesay_version` WHERE `status` = 0 ORDER BY name desc LIMIT 1   [ RunTime:0.0003s ]
SQL: SHOW COLUMNS FROM `movesay_menu` [ RunTime:0.0062s ]
SQL: SELECT * FROM `movesay_menu` WHERE `pid` = 0 AND `hide` = 0 AND `is_dev` = 0 ORDER BY sort asc  [ RunTime:0.0006s ]
SQL: SELECT `id` FROM `movesay_menu` WHERE ( url like 'User/index%' ) LIMIT 1   [ RunTime:0.0004s ]
SQL: SHOW COLUMNS FROM `movesay_menu` [ RunTime:0.0066s ]
SQL: SELECT `id`,`pid`,`title` FROM `movesay_menu` WHERE ( id=3 ) LIMIT 1   [ RunTime:0.0005s ]
SQL: SELECT DISTINCT  `group` FROM `movesay_menu` WHERE ( pid = 3 )  [ RunTime:0.0006s ]
SQL: SELECT `id`,`url` FROM `movesay_menu` WHERE `pid` = 3 AND `hide` = 0 AND `is_dev` = 0  [ RunTime:0.0003s ]
SQL: SELECT `id`,`pid`,`title`,`url`,`tip`,`ico_name` FROM `movesay_menu` WHERE `group` = '用户' AND `pid` = 3 AND `hide` = 0 AND `is_dev` = 0 ORDER BY sort asc  [ RunTime:0.0004s ]
SQL: SELECT `id`,`pid`,`title`,`url`,`tip`,`ico_name` FROM `movesay_menu` WHERE `group` = '用户配置' AND `pid` = 3 AND `hide` = 0 AND `is_dev` = 0 ORDER BY sort asc  [ RunTime:0.0003s ]
SQL: SELECT `id`,`pid`,`title`,`url`,`tip`,`ico_name` FROM `movesay_menu` WHERE `group` = '前台用户管理' AND `pid` = 3 AND `hide` = 0 AND `is_dev` = 0 ORDER BY sort asc  [ RunTime:0.0004s ]
SQL: SELECT `id`,`pid`,`title`,`url`,`tip`,`ico_name` FROM `movesay_menu` WHERE `group` = '后台用户管理' AND `pid` = 3 AND `hide` = 0 AND `is_dev` = 0 ORDER BY sort asc  [ RunTime:0.0004s ]
SQL: SHOW COLUMNS FROM `movesay_user` [ RunTime:0.0063s ]
SQL: SELECT COUNT(*) AS tp_count FROM `movesay_user` LIMIT 1   [ RunTime:0.0004s ]
NOTIC: [8] Use of undefined constant LANG_SET - assumed 'LANG_SET' E:\data\a52jiaoyi\ThinkPHP\Library\Think\Page.class.php 第 62 行.
NOTIC: [8] Use of undefined constant LANG_SET - assumed 'LANG_SET' E:\data\a52jiaoyi\ThinkPHP\Library\Think\Page.class.php 第 137 行.
SQL: SELECT * FROM `movesay_user` ORDER BY id desc LIMIT 0,15   [ RunTime:0.0008s ]
SQL: SELECT `username` FROM `movesay_user` WHERE `id` = 0 LIMIT 1   [ RunTime:0.0003s ]
SQL: SELECT `username` FROM `movesay_user` WHERE `id` = 0 LIMIT 1   [ RunTime:0.0003s ]
SQL: SELECT `username` FROM `movesay_user` WHERE `id` = 0 LIMIT 1   [ RunTime:0.0003s ]
SQL: SELECT `username` FROM `movesay_user` WHERE `id` = 0 LIMIT 1   [ RunTime:0.0002s ]
SQL: SELECT `username` FROM `movesay_user` WHERE `id` = 0 LIMIT 1   [ RunTime:0.0002s ]
SQL: SELECT `username` FROM `movesay_user` WHERE `id` = 0 LIMIT 1   [ RunTime:0.0002s ]
SQL: SELECT `username` FROM `movesay_user` WHERE `id` = 0 LIMIT 1   [ RunTime:0.0002s ]
SQL: SELECT `username` FROM `movesay_user` WHERE `id` = 0 LIMIT 1   [ RunTime:0.0002s ]
SQL: SELECT `username` FROM `movesay_user` WHERE `id` = 0 LIMIT 1   [ RunTime:0.0002s ]
SQL: SELECT `username` FROM `movesay_user` WHERE `id` = 0 LIMIT 1   [ RunTime:0.0002s ]
SQL: SELECT `username` FROM `movesay_user` WHERE `id` = 0 LIMIT 1   [ RunTime:0.0002s ]
SQL: SELECT `username` FROM `movesay_user` WHERE `id` = 0 LIMIT 1   [ RunTime:0.0002s ]
SQL: SELECT `username` FROM `movesay_user` WHERE `id` = 0 LIMIT 1   [ RunTime:0.0002s ]
SQL: SELECT `username` FROM `movesay_user` WHERE `id` = 0 LIMIT 1   [ RunTime:0.0002s ]
SQL: SELECT `username` FROM `movesay_user` WHERE `id` = 0 LIMIT 1   [ RunTime:0.0002s ]
SQL: SELECT `username` FROM `movesay_user` WHERE `id` = 0 LIMIT 1   [ RunTime:0.0002s ]
SQL: SELECT `username` FROM `movesay_user` WHERE `id` = 0 LIMIT 1   [ RunTime:0.0003s ]
SQL: SELECT `username` FROM `movesay_user` WHERE `id` = 0 LIMIT 1   [ RunTime:0.0002s ]
SQL: SELECT `username` FROM `movesay_user` WHERE `id` = 0 LIMIT 1   [ RunTime:0.0003s ]
SQL: SELECT `username` FROM `movesay_user` WHERE `id` = 0 LIMIT 1   [ RunTime:0.0002s ]
SQL: SELECT `username` FROM `movesay_user` WHERE `id` = 0 LIMIT 1   [ RunTime:0.0002s ]
SQL: SELECT `username` FROM `movesay_user` WHERE `id` = 0 LIMIT 1   [ RunTime:0.0005s ]
SQL: SELECT `username` FROM `movesay_user` WHERE `id` = 0 LIMIT 1   [ RunTime:0.0004s ]
SQL: SELECT `username` FROM `movesay_user` WHERE `id` = 0 LIMIT 1   [ RunTime:0.0002s ]
SQL: SELECT `username` FROM `movesay_user` WHERE `id` = 0 LIMIT 1   [ RunTime:0.0002s ]
SQL: SELECT `username` FROM `movesay_user` WHERE `id` = 0 LIMIT 1   [ RunTime:0.0002s ]
SQL: SELECT `username` FROM `movesay_user` WHERE `id` = 0 LIMIT 1   [ RunTime:0.0002s ]
SQL: SELECT `username` FROM `movesay_user` WHERE `id` = 0 LIMIT 1   [ RunTime:0.0002s ]
SQL: SELECT `username` FROM `movesay_user` WHERE `id` = 0 LIMIT 1   [ RunTime:0.0001s ]
SQL: SELECT `username` FROM `movesay_user` WHERE `id` = 0 LIMIT 1   [ RunTime:0.0001s ]
SQL: SELECT `username` FROM `movesay_user` WHERE `id` = 0 LIMIT 1   [ RunTime:0.0001s ]
SQL: SELECT `username` FROM `movesay_user` WHERE `id` = 0 LIMIT 1   [ RunTime:0.0001s ]
SQL: SELECT `username` FROM `movesay_user` WHERE `id` = 0 LIMIT 1   [ RunTime:0.0001s ]
SQL: SELECT `username` FROM `movesay_user` WHERE `id` = 0 LIMIT 1   [ RunTime:0.0001s ]
SQL: SELECT `username` FROM `movesay_user` WHERE `id` = 0 LIMIT 1   [ RunTime:0.0001s ]
SQL: SELECT `username` FROM `movesay_user` WHERE `id` = 0 LIMIT 1   [ RunTime:0.0001s ]
SQL: SELECT `username` FROM `movesay_user` WHERE `id` = 0 LIMIT 1   [ RunTime:0.0001s ]
SQL: SELECT `username` FROM `movesay_user` WHERE `id` = 0 LIMIT 1   [ RunTime:0.0001s ]
SQL: SELECT `username` FROM `movesay_user` WHERE `id` = 0 LIMIT 1   [ RunTime:0.0001s ]
SQL: SELECT `username` FROM `movesay_user` WHERE `id` = 0 LIMIT 1   [ RunTime:0.0002s ]
SQL: SELECT `username` FROM `movesay_user` WHERE `id` = 0 LIMIT 1   [ RunTime:0.0002s ]
SQL: SELECT `username` FROM `movesay_user` WHERE `id` = 0 LIMIT 1   [ RunTime:0.0002s ]
SQL: SELECT `username` FROM `movesay_user` WHERE `id` = 0 LIMIT 1   [ RunTime:0.0002s ]
SQL: SELECT `username` FROM `movesay_user` WHERE `id` = 0 LIMIT 1   [ RunTime:0.0001s ]
SQL: SELECT `username` FROM `movesay_user` WHERE `id` = 0 LIMIT 1   [ RunTime:0.0001s ]
INFO: [ view_parse ] --START--
INFO: [ template_filter ] --START--
INFO: Run Behavior\ContentReplaceBehavior [ RunTime:0.000122s ]
INFO: [ template_filter ] --END-- [ RunTime:0.000260s ]
NOTIC: [8] Undefined index: class E:\data\a52jiaoyi\Runtime\Cache\Admin\65e605872ed5d34210f5b33beb13f5a3.php 第 30 行.
NOTIC: [8] Undefined index: class E:\data\a52jiaoyi\Runtime\Cache\Admin\65e605872ed5d34210f5b33beb13f5a3.php 第 30 行.
NOTIC: [8] Undefined index: class E:\data\a52jiaoyi\Runtime\Cache\Admin\65e605872ed5d34210f5b33beb13f5a3.php 第 30 行.
NOTIC: [8] Undefined index: class E:\data\a52jiaoyi\Runtime\Cache\Admin\65e605872ed5d34210f5b33beb13f5a3.php 第 30 行.
NOTIC: [8] Undefined index: class E:\data\a52jiaoyi\Runtime\Cache\Admin\65e605872ed5d34210f5b33beb13f5a3.php 第 30 行.
NOTIC: [8] Undefined index: class E:\data\a52jiaoyi\Runtime\Cache\Admin\65e605872ed5d34210f5b33beb13f5a3.php 第 30 行.
NOTIC: [8] Undefined index: class E:\data\a52jiaoyi\Runtime\Cache\Admin\65e605872ed5d34210f5b33beb13f5a3.php 第 30 行.
NOTIC: [8] Undefined index: class E:\data\a52jiaoyi\Runtime\Cache\Admin\65e605872ed5d34210f5b33beb13f5a3.php 第 30 行.
NOTIC: [8] Undefined index: class E:\data\a52jiaoyi\Runtime\Cache\Admin\65e605872ed5d34210f5b33beb13f5a3.php 第 30 行.
NOTIC: [8] Undefined variable: versionUp E:\data\a52jiaoyi\Runtime\Cache\Admin\65e605872ed5d34210f5b33beb13f5a3.php 第 97 行.
NOTIC: [8] Undefined index: status E:\data\a52jiaoyi\Runtime\Cache\Admin\65e605872ed5d34210f5b33beb13f5a3.php 第 138 行.
NOTIC: [8] Undefined index: status E:\data\a52jiaoyi\Runtime\Cache\Admin\65e605872ed5d34210f5b33beb13f5a3.php 第 141 行.
NOTIC: [8] Undefined index: status E:\data\a52jiaoyi\Runtime\Cache\Admin\65e605872ed5d34210f5b33beb13f5a3.php 第 144 行.
NOTIC: [8] Undefined index: status E:\data\a52jiaoyi\Runtime\Cache\Admin\65e605872ed5d34210f5b33beb13f5a3.php 第 147 行.
NOTIC: [8] Undefined index: field E:\data\a52jiaoyi\Runtime\Cache\Admin\65e605872ed5d34210f5b33beb13f5a3.php 第 155 行.
NOTIC: [8] Undefined index: field E:\data\a52jiaoyi\Runtime\Cache\Admin\65e605872ed5d34210f5b33beb13f5a3.php 第 158 行.
NOTIC: [8] Undefined index: field E:\data\a52jiaoyi\Runtime\Cache\Admin\65e605872ed5d34210f5b33beb13f5a3.php 第 161 行.
NOTIC: [8] Undefined index: name E:\data\a52jiaoyi\Runtime\Cache\Admin\65e605872ed5d34210f5b33beb13f5a3.php 第 164 行.
INFO: Run Behavior\ParseTemplateBehavior [ RunTime:0.017917s ]
INFO: [ view_parse ] --END-- [ RunTime:0.018046s ]
INFO: [ view_filter ] --START--
INFO: Run Behavior\WriteHtmlCacheBehavior [ RunTime:0.001629s ]
INFO: [ view_filter ] --END-- [ RunTime:0.001831s ]
INFO: [ app_end ] --START--
INFO: Run Behavior\ShowPageTraceBehavior [ RunTime:0.000855s ]
INFO: [ app_end ] --END-- [ RunTime:0.001094s ]

[ 2018-03-20T11:55:10+08:00 ] 127.0.0.1 /Admin/User/auth.html
INFO: [ app_init ] --START--
INFO: Run Behavior\BuildLiteBehavior [ RunTime:0.000016s ]
INFO: [ app_init ] --END-- [ RunTime:0.002803s ]
INFO: [ app_begin ] --START--
INFO: Run Behavior\ReadHtmlCacheBehavior [ RunTime:0.001254s ]
INFO: [ app_begin ] --END-- [ RunTime:0.001488s ]
SQL: SHOW COLUMNS FROM `movesay_config` [ RunTime:0.0058s ]
SQL: SELECT * FROM `movesay_config` WHERE `id` = 1 LIMIT 1   [ RunTime:0.0010s ]
SQL: SHOW COLUMNS FROM `movesay_coin` [ RunTime:0.0053s ]
SQL: SELECT * FROM `movesay_coin` WHERE `status` = 1  [ RunTime:0.0003s ]
SQL: SHOW COLUMNS FROM `movesay_market` [ RunTime:0.0069s ]
SQL: SELECT * FROM `movesay_market` WHERE `status` = 1  [ RunTime:0.0006s ]
SQL: SHOW COLUMNS FROM `movesay_version` [ RunTime:0.0079s ]
SQL: SELECT `name` FROM `movesay_version` WHERE `status` = 0 ORDER BY name desc LIMIT 1   [ RunTime:0.0003s ]
SQL: SHOW COLUMNS FROM `movesay_menu` [ RunTime:0.0050s ]
SQL: SELECT * FROM `movesay_menu` WHERE `pid` = 0 AND `hide` = 0 AND `is_dev` = 0 ORDER BY sort asc  [ RunTime:0.0004s ]
SQL: SELECT `id` FROM `movesay_menu` WHERE ( url like 'User/auth%' ) LIMIT 1   [ RunTime:0.0003s ]
SQL: SHOW COLUMNS FROM `movesay_menu` [ RunTime:0.0072s ]
SQL: SELECT `id`,`pid`,`title` FROM `movesay_menu` WHERE ( id=313 ) LIMIT 1   [ RunTime:0.0006s ]
SQL: SELECT `id`,`pid`,`title` FROM `movesay_menu` WHERE ( id=3 ) LIMIT 1   [ RunTime:0.0003s ]
SQL: SELECT DISTINCT  `group` FROM `movesay_menu` WHERE ( pid = 3 )  [ RunTime:0.0011s ]
SQL: SELECT `id`,`url` FROM `movesay_menu` WHERE `pid` = 3 AND `hide` = 0 AND `is_dev` = 0  [ RunTime:0.0005s ]
SQL: SELECT `id`,`pid`,`title`,`url`,`tip`,`ico_name` FROM `movesay_menu` WHERE `group` = '用户' AND `pid` = 3 AND `hide` = 0 AND `is_dev` = 0 ORDER BY sort asc  [ RunTime:0.0011s ]
SQL: SELECT `id`,`pid`,`title`,`url`,`tip`,`ico_name` FROM `movesay_menu` WHERE `group` = '用户配置' AND `pid` = 3 AND `hide` = 0 AND `is_dev` = 0 ORDER BY sort asc  [ RunTime:0.0006s ]
SQL: SELECT `id`,`pid`,`title`,`url`,`tip`,`ico_name` FROM `movesay_menu` WHERE `group` = '前台用户管理' AND `pid` = 3 AND `hide` = 0 AND `is_dev` = 0 ORDER BY sort asc  [ RunTime:0.0004s ]
SQL: SELECT `id`,`pid`,`title`,`url`,`tip`,`ico_name` FROM `movesay_menu` WHERE `group` = '后台用户管理' AND `pid` = 3 AND `hide` = 0 AND `is_dev` = 0 ORDER BY sort asc  [ RunTime:0.0004s ]
SQL: SHOW COLUMNS FROM `movesay_auth_group` [ RunTime:0.0177s ]
SQL: SELECT * FROM `movesay_auth_group` WHERE `module` = 'admin' ORDER BY id asc  [ RunTime:0.0050s ]
INFO: [ view_parse ] --START--
INFO: [ template_filter ] --START--
INFO: Run Behavior\ContentReplaceBehavior [ RunTime:0.000121s ]
INFO: [ template_filter ] --END-- [ RunTime:0.000298s ]
NOTIC: [8] Undefined index: class E:\data\a52jiaoyi\Runtime\Cache\Admin\d0c3cf7481b7c12f7a784d0747b36e0d.php 第 30 行.
NOTIC: [8] Undefined index: class E:\data\a52jiaoyi\Runtime\Cache\Admin\d0c3cf7481b7c12f7a784d0747b36e0d.php 第 30 行.
NOTIC: [8] Undefined index: class E:\data\a52jiaoyi\Runtime\Cache\Admin\d0c3cf7481b7c12f7a784d0747b36e0d.php 第 30 行.
NOTIC: [8] Undefined index: class E:\data\a52jiaoyi\Runtime\Cache\Admin\d0c3cf7481b7c12f7a784d0747b36e0d.php 第 30 行.
NOTIC: [8] Undefined index: class E:\data\a52jiaoyi\Runtime\Cache\Admin\d0c3cf7481b7c12f7a784d0747b36e0d.php 第 30 行.
NOTIC: [8] Undefined index: class E:\data\a52jiaoyi\Runtime\Cache\Admin\d0c3cf7481b7c12f7a784d0747b36e0d.php 第 30 行.
NOTIC: [8] Undefined index: class E:\data\a52jiaoyi\Runtime\Cache\Admin\d0c3cf7481b7c12f7a784d0747b36e0d.php 第 30 行.
NOTIC: [8] Undefined index: class E:\data\a52jiaoyi\Runtime\Cache\Admin\d0c3cf7481b7c12f7a784d0747b36e0d.php 第 30 行.
NOTIC: [8] Undefined index: class E:\data\a52jiaoyi\Runtime\Cache\Admin\d0c3cf7481b7c12f7a784d0747b36e0d.php 第 30 行.
NOTIC: [8] Undefined variable: versionUp E:\data\a52jiaoyi\Runtime\Cache\Admin\d0c3cf7481b7c12f7a784d0747b36e0d.php 第 97 行.
NOTIC: [8] Undefined variable: _page E:\data\a52jiaoyi\Runtime\Cache\Admin\d0c3cf7481b7c12f7a784d0747b36e0d.php 第 170 行.
INFO: Run Behavior\ParseTemplateBehavior [ RunTime:0.030387s ]
INFO: [ view_parse ] --END-- [ RunTime:0.030640s ]
INFO: [ view_filter ] --START--
INFO: Run Behavior\WriteHtmlCacheBehavior [ RunTime:0.001179s ]
INFO: [ view_filter ] --END-- [ RunTime:0.001302s ]
INFO: [ app_end ] --START--
INFO: Run Behavior\ShowPageTraceBehavior [ RunTime:0.001123s ]
INFO: [ app_end ] --END-- [ RunTime:0.001269s ]

[ 2018-03-20T11:55:18+08:00 ] 127.0.0.1 /Admin/User/admin.html
INFO: [ app_init ] --START--
INFO: Run Behavior\BuildLiteBehavior [ RunTime:0.000025s ]
INFO: [ app_init ] --END-- [ RunTime:0.003872s ]
INFO: [ app_begin ] --START--
INFO: Run Behavior\ReadHtmlCacheBehavior [ RunTime:0.000983s ]
INFO: [ app_begin ] --END-- [ RunTime:0.001126s ]
SQL: SHOW COLUMNS FROM `movesay_config` [ RunTime:0.0073s ]
SQL: SELECT * FROM `movesay_config` WHERE `id` = 1 LIMIT 1   [ RunTime:0.0008s ]
SQL: SHOW COLUMNS FROM `movesay_coin` [ RunTime:0.0052s ]
SQL: SELECT * FROM `movesay_coin` WHERE `status` = 1  [ RunTime:0.0003s ]
SQL: SHOW COLUMNS FROM `movesay_market` [ RunTime:0.0071s ]
SQL: SELECT * FROM `movesay_market` WHERE `status` = 1  [ RunTime:0.0004s ]
SQL: SHOW COLUMNS FROM `movesay_version` [ RunTime:0.0090s ]
SQL: SELECT `name` FROM `movesay_version` WHERE `status` = 0 ORDER BY name desc LIMIT 1   [ RunTime:0.0003s ]
SQL: SHOW COLUMNS FROM `movesay_menu` [ RunTime:0.0051s ]
SQL: SELECT * FROM `movesay_menu` WHERE `pid` = 0 AND `hide` = 0 AND `is_dev` = 0 ORDER BY sort asc  [ RunTime:0.0004s ]
SQL: SELECT `id` FROM `movesay_menu` WHERE ( url like 'User/admin%' ) LIMIT 1   [ RunTime:0.0003s ]
SQL: SHOW COLUMNS FROM `movesay_menu` [ RunTime:0.0052s ]
SQL: SELECT `id`,`pid`,`title` FROM `movesay_menu` WHERE ( id=312 ) LIMIT 1   [ RunTime:0.0002s ]
SQL: SELECT `id`,`pid`,`title` FROM `movesay_menu` WHERE ( id=3 ) LIMIT 1   [ RunTime:0.0002s ]
SQL: SELECT DISTINCT  `group` FROM `movesay_menu` WHERE ( pid = 3 )  [ RunTime:0.0005s ]
SQL: SELECT `id`,`url` FROM `movesay_menu` WHERE `pid` = 3 AND `hide` = 0 AND `is_dev` = 0  [ RunTime:0.0003s ]
SQL: SELECT `id`,`pid`,`title`,`url`,`tip`,`ico_name` FROM `movesay_menu` WHERE `group` = '用户' AND `pid` = 3 AND `hide` = 0 AND `is_dev` = 0 ORDER BY sort asc  [ RunTime:0.0005s ]
SQL: SELECT `id`,`pid`,`title`,`url`,`tip`,`ico_name` FROM `movesay_menu` WHERE `group` = '用户配置' AND `pid` = 3 AND `hide` = 0 AND `is_dev` = 0 ORDER BY sort asc  [ RunTime:0.0005s ]
SQL: SELECT `id`,`pid`,`title`,`url`,`tip`,`ico_name` FROM `movesay_menu` WHERE `group` = '前台用户管理' AND `pid` = 3 AND `hide` = 0 AND `is_dev` = 0 ORDER BY sort asc  [ RunTime:0.0005s ]
SQL: SELECT `id`,`pid`,`title`,`url`,`tip`,`ico_name` FROM `movesay_menu` WHERE `group` = '后台用户管理' AND `pid` = 3 AND `hide` = 0 AND `is_dev` = 0 ORDER BY sort asc  [ RunTime:0.0004s ]
SQL: SHOW COLUMNS FROM `movesay_admin` [ RunTime:0.0076s ]
SQL: SELECT COUNT(*) AS tp_count FROM `movesay_admin` LIMIT 1   [ RunTime:0.0002s ]
NOTIC: [8] Use of undefined constant LANG_SET - assumed 'LANG_SET' E:\data\a52jiaoyi\ThinkPHP\Library\Think\Page.class.php 第 62 行.
SQL: SELECT * FROM `movesay_admin` ORDER BY id desc LIMIT 0,15   [ RunTime:0.0005s ]
INFO: [ view_parse ] --START--
INFO: [ template_filter ] --START--
INFO: Run Behavior\ContentReplaceBehavior [ RunTime:0.000101s ]
INFO: [ template_filter ] --END-- [ RunTime:0.000202s ]
NOTIC: [8] Undefined index: class E:\data\a52jiaoyi\Runtime\Cache\Admin\970b359eab7c3067a5e3a02a7c838fa8.php 第 30 行.
NOTIC: [8] Undefined index: class E:\data\a52jiaoyi\Runtime\Cache\Admin\970b359eab7c3067a5e3a02a7c838fa8.php 第 30 行.
NOTIC: [8] Undefined index: class E:\data\a52jiaoyi\Runtime\Cache\Admin\970b359eab7c3067a5e3a02a7c838fa8.php 第 30 行.
NOTIC: [8] Undefined index: class E:\data\a52jiaoyi\Runtime\Cache\Admin\970b359eab7c3067a5e3a02a7c838fa8.php 第 30 行.
NOTIC: [8] Undefined index: class E:\data\a52jiaoyi\Runtime\Cache\Admin\970b359eab7c3067a5e3a02a7c838fa8.php 第 30 行.
NOTIC: [8] Undefined index: class E:\data\a52jiaoyi\Runtime\Cache\Admin\970b359eab7c3067a5e3a02a7c838fa8.php 第 30 行.
NOTIC: [8] Undefined index: class E:\data\a52jiaoyi\Runtime\Cache\Admin\970b359eab7c3067a5e3a02a7c838fa8.php 第 30 行.
NOTIC: [8] Undefined index: class E:\data\a52jiaoyi\Runtime\Cache\Admin\970b359eab7c3067a5e3a02a7c838fa8.php 第 30 行.
NOTIC: [8] Undefined index: class E:\data\a52jiaoyi\Runtime\Cache\Admin\970b359eab7c3067a5e3a02a7c838fa8.php 第 30 行.
NOTIC: [8] Undefined variable: versionUp E:\data\a52jiaoyi\Runtime\Cache\Admin\970b359eab7c3067a5e3a02a7c838fa8.php 第 97 行.
NOTIC: [8] Undefined index: status E:\data\a52jiaoyi\Runtime\Cache\Admin\970b359eab7c3067a5e3a02a7c838fa8.php 第 142 行.
NOTIC: [8] Undefined index: status E:\data\a52jiaoyi\Runtime\Cache\Admin\970b359eab7c3067a5e3a02a7c838fa8.php 第 145 行.
NOTIC: [8] Undefined index: field E:\data\a52jiaoyi\Runtime\Cache\Admin\970b359eab7c3067a5e3a02a7c838fa8.php 第 153 行.
NOTIC: [8] Undefined index: name E:\data\a52jiaoyi\Runtime\Cache\Admin\970b359eab7c3067a5e3a02a7c838fa8.php 第 156 行.
INFO: Run Behavior\ParseTemplateBehavior [ RunTime:0.013313s ]
INFO: [ view_parse ] --END-- [ RunTime:0.013424s ]
INFO: [ view_filter ] --START--
INFO: Run Behavior\WriteHtmlCacheBehavior [ RunTime:0.000486s ]
INFO: [ view_filter ] --END-- [ RunTime:0.000558s ]
INFO: [ app_end ] --START--
INFO: Run Behavior\ShowPageTraceBehavior [ RunTime:0.000735s ]
INFO: [ app_end ] --END-- [ RunTime:0.000818s ]

